00:00:00.005	Main:StartToFile 2017-05-18 04:14:51
00:00:00.014	Main:HSPF:entry: ("c:\basins42\models\winhspf30\bin\hspfenginenet.exe" 9460)
00:00:00.017	Main:ProcessDetails HspfEngineNet
00:00:00.021	Main: Parent WinHSPF
00:00:00.022	Main:CreatePipes 880 884
00:00:00.030	Main:Token:MSG7 In M_SPIPH    0  884
00:00:00.978	InputCallback:Process 9 bytes
00:00:00.985	ProcessInput:MONITOR
00:00:00.986	ProcessInput:HSPF:F90_WDBOPN:entry (c:\basins42\models\winhspf30\bin\hspfmsg.wdm, 44)
00:00:00.989	ProcessInput:HSPF:F90_WDBOPN:exit  (100)
00:00:01.004	FindFile:Finding file: statusMonitor.exe
00:00:01.010	FindFile:Found file: c:\basins42\models\winhspf30\bin\statusmonitor.exe
00:00:01.046	Status:MonitorLaunched
00:00:01.047	WriteStatus:(Progress Percent Off)
00:00:01.050	ProcessInput:InputProcessed
00:00:01.050	InputCallback:Process 30 bytes
00:00:01.050	ProcessInput:W99OPN
00:00:01.050	ProcessInput:DBG F90_W99OPN
00:00:01.051	ProcessInput:InputProcessed
00:00:01.051	ProcessInput:ACTIVATE SCLARAVC -1
00:00:01.052	ProcessInput:DBG F90_ACTSCN(-1, 0, 100, 0, SCLARAVC, 8
00:00:01.086	ProcessInput:Activate complete 0

00:00:01.087	ProcessInput:InputProcessed
00:00:01.088	Main:Token:MSG7 File Status at begin activate
00:00:01.089	WriteStatus:(MSG7 File Status at begin activate)
00:00:01.089	Main:Token:MSG7   unit  99 file ERROR.FIL is open, access:SEQUENTIAL form:FORMATTED r/w:YES recl:   80
00:00:01.089	WriteStatus:(MSG7   unit  99 file ERROR.FIL is open, access:SEQUENTIAL form:FORMATTED r/w:YES recl:   80)
00:00:01.089	Main:Token:MSG7   unit 100 file c:\basins42\models\winhspf30\bin\hspfmsg.wdm is open, access:DIRECT form:UNFORMATTED r/w:NO recl: 2048
00:00:01.089	WriteStatus:(MSG7   unit 100 file c:\basins42\models\winhspf30\bin\hspfmsg.wdm is open, access:DIRECT form:UNFORMATTED r/w:NO recl: 2048)
00:00:01.090	Main:Token:MSG7 M_ACTSCN:entry:SCLARAVC           0         100
00:00:01.090	WriteStatus:(MSG7 M_ACTSCN:entry:SCLARAVC           0         100)
00:00:01.090	Main:Token:MSG7  M_ACTSCN:MSGFL:100 c:\basins42\models\winhspf30\bin\hspfmsg.wdm
00:00:01.090	WriteStatus:(MSG7  M_ACTSCN:MSGFL:100 c:\basins42\models\winhspf30\bin\hspfmsg.wdm)
00:00:01.090	Main:Token:MSG7  M_ACTSCN:UCIFL: 10 SCLARAVC.UCI
00:00:01.090	WriteStatus:(MSG7  M_ACTSCN:UCIFL: 10 SCLARAVC.UCI)
00:00:01.090	Main:Token:MSG7 M_ACTSCN:about to call FILSET
00:00:01.091	WriteStatus:(MSG7 M_ACTSCN:about to call FILSET)
00:00:01.091	Main:Token:MSG7 M_ACTSCN:back from FILSET           0
00:00:01.091	WriteStatus:(MSG7 M_ACTSCN:back from FILSET           0)
00:00:01.091	Main:Token:MSG7  M_ACTSCN:WDMFL: 25 SCLARAVC.wdm
00:00:01.091	WriteStatus:(MSG7  M_ACTSCN:WDMFL: 25 SCLARAVC.wdm)
00:00:01.091	Main:Token:MSG7  M_ACTSCN:WDMFL: 26 ..\METdata.wdm
00:00:01.091	WriteStatus:(MSG7  M_ACTSCN:WDMFL: 26 ..\METdata.wdm)
00:00:01.092	Main:Token:MSG7  M_ACTSCN:ECHFL: 24 SCLARAVC.ech
00:00:01.092	WriteStatus:(MSG7  M_ACTSCN:ECHFL: 24 SCLARAVC.ech)
00:00:01.092	Main:Token:MSG7 M_ACTSCN:skip INTERP
00:00:01.092	WriteStatus:(MSG7 M_ACTSCN:skip INTERP)
00:00:01.092	Main:Token:MSG7 File Status at before File Closing in M_ACTSCN
00:00:01.092	WriteStatus:(MSG7 File Status at before File Closing in M_ACTSCN)
00:00:01.093	Main:Token:MSG7   unit  24 file SCLARAVC.ech is open, access:SEQUENTIAL form:FORMATTED r/w:YES recl:   80
00:00:01.093	WriteStatus:(MSG7   unit  24 file SCLARAVC.ech is open, access:SEQUENTIAL form:FORMATTED r/w:YES recl:   80)
00:00:01.093	Main:Token:MSG7   unit  25 file SCLARAVC.wdm is open, access:DIRECT form:UNFORMATTED r/w:YES recl: 2048
00:00:01.093	WriteStatus:(MSG7   unit  25 file SCLARAVC.wdm is open, access:DIRECT form:UNFORMATTED r/w:YES recl: 2048)
00:00:01.093	Main:Token:MSG7   unit  26 file ..\METdata.wdm is open, access:DIRECT form:UNFORMATTED r/w:YES recl: 2048
00:00:01.093	WriteStatus:(MSG7   unit  26 file ..\METdata.wdm is open, access:DIRECT form:UNFORMATTED r/w:YES recl: 2048)
00:00:01.094	Main:Token:MSG7   unit  91 file SCLARAVC.out is open, access:SEQUENTIAL form:FORMATTED r/w:YES recl:   80
00:00:01.094	WriteStatus:(MSG7   unit  91 file SCLARAVC.out is open, access:SEQUENTIAL form:FORMATTED r/w:YES recl:   80)
00:00:01.094	Main:Token:MSG7   unit  92 file SCLARAVC.hbn is open, access:SEQUENTIAL form:UNFORMATTED r/w:YES recl:   80
00:00:01.094	WriteStatus:(MSG7   unit  92 file SCLARAVC.hbn is open, access:SEQUENTIAL form:UNFORMATTED r/w:YES recl:   80)
00:00:01.094	Main:Token:MSG7   unit  99 file ERROR.FIL is open, access:SEQUENTIAL form:FORMATTED r/w:YES recl:   80
00:00:01.094	WriteStatus:(MSG7   unit  99 file ERROR.FIL is open, access:SEQUENTIAL form:FORMATTED r/w:YES recl:   80)
00:00:01.095	Main:Token:MSG7   unit 100 file c:\basins42\models\winhspf30\bin\hspfmsg.wdm is open, access:DIRECT form:UNFORMATTED r/w:NO recl: 2048
00:00:01.095	WriteStatus:(MSG7   unit 100 file c:\basins42\models\winhspf30\bin\hspfmsg.wdm is open, access:DIRECT form:UNFORMATTED r/w:NO recl: 2048)
00:00:01.095	Main:Token:MSG99 
00:00:01.095	WriteStatus:(MSG99 )
00:00:01.095	Main:Token:MSG7 File Status at before WDM closing in M_ACTSCN
00:00:01.095	WriteStatus:(MSG7 File Status at before WDM closing in M_ACTSCN)
00:00:01.095	Main:Token:MSG7   unit  25 file SCLARAVC.wdm is open, access:DIRECT form:UNFORMATTED r/w:YES recl: 2048
00:00:01.095	WriteStatus:(MSG7   unit  25 file SCLARAVC.wdm is open, access:DIRECT form:UNFORMATTED r/w:YES recl: 2048)
00:00:01.096	Main:Token:MSG7   unit  26 file ..\METdata.wdm is open, access:DIRECT form:UNFORMATTED r/w:YES recl: 2048
00:00:01.096	WriteStatus:(MSG7   unit  26 file ..\METdata.wdm is open, access:DIRECT form:UNFORMATTED r/w:YES recl: 2048)
00:00:01.096	Main:Token:MSG7   unit  99 file ERROR.FIL is open, access:SEQUENTIAL form:FORMATTED r/w:YES recl:   80
00:00:01.096	WriteStatus:(MSG7   unit  99 file ERROR.FIL is open, access:SEQUENTIAL form:FORMATTED r/w:YES recl:   80)
00:00:01.096	Main:Token:MSG7   unit 100 file c:\basins42\models\winhspf30\bin\hspfmsg.wdm is open, access:DIRECT form:UNFORMATTED r/w:NO recl: 2048
00:00:01.096	WriteStatus:(MSG7   unit 100 file c:\basins42\models\winhspf30\bin\hspfmsg.wdm is open, access:DIRECT form:UNFORMATTED r/w:NO recl: 2048)
00:00:01.096	Main:Token:MSG7 File Status at about to close           25
00:00:01.097	WriteStatus:(MSG7 File Status at about to close           25)
00:00:01.097	Main:Token:MSG7   unit  25 file SCLARAVC.wdm is open, access:DIRECT form:UNFORMATTED r/w:YES recl: 2048
00:00:01.097	WriteStatus:(MSG7   unit  25 file SCLARAVC.wdm is open, access:DIRECT form:UNFORMATTED r/w:YES recl: 2048)
00:00:01.097	Main:Token:MSG7   unit  26 file ..\METdata.wdm is open, access:DIRECT form:UNFORMATTED r/w:YES recl: 2048
00:00:01.097	WriteStatus:(MSG7   unit  26 file ..\METdata.wdm is open, access:DIRECT form:UNFORMATTED r/w:YES recl: 2048)
00:00:01.098	Main:Token:MSG7   unit  99 file ERROR.FIL is open, access:SEQUENTIAL form:FORMATTED r/w:YES recl:   80
00:00:01.099	WriteStatus:(MSG7   unit  99 file ERROR.FIL is open, access:SEQUENTIAL form:FORMATTED r/w:YES recl:   80)
00:00:01.099	Main:Token:MSG7   unit 100 file c:\basins42\models\winhspf30\bin\hspfmsg.wdm is open, access:DIRECT form:UNFORMATTED r/w:NO recl: 2048
00:00:01.099	WriteStatus:(MSG7   unit 100 file c:\basins42\models\winhspf30\bin\hspfmsg.wdm is open, access:DIRECT form:UNFORMATTED r/w:NO recl: 2048)
00:00:01.099	Main:Token:MSG7 File Status at after one WDM closing in M_ACTSCN
00:00:01.099	WriteStatus:(MSG7 File Status at after one WDM closing in M_ACTSCN)
00:00:01.099	Main:Token:MSG7   unit  26 file ..\METdata.wdm is open, access:DIRECT form:UNFORMATTED r/w:YES recl: 2048
00:00:01.099	WriteStatus:(MSG7   unit  26 file ..\METdata.wdm is open, access:DIRECT form:UNFORMATTED r/w:YES recl: 2048)
00:00:01.100	Main:Token:MSG7   unit  99 file ERROR.FIL is open, access:SEQUENTIAL form:FORMATTED r/w:YES recl:   80
00:00:01.100	WriteStatus:(MSG7   unit  99 file ERROR.FIL is open, access:SEQUENTIAL form:FORMATTED r/w:YES recl:   80)
00:00:01.100	Main:Token:MSG7   unit 100 file c:\basins42\models\winhspf30\bin\hspfmsg.wdm is open, access:DIRECT form:UNFORMATTED r/w:NO recl: 2048
00:00:01.100	WriteStatus:(MSG7   unit 100 file c:\basins42\models\winhspf30\bin\hspfmsg.wdm is open, access:DIRECT form:UNFORMATTED r/w:NO recl: 2048)
00:00:01.100	Main:Token:MSG7 File Status at about to close           26
00:00:01.100	WriteStatus:(MSG7 File Status at about to close           26)
00:00:01.100	Main:Token:MSG7   unit  26 file ..\METdata.wdm is open, access:DIRECT form:UNFORMATTED r/w:YES recl: 2048
00:00:01.100	WriteStatus:(MSG7   unit  26 file ..\METdata.wdm is open, access:DIRECT form:UNFORMATTED r/w:YES recl: 2048)
00:00:01.100	Main:Token:MSG7   unit  99 file ERROR.FIL is open, access:SEQUENTIAL form:FORMATTED r/w:YES recl:   80
00:00:01.101	WriteStatus:(MSG7   unit  99 file ERROR.FIL is open, access:SEQUENTIAL form:FORMATTED r/w:YES recl:   80)
00:00:01.101	Main:Token:MSG7   unit 100 file c:\basins42\models\winhspf30\bin\hspfmsg.wdm is open, access:DIRECT form:UNFORMATTED r/w:NO recl: 2048
00:00:01.101	WriteStatus:(MSG7   unit 100 file c:\basins42\models\winhspf30\bin\hspfmsg.wdm is open, access:DIRECT form:UNFORMATTED r/w:NO recl: 2048)
00:00:01.101	Main:Token:MSG7 File Status at after one WDM closing in M_ACTSCN
00:00:01.101	WriteStatus:(MSG7 File Status at after one WDM closing in M_ACTSCN)
00:00:01.101	Main:Token:MSG7   unit  99 file ERROR.FIL is open, access:SEQUENTIAL form:FORMATTED r/w:YES recl:   80
00:00:01.101	WriteStatus:(MSG7   unit  99 file ERROR.FIL is open, access:SEQUENTIAL form:FORMATTED r/w:YES recl:   80)
00:00:01.101	Main:Token:MSG7   unit 100 file c:\basins42\models\winhspf30\bin\hspfmsg.wdm is open, access:DIRECT form:UNFORMATTED r/w:NO recl: 2048
00:00:01.101	WriteStatus:(MSG7   unit 100 file c:\basins42\models\winhspf30\bin\hspfmsg.wdm is open, access:DIRECT form:UNFORMATTED r/w:NO recl: 2048)
00:00:01.101	Main:Token:MSG7 File Status at at end of File Closing in M_ACTSCN
00:00:01.101	WriteStatus:(MSG7 File Status at at end of File Closing in M_ACTSCN)
00:00:01.102	Main:Token:MSG7   unit  99 file ERROR.FIL is open, access:SEQUENTIAL form:FORMATTED r/w:YES recl:   80
00:00:01.102	WriteStatus:(MSG7   unit  99 file ERROR.FIL is open, access:SEQUENTIAL form:FORMATTED r/w:YES recl:   80)
00:00:01.102	Main:Token:MSG7   unit 100 file c:\basins42\models\winhspf30\bin\hspfmsg.wdm is open, access:DIRECT form:UNFORMATTED r/w:NO recl: 2048
00:00:01.102	WriteStatus:(MSG7   unit 100 file c:\basins42\models\winhspf30\bin\hspfmsg.wdm is open, access:DIRECT form:UNFORMATTED r/w:NO recl: 2048)
00:00:01.102	Main:Token:MSG7 M_ACTSCN:exit            0
00:00:01.102	WriteStatus:(MSG7 M_ACTSCN:exit            0)
00:00:01.102	Main:Token:MSG7 File Status at after activate, retcod:0 i:-1

00:00:01.102	WriteStatus:MSG7 File Status at after activate, retcod:0 i:-1

00:00:01.102	Main:Token:MSG7   unit  99 file ERROR.FIL is open, access:SEQUENTIAL form:FORMATTED r/w:YES recl:   80
00:00:01.102	WriteStatus:(MSG7   unit  99 file ERROR.FIL is open, access:SEQUENTIAL form:FORMATTED r/w:YES recl:   80)
00:00:01.102	Main:Token:MSG7   unit 100 file c:\basins42\models\winhspf30\bin\hspfmsg.wdm is open, access:DIRECT form:UNFORMATTED r/w:NO recl: 2048
00:00:01.103	WriteStatus:(MSG7   unit 100 file c:\basins42\models\winhspf30\bin\hspfmsg.wdm is open, access:DIRECT form:UNFORMATTED r/w:NO recl: 2048)
00:00:03.097	InputCallback:Process 10 bytes
00:00:03.097	ProcessInput:SIMULATE
00:00:03.097	ProcessInput:DBG F90_SIMSCN
00:00:03.204	Main:Token:MSG7 M_SIMSCN:entry:SCLARAVC.ech
00:00:03.205	WriteStatus:(MSG7 M_SIMSCN:entry:SCLARAVC.ech)
00:00:03.205	Main:Token:MSG7 File Status at before FILSET in M_SIMSCN
00:00:03.206	WriteStatus:(MSG7 File Status at before FILSET in M_SIMSCN)
00:00:03.206	Main:Token:MSG7   unit  99 file ERROR.FIL is open, access:SEQUENTIAL form:FORMATTED r/w:YES recl:   80
00:00:03.206	WriteStatus:(MSG7   unit  99 file ERROR.FIL is open, access:SEQUENTIAL form:FORMATTED r/w:YES recl:   80)
00:00:03.207	Main:Token:MSG7   unit 100 file c:\basins42\models\winhspf30\bin\hspfmsg.wdm is open, access:DIRECT form:UNFORMATTED r/w:NO recl: 2048
00:00:03.207	WriteStatus:(MSG7   unit 100 file c:\basins42\models\winhspf30\bin\hspfmsg.wdm is open, access:DIRECT form:UNFORMATTED r/w:NO recl: 2048)
00:00:03.207	Main:Token:MSG7 M_SIMSCN:about to call FILSET         100          10           0           0           0           0
00:00:03.208	WriteStatus:(MSG7 M_SIMSCN:about to call FILSET         100          10           0           0           0           0)
00:00:03.208	Main:Token:MSG7 File Status at at end of FilSet in M_SIMSCN
00:00:03.208	WriteStatus:(MSG7 File Status at at end of FilSet in M_SIMSCN)
00:00:03.209	Main:Token:MSG7   unit  24 file SCLARAVC.ech is open, access:SEQUENTIAL form:FORMATTED r/w:YES recl:   80
00:00:03.209	WriteStatus:(MSG7   unit  24 file SCLARAVC.ech is open, access:SEQUENTIAL form:FORMATTED r/w:YES recl:   80)
00:00:03.209	Main:Token:MSG7   unit  25 file SCLARAVC.wdm is open, access:DIRECT form:UNFORMATTED r/w:YES recl: 2048
00:00:03.210	WriteStatus:(MSG7   unit  25 file SCLARAVC.wdm is open, access:DIRECT form:UNFORMATTED r/w:YES recl: 2048)
00:00:03.210	Main:Token:MSG7   unit  26 file ..\METdata.wdm is open, access:DIRECT form:UNFORMATTED r/w:YES recl: 2048
00:00:03.210	WriteStatus:(MSG7   unit  26 file ..\METdata.wdm is open, access:DIRECT form:UNFORMATTED r/w:YES recl: 2048)
00:00:03.211	Main:Token:MSG7   unit  91 file SCLARAVC.out is open, access:SEQUENTIAL form:FORMATTED r/w:YES recl:   80
00:00:03.211	WriteStatus:(MSG7   unit  91 file SCLARAVC.out is open, access:SEQUENTIAL form:FORMATTED r/w:YES recl:   80)
00:00:03.212	Main:Token:MSG7   unit  92 file SCLARAVC.hbn is open, access:SEQUENTIAL form:UNFORMATTED r/w:YES recl:   80
00:00:03.212	WriteStatus:(MSG7   unit  92 file SCLARAVC.hbn is open, access:SEQUENTIAL form:UNFORMATTED r/w:YES recl:   80)
00:00:03.212	Main:Token:MSG7   unit  99 file ERROR.FIL is open, access:SEQUENTIAL form:FORMATTED r/w:YES recl:   80
00:00:03.213	WriteStatus:(MSG7   unit  99 file ERROR.FIL is open, access:SEQUENTIAL form:FORMATTED r/w:YES recl:   80)
00:00:03.213	Main:Token:MSG7   unit 100 file c:\basins42\models\winhspf30\bin\hspfmsg.wdm is open, access:DIRECT form:UNFORMATTED r/w:NO recl: 2048
00:00:03.213	WriteStatus:(MSG7   unit 100 file c:\basins42\models\winhspf30\bin\hspfmsg.wdm is open, access:DIRECT form:UNFORMATTED r/w:NO recl: 2048)
00:00:03.214	Main:Token:MSG7 M_SIMSCN:about to call HSPF          24           0           0           0           0           0           0           0           0           0          25          26           0           0         100
00:00:03.214	WriteStatus:(MSG7 M_SIMSCN:about to call HSPF          24           0           0           0           0           0           0           0           0           0          25          26           0           0         100)
00:00:03.214	Main:Token:MSG10 HSPF
00:00:03.215	WriteStatus:(MSG10 HSPF)
00:00:03.215	Main:Token:MSG1  Processing a RUN data set from user's input file.
00:00:03.215	WriteStatus:(MSG1  Processing a RUN data set from user's input file.)
00:00:03.216	Main:Token:MSG2 GLOBAL
00:00:03.216	WriteStatus:(MSG2 GLOBAL)
00:00:03.216	Main:Token:MSG2 OPN SEQUENCE
00:00:03.217	WriteStatus:(MSG2 OPN SEQUENCE)
00:00:03.217	Main:Token:MSG2 FTABLES
00:00:03.217	WriteStatus:(MSG2 FTABLES)
00:00:03.218	Main:Token:MSG2 MASS-LINK
00:00:03.218	WriteStatus:(MSG2 MASS-LINK)
00:00:03.218	Main:Token:MSG3 
00:00:03.218	WriteStatus:(MSG3 )
00:00:03.219	Main:Token:MSG4 
00:00:03.219	WriteStatus:(MSG4 )
00:00:03.219	Main:Token:MSG2 PERLND
00:00:03.220	WriteStatus:(MSG2 PERLND)
00:00:03.220	Main:Token:MSG3    101
00:00:03.220	WriteStatus:(MSG3    101)
00:00:03.221	Main:Token:MSG4 ACTIVITY
00:00:03.221	WriteStatus:(MSG4 ACTIVITY)
00:00:03.221	Main:Token:MSG4 PRINT-INFO
00:00:03.222	WriteStatus:(MSG4 PRINT-INFO)
00:00:03.222	Main:Token:MSG4 BINARY-INFO
00:00:03.222	WriteStatus:(MSG4 BINARY-INFO)
00:00:03.223	Main:Token:MSG4 GEN-INFO
00:00:03.223	WriteStatus:(MSG4 GEN-INFO)
00:00:03.223	Main:Token:MSG4 PWAT-PARM1
00:00:03.223	WriteStatus:(MSG4 PWAT-PARM1)
00:00:03.224	Main:Token:MSG4 PWAT-PARM2
00:00:03.224	WriteStatus:(MSG4 PWAT-PARM2)
00:00:03.224	Main:Token:MSG4 PWAT-PARM3
00:00:03.224	WriteStatus:(MSG4 PWAT-PARM3)
00:00:03.225	Main:Token:MSG4 PWAT-PARM4
00:00:03.225	WriteStatus:(MSG4 PWAT-PARM4)
00:00:03.225	Main:Token:MSG4 PWAT-PARM5
00:00:03.225	WriteStatus:(MSG4 PWAT-PARM5)
00:00:03.225	Main:Token:MSG4 MON-INTERCEP
00:00:03.225	WriteStatus:(MSG4 MON-INTERCEP)
00:00:03.225	Main:Token:MSG4 MON-LZETPARM
00:00:03.226	WriteStatus:(MSG4 MON-LZETPARM)
00:00:03.226	Main:Token:MSG4 PWAT-STATE1
00:00:03.226	WriteStatus:(MSG4 PWAT-STATE1)
00:00:03.226	Main:Token:MSG4 SED-PARM1
00:00:03.226	WriteStatus:(MSG4 SED-PARM1)
00:00:03.226	Main:Token:MSG4 SED-PARM2
00:00:03.227	WriteStatus:(MSG4 SED-PARM2)
00:00:03.227	Main:Token:MSG4 SED-PARM3
00:00:03.227	WriteStatus:(MSG4 SED-PARM3)
00:00:03.227	Main:Token:MSG4 MON-COVER
00:00:03.227	WriteStatus:(MSG4 MON-COVER)
00:00:03.227	Main:Token:MSG4 SED-STOR
00:00:03.228	WriteStatus:(MSG4 SED-STOR)
00:00:03.228	Main:Token:MSG3    102
00:00:03.228	WriteStatus:(MSG3    102)
00:00:03.228	Main:Token:MSG4 ACTIVITY
00:00:03.228	WriteStatus:(MSG4 ACTIVITY)
00:00:03.228	Main:Token:MSG4 PRINT-INFO
00:00:03.228	WriteStatus:(MSG4 PRINT-INFO)
00:00:03.229	Main:Token:MSG4 BINARY-INFO
00:00:03.229	WriteStatus:(MSG4 BINARY-INFO)
00:00:03.229	Main:Token:MSG4 GEN-INFO
00:00:03.229	WriteStatus:(MSG4 GEN-INFO)
00:00:03.229	Main:Token:MSG4 PWAT-PARM1
00:00:03.229	WriteStatus:(MSG4 PWAT-PARM1)
00:00:03.230	Main:Token:MSG4 PWAT-PARM2
00:00:03.230	WriteStatus:(MSG4 PWAT-PARM2)
00:00:03.230	Main:Token:MSG4 PWAT-PARM3
00:00:03.230	WriteStatus:(MSG4 PWAT-PARM3)
00:00:03.230	Main:Token:MSG4 PWAT-PARM4
00:00:03.230	WriteStatus:(MSG4 PWAT-PARM4)
00:00:03.230	Main:Token:MSG4 PWAT-PARM5
00:00:03.231	WriteStatus:(MSG4 PWAT-PARM5)
00:00:03.231	Main:Token:MSG4 MON-INTERCEP
00:00:03.231	WriteStatus:(MSG4 MON-INTERCEP)
00:00:03.232	Main:Token:MSG4 MON-LZETPARM
00:00:03.232	WriteStatus:(MSG4 MON-LZETPARM)
00:00:03.232	Main:Token:MSG4 PWAT-STATE1
00:00:03.232	WriteStatus:(MSG4 PWAT-STATE1)
00:00:03.232	Main:Token:MSG4 SED-PARM1
00:00:03.232	WriteStatus:(MSG4 SED-PARM1)
00:00:03.233	Main:Token:MSG4 SED-PARM2
00:00:03.233	WriteStatus:(MSG4 SED-PARM2)
00:00:03.233	Main:Token:MSG4 SED-PARM3
00:00:03.233	WriteStatus:(MSG4 SED-PARM3)
00:00:03.233	Main:Token:MSG4 MON-COVER
00:00:03.233	WriteStatus:(MSG4 MON-COVER)
00:00:03.234	Main:Token:MSG4 SED-STOR
00:00:03.234	WriteStatus:(MSG4 SED-STOR)
00:00:03.234	Main:Token:MSG3    103
00:00:03.234	WriteStatus:(MSG3    103)
00:00:03.234	Main:Token:MSG4 ACTIVITY
00:00:03.234	WriteStatus:(MSG4 ACTIVITY)
00:00:03.235	Main:Token:MSG4 PRINT-INFO
00:00:03.235	WriteStatus:(MSG4 PRINT-INFO)
00:00:03.235	Main:Token:MSG4 BINARY-INFO
00:00:03.235	WriteStatus:(MSG4 BINARY-INFO)
00:00:03.235	Main:Token:MSG4 GEN-INFO
00:00:03.235	WriteStatus:(MSG4 GEN-INFO)
00:00:03.236	Main:Token:MSG4 PWAT-PARM1
00:00:03.236	WriteStatus:(MSG4 PWAT-PARM1)
00:00:03.236	Main:Token:MSG4 PWAT-PARM2
00:00:03.236	WriteStatus:(MSG4 PWAT-PARM2)
00:00:03.236	Main:Token:MSG4 PWAT-PARM3
00:00:03.236	WriteStatus:(MSG4 PWAT-PARM3)
00:00:03.237	Main:Token:MSG4 PWAT-PARM4
00:00:03.237	WriteStatus:(MSG4 PWAT-PARM4)
00:00:03.237	Main:Token:MSG4 PWAT-PARM5
00:00:03.237	WriteStatus:(MSG4 PWAT-PARM5)
00:00:03.237	Main:Token:MSG4 MON-INTERCEP
00:00:03.237	WriteStatus:(MSG4 MON-INTERCEP)
00:00:03.238	Main:Token:MSG4 MON-LZETPARM
00:00:03.238	WriteStatus:(MSG4 MON-LZETPARM)
00:00:03.238	Main:Token:MSG4 PWAT-STATE1
00:00:03.238	WriteStatus:(MSG4 PWAT-STATE1)
00:00:03.238	Main:Token:MSG4 SED-PARM1
00:00:03.238	WriteStatus:(MSG4 SED-PARM1)
00:00:03.239	Main:Token:MSG4 SED-PARM2
00:00:03.239	WriteStatus:(MSG4 SED-PARM2)
00:00:03.239	Main:Token:MSG4 SED-PARM3
00:00:03.239	WriteStatus:(MSG4 SED-PARM3)
00:00:03.239	Main:Token:MSG4 MON-COVER
00:00:03.239	WriteStatus:(MSG4 MON-COVER)
00:00:03.240	Main:Token:MSG4 SED-STOR
00:00:03.240	WriteStatus:(MSG4 SED-STOR)
00:00:03.240	Main:Token:MSG3    104
00:00:03.240	WriteStatus:(MSG3    104)
00:00:03.240	Main:Token:MSG4 ACTIVITY
00:00:03.241	WriteStatus:(MSG4 ACTIVITY)
00:00:03.241	Main:Token:MSG4 PRINT-INFO
00:00:03.241	WriteStatus:(MSG4 PRINT-INFO)
00:00:03.241	Main:Token:MSG4 BINARY-INFO
00:00:03.241	WriteStatus:(MSG4 BINARY-INFO)
00:00:03.241	Main:Token:MSG4 GEN-INFO
00:00:03.241	WriteStatus:(MSG4 GEN-INFO)
00:00:03.242	Main:Token:MSG4 PWAT-PARM1
00:00:03.242	WriteStatus:(MSG4 PWAT-PARM1)
00:00:03.242	Main:Token:MSG4 PWAT-PARM2
00:00:03.242	WriteStatus:(MSG4 PWAT-PARM2)
00:00:03.242	Main:Token:MSG4 PWAT-PARM3
00:00:03.242	WriteStatus:(MSG4 PWAT-PARM3)
00:00:03.243	Main:Token:MSG4 PWAT-PARM4
00:00:03.243	WriteStatus:(MSG4 PWAT-PARM4)
00:00:03.243	Main:Token:MSG4 PWAT-PARM5
00:00:03.243	WriteStatus:(MSG4 PWAT-PARM5)
00:00:03.243	Main:Token:MSG4 MON-INTERCEP
00:00:03.243	WriteStatus:(MSG4 MON-INTERCEP)
00:00:03.244	Main:Token:MSG4 MON-LZETPARM
00:00:03.244	WriteStatus:(MSG4 MON-LZETPARM)
00:00:03.244	Main:Token:MSG4 PWAT-STATE1
00:00:03.244	WriteStatus:(MSG4 PWAT-STATE1)
00:00:03.244	Main:Token:MSG4 SED-PARM1
00:00:03.244	WriteStatus:(MSG4 SED-PARM1)
00:00:03.245	Main:Token:MSG4 SED-PARM2
00:00:03.245	WriteStatus:(MSG4 SED-PARM2)
00:00:03.245	Main:Token:MSG4 SED-PARM3
00:00:03.245	WriteStatus:(MSG4 SED-PARM3)
00:00:03.245	Main:Token:MSG4 MON-COVER
00:00:03.245	WriteStatus:(MSG4 MON-COVER)
00:00:03.246	Main:Token:MSG4 SED-STOR
00:00:03.246	WriteStatus:(MSG4 SED-STOR)
00:00:03.246	Main:Token:MSG3    105
00:00:03.246	WriteStatus:(MSG3    105)
00:00:03.246	Main:Token:MSG4 ACTIVITY
00:00:03.247	WriteStatus:(MSG4 ACTIVITY)
00:00:03.247	Main:Token:MSG4 PRINT-INFO
00:00:03.247	WriteStatus:(MSG4 PRINT-INFO)
00:00:03.247	Main:Token:MSG4 BINARY-INFO
00:00:03.247	WriteStatus:(MSG4 BINARY-INFO)
00:00:03.247	Main:Token:MSG4 GEN-INFO
00:00:03.247	WriteStatus:(MSG4 GEN-INFO)
00:00:03.248	Main:Token:MSG4 PWAT-PARM1
00:00:03.248	WriteStatus:(MSG4 PWAT-PARM1)
00:00:03.248	Main:Token:MSG4 PWAT-PARM2
00:00:03.248	WriteStatus:(MSG4 PWAT-PARM2)
00:00:03.248	Main:Token:MSG4 PWAT-PARM3
00:00:03.248	WriteStatus:(MSG4 PWAT-PARM3)
00:00:03.249	Main:Token:MSG4 PWAT-PARM4
00:00:03.249	WriteStatus:(MSG4 PWAT-PARM4)
00:00:03.249	Main:Token:MSG4 PWAT-PARM5
00:00:03.249	WriteStatus:(MSG4 PWAT-PARM5)
00:00:03.249	Main:Token:MSG4 MON-INTERCEP
00:00:03.249	WriteStatus:(MSG4 MON-INTERCEP)
00:00:03.249	Main:Token:MSG4 MON-LZETPARM
00:00:03.250	WriteStatus:(MSG4 MON-LZETPARM)
00:00:03.250	Main:Token:MSG4 PWAT-STATE1
00:00:03.250	WriteStatus:(MSG4 PWAT-STATE1)
00:00:03.250	Main:Token:MSG4 SED-PARM1
00:00:03.250	WriteStatus:(MSG4 SED-PARM1)
00:00:03.250	Main:Token:MSG4 SED-PARM2
00:00:03.250	WriteStatus:(MSG4 SED-PARM2)
00:00:03.251	Main:Token:MSG4 SED-PARM3
00:00:03.251	WriteStatus:(MSG4 SED-PARM3)
00:00:03.251	Main:Token:MSG4 MON-COVER
00:00:03.251	WriteStatus:(MSG4 MON-COVER)
00:00:03.251	Main:Token:MSG4 SED-STOR
00:00:03.251	WriteStatus:(MSG4 SED-STOR)
00:00:03.252	Main:Token:MSG3    201
00:00:03.252	WriteStatus:(MSG3    201)
00:00:03.252	Main:Token:MSG4 ACTIVITY
00:00:03.252	WriteStatus:(MSG4 ACTIVITY)
00:00:03.252	Main:Token:MSG4 PRINT-INFO
00:00:03.252	WriteStatus:(MSG4 PRINT-INFO)
00:00:03.252	Main:Token:MSG4 BINARY-INFO
00:00:03.253	WriteStatus:(MSG4 BINARY-INFO)
00:00:03.253	Main:Token:MSG4 GEN-INFO
00:00:03.253	WriteStatus:(MSG4 GEN-INFO)
00:00:03.253	Main:Token:MSG4 PWAT-PARM1
00:00:03.253	WriteStatus:(MSG4 PWAT-PARM1)
00:00:03.253	Main:Token:MSG4 PWAT-PARM2
00:00:03.254	WriteStatus:(MSG4 PWAT-PARM2)
00:00:03.254	Main:Token:MSG4 PWAT-PARM3
00:00:03.254	WriteStatus:(MSG4 PWAT-PARM3)
00:00:03.254	Main:Token:MSG4 PWAT-PARM4
00:00:03.254	WriteStatus:(MSG4 PWAT-PARM4)
00:00:03.254	Main:Token:MSG4 PWAT-PARM5
00:00:03.255	WriteStatus:(MSG4 PWAT-PARM5)
00:00:03.255	Main:Token:MSG4 MON-INTERCEP
00:00:03.255	WriteStatus:(MSG4 MON-INTERCEP)
00:00:03.255	Main:Token:MSG4 MON-LZETPARM
00:00:03.255	WriteStatus:(MSG4 MON-LZETPARM)
00:00:03.255	Main:Token:MSG4 PWAT-STATE1
00:00:03.255	WriteStatus:(MSG4 PWAT-STATE1)
00:00:03.256	Main:Token:MSG4 SED-PARM1
00:00:03.256	WriteStatus:(MSG4 SED-PARM1)
00:00:03.256	Main:Token:MSG4 SED-PARM2
00:00:03.256	WriteStatus:(MSG4 SED-PARM2)
00:00:03.256	Main:Token:MSG4 SED-PARM3
00:00:03.256	WriteStatus:(MSG4 SED-PARM3)
00:00:03.256	Main:Token:MSG4 MON-COVER
00:00:03.256	WriteStatus:(MSG4 MON-COVER)
00:00:03.257	Main:Token:MSG4 SED-STOR
00:00:03.257	WriteStatus:(MSG4 SED-STOR)
00:00:03.257	Main:Token:MSG3    202
00:00:03.257	WriteStatus:(MSG3    202)
00:00:03.257	Main:Token:MSG4 ACTIVITY
00:00:03.257	WriteStatus:(MSG4 ACTIVITY)
00:00:03.257	Main:Token:MSG4 PRINT-INFO
00:00:03.257	WriteStatus:(MSG4 PRINT-INFO)
00:00:03.258	Main:Token:MSG4 BINARY-INFO
00:00:03.258	WriteStatus:(MSG4 BINARY-INFO)
00:00:03.258	Main:Token:MSG4 GEN-INFO
00:00:03.258	WriteStatus:(MSG4 GEN-INFO)
00:00:03.258	Main:Token:MSG4 PWAT-PARM1
00:00:03.258	WriteStatus:(MSG4 PWAT-PARM1)
00:00:03.258	Main:Token:MSG4 PWAT-PARM2
00:00:03.258	WriteStatus:(MSG4 PWAT-PARM2)
00:00:03.258	Main:Token:MSG4 PWAT-PARM3
00:00:03.259	WriteStatus:(MSG4 PWAT-PARM3)
00:00:03.259	Main:Token:MSG4 PWAT-PARM4
00:00:03.259	WriteStatus:(MSG4 PWAT-PARM4)
00:00:03.259	Main:Token:MSG4 PWAT-PARM5
00:00:03.259	WriteStatus:(MSG4 PWAT-PARM5)
00:00:03.259	Main:Token:MSG4 MON-INTERCEP
00:00:03.259	WriteStatus:(MSG4 MON-INTERCEP)
00:00:03.259	Main:Token:MSG4 MON-LZETPARM
00:00:03.260	WriteStatus:(MSG4 MON-LZETPARM)
00:00:03.260	Main:Token:MSG4 PWAT-STATE1
00:00:03.260	WriteStatus:(MSG4 PWAT-STATE1)
00:00:03.260	Main:Token:MSG4 SED-PARM1
00:00:03.260	WriteStatus:(MSG4 SED-PARM1)
00:00:03.260	Main:Token:MSG4 SED-PARM2
00:00:03.260	WriteStatus:(MSG4 SED-PARM2)
00:00:03.260	Main:Token:MSG4 SED-PARM3
00:00:03.261	WriteStatus:(MSG4 SED-PARM3)
00:00:03.261	Main:Token:MSG4 MON-COVER
00:00:03.261	WriteStatus:(MSG4 MON-COVER)
00:00:03.261	Main:Token:MSG4 SED-STOR
00:00:03.261	WriteStatus:(MSG4 SED-STOR)
00:00:03.261	Main:Token:MSG3    203
00:00:03.261	WriteStatus:(MSG3    203)
00:00:03.261	Main:Token:MSG4 ACTIVITY
00:00:03.262	WriteStatus:(MSG4 ACTIVITY)
00:00:03.262	Main:Token:MSG4 PRINT-INFO
00:00:03.262	WriteStatus:(MSG4 PRINT-INFO)
00:00:03.262	Main:Token:MSG4 BINARY-INFO
00:00:03.262	WriteStatus:(MSG4 BINARY-INFO)
00:00:03.262	Main:Token:MSG4 GEN-INFO
00:00:03.262	WriteStatus:(MSG4 GEN-INFO)
00:00:03.263	Main:Token:MSG4 PWAT-PARM1
00:00:03.263	WriteStatus:(MSG4 PWAT-PARM1)
00:00:03.263	Main:Token:MSG4 PWAT-PARM2
00:00:03.263	WriteStatus:(MSG4 PWAT-PARM2)
00:00:03.263	Main:Token:MSG4 PWAT-PARM3
00:00:03.263	WriteStatus:(MSG4 PWAT-PARM3)
00:00:03.263	Main:Token:MSG4 PWAT-PARM4
00:00:03.263	WriteStatus:(MSG4 PWAT-PARM4)
00:00:03.263	Main:Token:MSG4 PWAT-PARM5
00:00:03.264	WriteStatus:(MSG4 PWAT-PARM5)
00:00:03.264	Main:Token:MSG4 MON-INTERCEP
00:00:03.264	WriteStatus:(MSG4 MON-INTERCEP)
00:00:03.264	Main:Token:MSG4 MON-LZETPARM
00:00:03.264	WriteStatus:(MSG4 MON-LZETPARM)
00:00:03.264	Main:Token:MSG4 PWAT-STATE1
00:00:03.264	WriteStatus:(MSG4 PWAT-STATE1)
00:00:03.265	Main:Token:MSG4 SED-PARM1
00:00:03.265	WriteStatus:(MSG4 SED-PARM1)
00:00:03.265	Main:Token:MSG4 SED-PARM2
00:00:03.265	WriteStatus:(MSG4 SED-PARM2)
00:00:03.265	Main:Token:MSG4 SED-PARM3
00:00:03.265	WriteStatus:(MSG4 SED-PARM3)
00:00:03.265	Main:Token:MSG4 MON-COVER
00:00:03.265	WriteStatus:(MSG4 MON-COVER)
00:00:03.266	Main:Token:MSG4 SED-STOR
00:00:03.266	WriteStatus:(MSG4 SED-STOR)
00:00:03.266	Main:Token:MSG3    204
00:00:03.266	WriteStatus:(MSG3    204)
00:00:03.266	Main:Token:MSG4 ACTIVITY
00:00:03.266	WriteStatus:(MSG4 ACTIVITY)
00:00:03.266	Main:Token:MSG4 PRINT-INFO
00:00:03.266	WriteStatus:(MSG4 PRINT-INFO)
00:00:03.267	Main:Token:MSG4 BINARY-INFO
00:00:03.267	WriteStatus:(MSG4 BINARY-INFO)
00:00:03.267	Main:Token:MSG4 GEN-INFO
00:00:03.267	WriteStatus:(MSG4 GEN-INFO)
00:00:03.267	Main:Token:MSG4 PWAT-PARM1
00:00:03.267	WriteStatus:(MSG4 PWAT-PARM1)
00:00:03.267	Main:Token:MSG4 PWAT-PARM2
00:00:03.267	WriteStatus:(MSG4 PWAT-PARM2)
00:00:03.267	Main:Token:MSG4 PWAT-PARM3
00:00:03.268	WriteStatus:(MSG4 PWAT-PARM3)
00:00:03.268	Main:Token:MSG4 PWAT-PARM4
00:00:03.268	WriteStatus:(MSG4 PWAT-PARM4)
00:00:03.268	Main:Token:MSG4 PWAT-PARM5
00:00:03.268	WriteStatus:(MSG4 PWAT-PARM5)
00:00:03.268	Main:Token:MSG4 MON-INTERCEP
00:00:03.268	WriteStatus:(MSG4 MON-INTERCEP)
00:00:03.268	Main:Token:MSG4 MON-LZETPARM
00:00:03.268	WriteStatus:(MSG4 MON-LZETPARM)
00:00:03.269	Main:Token:MSG4 PWAT-STATE1
00:00:03.269	WriteStatus:(MSG4 PWAT-STATE1)
00:00:03.269	Main:Token:MSG4 SED-PARM1
00:00:03.269	WriteStatus:(MSG4 SED-PARM1)
00:00:03.269	Main:Token:MSG4 SED-PARM2
00:00:03.269	WriteStatus:(MSG4 SED-PARM2)
00:00:03.269	Main:Token:MSG4 SED-PARM3
00:00:03.269	WriteStatus:(MSG4 SED-PARM3)
00:00:03.269	Main:Token:MSG4 MON-COVER
00:00:03.270	WriteStatus:(MSG4 MON-COVER)
00:00:03.270	Main:Token:MSG4 SED-STOR
00:00:03.270	WriteStatus:(MSG4 SED-STOR)
00:00:03.270	Main:Token:MSG3    205
00:00:03.270	WriteStatus:(MSG3    205)
00:00:03.380	Main:Token:MSG4 ACTIVITY
00:00:03.381	WriteStatus:(MSG4 ACTIVITY)
00:00:03.381	Main:Token:MSG4 PRINT-INFO
00:00:03.382	WriteStatus:(MSG4 PRINT-INFO)
00:00:03.382	Main:Token:MSG4 BINARY-INFO
00:00:03.382	WriteStatus:(MSG4 BINARY-INFO)
00:00:03.382	Main:Token:MSG4 GEN-INFO
00:00:03.383	WriteStatus:(MSG4 GEN-INFO)
00:00:03.383	Main:Token:MSG4 PWAT-PARM1
00:00:03.383	WriteStatus:(MSG4 PWAT-PARM1)
00:00:03.384	Main:Token:MSG4 PWAT-PARM2
00:00:03.384	WriteStatus:(MSG4 PWAT-PARM2)
00:00:03.384	Main:Token:MSG4 PWAT-PARM3
00:00:03.384	WriteStatus:(MSG4 PWAT-PARM3)
00:00:03.385	Main:Token:MSG4 PWAT-PARM4
00:00:03.385	WriteStatus:(MSG4 PWAT-PARM4)
00:00:03.385	Main:Token:MSG4 PWAT-PARM5
00:00:03.385	WriteStatus:(MSG4 PWAT-PARM5)
00:00:03.386	Main:Token:MSG4 MON-INTERCEP
00:00:03.386	WriteStatus:(MSG4 MON-INTERCEP)
00:00:03.386	Main:Token:MSG4 MON-LZETPARM
00:00:03.387	WriteStatus:(MSG4 MON-LZETPARM)
00:00:03.387	Main:Token:MSG4 PWAT-STATE1
00:00:03.387	WriteStatus:(MSG4 PWAT-STATE1)
00:00:03.387	Main:Token:MSG4 SED-PARM1
00:00:03.388	WriteStatus:(MSG4 SED-PARM1)
00:00:03.388	Main:Token:MSG4 SED-PARM2
00:00:03.388	WriteStatus:(MSG4 SED-PARM2)
00:00:03.388	Main:Token:MSG4 SED-PARM3
00:00:03.389	WriteStatus:(MSG4 SED-PARM3)
00:00:03.389	Main:Token:MSG4 MON-COVER
00:00:03.390	WriteStatus:(MSG4 MON-COVER)
00:00:03.390	Main:Token:MSG4 SED-STOR
00:00:03.390	WriteStatus:(MSG4 SED-STOR)
00:00:03.391	Main:Token:MSG3    301
00:00:03.391	WriteStatus:(MSG3    301)
00:00:03.391	Main:Token:MSG4 ACTIVITY
00:00:03.392	WriteStatus:(MSG4 ACTIVITY)
00:00:03.392	Main:Token:MSG4 PRINT-INFO
00:00:03.392	WriteStatus:(MSG4 PRINT-INFO)
00:00:03.393	Main:Token:MSG4 BINARY-INFO
00:00:03.393	WriteStatus:(MSG4 BINARY-INFO)
00:00:03.393	Main:Token:MSG4 GEN-INFO
00:00:03.394	WriteStatus:(MSG4 GEN-INFO)
00:00:03.394	Main:Token:MSG4 PWAT-PARM1
00:00:03.394	WriteStatus:(MSG4 PWAT-PARM1)
00:00:03.394	Main:Token:MSG4 PWAT-PARM2
00:00:03.395	WriteStatus:(MSG4 PWAT-PARM2)
00:00:03.395	Main:Token:MSG4 PWAT-PARM3
00:00:03.395	WriteStatus:(MSG4 PWAT-PARM3)
00:00:03.395	Main:Token:MSG4 PWAT-PARM4
00:00:03.395	WriteStatus:(MSG4 PWAT-PARM4)
00:00:03.396	Main:Token:MSG4 PWAT-PARM5
00:00:03.396	WriteStatus:(MSG4 PWAT-PARM5)
00:00:03.396	Main:Token:MSG4 MON-INTERCEP
00:00:03.396	WriteStatus:(MSG4 MON-INTERCEP)
00:00:03.397	Main:Token:MSG4 MON-LZETPARM
00:00:03.397	WriteStatus:(MSG4 MON-LZETPARM)
00:00:03.397	Main:Token:MSG4 PWAT-STATE1
00:00:03.397	WriteStatus:(MSG4 PWAT-STATE1)
00:00:03.398	Main:Token:MSG4 SED-PARM1
00:00:03.398	WriteStatus:(MSG4 SED-PARM1)
00:00:03.398	Main:Token:MSG4 SED-PARM2
00:00:03.398	WriteStatus:(MSG4 SED-PARM2)
00:00:03.399	Main:Token:MSG4 SED-PARM3
00:00:03.399	WriteStatus:(MSG4 SED-PARM3)
00:00:03.400	Main:Token:MSG4 MON-COVER
00:00:03.400	WriteStatus:(MSG4 MON-COVER)
00:00:03.400	Main:Token:MSG4 SED-STOR
00:00:03.400	WriteStatus:(MSG4 SED-STOR)
00:00:03.401	Main:Token:MSG3    302
00:00:03.401	WriteStatus:(MSG3    302)
00:00:03.402	Main:Token:MSG4 ACTIVITY
00:00:03.402	WriteStatus:(MSG4 ACTIVITY)
00:00:03.402	Main:Token:MSG4 PRINT-INFO
00:00:03.403	WriteStatus:(MSG4 PRINT-INFO)
00:00:03.403	Main:Token:MSG4 BINARY-INFO
00:00:03.403	WriteStatus:(MSG4 BINARY-INFO)
00:00:03.404	Main:Token:MSG4 GEN-INFO
00:00:03.404	WriteStatus:(MSG4 GEN-INFO)
00:00:03.404	Main:Token:MSG4 PWAT-PARM1
00:00:03.404	WriteStatus:(MSG4 PWAT-PARM1)
00:00:03.404	Main:Token:MSG4 PWAT-PARM2
00:00:03.405	WriteStatus:(MSG4 PWAT-PARM2)
00:00:03.405	Main:Token:MSG4 PWAT-PARM3
00:00:03.405	WriteStatus:(MSG4 PWAT-PARM3)
00:00:03.405	Main:Token:MSG4 PWAT-PARM4
00:00:03.405	WriteStatus:(MSG4 PWAT-PARM4)
00:00:03.405	Main:Token:MSG4 PWAT-PARM5
00:00:03.405	WriteStatus:(MSG4 PWAT-PARM5)
00:00:03.405	Main:Token:MSG4 MON-INTERCEP
00:00:03.406	WriteStatus:(MSG4 MON-INTERCEP)
00:00:03.406	Main:Token:MSG4 MON-LZETPARM
00:00:03.406	WriteStatus:(MSG4 MON-LZETPARM)
00:00:03.406	Main:Token:MSG4 PWAT-STATE1
00:00:03.406	WriteStatus:(MSG4 PWAT-STATE1)
00:00:03.406	Main:Token:MSG4 SED-PARM1
00:00:03.406	WriteStatus:(MSG4 SED-PARM1)
00:00:03.406	Main:Token:MSG4 SED-PARM2
00:00:03.407	WriteStatus:(MSG4 SED-PARM2)
00:00:03.407	Main:Token:MSG4 SED-PARM3
00:00:03.407	WriteStatus:(MSG4 SED-PARM3)
00:00:03.407	Main:Token:MSG4 MON-COVER
00:00:03.407	WriteStatus:(MSG4 MON-COVER)
00:00:03.407	Main:Token:MSG4 SED-STOR
00:00:03.407	WriteStatus:(MSG4 SED-STOR)
00:00:03.407	Main:Token:MSG3    303
00:00:03.408	WriteStatus:(MSG3    303)
00:00:03.408	Main:Token:MSG4 ACTIVITY
00:00:03.408	WriteStatus:(MSG4 ACTIVITY)
00:00:03.408	Main:Token:MSG4 PRINT-INFO
00:00:03.408	WriteStatus:(MSG4 PRINT-INFO)
00:00:03.408	Main:Token:MSG4 BINARY-INFO
00:00:03.408	WriteStatus:(MSG4 BINARY-INFO)
00:00:03.409	Main:Token:MSG4 GEN-INFO
00:00:03.409	WriteStatus:(MSG4 GEN-INFO)
00:00:03.409	Main:Token:MSG4 PWAT-PARM1
00:00:03.409	WriteStatus:(MSG4 PWAT-PARM1)
00:00:03.409	Main:Token:MSG4 PWAT-PARM2
00:00:03.409	WriteStatus:(MSG4 PWAT-PARM2)
00:00:03.409	Main:Token:MSG4 PWAT-PARM3
00:00:03.410	WriteStatus:(MSG4 PWAT-PARM3)
00:00:03.410	Main:Token:MSG4 PWAT-PARM4
00:00:03.410	WriteStatus:(MSG4 PWAT-PARM4)
00:00:03.410	Main:Token:MSG4 PWAT-PARM5
00:00:03.410	WriteStatus:(MSG4 PWAT-PARM5)
00:00:03.410	Main:Token:MSG4 MON-INTERCEP
00:00:03.410	WriteStatus:(MSG4 MON-INTERCEP)
00:00:03.410	Main:Token:MSG4 MON-LZETPARM
00:00:03.410	WriteStatus:(MSG4 MON-LZETPARM)
00:00:03.411	Main:Token:MSG4 PWAT-STATE1
00:00:03.411	WriteStatus:(MSG4 PWAT-STATE1)
00:00:03.411	Main:Token:MSG4 SED-PARM1
00:00:03.411	WriteStatus:(MSG4 SED-PARM1)
00:00:03.411	Main:Token:MSG4 SED-PARM2
00:00:03.411	WriteStatus:(MSG4 SED-PARM2)
00:00:03.411	Main:Token:MSG4 SED-PARM3
00:00:03.411	WriteStatus:(MSG4 SED-PARM3)
00:00:03.411	Main:Token:MSG4 MON-COVER
00:00:03.411	WriteStatus:(MSG4 MON-COVER)
00:00:03.412	Main:Token:MSG4 SED-STOR
00:00:03.412	WriteStatus:(MSG4 SED-STOR)
00:00:03.412	Main:Token:MSG3    304
00:00:03.412	WriteStatus:(MSG3    304)
00:00:03.412	Main:Token:MSG4 ACTIVITY
00:00:03.412	WriteStatus:(MSG4 ACTIVITY)
00:00:03.412	Main:Token:MSG4 PRINT-INFO
00:00:03.413	WriteStatus:(MSG4 PRINT-INFO)
00:00:03.413	Main:Token:MSG4 BINARY-INFO
00:00:03.413	WriteStatus:(MSG4 BINARY-INFO)
00:00:03.413	Main:Token:MSG4 GEN-INFO
00:00:03.413	WriteStatus:(MSG4 GEN-INFO)
00:00:03.413	Main:Token:MSG4 PWAT-PARM1
00:00:03.413	WriteStatus:(MSG4 PWAT-PARM1)
00:00:03.413	Main:Token:MSG4 PWAT-PARM2
00:00:03.413	WriteStatus:(MSG4 PWAT-PARM2)
00:00:03.414	Main:Token:MSG4 PWAT-PARM3
00:00:03.414	WriteStatus:(MSG4 PWAT-PARM3)
00:00:03.414	Main:Token:MSG4 PWAT-PARM4
00:00:03.414	WriteStatus:(MSG4 PWAT-PARM4)
00:00:03.414	Main:Token:MSG4 PWAT-PARM5
00:00:03.414	WriteStatus:(MSG4 PWAT-PARM5)
00:00:03.414	Main:Token:MSG4 MON-INTERCEP
00:00:03.414	WriteStatus:(MSG4 MON-INTERCEP)
00:00:03.414	Main:Token:MSG4 MON-LZETPARM
00:00:03.415	WriteStatus:(MSG4 MON-LZETPARM)
00:00:03.415	Main:Token:MSG4 PWAT-STATE1
00:00:03.415	WriteStatus:(MSG4 PWAT-STATE1)
00:00:03.415	Main:Token:MSG4 SED-PARM1
00:00:03.415	WriteStatus:(MSG4 SED-PARM1)
00:00:03.415	Main:Token:MSG4 SED-PARM2
00:00:03.415	WriteStatus:(MSG4 SED-PARM2)
00:00:03.415	Main:Token:MSG4 SED-PARM3
00:00:03.415	WriteStatus:(MSG4 SED-PARM3)
00:00:03.415	Main:Token:MSG4 MON-COVER
00:00:03.416	WriteStatus:(MSG4 MON-COVER)
00:00:03.416	Main:Token:MSG4 SED-STOR
00:00:03.416	WriteStatus:(MSG4 SED-STOR)
00:00:03.416	Main:Token:MSG3    305
00:00:03.416	WriteStatus:(MSG3    305)
00:00:03.416	Main:Token:MSG4 ACTIVITY
00:00:03.416	WriteStatus:(MSG4 ACTIVITY)
00:00:03.416	Main:Token:MSG4 PRINT-INFO
00:00:03.417	WriteStatus:(MSG4 PRINT-INFO)
00:00:03.417	Main:Token:MSG4 BINARY-INFO
00:00:03.417	WriteStatus:(MSG4 BINARY-INFO)
00:00:03.417	Main:Token:MSG4 GEN-INFO
00:00:03.417	WriteStatus:(MSG4 GEN-INFO)
00:00:03.417	Main:Token:MSG4 PWAT-PARM1
00:00:03.417	WriteStatus:(MSG4 PWAT-PARM1)
00:00:03.417	Main:Token:MSG4 PWAT-PARM2
00:00:03.418	WriteStatus:(MSG4 PWAT-PARM2)
00:00:03.418	Main:Token:MSG4 PWAT-PARM3
00:00:03.418	WriteStatus:(MSG4 PWAT-PARM3)
00:00:03.418	Main:Token:MSG4 PWAT-PARM4
00:00:03.418	WriteStatus:(MSG4 PWAT-PARM4)
00:00:03.418	Main:Token:MSG4 PWAT-PARM5
00:00:03.418	WriteStatus:(MSG4 PWAT-PARM5)
00:00:03.419	Main:Token:MSG4 MON-INTERCEP
00:00:03.419	WriteStatus:(MSG4 MON-INTERCEP)
00:00:03.419	Main:Token:MSG4 MON-LZETPARM
00:00:03.419	WriteStatus:(MSG4 MON-LZETPARM)
00:00:03.419	Main:Token:MSG4 PWAT-STATE1
00:00:03.419	WriteStatus:(MSG4 PWAT-STATE1)
00:00:03.419	Main:Token:MSG4 SED-PARM1
00:00:03.419	WriteStatus:(MSG4 SED-PARM1)
00:00:03.419	Main:Token:MSG4 SED-PARM2
00:00:03.419	WriteStatus:(MSG4 SED-PARM2)
00:00:03.420	Main:Token:MSG4 SED-PARM3
00:00:03.420	WriteStatus:(MSG4 SED-PARM3)
00:00:03.420	Main:Token:MSG4 MON-COVER
00:00:03.420	WriteStatus:(MSG4 MON-COVER)
00:00:03.420	Main:Token:MSG4 SED-STOR
00:00:03.420	WriteStatus:(MSG4 SED-STOR)
00:00:03.420	Main:Token:MSG3 
00:00:03.420	WriteStatus:(MSG3 )
00:00:03.420	Main:Token:MSG4 
00:00:03.421	WriteStatus:(MSG4 )
00:00:03.421	Main:Token:MSG2 IMPLND
00:00:03.421	WriteStatus:(MSG2 IMPLND)
00:00:03.421	Main:Token:MSG3    101
00:00:03.421	WriteStatus:(MSG3    101)
00:00:03.421	Main:Token:MSG4 ACTIVITY
00:00:03.421	WriteStatus:(MSG4 ACTIVITY)
00:00:03.421	Main:Token:MSG4 PRINT-INFO
00:00:03.421	WriteStatus:(MSG4 PRINT-INFO)
00:00:03.422	Main:Token:MSG4 BINARY-INFO
00:00:03.422	WriteStatus:(MSG4 BINARY-INFO)
00:00:03.422	Main:Token:MSG4 GEN-INFO
00:00:03.422	WriteStatus:(MSG4 GEN-INFO)
00:00:03.422	Main:Token:MSG4 IWAT-PARM1
00:00:03.422	WriteStatus:(MSG4 IWAT-PARM1)
00:00:03.422	Main:Token:MSG4 IWAT-PARM2
00:00:03.422	WriteStatus:(MSG4 IWAT-PARM2)
00:00:03.422	Main:Token:MSG4 IWAT-PARM3
00:00:03.422	WriteStatus:(MSG4 IWAT-PARM3)
00:00:03.423	Main:Token:MSG4 IWAT-STATE1
00:00:03.423	WriteStatus:(MSG4 IWAT-STATE1)
00:00:03.423	Main:Token:MSG4 SLD-PARM1
00:00:03.423	WriteStatus:(MSG4 SLD-PARM1)
00:00:03.423	Main:Token:MSG4 SLD-PARM2
00:00:03.423	WriteStatus:(MSG4 SLD-PARM2)
00:00:03.424	Main:Token:MSG4 SLD-STOR
00:00:03.424	WriteStatus:(MSG4 SLD-STOR)
00:00:03.424	Main:Token:MSG3    201
00:00:03.424	WriteStatus:(MSG3    201)
00:00:03.424	Main:Token:MSG4 ACTIVITY
00:00:03.424	WriteStatus:(MSG4 ACTIVITY)
00:00:03.424	Main:Token:MSG4 PRINT-INFO
00:00:03.424	WriteStatus:(MSG4 PRINT-INFO)
00:00:03.425	Main:Token:MSG4 BINARY-INFO
00:00:03.425	WriteStatus:(MSG4 BINARY-INFO)
00:00:03.425	Main:Token:MSG4 GEN-INFO
00:00:03.425	WriteStatus:(MSG4 GEN-INFO)
00:00:03.425	Main:Token:MSG4 IWAT-PARM1
00:00:03.425	WriteStatus:(MSG4 IWAT-PARM1)
00:00:03.426	Main:Token:MSG4 IWAT-PARM2
00:00:03.426	WriteStatus:(MSG4 IWAT-PARM2)
00:00:03.426	Main:Token:MSG4 IWAT-PARM3
00:00:03.426	WriteStatus:(MSG4 IWAT-PARM3)
00:00:03.426	Main:Token:MSG4 IWAT-STATE1
00:00:03.426	WriteStatus:(MSG4 IWAT-STATE1)
00:00:03.426	Main:Token:MSG4 SLD-PARM1
00:00:03.427	WriteStatus:(MSG4 SLD-PARM1)
00:00:03.427	Main:Token:MSG4 SLD-PARM2
00:00:03.427	WriteStatus:(MSG4 SLD-PARM2)
00:00:03.427	Main:Token:MSG4 SLD-STOR
00:00:03.427	WriteStatus:(MSG4 SLD-STOR)
00:00:03.427	Main:Token:MSG3    301
00:00:03.427	WriteStatus:(MSG3    301)
00:00:03.428	Main:Token:MSG4 ACTIVITY
00:00:03.428	WriteStatus:(MSG4 ACTIVITY)
00:00:03.428	Main:Token:MSG4 PRINT-INFO
00:00:03.428	WriteStatus:(MSG4 PRINT-INFO)
00:00:03.428	Main:Token:MSG4 BINARY-INFO
00:00:03.428	WriteStatus:(MSG4 BINARY-INFO)
00:00:03.428	Main:Token:MSG4 GEN-INFO
00:00:03.428	WriteStatus:(MSG4 GEN-INFO)
00:00:03.429	Main:Token:MSG4 IWAT-PARM1
00:00:03.429	WriteStatus:(MSG4 IWAT-PARM1)
00:00:03.429	Main:Token:MSG4 IWAT-PARM2
00:00:03.429	WriteStatus:(MSG4 IWAT-PARM2)
00:00:03.429	Main:Token:MSG4 IWAT-PARM3
00:00:03.429	WriteStatus:(MSG4 IWAT-PARM3)
00:00:03.429	Main:Token:MSG4 IWAT-STATE1
00:00:03.429	WriteStatus:(MSG4 IWAT-STATE1)
00:00:03.430	Main:Token:MSG4 SLD-PARM1
00:00:03.430	WriteStatus:(MSG4 SLD-PARM1)
00:00:03.430	Main:Token:MSG4 SLD-PARM2
00:00:03.430	WriteStatus:(MSG4 SLD-PARM2)
00:00:03.430	Main:Token:MSG4 SLD-STOR
00:00:03.430	WriteStatus:(MSG4 SLD-STOR)
00:00:03.430	Main:Token:MSG3 
00:00:03.430	WriteStatus:(MSG3 )
00:00:03.430	Main:Token:MSG4 
00:00:03.431	WriteStatus:(MSG4 )
00:00:03.431	Main:Token:MSG2 RCHRES
00:00:03.431	WriteStatus:(MSG2 RCHRES)
00:00:03.431	Main:Token:MSG3      1
00:00:03.431	WriteStatus:(MSG3      1)
00:00:03.431	Main:Token:MSG4 ACTIVITY
00:00:03.431	WriteStatus:(MSG4 ACTIVITY)
00:00:03.431	Main:Token:MSG4 PRINT-INFO
00:00:03.432	WriteStatus:(MSG4 PRINT-INFO)
00:00:03.432	Main:Token:MSG4 BINARY-INFO
00:00:03.432	WriteStatus:(MSG4 BINARY-INFO)
00:00:03.432	Main:Token:MSG4 GEN-INFO
00:00:03.432	WriteStatus:(MSG4 GEN-INFO)
00:00:03.432	Main:Token:MSG4 HYDR-PARM1
00:00:03.432	WriteStatus:(MSG4 HYDR-PARM1)
00:00:03.433	Main:Token:MSG4 HYDR-PARM2
00:00:03.433	WriteStatus:(MSG4 HYDR-PARM2)
00:00:03.433	Main:Token:MSG4 HYDR-IRRIG
00:00:03.433	WriteStatus:(MSG4 HYDR-IRRIG)
00:00:03.433	Main:Token:MSG4 HYDR-INIT
00:00:03.433	WriteStatus:(MSG4 HYDR-INIT)
00:00:03.433	Main:Token:MSG4 ADCALC-DATA
00:00:03.433	WriteStatus:(MSG4 ADCALC-DATA)
00:00:03.434	Main:Token:MSG4 SANDFG
00:00:03.434	WriteStatus:(MSG4 SANDFG)
00:00:03.434	Main:Token:MSG4 SED-GENPARM
00:00:03.434	WriteStatus:(MSG4 SED-GENPARM)
00:00:03.434	Main:Token:MSG4 SAND-PM
00:00:03.434	WriteStatus:(MSG4 SAND-PM)
00:00:03.434	Main:Token:MSG4 SILT-CLAY-PM
00:00:03.434	WriteStatus:(MSG4 SILT-CLAY-PM)
00:00:03.435	Main:Token:MSG4 SILT-CLAY-PM
00:00:03.435	WriteStatus:(MSG4 SILT-CLAY-PM)
00:00:03.435	Main:Token:MSG4 SSED-INIT
00:00:03.435	WriteStatus:(MSG4 SSED-INIT)
00:00:03.435	Main:Token:MSG4 BED-INIT
00:00:03.435	WriteStatus:(MSG4 BED-INIT)
00:00:03.435	Main:Token:MSG3      2
00:00:03.435	WriteStatus:(MSG3      2)
00:00:03.436	Main:Token:MSG4 ACTIVITY
00:00:03.436	WriteStatus:(MSG4 ACTIVITY)
00:00:03.436	Main:Token:MSG4 PRINT-INFO
00:00:03.436	WriteStatus:(MSG4 PRINT-INFO)
00:00:03.436	Main:Token:MSG4 BINARY-INFO
00:00:03.436	WriteStatus:(MSG4 BINARY-INFO)
00:00:03.436	Main:Token:MSG4 GEN-INFO
00:00:03.436	WriteStatus:(MSG4 GEN-INFO)
00:00:03.437	Main:Token:MSG4 HYDR-PARM1
00:00:03.437	WriteStatus:(MSG4 HYDR-PARM1)
00:00:03.437	Main:Token:MSG4 HYDR-PARM2
00:00:03.437	WriteStatus:(MSG4 HYDR-PARM2)
00:00:03.437	Main:Token:MSG4 HYDR-IRRIG
00:00:03.437	WriteStatus:(MSG4 HYDR-IRRIG)
00:00:03.437	Main:Token:MSG4 HYDR-INIT
00:00:03.438	WriteStatus:(MSG4 HYDR-INIT)
00:00:03.438	Main:Token:MSG4 ADCALC-DATA
00:00:03.438	WriteStatus:(MSG4 ADCALC-DATA)
00:00:03.438	Main:Token:MSG4 SANDFG
00:00:03.438	WriteStatus:(MSG4 SANDFG)
00:00:03.438	Main:Token:MSG4 SED-GENPARM
00:00:03.438	WriteStatus:(MSG4 SED-GENPARM)
00:00:03.438	Main:Token:MSG4 SAND-PM
00:00:03.439	WriteStatus:(MSG4 SAND-PM)
00:00:03.439	Main:Token:MSG4 SILT-CLAY-PM
00:00:03.439	WriteStatus:(MSG4 SILT-CLAY-PM)
00:00:03.439	Main:Token:MSG4 SILT-CLAY-PM
00:00:03.439	WriteStatus:(MSG4 SILT-CLAY-PM)
00:00:03.439	Main:Token:MSG4 SSED-INIT
00:00:03.439	WriteStatus:(MSG4 SSED-INIT)
00:00:03.440	Main:Token:MSG4 BED-INIT
00:00:03.440	WriteStatus:(MSG4 BED-INIT)
00:00:03.440	Main:Token:MSG3      3
00:00:03.440	WriteStatus:(MSG3      3)
00:00:03.440	Main:Token:MSG4 ACTIVITY
00:00:03.440	WriteStatus:(MSG4 ACTIVITY)
00:00:03.441	Main:Token:MSG4 PRINT-INFO
00:00:03.441	WriteStatus:(MSG4 PRINT-INFO)
00:00:03.441	Main:Token:MSG4 BINARY-INFO
00:00:03.441	WriteStatus:(MSG4 BINARY-INFO)
00:00:03.441	Main:Token:MSG4 GEN-INFO
00:00:03.441	WriteStatus:(MSG4 GEN-INFO)
00:00:03.441	Main:Token:MSG4 HYDR-PARM1
00:00:03.441	WriteStatus:(MSG4 HYDR-PARM1)
00:00:03.442	Main:Token:MSG4 HYDR-PARM2
00:00:03.442	WriteStatus:(MSG4 HYDR-PARM2)
00:00:03.442	Main:Token:MSG4 HYDR-IRRIG
00:00:03.442	WriteStatus:(MSG4 HYDR-IRRIG)
00:00:03.442	Main:Token:MSG4 HYDR-INIT
00:00:03.442	WriteStatus:(MSG4 HYDR-INIT)
00:00:03.442	Main:Token:MSG4 ADCALC-DATA
00:00:03.442	WriteStatus:(MSG4 ADCALC-DATA)
00:00:03.443	Main:Token:MSG4 SANDFG
00:00:03.443	WriteStatus:(MSG4 SANDFG)
00:00:03.443	Main:Token:MSG4 SED-GENPARM
00:00:03.443	WriteStatus:(MSG4 SED-GENPARM)
00:00:03.443	Main:Token:MSG4 SAND-PM
00:00:03.443	WriteStatus:(MSG4 SAND-PM)
00:00:03.443	Main:Token:MSG4 SILT-CLAY-PM
00:00:03.443	WriteStatus:(MSG4 SILT-CLAY-PM)
00:00:03.444	Main:Token:MSG4 SILT-CLAY-PM
00:00:03.444	WriteStatus:(MSG4 SILT-CLAY-PM)
00:00:03.444	Main:Token:MSG4 SSED-INIT
00:00:03.444	WriteStatus:(MSG4 SSED-INIT)
00:00:03.444	Main:Token:MSG4 BED-INIT
00:00:03.444	WriteStatus:(MSG4 BED-INIT)
00:00:03.444	Main:Token:MSG3      4
00:00:03.445	WriteStatus:(MSG3      4)
00:00:03.445	Main:Token:MSG4 ACTIVITY
00:00:03.445	WriteStatus:(MSG4 ACTIVITY)
00:00:03.445	Main:Token:MSG4 PRINT-INFO
00:00:03.445	WriteStatus:(MSG4 PRINT-INFO)
00:00:03.445	Main:Token:MSG4 BINARY-INFO
00:00:03.445	WriteStatus:(MSG4 BINARY-INFO)
00:00:03.445	Main:Token:MSG4 GEN-INFO
00:00:03.446	WriteStatus:(MSG4 GEN-INFO)
00:00:03.446	Main:Token:MSG4 HYDR-PARM1
00:00:03.446	WriteStatus:(MSG4 HYDR-PARM1)
00:00:03.446	Main:Token:MSG4 HYDR-PARM2
00:00:03.446	WriteStatus:(MSG4 HYDR-PARM2)
00:00:03.446	Main:Token:MSG4 HYDR-IRRIG
00:00:03.446	WriteStatus:(MSG4 HYDR-IRRIG)
00:00:03.446	Main:Token:MSG4 HYDR-INIT
00:00:03.447	WriteStatus:(MSG4 HYDR-INIT)
00:00:03.447	Main:Token:MSG4 ADCALC-DATA
00:00:03.447	WriteStatus:(MSG4 ADCALC-DATA)
00:00:03.447	Main:Token:MSG4 SANDFG
00:00:03.447	WriteStatus:(MSG4 SANDFG)
00:00:03.447	Main:Token:MSG4 SED-GENPARM
00:00:03.447	WriteStatus:(MSG4 SED-GENPARM)
00:00:03.447	Main:Token:MSG4 SAND-PM
00:00:03.448	WriteStatus:(MSG4 SAND-PM)
00:00:03.448	Main:Token:MSG4 SILT-CLAY-PM
00:00:03.448	WriteStatus:(MSG4 SILT-CLAY-PM)
00:00:03.448	Main:Token:MSG4 SILT-CLAY-PM
00:00:03.449	WriteStatus:(MSG4 SILT-CLAY-PM)
00:00:03.449	Main:Token:MSG4 SSED-INIT
00:00:03.449	WriteStatus:(MSG4 SSED-INIT)
00:00:03.449	Main:Token:MSG4 BED-INIT
00:00:03.449	WriteStatus:(MSG4 BED-INIT)
00:00:03.449	Main:Token:MSG3 
00:00:03.449	WriteStatus:(MSG3 )
00:00:03.449	Main:Token:MSG4 
00:00:03.450	WriteStatus:(MSG4 )
00:00:03.450	Main:Token:MSG3 
00:00:03.450	WriteStatus:(MSG3 )
00:00:03.450	Main:Token:MSG3 
00:00:03.450	WriteStatus:(MSG3 )
00:00:03.450	Main:Token:MSG4 
00:00:03.450	WriteStatus:(MSG4 )
00:00:03.450	Main:Token:MSG2 EXT SOURCES
00:00:03.450	WriteStatus:(MSG2 EXT SOURCES)
00:00:03.451	Main:Token:MSG2 SCHEMATIC
00:00:03.451	WriteStatus:(MSG2 SCHEMATIC)
00:00:03.564	Main:Token:MSG2 EXT TARGETS
00:00:03.564	WriteStatus:(MSG2 EXT TARGETS)
00:00:03.564	Main:Token:MSG1  Operations supervisor calling operating modules.
00:00:03.565	WriteStatus:(MSG1  Operations supervisor calling operating modules.)
00:00:03.677	Main:Token:MSG1 Executing
00:00:03.677	WriteStatus:(MSG1 Executing)
00:00:03.677	Main:Token:MSG2   Now
00:00:03.677	WriteStatus:(MSG2   Now)
00:00:03.677	Main:Token:MSG4 Complete
00:00:03.677	WriteStatus:(MSG4 Complete)
00:00:03.778	Main:Token:PROGRESS  1
00:00:03.778	WriteStatus:(PROGRESS  1)
00:00:03.778	Main:Token:MSG3 1%
00:00:03.779	WriteStatus:(MSG3 1%)
00:00:03.779	Main:Token:PROGRESS  2
00:00:03.779	WriteStatus:(PROGRESS  2)
00:00:03.779	Main:Token:MSG3 2%
00:00:03.779	WriteStatus:(MSG3 2%)
00:00:03.880	Main:Token:PROGRESS  3
00:00:03.880	WriteStatus:(PROGRESS  3)
00:00:03.880	Main:Token:MSG3 3%
00:00:03.880	WriteStatus:(MSG3 3%)
00:00:03.880	Main:Token:PROGRESS  4
00:00:03.880	WriteStatus:(PROGRESS  4)
00:00:03.880	Main:Token:MSG3 4%
00:00:03.880	WriteStatus:(MSG3 4%)
00:00:03.881	Main:Token:PROGRESS  5
00:00:03.881	WriteStatus:(PROGRESS  5)
00:00:03.881	Main:Token:MSG3 5%
00:00:03.881	WriteStatus:(MSG3 5%)
00:00:03.985	Main:Token:PROGRESS  6
00:00:03.985	WriteStatus:(PROGRESS  6)
00:00:03.986	Main:Token:MSG3 6%
00:00:03.986	WriteStatus:(MSG3 6%)
00:00:03.986	Main:Token:PROGRESS  7
00:00:03.986	WriteStatus:(PROGRESS  7)
00:00:03.986	Main:Token:MSG3 7%
00:00:03.986	WriteStatus:(MSG3 7%)
00:00:03.986	Main:Token:PROGRESS  8
00:00:03.986	WriteStatus:(PROGRESS  8)
00:00:03.986	Main:Token:MSG3 8%
00:00:03.987	WriteStatus:(MSG3 8%)
00:00:04.094	Main:Token:PROGRESS  9
00:00:04.094	WriteStatus:(PROGRESS  9)
00:00:04.095	Main:Token:MSG3 9%
00:00:04.095	WriteStatus:(MSG3 9%)
00:00:04.095	Main:Token:PROGRESS 10
00:00:04.095	WriteStatus:(PROGRESS 10)
00:00:04.095	Main:Token:MSG3 10%
00:00:04.095	WriteStatus:(MSG3 10%)
00:00:04.095	Main:Token:PROGRESS 11
00:00:04.096	WriteStatus:(PROGRESS 11)
00:00:04.096	Main:Token:MSG3 11%
00:00:04.096	WriteStatus:(MSG3 11%)
00:00:04.199	Main:Token:PROGRESS 12
00:00:04.200	WriteStatus:(PROGRESS 12)
00:00:04.200	Main:Token:MSG3 12%
00:00:04.200	WriteStatus:(MSG3 12%)
00:00:04.200	Main:Token:PROGRESS 13
00:00:04.200	WriteStatus:(PROGRESS 13)
00:00:04.200	Main:Token:MSG3 13%
00:00:04.200	WriteStatus:(MSG3 13%)
00:00:04.316	Main:Token:PROGRESS 14
00:00:04.316	WriteStatus:(PROGRESS 14)
00:00:04.316	Main:Token:MSG3 14%
00:00:04.316	WriteStatus:(MSG3 14%)
00:00:04.316	Main:Token:PROGRESS 15
00:00:04.316	WriteStatus:(PROGRESS 15)
00:00:04.317	Main:Token:MSG3 15%
00:00:04.317	WriteStatus:(MSG3 15%)
00:00:04.317	Main:Token:PROGRESS 16
00:00:04.317	WriteStatus:(PROGRESS 16)
00:00:04.317	Main:Token:MSG3 16%
00:00:04.317	WriteStatus:(MSG3 16%)
00:00:04.425	Main:Token:PROGRESS 17
00:00:04.425	WriteStatus:(PROGRESS 17)
00:00:04.425	Main:Token:MSG3 17%
00:00:04.425	WriteStatus:(MSG3 17%)
00:00:04.425	Main:Token:PROGRESS 18
00:00:04.425	WriteStatus:(PROGRESS 18)
00:00:04.425	Main:Token:MSG3 18%
00:00:04.425	WriteStatus:(MSG3 18%)
00:00:04.426	Main:Token:PROGRESS 19
00:00:04.426	WriteStatus:(PROGRESS 19)
00:00:04.426	Main:Token:MSG3 19%
00:00:04.426	WriteStatus:(MSG3 19%)
00:00:04.538	Main:Token:PROGRESS 20
00:00:04.538	WriteStatus:(PROGRESS 20)
00:00:04.538	Main:Token:MSG3 20%
00:00:04.538	WriteStatus:(MSG3 20%)
00:00:04.538	Main:Token:PROGRESS 21
00:00:04.538	WriteStatus:(PROGRESS 21)
00:00:04.538	Main:Token:MSG3 21%
00:00:04.538	WriteStatus:(MSG3 21%)
00:00:04.539	Main:Token:PROGRESS 22
00:00:04.539	WriteStatus:(PROGRESS 22)
00:00:04.539	Main:Token:MSG3 22%
00:00:04.539	WriteStatus:(MSG3 22%)
00:00:04.639	Main:Token:PROGRESS 23
00:00:04.639	WriteStatus:(PROGRESS 23)
00:00:04.639	Main:Token:MSG3 23%
00:00:04.640	WriteStatus:(MSG3 23%)
00:00:04.640	Main:Token:PROGRESS 24
00:00:04.640	WriteStatus:(PROGRESS 24)
00:00:04.640	Main:Token:MSG3 24%
00:00:04.640	WriteStatus:(MSG3 24%)
00:00:04.640	Main:Token:PROGRESS 25
00:00:04.640	WriteStatus:(PROGRESS 25)
00:00:04.641	Main:Token:MSG3 25%
00:00:04.641	WriteStatus:(MSG3 25%)
00:00:04.742	Main:Token:PROGRESS 26
00:00:04.742	WriteStatus:(PROGRESS 26)
00:00:04.742	Main:Token:MSG3 26%
00:00:04.742	WriteStatus:(MSG3 26%)
00:00:04.742	Main:Token:PROGRESS 27
00:00:04.742	WriteStatus:(PROGRESS 27)
00:00:04.742	Main:Token:MSG3 27%
00:00:04.743	WriteStatus:(MSG3 27%)
00:00:04.743	Main:Token:PROGRESS 28
00:00:04.743	WriteStatus:(PROGRESS 28)
00:00:04.743	Main:Token:MSG3 28%
00:00:04.743	WriteStatus:(MSG3 28%)
00:00:04.856	Main:Token:PROGRESS 29
00:00:04.856	WriteStatus:(PROGRESS 29)
00:00:04.857	Main:Token:MSG3 29%
00:00:04.857	WriteStatus:(MSG3 29%)
00:00:04.857	Main:Token:PROGRESS 30
00:00:04.857	WriteStatus:(PROGRESS 30)
00:00:04.857	Main:Token:MSG3 30%
00:00:04.857	WriteStatus:(MSG3 30%)
00:00:04.857	Main:Token:PROGRESS 31
00:00:04.857	WriteStatus:(PROGRESS 31)
00:00:04.858	Main:Token:MSG3 31%
00:00:04.858	WriteStatus:(MSG3 31%)
00:00:04.965	Main:Token:PROGRESS 32
00:00:04.965	WriteStatus:(PROGRESS 32)
00:00:04.965	Main:Token:MSG3 32%
00:00:04.965	WriteStatus:(MSG3 32%)
00:00:04.965	Main:Token:PROGRESS 33
00:00:04.965	WriteStatus:(PROGRESS 33)
00:00:04.965	Main:Token:MSG3 33%
00:00:04.966	WriteStatus:(MSG3 33%)
00:00:05.074	Main:Token:PROGRESS 34
00:00:05.074	WriteStatus:(PROGRESS 34)
00:00:05.074	Main:Token:MSG3 34%
00:00:05.074	WriteStatus:(MSG3 34%)
00:00:05.074	Main:Token:PROGRESS 35
00:00:05.074	WriteStatus:(PROGRESS 35)
00:00:05.074	Main:Token:MSG3 35%
00:00:05.075	WriteStatus:(MSG3 35%)
00:00:05.075	Main:Token:PROGRESS 36
00:00:05.075	WriteStatus:(PROGRESS 36)
00:00:05.075	Main:Token:MSG3 36%
00:00:05.075	WriteStatus:(MSG3 36%)
00:00:05.176	Main:Token:PROGRESS 37
00:00:05.176	WriteStatus:(PROGRESS 37)
00:00:05.176	Main:Token:MSG3 37%
00:00:05.176	WriteStatus:(MSG3 37%)
00:00:05.176	Main:Token:PROGRESS 38
00:00:05.176	WriteStatus:(PROGRESS 38)
00:00:05.176	Main:Token:MSG3 38%
00:00:05.176	WriteStatus:(MSG3 38%)
00:00:05.277	Main:Token:PROGRESS 39
00:00:05.277	WriteStatus:(PROGRESS 39)
00:00:05.277	Main:Token:MSG3 39%
00:00:05.278	WriteStatus:(MSG3 39%)
00:00:05.278	Main:Token:PROGRESS 40
00:00:05.278	WriteStatus:(PROGRESS 40)
00:00:05.278	Main:Token:MSG3 40%
00:00:05.278	WriteStatus:(MSG3 40%)
00:00:05.278	Main:Token:PROGRESS 41
00:00:05.278	WriteStatus:(PROGRESS 41)
00:00:05.278	Main:Token:MSG3 41%
00:00:05.279	WriteStatus:(MSG3 41%)
00:00:05.387	Main:Token:PROGRESS 42
00:00:05.387	WriteStatus:(PROGRESS 42)
00:00:05.387	Main:Token:MSG3 42%
00:00:05.388	WriteStatus:(MSG3 42%)
00:00:05.388	Main:Token:PROGRESS 43
00:00:05.388	WriteStatus:(PROGRESS 43)
00:00:05.388	Main:Token:MSG3 43%
00:00:05.388	WriteStatus:(MSG3 43%)
00:00:05.388	Main:Token:PROGRESS 44
00:00:05.388	WriteStatus:(PROGRESS 44)
00:00:05.388	Main:Token:MSG3 44%
00:00:05.388	WriteStatus:(MSG3 44%)
00:00:05.496	Main:Token:PROGRESS 45
00:00:05.496	WriteStatus:(PROGRESS 45)
00:00:05.496	Main:Token:MSG3 45%
00:00:05.496	WriteStatus:(MSG3 45%)
00:00:05.496	Main:Token:PROGRESS 46
00:00:05.496	WriteStatus:(PROGRESS 46)
00:00:05.497	Main:Token:MSG3 46%
00:00:05.497	WriteStatus:(MSG3 46%)
00:00:05.497	Main:Token:PROGRESS 47
00:00:05.497	WriteStatus:(PROGRESS 47)
00:00:05.497	Main:Token:MSG3 47%
00:00:05.497	WriteStatus:(MSG3 47%)
00:00:05.497	Main:Token:PROGRESS 48
00:00:05.497	WriteStatus:(PROGRESS 48)
00:00:05.497	Main:Token:MSG3 48%
00:00:05.498	WriteStatus:(MSG3 48%)
00:00:05.605	Main:Token:PROGRESS 49
00:00:05.605	WriteStatus:(PROGRESS 49)
00:00:05.605	Main:Token:MSG3 49%
00:00:05.605	WriteStatus:(MSG3 49%)
00:00:05.605	Main:Token:PROGRESS 50
00:00:05.605	WriteStatus:(PROGRESS 50)
00:00:05.606	Main:Token:MSG3 50%
00:00:05.606	WriteStatus:(MSG3 50%)
00:00:05.711	Main:Token:PROGRESS 51
00:00:05.711	WriteStatus:(PROGRESS 51)
00:00:05.712	Main:Token:MSG3 51%
00:00:05.712	WriteStatus:(MSG3 51%)
00:00:05.712	Main:Token:PROGRESS 52
00:00:05.712	WriteStatus:(PROGRESS 52)
00:00:05.712	Main:Token:MSG3 52%
00:00:05.712	WriteStatus:(MSG3 52%)
00:00:05.712	Main:Token:PROGRESS 53
00:00:05.713	WriteStatus:(PROGRESS 53)
00:00:05.713	Main:Token:MSG3 53%
00:00:05.713	WriteStatus:(MSG3 53%)
00:00:05.813	Main:Token:PROGRESS 54
00:00:05.813	WriteStatus:(PROGRESS 54)
00:00:05.813	Main:Token:MSG3 54%
00:00:05.814	WriteStatus:(MSG3 54%)
00:00:05.814	Main:Token:PROGRESS 55
00:00:05.814	WriteStatus:(PROGRESS 55)
00:00:05.814	Main:Token:MSG3 55%
00:00:05.814	WriteStatus:(MSG3 55%)
00:00:05.814	Main:Token:PROGRESS 56
00:00:05.814	WriteStatus:(PROGRESS 56)
00:00:05.814	Main:Token:MSG3 56%
00:00:05.815	WriteStatus:(MSG3 56%)
00:00:05.918	Main:Token:PROGRESS 57
00:00:05.918	WriteStatus:(PROGRESS 57)
00:00:05.919	Main:Token:MSG3 57%
00:00:05.919	WriteStatus:(MSG3 57%)
00:00:05.919	Main:Token:PROGRESS 58
00:00:05.919	WriteStatus:(PROGRESS 58)
00:00:05.919	Main:Token:MSG3 58%
00:00:05.919	WriteStatus:(MSG3 58%)
00:00:06.027	Main:Token:PROGRESS 59
00:00:06.027	WriteStatus:(PROGRESS 59)
00:00:06.027	Main:Token:MSG3 59%
00:00:06.027	WriteStatus:(MSG3 59%)
00:00:06.027	Main:Token:PROGRESS 60
00:00:06.028	WriteStatus:(PROGRESS 60)
00:00:06.028	Main:Token:MSG3 60%
00:00:06.028	WriteStatus:(MSG3 60%)
00:00:06.028	Main:Token:PROGRESS 61
00:00:06.028	WriteStatus:(PROGRESS 61)
00:00:06.028	Main:Token:MSG3 61%
00:00:06.028	WriteStatus:(MSG3 61%)
00:00:06.029	Main:Token:PROGRESS 62
00:00:06.029	WriteStatus:(PROGRESS 62)
00:00:06.029	Main:Token:MSG3 62%
00:00:06.029	WriteStatus:(MSG3 62%)
00:00:06.136	Main:Token:PROGRESS 63
00:00:06.136	WriteStatus:(PROGRESS 63)
00:00:06.136	Main:Token:MSG3 63%
00:00:06.136	WriteStatus:(MSG3 63%)
00:00:06.136	Main:Token:PROGRESS 64
00:00:06.136	WriteStatus:(PROGRESS 64)
00:00:06.136	Main:Token:MSG3 64%
00:00:06.136	WriteStatus:(MSG3 64%)
00:00:06.136	Main:Token:PROGRESS 65
00:00:06.136	WriteStatus:(PROGRESS 65)
00:00:06.136	Main:Token:MSG3 65%
00:00:06.137	WriteStatus:(MSG3 65%)
00:00:06.243	Main:Token:PROGRESS 66
00:00:06.243	WriteStatus:(PROGRESS 66)
00:00:06.244	Main:Token:MSG3 66%
00:00:06.244	WriteStatus:(MSG3 66%)
00:00:06.344	Main:Token:PROGRESS 67
00:00:06.344	WriteStatus:(PROGRESS 67)
00:00:06.344	Main:Token:MSG3 67%
00:00:06.345	WriteStatus:(MSG3 67%)
00:00:06.345	Main:Token:PROGRESS 68
00:00:06.345	WriteStatus:(PROGRESS 68)
00:00:06.345	Main:Token:MSG3 68%
00:00:06.345	WriteStatus:(MSG3 68%)
00:00:06.345	Main:Token:PROGRESS 69
00:00:06.345	WriteStatus:(PROGRESS 69)
00:00:06.346	Main:Token:MSG3 69%
00:00:06.346	WriteStatus:(MSG3 69%)
00:00:06.459	Main:Token:PROGRESS 70
00:00:06.459	WriteStatus:(PROGRESS 70)
00:00:06.459	Main:Token:MSG3 70%
00:00:06.459	WriteStatus:(MSG3 70%)
00:00:06.459	Main:Token:PROGRESS 71
00:00:06.459	WriteStatus:(PROGRESS 71)
00:00:06.460	Main:Token:MSG3 71%
00:00:06.460	WriteStatus:(MSG3 71%)
00:00:06.460	Main:Token:PROGRESS 72
00:00:06.460	WriteStatus:(PROGRESS 72)
00:00:06.460	Main:Token:MSG3 72%
00:00:06.460	WriteStatus:(MSG3 72%)
00:00:06.570	Main:Token:PROGRESS 73
00:00:06.570	WriteStatus:(PROGRESS 73)
00:00:06.570	Main:Token:MSG3 73%
00:00:06.570	WriteStatus:(MSG3 73%)
00:00:06.570	Main:Token:PROGRESS 74
00:00:06.570	WriteStatus:(PROGRESS 74)
00:00:06.570	Main:Token:MSG3 74%
00:00:06.570	WriteStatus:(MSG3 74%)
00:00:06.571	Main:Token:PROGRESS 75
00:00:06.571	WriteStatus:(PROGRESS 75)
00:00:06.571	Main:Token:MSG3 75%
00:00:06.571	WriteStatus:(MSG3 75%)
00:00:06.571	Main:Token:PROGRESS 76
00:00:06.571	WriteStatus:(PROGRESS 76)
00:00:06.571	Main:Token:MSG3 76%
00:00:06.571	WriteStatus:(MSG3 76%)
00:00:06.681	Main:Token:PROGRESS 77
00:00:06.681	WriteStatus:(PROGRESS 77)
00:00:06.682	Main:Token:MSG3 77%
00:00:06.682	WriteStatus:(MSG3 77%)
00:00:06.682	Main:Token:PROGRESS 78
00:00:06.682	WriteStatus:(PROGRESS 78)
00:00:06.682	Main:Token:MSG3 78%
00:00:06.682	WriteStatus:(MSG3 78%)
00:00:06.682	Main:Token:PROGRESS 79
00:00:06.682	WriteStatus:(PROGRESS 79)
00:00:06.683	Main:Token:MSG3 79%
00:00:06.683	WriteStatus:(MSG3 79%)
00:00:06.783	Main:Token:PROGRESS 80
00:00:06.783	WriteStatus:(PROGRESS 80)
00:00:06.783	Main:Token:MSG3 80%
00:00:06.783	WriteStatus:(MSG3 80%)
00:00:06.784	Main:Token:PROGRESS 81
00:00:06.784	WriteStatus:(PROGRESS 81)
00:00:06.784	Main:Token:MSG3 81%
00:00:06.784	WriteStatus:(MSG3 81%)
00:00:06.891	Main:Token:PROGRESS 82
00:00:06.891	WriteStatus:(PROGRESS 82)
00:00:06.892	Main:Token:MSG3 82%
00:00:06.892	WriteStatus:(MSG3 82%)
00:00:06.892	Main:Token:PROGRESS 83
00:00:06.892	WriteStatus:(PROGRESS 83)
00:00:06.892	Main:Token:MSG3 83%
00:00:06.892	WriteStatus:(MSG3 83%)
00:00:06.893	Main:Token:PROGRESS 84
00:00:06.893	WriteStatus:(PROGRESS 84)
00:00:06.893	Main:Token:MSG3 84%
00:00:06.893	WriteStatus:(MSG3 84%)
00:00:06.893	Main:Token:PROGRESS 85
00:00:06.893	WriteStatus:(PROGRESS 85)
00:00:06.893	Main:Token:MSG3 85%
00:00:06.893	WriteStatus:(MSG3 85%)
00:00:06.893	Main:Token:PROGRESS 86
00:00:06.894	WriteStatus:(PROGRESS 86)
00:00:06.894	Main:Token:MSG3 86%
00:00:06.894	WriteStatus:(MSG3 86%)
00:00:06.894	Main:Token:PROGRESS 87
00:00:06.894	WriteStatus:(PROGRESS 87)
00:00:06.894	Main:Token:MSG3 87%
00:00:06.894	WriteStatus:(MSG3 87%)
00:00:07.000	Main:Token:PROGRESS 88
00:00:07.000	WriteStatus:(PROGRESS 88)
00:00:07.000	Main:Token:MSG3 88%
00:00:07.000	WriteStatus:(MSG3 88%)
00:00:07.000	Main:Token:PROGRESS 89
00:00:07.000	WriteStatus:(PROGRESS 89)
00:00:07.000	Main:Token:MSG3 89%
00:00:07.000	WriteStatus:(MSG3 89%)
00:00:07.001	Main:Token:PROGRESS 90
00:00:07.001	WriteStatus:(PROGRESS 90)
00:00:07.001	Main:Token:MSG3 90%
00:00:07.001	WriteStatus:(MSG3 90%)
00:00:07.001	Main:Token:PROGRESS 91
00:00:07.001	WriteStatus:(PROGRESS 91)
00:00:07.001	Main:Token:MSG3 91%
00:00:07.001	WriteStatus:(MSG3 91%)
00:00:07.001	Main:Token:PROGRESS 92
00:00:07.001	WriteStatus:(PROGRESS 92)
00:00:07.002	Main:Token:MSG3 92%
00:00:07.002	WriteStatus:(MSG3 92%)
00:00:07.002	Main:Token:PROGRESS 93
00:00:07.002	WriteStatus:(PROGRESS 93)
00:00:07.002	Main:Token:MSG3 93%
00:00:07.002	WriteStatus:(MSG3 93%)
00:00:07.002	Main:Token:PROGRESS 94
00:00:07.002	WriteStatus:(PROGRESS 94)
00:00:07.002	Main:Token:MSG3 94%
00:00:07.002	WriteStatus:(MSG3 94%)
00:00:07.003	Main:Token:PROGRESS 95
00:00:07.003	WriteStatus:(PROGRESS 95)
00:00:07.003	Main:Token:MSG3 95%
00:00:07.003	WriteStatus:(MSG3 95%)
00:00:07.003	Main:Token:PROGRESS 96
00:00:07.003	WriteStatus:(PROGRESS 96)
00:00:07.003	Main:Token:MSG3 96%
00:00:07.003	WriteStatus:(MSG3 96%)
00:00:07.109	Main:Token:PROGRESS 97
00:00:07.109	WriteStatus:(PROGRESS 97)
00:00:07.109	Main:Token:MSG3 97%
00:00:07.109	WriteStatus:(MSG3 97%)
00:00:07.109	Main:Token:PROGRESS 98
00:00:07.109	WriteStatus:(PROGRESS 98)
00:00:07.109	Main:Token:MSG3 98%
00:00:07.109	WriteStatus:(MSG3 98%)
00:00:07.109	Main:Token:PROGRESS 99
00:00:07.110	WriteStatus:(PROGRESS 99)
00:00:07.110	Main:Token:MSG3 99%
00:00:07.110	WriteStatus:(MSG3 99%)
00:00:07.533	ProcessInput:Simulate complete 0
00:00:07.536	ProcessInput:InputProcessed
00:00:07.538	Main:Token:MSG10 HSPF Done
00:00:07.538	WriteStatus:(MSG10 HSPF Done)
00:00:07.538	Main:Token:MSG99 HSPF D
00:00:07.539	WriteStatus:(MSG99 HSPF D)
00:00:07.539	Main:Token:MSG7 File Status at before WDM closing in M_SIMSCN
00:00:07.539	WriteStatus:(MSG7 File Status at before WDM closing in M_SIMSCN)
00:00:07.540	Main:Token:MSG7   unit  25 file SCLARAVC.wdm is open, access:DIRECT form:UNFORMATTED r/w:YES recl: 2048
00:00:07.540	WriteStatus:(MSG7   unit  25 file SCLARAVC.wdm is open, access:DIRECT form:UNFORMATTED r/w:YES recl: 2048)
00:00:07.540	Main:Token:MSG7   unit  26 file ..\METdata.wdm is open, access:DIRECT form:UNFORMATTED r/w:YES recl: 2048
00:00:07.540	WriteStatus:(MSG7   unit  26 file ..\METdata.wdm is open, access:DIRECT form:UNFORMATTED r/w:YES recl: 2048)
00:00:07.541	Main:Token:MSG7   unit  99 file ERROR.FIL is open, access:SEQUENTIAL form:FORMATTED r/w:YES recl:   80
00:00:07.541	WriteStatus:(MSG7   unit  99 file ERROR.FIL is open, access:SEQUENTIAL form:FORMATTED r/w:YES recl:   80)
00:00:07.541	Main:Token:MSG7   unit 100 file c:\basins42\models\winhspf30\bin\hspfmsg.wdm is open, access:DIRECT form:UNFORMATTED r/w:NO recl: 2048
00:00:07.542	WriteStatus:(MSG7   unit 100 file c:\basins42\models\winhspf30\bin\hspfmsg.wdm is open, access:DIRECT form:UNFORMATTED r/w:NO recl: 2048)
00:00:07.542	Main:Token:MSG7 File Status at about to close           25
00:00:07.542	WriteStatus:(MSG7 File Status at about to close           25)
00:00:07.543	Main:Token:MSG7   unit  25 file SCLARAVC.wdm is open, access:DIRECT form:UNFORMATTED r/w:YES recl: 2048
00:00:07.544	WriteStatus:(MSG7   unit  25 file SCLARAVC.wdm is open, access:DIRECT form:UNFORMATTED r/w:YES recl: 2048)
00:00:07.544	Main:Token:MSG7   unit  26 file ..\METdata.wdm is open, access:DIRECT form:UNFORMATTED r/w:YES recl: 2048
00:00:07.544	WriteStatus:(MSG7   unit  26 file ..\METdata.wdm is open, access:DIRECT form:UNFORMATTED r/w:YES recl: 2048)
00:00:07.545	Main:Token:MSG7   unit  99 file ERROR.FIL is open, access:SEQUENTIAL form:FORMATTED r/w:YES recl:   80
00:00:07.545	WriteStatus:(MSG7   unit  99 file ERROR.FIL is open, access:SEQUENTIAL form:FORMATTED r/w:YES recl:   80)
00:00:07.545	Main:Token:MSG7   unit 100 file c:\basins42\models\winhspf30\bin\hspfmsg.wdm is open, access:DIRECT form:UNFORMATTED r/w:NO recl: 2048
00:00:07.546	WriteStatus:(MSG7   unit 100 file c:\basins42\models\winhspf30\bin\hspfmsg.wdm is open, access:DIRECT form:UNFORMATTED r/w:NO recl: 2048)
00:00:07.546	Main:Token:MSG7 File Status at after one WDM closing in M_SIMSCN
00:00:07.546	WriteStatus:(MSG7 File Status at after one WDM closing in M_SIMSCN)
00:00:07.547	Main:Token:MSG7   unit  26 file ..\METdata.wdm is open, access:DIRECT form:UNFORMATTED r/w:YES recl: 2048
00:00:07.547	WriteStatus:(MSG7   unit  26 file ..\METdata.wdm is open, access:DIRECT form:UNFORMATTED r/w:YES recl: 2048)
00:00:07.547	Main:Token:MSG7   unit  99 file ERROR.FIL is open, access:SEQUENTIAL form:FORMATTED r/w:YES recl:   80
00:00:07.547	WriteStatus:(MSG7   unit  99 file ERROR.FIL is open, access:SEQUENTIAL form:FORMATTED r/w:YES recl:   80)
00:00:07.548	Main:Token:MSG7   unit 100 file c:\basins42\models\winhspf30\bin\hspfmsg.wdm is open, access:DIRECT form:UNFORMATTED r/w:NO recl: 2048
00:00:07.548	WriteStatus:(MSG7   unit 100 file c:\basins42\models\winhspf30\bin\hspfmsg.wdm is open, access:DIRECT form:UNFORMATTED r/w:NO recl: 2048)
00:00:07.549	Main:Token:MSG7 File Status at about to close           26
00:00:07.549	WriteStatus:(MSG7 File Status at about to close           26)
00:00:07.550	Main:Token:MSG7   unit  26 file ..\METdata.wdm is open, access:DIRECT form:UNFORMATTED r/w:YES recl: 2048
00:00:07.550	WriteStatus:(MSG7   unit  26 file ..\METdata.wdm is open, access:DIRECT form:UNFORMATTED r/w:YES recl: 2048)
00:00:07.550	Main:Token:MSG7   unit  99 file ERROR.FIL is open, access:SEQUENTIAL form:FORMATTED r/w:YES recl:   80
00:00:07.551	WriteStatus:(MSG7   unit  99 file ERROR.FIL is open, access:SEQUENTIAL form:FORMATTED r/w:YES recl:   80)
00:00:07.551	Main:Token:MSG7   unit 100 file c:\basins42\models\winhspf30\bin\hspfmsg.wdm is open, access:DIRECT form:UNFORMATTED r/w:NO recl: 2048
00:00:07.551	WriteStatus:(MSG7   unit 100 file c:\basins42\models\winhspf30\bin\hspfmsg.wdm is open, access:DIRECT form:UNFORMATTED r/w:NO recl: 2048)
00:00:07.552	Main:Token:MSG7 File Status at after one WDM closing in M_SIMSCN
00:00:07.552	WriteStatus:(MSG7 File Status at after one WDM closing in M_SIMSCN)
00:00:07.552	Main:Token:MSG7   unit  99 file ERROR.FIL is open, access:SEQUENTIAL form:FORMATTED r/w:YES recl:   80
00:00:07.553	WriteStatus:(MSG7   unit  99 file ERROR.FIL is open, access:SEQUENTIAL form:FORMATTED r/w:YES recl:   80)
00:00:07.553	Main:Token:MSG7   unit 100 file c:\basins42\models\winhspf30\bin\hspfmsg.wdm is open, access:DIRECT form:UNFORMATTED r/w:NO recl: 2048
00:00:07.553	WriteStatus:(MSG7   unit 100 file c:\basins42\models\winhspf30\bin\hspfmsg.wdm is open, access:DIRECT form:UNFORMATTED r/w:NO recl: 2048)
00:00:07.554	Main:Token:MSG7 M_SIMSCN:back from HSPF with           0
00:00:07.554	WriteStatus:(MSG7 M_SIMSCN:back from HSPF with           0)
00:00:07.554	Main:Token:MSG7 File Status at at end of File Closing in M_SIMSCN
00:00:07.555	WriteStatus:(MSG7 File Status at at end of File Closing in M_SIMSCN)
00:00:07.555	Main:Token:MSG7   unit  99 file ERROR.FIL is open, access:SEQUENTIAL form:FORMATTED r/w:YES recl:   80
00:00:07.555	WriteStatus:(MSG7   unit  99 file ERROR.FIL is open, access:SEQUENTIAL form:FORMATTED r/w:YES recl:   80)
00:00:07.556	Main:Token:MSG7   unit 100 file c:\basins42\models\winhspf30\bin\hspfmsg.wdm is open, access:DIRECT form:UNFORMATTED r/w:NO recl: 2048
00:00:07.556	WriteStatus:(MSG7   unit 100 file c:\basins42\models\winhspf30\bin\hspfmsg.wdm is open, access:DIRECT form:UNFORMATTED r/w:NO recl: 2048)
00:00:09.542	InputCallback:Process 6 bytes
00:00:09.542	ProcessInput:EXIT
00:00:09.543	WriteStatus:(EXIT)
00:00:09.543	ProcessInput:InputProcessed
