00:00:00.015	Main:StartToFile 2017-05-18 09:40:44
00:00:00.015	Main:HSPF:entry: ("c:\basins42\models\winhspf30\bin\hspfenginenet.exe" 9460)
00:00:00.015	Main:ProcessDetails HspfEngineNet
00:00:00.031	Main: Parent WinHSPF
00:00:00.031	Main:CreatePipes 884 888
00:00:00.031	Main:Token:MSG7 In M_SPIPH    0  888
00:00:00.979	InputCallback:Process 9 bytes
00:00:00.979	ProcessInput:MONITOR
00:00:00.979	ProcessInput:HSPF:F90_WDBOPN:entry (c:\basins42\models\winhspf30\bin\hspfmsg.wdm, 44)
00:00:00.979	ProcessInput:HSPF:F90_WDBOPN:exit  (100)
00:00:00.995	FindFile:Finding file: statusMonitor.exe
00:00:01.011	FindFile:Found file: c:\basins42\models\winhspf30\bin\statusmonitor.exe
00:00:01.073	Status:MonitorLaunched
00:00:01.073	WriteStatus:(Progress Percent Off)
00:00:01.104	ProcessInput:InputProcessed
00:00:01.104	InputCallback:Process 28 bytes
00:00:01.104	ProcessInput:W99OPN
00:00:01.104	ProcessInput:DBG F90_W99OPN
00:00:01.104	ProcessInput:InputProcessed
00:00:01.104	ProcessInput:ACTIVATE COYOTE -1
00:00:01.104	ProcessInput:DBG F90_ACTSCN(-1, 0, 100, 0, COYOTE, 6
00:00:01.120	Main:Token:MSG7 File Status at begin activate
00:00:01.120	WriteStatus:(MSG7 File Status at begin activate)
00:00:01.120	Main:Token:MSG7   unit  99 file ERROR.FIL is open, access:SEQUENTIAL form:FORMATTED r/w:YES recl:   80
00:00:01.120	WriteStatus:(MSG7   unit  99 file ERROR.FIL is open, access:SEQUENTIAL form:FORMATTED r/w:YES recl:   80)
00:00:01.120	Main:Token:MSG7   unit 100 file c:\basins42\models\winhspf30\bin\hspfmsg.wdm is open, access:DIRECT form:UNFORMATTED r/w:NO recl: 2048
00:00:01.120	WriteStatus:(MSG7   unit 100 file c:\basins42\models\winhspf30\bin\hspfmsg.wdm is open, access:DIRECT form:UNFORMATTED r/w:NO recl: 2048)
00:00:01.120	Main:Token:MSG7 M_ACTSCN:entry:COYOTE           0         100
00:00:01.120	WriteStatus:(MSG7 M_ACTSCN:entry:COYOTE           0         100)
00:00:01.120	Main:Token:MSG7  M_ACTSCN:MSGFL:100 c:\basins42\models\winhspf30\bin\hspfmsg.wdm
00:00:01.120	WriteStatus:(MSG7  M_ACTSCN:MSGFL:100 c:\basins42\models\winhspf30\bin\hspfmsg.wdm)
00:00:01.120	Main:Token:MSG7  M_ACTSCN:UCIFL: 10 COYOTE.UCI
00:00:01.120	WriteStatus:(MSG7  M_ACTSCN:UCIFL: 10 COYOTE.UCI)
00:00:01.120	Main:Token:MSG7 M_ACTSCN:about to call FILSET
00:00:01.120	WriteStatus:(MSG7 M_ACTSCN:about to call FILSET)
00:00:01.229	ProcessInput:Activate complete 0

00:00:01.229	ProcessInput:InputProcessed
00:00:01.229	Main:Token:MSG7 M_ACTSCN:back from FILSET           0
00:00:01.229	WriteStatus:(MSG7 M_ACTSCN:back from FILSET           0)
00:00:01.229	Main:Token:MSG7  M_ACTSCN:WDMFL: 25 COYOTE.wdm
00:00:01.229	WriteStatus:(MSG7  M_ACTSCN:WDMFL: 25 COYOTE.wdm)
00:00:01.229	Main:Token:MSG7  M_ACTSCN:WDMFL: 26 ..\METdata.wdm
00:00:01.229	WriteStatus:(MSG7  M_ACTSCN:WDMFL: 26 ..\METdata.wdm)
00:00:01.229	Main:Token:MSG7  M_ACTSCN:ECHFL: 24 COYOTE.ech
00:00:01.229	WriteStatus:(MSG7  M_ACTSCN:ECHFL: 24 COYOTE.ech)
00:00:01.229	Main:Token:MSG7 M_ACTSCN:skip INTERP
00:00:01.229	WriteStatus:(MSG7 M_ACTSCN:skip INTERP)
00:00:01.229	Main:Token:MSG7 File Status at before File Closing in M_ACTSCN
00:00:01.229	WriteStatus:(MSG7 File Status at before File Closing in M_ACTSCN)
00:00:01.229	Main:Token:MSG7   unit  24 file COYOTE.ech is open, access:SEQUENTIAL form:FORMATTED r/w:YES recl:   80
00:00:01.229	WriteStatus:(MSG7   unit  24 file COYOTE.ech is open, access:SEQUENTIAL form:FORMATTED r/w:YES recl:   80)
00:00:01.229	Main:Token:MSG7   unit  25 file COYOTE.wdm is open, access:DIRECT form:UNFORMATTED r/w:YES recl: 2048
00:00:01.229	WriteStatus:(MSG7   unit  25 file COYOTE.wdm is open, access:DIRECT form:UNFORMATTED r/w:YES recl: 2048)
00:00:01.229	Main:Token:MSG7   unit  26 file ..\METdata.wdm is open, access:DIRECT form:UNFORMATTED r/w:YES recl: 2048
00:00:01.229	WriteStatus:(MSG7   unit  26 file ..\METdata.wdm is open, access:DIRECT form:UNFORMATTED r/w:YES recl: 2048)
00:00:01.229	Main:Token:MSG7   unit  91 file COYOTE.out is open, access:SEQUENTIAL form:FORMATTED r/w:YES recl:   80
00:00:01.229	WriteStatus:(MSG7   unit  91 file COYOTE.out is open, access:SEQUENTIAL form:FORMATTED r/w:YES recl:   80)
00:00:01.229	Main:Token:MSG7   unit  92 file COYOTE.hbn is open, access:SEQUENTIAL form:UNFORMATTED r/w:YES recl:   80
00:00:01.229	WriteStatus:(MSG7   unit  92 file COYOTE.hbn is open, access:SEQUENTIAL form:UNFORMATTED r/w:YES recl:   80)
00:00:01.229	Main:Token:MSG7   unit  99 file ERROR.FIL is open, access:SEQUENTIAL form:FORMATTED r/w:YES recl:   80
00:00:01.229	WriteStatus:(MSG7   unit  99 file ERROR.FIL is open, access:SEQUENTIAL form:FORMATTED r/w:YES recl:   80)
00:00:01.229	Main:Token:MSG7   unit 100 file c:\basins42\models\winhspf30\bin\hspfmsg.wdm is open, access:DIRECT form:UNFORMATTED r/w:NO recl: 2048
00:00:01.229	WriteStatus:(MSG7   unit 100 file c:\basins42\models\winhspf30\bin\hspfmsg.wdm is open, access:DIRECT form:UNFORMATTED r/w:NO recl: 2048)
00:00:01.229	Main:Token:MSG99 
00:00:01.229	WriteStatus:(MSG99 )
00:00:01.229	Main:Token:MSG7 File Status at before WDM closing in M_ACTSCN
00:00:01.229	WriteStatus:(MSG7 File Status at before WDM closing in M_ACTSCN)
00:00:01.229	Main:Token:MSG7   unit  25 file COYOTE.wdm is open, access:DIRECT form:UNFORMATTED r/w:YES recl: 2048
00:00:01.229	WriteStatus:(MSG7   unit  25 file COYOTE.wdm is open, access:DIRECT form:UNFORMATTED r/w:YES recl: 2048)
00:00:01.229	Main:Token:MSG7   unit  26 file ..\METdata.wdm is open, access:DIRECT form:UNFORMATTED r/w:YES recl: 2048
00:00:01.229	WriteStatus:(MSG7   unit  26 file ..\METdata.wdm is open, access:DIRECT form:UNFORMATTED r/w:YES recl: 2048)
00:00:01.229	Main:Token:MSG7   unit  99 file ERROR.FIL is open, access:SEQUENTIAL form:FORMATTED r/w:YES recl:   80
00:00:01.229	WriteStatus:(MSG7   unit  99 file ERROR.FIL is open, access:SEQUENTIAL form:FORMATTED r/w:YES recl:   80)
00:00:01.229	Main:Token:MSG7   unit 100 file c:\basins42\models\winhspf30\bin\hspfmsg.wdm is open, access:DIRECT form:UNFORMATTED r/w:NO recl: 2048
00:00:01.229	WriteStatus:(MSG7   unit 100 file c:\basins42\models\winhspf30\bin\hspfmsg.wdm is open, access:DIRECT form:UNFORMATTED r/w:NO recl: 2048)
00:00:01.229	Main:Token:MSG7 File Status at about to close           25
00:00:01.229	WriteStatus:(MSG7 File Status at about to close           25)
00:00:01.229	Main:Token:MSG7   unit  25 file COYOTE.wdm is open, access:DIRECT form:UNFORMATTED r/w:YES recl: 2048
00:00:01.229	WriteStatus:(MSG7   unit  25 file COYOTE.wdm is open, access:DIRECT form:UNFORMATTED r/w:YES recl: 2048)
00:00:01.229	Main:Token:MSG7   unit  26 file ..\METdata.wdm is open, access:DIRECT form:UNFORMATTED r/w:YES recl: 2048
00:00:01.229	WriteStatus:(MSG7   unit  26 file ..\METdata.wdm is open, access:DIRECT form:UNFORMATTED r/w:YES recl: 2048)
00:00:01.229	Main:Token:MSG7   unit  99 file ERROR.FIL is open, access:SEQUENTIAL form:FORMATTED r/w:YES recl:   80
00:00:01.229	WriteStatus:(MSG7   unit  99 file ERROR.FIL is open, access:SEQUENTIAL form:FORMATTED r/w:YES recl:   80)
00:00:01.229	Main:Token:MSG7   unit 100 file c:\basins42\models\winhspf30\bin\hspfmsg.wdm is open, access:DIRECT form:UNFORMATTED r/w:NO recl: 2048
00:00:01.229	WriteStatus:(MSG7   unit 100 file c:\basins42\models\winhspf30\bin\hspfmsg.wdm is open, access:DIRECT form:UNFORMATTED r/w:NO recl: 2048)
00:00:01.229	Main:Token:MSG7 File Status at after one WDM closing in M_ACTSCN
00:00:01.229	WriteStatus:(MSG7 File Status at after one WDM closing in M_ACTSCN)
00:00:01.229	Main:Token:MSG7   unit  26 file ..\METdata.wdm is open, access:DIRECT form:UNFORMATTED r/w:YES recl: 2048
00:00:01.229	WriteStatus:(MSG7   unit  26 file ..\METdata.wdm is open, access:DIRECT form:UNFORMATTED r/w:YES recl: 2048)
00:00:01.229	Main:Token:MSG7   unit  99 file ERROR.FIL is open, access:SEQUENTIAL form:FORMATTED r/w:YES recl:   80
00:00:01.229	WriteStatus:(MSG7   unit  99 file ERROR.FIL is open, access:SEQUENTIAL form:FORMATTED r/w:YES recl:   80)
00:00:01.245	Main:Token:MSG7   unit 100 file c:\basins42\models\winhspf30\bin\hspfmsg.wdm is open, access:DIRECT form:UNFORMATTED r/w:NO recl: 2048
00:00:01.245	WriteStatus:(MSG7   unit 100 file c:\basins42\models\winhspf30\bin\hspfmsg.wdm is open, access:DIRECT form:UNFORMATTED r/w:NO recl: 2048)
00:00:01.245	Main:Token:MSG7 File Status at about to close           26
00:00:01.245	WriteStatus:(MSG7 File Status at about to close           26)
00:00:01.245	Main:Token:MSG7   unit  26 file ..\METdata.wdm is open, access:DIRECT form:UNFORMATTED r/w:YES recl: 2048
00:00:01.245	WriteStatus:(MSG7   unit  26 file ..\METdata.wdm is open, access:DIRECT form:UNFORMATTED r/w:YES recl: 2048)
00:00:01.245	Main:Token:MSG7   unit  99 file ERROR.FIL is open, access:SEQUENTIAL form:FORMATTED r/w:YES recl:   80
00:00:01.245	WriteStatus:(MSG7   unit  99 file ERROR.FIL is open, access:SEQUENTIAL form:FORMATTED r/w:YES recl:   80)
00:00:01.245	Main:Token:MSG7   unit 100 file c:\basins42\models\winhspf30\bin\hspfmsg.wdm is open, access:DIRECT form:UNFORMATTED r/w:NO recl: 2048
00:00:01.245	WriteStatus:(MSG7   unit 100 file c:\basins42\models\winhspf30\bin\hspfmsg.wdm is open, access:DIRECT form:UNFORMATTED r/w:NO recl: 2048)
00:00:01.245	Main:Token:MSG7 File Status at after one WDM closing in M_ACTSCN
00:00:01.245	WriteStatus:(MSG7 File Status at after one WDM closing in M_ACTSCN)
00:00:01.245	Main:Token:MSG7   unit  99 file ERROR.FIL is open, access:SEQUENTIAL form:FORMATTED r/w:YES recl:   80
00:00:01.245	WriteStatus:(MSG7   unit  99 file ERROR.FIL is open, access:SEQUENTIAL form:FORMATTED r/w:YES recl:   80)
00:00:01.245	Main:Token:MSG7   unit 100 file c:\basins42\models\winhspf30\bin\hspfmsg.wdm is open, access:DIRECT form:UNFORMATTED r/w:NO recl: 2048
00:00:01.245	WriteStatus:(MSG7   unit 100 file c:\basins42\models\winhspf30\bin\hspfmsg.wdm is open, access:DIRECT form:UNFORMATTED r/w:NO recl: 2048)
00:00:01.245	Main:Token:MSG7 File Status at at end of File Closing in M_ACTSCN
00:00:01.245	WriteStatus:(MSG7 File Status at at end of File Closing in M_ACTSCN)
00:00:01.245	Main:Token:MSG7   unit  99 file ERROR.FIL is open, access:SEQUENTIAL form:FORMATTED r/w:YES recl:   80
00:00:01.245	WriteStatus:(MSG7   unit  99 file ERROR.FIL is open, access:SEQUENTIAL form:FORMATTED r/w:YES recl:   80)
00:00:01.245	Main:Token:MSG7   unit 100 file c:\basins42\models\winhspf30\bin\hspfmsg.wdm is open, access:DIRECT form:UNFORMATTED r/w:NO recl: 2048
00:00:01.245	WriteStatus:(MSG7   unit 100 file c:\basins42\models\winhspf30\bin\hspfmsg.wdm is open, access:DIRECT form:UNFORMATTED r/w:NO recl: 2048)
00:00:01.245	Main:Token:MSG7 M_ACTSCN:exit            0
00:00:01.245	WriteStatus:(MSG7 M_ACTSCN:exit            0)
00:00:01.245	Main:Token:MSG7 File Status at after activate, retcod:0 i:-1

00:00:01.245	WriteStatus:MSG7 File Status at after activate, retcod:0 i:-1

00:00:01.245	Main:Token:MSG7   unit  99 file ERROR.FIL is open, access:SEQUENTIAL form:FORMATTED r/w:YES recl:   80
00:00:01.245	WriteStatus:(MSG7   unit  99 file ERROR.FIL is open, access:SEQUENTIAL form:FORMATTED r/w:YES recl:   80)
00:00:01.245	Main:Token:MSG7   unit 100 file c:\basins42\models\winhspf30\bin\hspfmsg.wdm is open, access:DIRECT form:UNFORMATTED r/w:NO recl: 2048
00:00:01.245	WriteStatus:(MSG7   unit 100 file c:\basins42\models\winhspf30\bin\hspfmsg.wdm is open, access:DIRECT form:UNFORMATTED r/w:NO recl: 2048)
00:00:03.242	InputCallback:Process 10 bytes
00:00:03.242	ProcessInput:SIMULATE
00:00:03.242	ProcessInput:DBG F90_SIMSCN
00:00:03.320	Main:Token:MSG7 M_SIMSCN:entry:COYOTE.ech
00:00:03.320	WriteStatus:(MSG7 M_SIMSCN:entry:COYOTE.ech)
00:00:03.320	Main:Token:MSG7 File Status at before FILSET in M_SIMSCN
00:00:03.320	WriteStatus:(MSG7 File Status at before FILSET in M_SIMSCN)
00:00:03.320	Main:Token:MSG7   unit  99 file ERROR.FIL is open, access:SEQUENTIAL form:FORMATTED r/w:YES recl:   80
00:00:03.320	WriteStatus:(MSG7   unit  99 file ERROR.FIL is open, access:SEQUENTIAL form:FORMATTED r/w:YES recl:   80)
00:00:03.320	Main:Token:MSG7   unit 100 file c:\basins42\models\winhspf30\bin\hspfmsg.wdm is open, access:DIRECT form:UNFORMATTED r/w:NO recl: 2048
00:00:03.320	WriteStatus:(MSG7   unit 100 file c:\basins42\models\winhspf30\bin\hspfmsg.wdm is open, access:DIRECT form:UNFORMATTED r/w:NO recl: 2048)
00:00:03.320	Main:Token:MSG7 M_SIMSCN:about to call FILSET         100          10           0           0           0           0
00:00:03.320	WriteStatus:(MSG7 M_SIMSCN:about to call FILSET         100          10           0           0           0           0)
00:00:03.320	Main:Token:MSG7 File Status at at end of FilSet in M_SIMSCN
00:00:03.320	WriteStatus:(MSG7 File Status at at end of FilSet in M_SIMSCN)
00:00:03.320	Main:Token:MSG7   unit  24 file COYOTE.ech is open, access:SEQUENTIAL form:FORMATTED r/w:YES recl:   80
00:00:03.320	WriteStatus:(MSG7   unit  24 file COYOTE.ech is open, access:SEQUENTIAL form:FORMATTED r/w:YES recl:   80)
00:00:03.320	Main:Token:MSG7   unit  25 file COYOTE.wdm is open, access:DIRECT form:UNFORMATTED r/w:YES recl: 2048
00:00:03.320	WriteStatus:(MSG7   unit  25 file COYOTE.wdm is open, access:DIRECT form:UNFORMATTED r/w:YES recl: 2048)
00:00:03.320	Main:Token:MSG7   unit  26 file ..\METdata.wdm is open, access:DIRECT form:UNFORMATTED r/w:YES recl: 2048
00:00:03.320	WriteStatus:(MSG7   unit  26 file ..\METdata.wdm is open, access:DIRECT form:UNFORMATTED r/w:YES recl: 2048)
00:00:03.320	Main:Token:MSG7   unit  91 file COYOTE.out is open, access:SEQUENTIAL form:FORMATTED r/w:YES recl:   80
00:00:03.320	WriteStatus:(MSG7   unit  91 file COYOTE.out is open, access:SEQUENTIAL form:FORMATTED r/w:YES recl:   80)
00:00:03.320	Main:Token:MSG7   unit  92 file COYOTE.hbn is open, access:SEQUENTIAL form:UNFORMATTED r/w:YES recl:   80
00:00:03.320	WriteStatus:(MSG7   unit  92 file COYOTE.hbn is open, access:SEQUENTIAL form:UNFORMATTED r/w:YES recl:   80)
00:00:03.320	Main:Token:MSG7   unit  99 file ERROR.FIL is open, access:SEQUENTIAL form:FORMATTED r/w:YES recl:   80
00:00:03.320	WriteStatus:(MSG7   unit  99 file ERROR.FIL is open, access:SEQUENTIAL form:FORMATTED r/w:YES recl:   80)
00:00:03.320	Main:Token:MSG7   unit 100 file c:\basins42\models\winhspf30\bin\hspfmsg.wdm is open, access:DIRECT form:UNFORMATTED r/w:NO recl: 2048
00:00:03.320	WriteStatus:(MSG7   unit 100 file c:\basins42\models\winhspf30\bin\hspfmsg.wdm is open, access:DIRECT form:UNFORMATTED r/w:NO recl: 2048)
00:00:03.320	Main:Token:MSG7 M_SIMSCN:about to call HSPF          24           0           0           0           0           0           0           0           0           0          25          26           0           0         100
00:00:03.320	WriteStatus:(MSG7 M_SIMSCN:about to call HSPF          24           0           0           0           0           0           0           0           0           0          25          26           0           0         100)
00:00:03.320	Main:Token:MSG10 HSPF
00:00:03.320	WriteStatus:(MSG10 HSPF)
00:00:03.320	Main:Token:MSG1  Processing a RUN data set from user's input file.
00:00:03.320	WriteStatus:(MSG1  Processing a RUN data set from user's input file.)
00:00:03.320	Main:Token:MSG2 GLOBAL
00:00:03.320	WriteStatus:(MSG2 GLOBAL)
00:00:03.320	Main:Token:MSG2 OPN SEQUENCE
00:00:03.320	WriteStatus:(MSG2 OPN SEQUENCE)
00:00:03.320	Main:Token:MSG2 FTABLES
00:00:03.320	WriteStatus:(MSG2 FTABLES)
00:00:03.320	Main:Token:MSG2 MASS-LINK
00:00:03.320	WriteStatus:(MSG2 MASS-LINK)
00:00:03.320	Main:Token:MSG3 
00:00:03.320	WriteStatus:(MSG3 )
00:00:03.320	Main:Token:MSG4 
00:00:03.320	WriteStatus:(MSG4 )
00:00:03.320	Main:Token:MSG2 PERLND
00:00:03.320	WriteStatus:(MSG2 PERLND)
00:00:03.320	Main:Token:MSG3    101
00:00:03.320	WriteStatus:(MSG3    101)
00:00:03.320	Main:Token:MSG4 ACTIVITY
00:00:03.320	WriteStatus:(MSG4 ACTIVITY)
00:00:03.320	Main:Token:MSG4 PRINT-INFO
00:00:03.320	WriteStatus:(MSG4 PRINT-INFO)
00:00:03.320	Main:Token:MSG4 BINARY-INFO
00:00:03.320	WriteStatus:(MSG4 BINARY-INFO)
00:00:03.320	Main:Token:MSG4 GEN-INFO
00:00:03.320	WriteStatus:(MSG4 GEN-INFO)
00:00:03.320	Main:Token:MSG4 PWAT-PARM1
00:00:03.320	WriteStatus:(MSG4 PWAT-PARM1)
00:00:03.320	Main:Token:MSG4 PWAT-PARM2
00:00:03.320	WriteStatus:(MSG4 PWAT-PARM2)
00:00:03.320	Main:Token:MSG4 PWAT-PARM3
00:00:03.320	WriteStatus:(MSG4 PWAT-PARM3)
00:00:03.320	Main:Token:MSG4 PWAT-PARM4
00:00:03.320	WriteStatus:(MSG4 PWAT-PARM4)
00:00:03.320	Main:Token:MSG4 PWAT-PARM5
00:00:03.320	WriteStatus:(MSG4 PWAT-PARM5)
00:00:03.320	Main:Token:MSG4 MON-INTERCEP
00:00:03.336	WriteStatus:(MSG4 MON-INTERCEP)
00:00:03.336	Main:Token:MSG4 MON-LZETPARM
00:00:03.336	WriteStatus:(MSG4 MON-LZETPARM)
00:00:03.336	Main:Token:MSG4 PWAT-STATE1
00:00:03.336	WriteStatus:(MSG4 PWAT-STATE1)
00:00:03.336	Main:Token:MSG4 SED-PARM1
00:00:03.336	WriteStatus:(MSG4 SED-PARM1)
00:00:03.336	Main:Token:MSG4 SED-PARM2
00:00:03.336	WriteStatus:(MSG4 SED-PARM2)
00:00:03.336	Main:Token:MSG4 SED-PARM3
00:00:03.336	WriteStatus:(MSG4 SED-PARM3)
00:00:03.336	Main:Token:MSG4 MON-COVER
00:00:03.336	WriteStatus:(MSG4 MON-COVER)
00:00:03.336	Main:Token:MSG4 SED-STOR
00:00:03.336	WriteStatus:(MSG4 SED-STOR)
00:00:03.336	Main:Token:MSG3    102
00:00:03.336	WriteStatus:(MSG3    102)
00:00:03.336	Main:Token:MSG4 ACTIVITY
00:00:03.336	WriteStatus:(MSG4 ACTIVITY)
00:00:03.336	Main:Token:MSG4 PRINT-INFO
00:00:03.336	WriteStatus:(MSG4 PRINT-INFO)
00:00:03.336	Main:Token:MSG4 BINARY-INFO
00:00:03.336	WriteStatus:(MSG4 BINARY-INFO)
00:00:03.336	Main:Token:MSG4 GEN-INFO
00:00:03.336	WriteStatus:(MSG4 GEN-INFO)
00:00:03.336	Main:Token:MSG4 PWAT-PARM1
00:00:03.336	WriteStatus:(MSG4 PWAT-PARM1)
00:00:03.336	Main:Token:MSG4 PWAT-PARM2
00:00:03.336	WriteStatus:(MSG4 PWAT-PARM2)
00:00:03.336	Main:Token:MSG4 PWAT-PARM3
00:00:03.336	WriteStatus:(MSG4 PWAT-PARM3)
00:00:03.336	Main:Token:MSG4 PWAT-PARM4
00:00:03.336	WriteStatus:(MSG4 PWAT-PARM4)
00:00:03.336	Main:Token:MSG4 PWAT-PARM5
00:00:03.336	WriteStatus:(MSG4 PWAT-PARM5)
00:00:03.336	Main:Token:MSG4 MON-INTERCEP
00:00:03.336	WriteStatus:(MSG4 MON-INTERCEP)
00:00:03.336	Main:Token:MSG4 MON-LZETPARM
00:00:03.336	WriteStatus:(MSG4 MON-LZETPARM)
00:00:03.336	Main:Token:MSG4 PWAT-STATE1
00:00:03.336	WriteStatus:(MSG4 PWAT-STATE1)
00:00:03.336	Main:Token:MSG4 SED-PARM1
00:00:03.336	WriteStatus:(MSG4 SED-PARM1)
00:00:03.336	Main:Token:MSG4 SED-PARM2
00:00:03.336	WriteStatus:(MSG4 SED-PARM2)
00:00:03.336	Main:Token:MSG4 SED-PARM3
00:00:03.336	WriteStatus:(MSG4 SED-PARM3)
00:00:03.336	Main:Token:MSG4 MON-COVER
00:00:03.336	WriteStatus:(MSG4 MON-COVER)
00:00:03.336	Main:Token:MSG4 SED-STOR
00:00:03.336	WriteStatus:(MSG4 SED-STOR)
00:00:03.336	Main:Token:MSG3    103
00:00:03.336	WriteStatus:(MSG3    103)
00:00:03.336	Main:Token:MSG4 ACTIVITY
00:00:03.336	WriteStatus:(MSG4 ACTIVITY)
00:00:03.336	Main:Token:MSG4 PRINT-INFO
00:00:03.336	WriteStatus:(MSG4 PRINT-INFO)
00:00:03.336	Main:Token:MSG4 BINARY-INFO
00:00:03.336	WriteStatus:(MSG4 BINARY-INFO)
00:00:03.336	Main:Token:MSG4 GEN-INFO
00:00:03.336	WriteStatus:(MSG4 GEN-INFO)
00:00:03.336	Main:Token:MSG4 PWAT-PARM1
00:00:03.336	WriteStatus:(MSG4 PWAT-PARM1)
00:00:03.336	Main:Token:MSG4 PWAT-PARM2
00:00:03.336	WriteStatus:(MSG4 PWAT-PARM2)
00:00:03.336	Main:Token:MSG4 PWAT-PARM3
00:00:03.336	WriteStatus:(MSG4 PWAT-PARM3)
00:00:03.336	Main:Token:MSG4 PWAT-PARM4
00:00:03.336	WriteStatus:(MSG4 PWAT-PARM4)
00:00:03.336	Main:Token:MSG4 PWAT-PARM5
00:00:03.336	WriteStatus:(MSG4 PWAT-PARM5)
00:00:03.336	Main:Token:MSG4 MON-INTERCEP
00:00:03.336	WriteStatus:(MSG4 MON-INTERCEP)
00:00:03.336	Main:Token:MSG4 MON-LZETPARM
00:00:03.336	WriteStatus:(MSG4 MON-LZETPARM)
00:00:03.352	Main:Token:MSG4 PWAT-STATE1
00:00:03.352	WriteStatus:(MSG4 PWAT-STATE1)
00:00:03.352	Main:Token:MSG4 SED-PARM1
00:00:03.352	WriteStatus:(MSG4 SED-PARM1)
00:00:03.352	Main:Token:MSG4 SED-PARM2
00:00:03.352	WriteStatus:(MSG4 SED-PARM2)
00:00:03.352	Main:Token:MSG4 SED-PARM3
00:00:03.352	WriteStatus:(MSG4 SED-PARM3)
00:00:03.352	Main:Token:MSG4 MON-COVER
00:00:03.352	WriteStatus:(MSG4 MON-COVER)
00:00:03.352	Main:Token:MSG4 SED-STOR
00:00:03.352	WriteStatus:(MSG4 SED-STOR)
00:00:03.352	Main:Token:MSG3    104
00:00:03.352	WriteStatus:(MSG3    104)
00:00:03.352	Main:Token:MSG4 ACTIVITY
00:00:03.352	WriteStatus:(MSG4 ACTIVITY)
00:00:03.352	Main:Token:MSG4 PRINT-INFO
00:00:03.352	WriteStatus:(MSG4 PRINT-INFO)
00:00:03.352	Main:Token:MSG4 BINARY-INFO
00:00:03.352	WriteStatus:(MSG4 BINARY-INFO)
00:00:03.352	Main:Token:MSG4 GEN-INFO
00:00:03.352	WriteStatus:(MSG4 GEN-INFO)
00:00:03.352	Main:Token:MSG4 PWAT-PARM1
00:00:03.352	WriteStatus:(MSG4 PWAT-PARM1)
00:00:03.352	Main:Token:MSG4 PWAT-PARM2
00:00:03.352	WriteStatus:(MSG4 PWAT-PARM2)
00:00:03.352	Main:Token:MSG4 PWAT-PARM3
00:00:03.352	WriteStatus:(MSG4 PWAT-PARM3)
00:00:03.352	Main:Token:MSG4 PWAT-PARM4
00:00:03.352	WriteStatus:(MSG4 PWAT-PARM4)
00:00:03.352	Main:Token:MSG4 PWAT-PARM5
00:00:03.352	WriteStatus:(MSG4 PWAT-PARM5)
00:00:03.352	Main:Token:MSG4 MON-INTERCEP
00:00:03.352	WriteStatus:(MSG4 MON-INTERCEP)
00:00:03.352	Main:Token:MSG4 MON-LZETPARM
00:00:03.352	WriteStatus:(MSG4 MON-LZETPARM)
00:00:03.352	Main:Token:MSG4 PWAT-STATE1
00:00:03.352	WriteStatus:(MSG4 PWAT-STATE1)
00:00:03.352	Main:Token:MSG4 SED-PARM1
00:00:03.352	WriteStatus:(MSG4 SED-PARM1)
00:00:03.352	Main:Token:MSG4 SED-PARM2
00:00:03.352	WriteStatus:(MSG4 SED-PARM2)
00:00:03.352	Main:Token:MSG4 SED-PARM3
00:00:03.352	WriteStatus:(MSG4 SED-PARM3)
00:00:03.352	Main:Token:MSG4 MON-COVER
00:00:03.352	WriteStatus:(MSG4 MON-COVER)
00:00:03.352	Main:Token:MSG4 SED-STOR
00:00:03.352	WriteStatus:(MSG4 SED-STOR)
00:00:03.352	Main:Token:MSG3    105
00:00:03.352	WriteStatus:(MSG3    105)
00:00:03.352	Main:Token:MSG4 ACTIVITY
00:00:03.352	WriteStatus:(MSG4 ACTIVITY)
00:00:03.352	Main:Token:MSG4 PRINT-INFO
00:00:03.352	WriteStatus:(MSG4 PRINT-INFO)
00:00:03.352	Main:Token:MSG4 BINARY-INFO
00:00:03.352	WriteStatus:(MSG4 BINARY-INFO)
00:00:03.352	Main:Token:MSG4 GEN-INFO
00:00:03.352	WriteStatus:(MSG4 GEN-INFO)
00:00:03.352	Main:Token:MSG4 PWAT-PARM1
00:00:03.352	WriteStatus:(MSG4 PWAT-PARM1)
00:00:03.352	Main:Token:MSG4 PWAT-PARM2
00:00:03.352	WriteStatus:(MSG4 PWAT-PARM2)
00:00:03.352	Main:Token:MSG4 PWAT-PARM3
00:00:03.352	WriteStatus:(MSG4 PWAT-PARM3)
00:00:03.352	Main:Token:MSG4 PWAT-PARM4
00:00:03.352	WriteStatus:(MSG4 PWAT-PARM4)
00:00:03.352	Main:Token:MSG4 PWAT-PARM5
00:00:03.352	WriteStatus:(MSG4 PWAT-PARM5)
00:00:03.352	Main:Token:MSG4 MON-INTERCEP
00:00:03.352	WriteStatus:(MSG4 MON-INTERCEP)
00:00:03.352	Main:Token:MSG4 MON-LZETPARM
00:00:03.352	WriteStatus:(MSG4 MON-LZETPARM)
00:00:03.352	Main:Token:MSG4 PWAT-STATE1
00:00:03.352	WriteStatus:(MSG4 PWAT-STATE1)
00:00:03.367	Main:Token:MSG4 SED-PARM1
00:00:03.367	WriteStatus:(MSG4 SED-PARM1)
00:00:03.367	Main:Token:MSG4 SED-PARM2
00:00:03.367	WriteStatus:(MSG4 SED-PARM2)
00:00:03.367	Main:Token:MSG4 SED-PARM3
00:00:03.367	WriteStatus:(MSG4 SED-PARM3)
00:00:03.367	Main:Token:MSG4 MON-COVER
00:00:03.367	WriteStatus:(MSG4 MON-COVER)
00:00:03.367	Main:Token:MSG4 SED-STOR
00:00:03.367	WriteStatus:(MSG4 SED-STOR)
00:00:03.367	Main:Token:MSG3    201
00:00:03.367	WriteStatus:(MSG3    201)
00:00:03.367	Main:Token:MSG4 ACTIVITY
00:00:03.367	WriteStatus:(MSG4 ACTIVITY)
00:00:03.367	Main:Token:MSG4 PRINT-INFO
00:00:03.367	WriteStatus:(MSG4 PRINT-INFO)
00:00:03.367	Main:Token:MSG4 BINARY-INFO
00:00:03.367	WriteStatus:(MSG4 BINARY-INFO)
00:00:03.367	Main:Token:MSG4 GEN-INFO
00:00:03.367	WriteStatus:(MSG4 GEN-INFO)
00:00:03.367	Main:Token:MSG4 PWAT-PARM1
00:00:03.367	WriteStatus:(MSG4 PWAT-PARM1)
00:00:03.367	Main:Token:MSG4 PWAT-PARM2
00:00:03.367	WriteStatus:(MSG4 PWAT-PARM2)
00:00:03.367	Main:Token:MSG4 PWAT-PARM3
00:00:03.367	WriteStatus:(MSG4 PWAT-PARM3)
00:00:03.367	Main:Token:MSG4 PWAT-PARM4
00:00:03.367	WriteStatus:(MSG4 PWAT-PARM4)
00:00:03.367	Main:Token:MSG4 PWAT-PARM5
00:00:03.367	WriteStatus:(MSG4 PWAT-PARM5)
00:00:03.367	Main:Token:MSG4 MON-INTERCEP
00:00:03.367	WriteStatus:(MSG4 MON-INTERCEP)
00:00:03.367	Main:Token:MSG4 MON-LZETPARM
00:00:03.367	WriteStatus:(MSG4 MON-LZETPARM)
00:00:03.367	Main:Token:MSG4 PWAT-STATE1
00:00:03.367	WriteStatus:(MSG4 PWAT-STATE1)
00:00:03.367	Main:Token:MSG4 SED-PARM1
00:00:03.367	WriteStatus:(MSG4 SED-PARM1)
00:00:03.367	Main:Token:MSG4 SED-PARM2
00:00:03.367	WriteStatus:(MSG4 SED-PARM2)
00:00:03.367	Main:Token:MSG4 SED-PARM3
00:00:03.367	WriteStatus:(MSG4 SED-PARM3)
00:00:03.367	Main:Token:MSG4 MON-COVER
00:00:03.367	WriteStatus:(MSG4 MON-COVER)
00:00:03.367	Main:Token:MSG4 SED-STOR
00:00:03.367	WriteStatus:(MSG4 SED-STOR)
00:00:03.367	Main:Token:MSG3    202
00:00:03.367	WriteStatus:(MSG3    202)
00:00:03.367	Main:Token:MSG4 ACTIVITY
00:00:03.367	WriteStatus:(MSG4 ACTIVITY)
00:00:03.367	Main:Token:MSG4 PRINT-INFO
00:00:03.367	WriteStatus:(MSG4 PRINT-INFO)
00:00:03.367	Main:Token:MSG4 BINARY-INFO
00:00:03.367	WriteStatus:(MSG4 BINARY-INFO)
00:00:03.367	Main:Token:MSG4 GEN-INFO
00:00:03.367	WriteStatus:(MSG4 GEN-INFO)
00:00:03.367	Main:Token:MSG4 PWAT-PARM1
00:00:03.367	WriteStatus:(MSG4 PWAT-PARM1)
00:00:03.367	Main:Token:MSG4 PWAT-PARM2
00:00:03.367	WriteStatus:(MSG4 PWAT-PARM2)
00:00:03.367	Main:Token:MSG4 PWAT-PARM3
00:00:03.367	WriteStatus:(MSG4 PWAT-PARM3)
00:00:03.367	Main:Token:MSG4 PWAT-PARM4
00:00:03.367	WriteStatus:(MSG4 PWAT-PARM4)
00:00:03.367	Main:Token:MSG4 PWAT-PARM5
00:00:03.367	WriteStatus:(MSG4 PWAT-PARM5)
00:00:03.367	Main:Token:MSG4 MON-INTERCEP
00:00:03.367	WriteStatus:(MSG4 MON-INTERCEP)
00:00:03.367	Main:Token:MSG4 MON-LZETPARM
00:00:03.367	WriteStatus:(MSG4 MON-LZETPARM)
00:00:03.367	Main:Token:MSG4 PWAT-STATE1
00:00:03.367	WriteStatus:(MSG4 PWAT-STATE1)
00:00:03.367	Main:Token:MSG4 SED-PARM1
00:00:03.367	WriteStatus:(MSG4 SED-PARM1)
00:00:03.367	Main:Token:MSG4 SED-PARM2
00:00:03.367	WriteStatus:(MSG4 SED-PARM2)
00:00:03.367	Main:Token:MSG4 SED-PARM3
00:00:03.367	WriteStatus:(MSG4 SED-PARM3)
00:00:03.367	Main:Token:MSG4 MON-COVER
00:00:03.367	WriteStatus:(MSG4 MON-COVER)
00:00:03.367	Main:Token:MSG4 SED-STOR
00:00:03.367	WriteStatus:(MSG4 SED-STOR)
00:00:03.367	Main:Token:MSG3    203
00:00:03.367	WriteStatus:(MSG3    203)
00:00:03.367	Main:Token:MSG4 ACTIVITY
00:00:03.367	WriteStatus:(MSG4 ACTIVITY)
00:00:03.367	Main:Token:MSG4 PRINT-INFO
00:00:03.367	WriteStatus:(MSG4 PRINT-INFO)
00:00:03.367	Main:Token:MSG4 BINARY-INFO
00:00:03.367	WriteStatus:(MSG4 BINARY-INFO)
00:00:03.367	Main:Token:MSG4 GEN-INFO
00:00:03.367	WriteStatus:(MSG4 GEN-INFO)
00:00:03.367	Main:Token:MSG4 PWAT-PARM1
00:00:03.367	WriteStatus:(MSG4 PWAT-PARM1)
00:00:03.367	Main:Token:MSG4 PWAT-PARM2
00:00:03.367	WriteStatus:(MSG4 PWAT-PARM2)
00:00:03.367	Main:Token:MSG4 PWAT-PARM3
00:00:03.367	WriteStatus:(MSG4 PWAT-PARM3)
00:00:03.367	Main:Token:MSG4 PWAT-PARM4
00:00:03.367	WriteStatus:(MSG4 PWAT-PARM4)
00:00:03.367	Main:Token:MSG4 PWAT-PARM5
00:00:03.367	WriteStatus:(MSG4 PWAT-PARM5)
00:00:03.367	Main:Token:MSG4 MON-INTERCEP
00:00:03.367	WriteStatus:(MSG4 MON-INTERCEP)
00:00:03.367	Main:Token:MSG4 MON-LZETPARM
00:00:03.367	WriteStatus:(MSG4 MON-LZETPARM)
00:00:03.367	Main:Token:MSG4 PWAT-STATE1
00:00:03.367	WriteStatus:(MSG4 PWAT-STATE1)
00:00:03.367	Main:Token:MSG4 SED-PARM1
00:00:03.367	WriteStatus:(MSG4 SED-PARM1)
00:00:03.367	Main:Token:MSG4 SED-PARM2
00:00:03.367	WriteStatus:(MSG4 SED-PARM2)
00:00:03.367	Main:Token:MSG4 SED-PARM3
00:00:03.367	WriteStatus:(MSG4 SED-PARM3)
00:00:03.367	Main:Token:MSG4 MON-COVER
00:00:03.367	WriteStatus:(MSG4 MON-COVER)
00:00:03.367	Main:Token:MSG4 SED-STOR
00:00:03.383	WriteStatus:(MSG4 SED-STOR)
00:00:03.383	Main:Token:MSG3    204
00:00:03.383	WriteStatus:(MSG3    204)
00:00:03.492	Main:Token:MSG4 ACTIVITY
00:00:03.492	WriteStatus:(MSG4 ACTIVITY)
00:00:03.492	Main:Token:MSG4 PRINT-INFO
00:00:03.492	WriteStatus:(MSG4 PRINT-INFO)
00:00:03.492	Main:Token:MSG4 BINARY-INFO
00:00:03.492	WriteStatus:(MSG4 BINARY-INFO)
00:00:03.492	Main:Token:MSG4 GEN-INFO
00:00:03.492	WriteStatus:(MSG4 GEN-INFO)
00:00:03.492	Main:Token:MSG4 PWAT-PARM1
00:00:03.492	WriteStatus:(MSG4 PWAT-PARM1)
00:00:03.492	Main:Token:MSG4 PWAT-PARM2
00:00:03.492	WriteStatus:(MSG4 PWAT-PARM2)
00:00:03.492	Main:Token:MSG4 PWAT-PARM3
00:00:03.492	WriteStatus:(MSG4 PWAT-PARM3)
00:00:03.492	Main:Token:MSG4 PWAT-PARM4
00:00:03.492	WriteStatus:(MSG4 PWAT-PARM4)
00:00:03.492	Main:Token:MSG4 PWAT-PARM5
00:00:03.492	WriteStatus:(MSG4 PWAT-PARM5)
00:00:03.492	Main:Token:MSG4 MON-INTERCEP
00:00:03.492	WriteStatus:(MSG4 MON-INTERCEP)
00:00:03.492	Main:Token:MSG4 MON-LZETPARM
00:00:03.492	WriteStatus:(MSG4 MON-LZETPARM)
00:00:03.492	Main:Token:MSG4 PWAT-STATE1
00:00:03.492	WriteStatus:(MSG4 PWAT-STATE1)
00:00:03.492	Main:Token:MSG4 SED-PARM1
00:00:03.492	WriteStatus:(MSG4 SED-PARM1)
00:00:03.492	Main:Token:MSG4 SED-PARM2
00:00:03.492	WriteStatus:(MSG4 SED-PARM2)
00:00:03.492	Main:Token:MSG4 SED-PARM3
00:00:03.492	WriteStatus:(MSG4 SED-PARM3)
00:00:03.492	Main:Token:MSG4 MON-COVER
00:00:03.492	WriteStatus:(MSG4 MON-COVER)
00:00:03.492	Main:Token:MSG4 SED-STOR
00:00:03.492	WriteStatus:(MSG4 SED-STOR)
00:00:03.492	Main:Token:MSG3    205
00:00:03.492	WriteStatus:(MSG3    205)
00:00:03.492	Main:Token:MSG4 ACTIVITY
00:00:03.492	WriteStatus:(MSG4 ACTIVITY)
00:00:03.492	Main:Token:MSG4 PRINT-INFO
00:00:03.492	WriteStatus:(MSG4 PRINT-INFO)
00:00:03.492	Main:Token:MSG4 BINARY-INFO
00:00:03.492	WriteStatus:(MSG4 BINARY-INFO)
00:00:03.492	Main:Token:MSG4 GEN-INFO
00:00:03.492	WriteStatus:(MSG4 GEN-INFO)
00:00:03.492	Main:Token:MSG4 PWAT-PARM1
00:00:03.492	WriteStatus:(MSG4 PWAT-PARM1)
00:00:03.508	Main:Token:MSG4 PWAT-PARM2
00:00:03.508	WriteStatus:(MSG4 PWAT-PARM2)
00:00:03.508	Main:Token:MSG4 PWAT-PARM3
00:00:03.508	WriteStatus:(MSG4 PWAT-PARM3)
00:00:03.508	Main:Token:MSG4 PWAT-PARM4
00:00:03.508	WriteStatus:(MSG4 PWAT-PARM4)
00:00:03.508	Main:Token:MSG4 PWAT-PARM5
00:00:03.508	WriteStatus:(MSG4 PWAT-PARM5)
00:00:03.508	Main:Token:MSG4 MON-INTERCEP
00:00:03.508	WriteStatus:(MSG4 MON-INTERCEP)
00:00:03.508	Main:Token:MSG4 MON-LZETPARM
00:00:03.508	WriteStatus:(MSG4 MON-LZETPARM)
00:00:03.508	Main:Token:MSG4 PWAT-STATE1
00:00:03.508	WriteStatus:(MSG4 PWAT-STATE1)
00:00:03.508	Main:Token:MSG4 SED-PARM1
00:00:03.508	WriteStatus:(MSG4 SED-PARM1)
00:00:03.508	Main:Token:MSG4 SED-PARM2
00:00:03.508	WriteStatus:(MSG4 SED-PARM2)
00:00:03.508	Main:Token:MSG4 SED-PARM3
00:00:03.508	WriteStatus:(MSG4 SED-PARM3)
00:00:03.508	Main:Token:MSG4 MON-COVER
00:00:03.508	WriteStatus:(MSG4 MON-COVER)
00:00:03.508	Main:Token:MSG4 SED-STOR
00:00:03.508	WriteStatus:(MSG4 SED-STOR)
00:00:03.508	Main:Token:MSG3    301
00:00:03.508	WriteStatus:(MSG3    301)
00:00:03.508	Main:Token:MSG4 ACTIVITY
00:00:03.508	WriteStatus:(MSG4 ACTIVITY)
00:00:03.508	Main:Token:MSG4 PRINT-INFO
00:00:03.508	WriteStatus:(MSG4 PRINT-INFO)
00:00:03.508	Main:Token:MSG4 BINARY-INFO
00:00:03.508	WriteStatus:(MSG4 BINARY-INFO)
00:00:03.508	Main:Token:MSG4 GEN-INFO
00:00:03.508	WriteStatus:(MSG4 GEN-INFO)
00:00:03.508	Main:Token:MSG4 PWAT-PARM1
00:00:03.508	WriteStatus:(MSG4 PWAT-PARM1)
00:00:03.508	Main:Token:MSG4 PWAT-PARM2
00:00:03.508	WriteStatus:(MSG4 PWAT-PARM2)
00:00:03.508	Main:Token:MSG4 PWAT-PARM3
00:00:03.508	WriteStatus:(MSG4 PWAT-PARM3)
00:00:03.508	Main:Token:MSG4 PWAT-PARM4
00:00:03.508	WriteStatus:(MSG4 PWAT-PARM4)
00:00:03.508	Main:Token:MSG4 PWAT-PARM5
00:00:03.508	WriteStatus:(MSG4 PWAT-PARM5)
00:00:03.508	Main:Token:MSG4 MON-INTERCEP
00:00:03.508	WriteStatus:(MSG4 MON-INTERCEP)
00:00:03.508	Main:Token:MSG4 MON-LZETPARM
00:00:03.508	WriteStatus:(MSG4 MON-LZETPARM)
00:00:03.508	Main:Token:MSG4 PWAT-STATE1
00:00:03.508	WriteStatus:(MSG4 PWAT-STATE1)
00:00:03.508	Main:Token:MSG4 SED-PARM1
00:00:03.508	WriteStatus:(MSG4 SED-PARM1)
00:00:03.508	Main:Token:MSG4 SED-PARM2
00:00:03.508	WriteStatus:(MSG4 SED-PARM2)
00:00:03.508	Main:Token:MSG4 SED-PARM3
00:00:03.508	WriteStatus:(MSG4 SED-PARM3)
00:00:03.508	Main:Token:MSG4 MON-COVER
00:00:03.508	WriteStatus:(MSG4 MON-COVER)
00:00:03.508	Main:Token:MSG4 SED-STOR
00:00:03.508	WriteStatus:(MSG4 SED-STOR)
00:00:03.508	Main:Token:MSG3    302
00:00:03.523	WriteStatus:(MSG3    302)
00:00:03.523	Main:Token:MSG4 ACTIVITY
00:00:03.523	WriteStatus:(MSG4 ACTIVITY)
00:00:03.523	Main:Token:MSG4 PRINT-INFO
00:00:03.523	WriteStatus:(MSG4 PRINT-INFO)
00:00:03.523	Main:Token:MSG4 BINARY-INFO
00:00:03.523	WriteStatus:(MSG4 BINARY-INFO)
00:00:03.523	Main:Token:MSG4 GEN-INFO
00:00:03.523	WriteStatus:(MSG4 GEN-INFO)
00:00:03.523	Main:Token:MSG4 PWAT-PARM1
00:00:03.523	WriteStatus:(MSG4 PWAT-PARM1)
00:00:03.523	Main:Token:MSG4 PWAT-PARM2
00:00:03.523	WriteStatus:(MSG4 PWAT-PARM2)
00:00:03.523	Main:Token:MSG4 PWAT-PARM3
00:00:03.523	WriteStatus:(MSG4 PWAT-PARM3)
00:00:03.523	Main:Token:MSG4 PWAT-PARM4
00:00:03.523	WriteStatus:(MSG4 PWAT-PARM4)
00:00:03.523	Main:Token:MSG4 PWAT-PARM5
00:00:03.523	WriteStatus:(MSG4 PWAT-PARM5)
00:00:03.523	Main:Token:MSG4 MON-INTERCEP
00:00:03.523	WriteStatus:(MSG4 MON-INTERCEP)
00:00:03.523	Main:Token:MSG4 MON-LZETPARM
00:00:03.523	WriteStatus:(MSG4 MON-LZETPARM)
00:00:03.523	Main:Token:MSG4 PWAT-STATE1
00:00:03.523	WriteStatus:(MSG4 PWAT-STATE1)
00:00:03.523	Main:Token:MSG4 SED-PARM1
00:00:03.523	WriteStatus:(MSG4 SED-PARM1)
00:00:03.523	Main:Token:MSG4 SED-PARM2
00:00:03.523	WriteStatus:(MSG4 SED-PARM2)
00:00:03.523	Main:Token:MSG4 SED-PARM3
00:00:03.523	WriteStatus:(MSG4 SED-PARM3)
00:00:03.523	Main:Token:MSG4 MON-COVER
00:00:03.523	WriteStatus:(MSG4 MON-COVER)
00:00:03.523	Main:Token:MSG4 SED-STOR
00:00:03.523	WriteStatus:(MSG4 SED-STOR)
00:00:03.523	Main:Token:MSG3    303
00:00:03.523	WriteStatus:(MSG3    303)
00:00:03.523	Main:Token:MSG4 ACTIVITY
00:00:03.523	WriteStatus:(MSG4 ACTIVITY)
00:00:03.523	Main:Token:MSG4 PRINT-INFO
00:00:03.523	WriteStatus:(MSG4 PRINT-INFO)
00:00:03.523	Main:Token:MSG4 BINARY-INFO
00:00:03.523	WriteStatus:(MSG4 BINARY-INFO)
00:00:03.523	Main:Token:MSG4 GEN-INFO
00:00:03.523	WriteStatus:(MSG4 GEN-INFO)
00:00:03.523	Main:Token:MSG4 PWAT-PARM1
00:00:03.523	WriteStatus:(MSG4 PWAT-PARM1)
00:00:03.523	Main:Token:MSG4 PWAT-PARM2
00:00:03.523	WriteStatus:(MSG4 PWAT-PARM2)
00:00:03.523	Main:Token:MSG4 PWAT-PARM3
00:00:03.523	WriteStatus:(MSG4 PWAT-PARM3)
00:00:03.523	Main:Token:MSG4 PWAT-PARM4
00:00:03.523	WriteStatus:(MSG4 PWAT-PARM4)
00:00:03.523	Main:Token:MSG4 PWAT-PARM5
00:00:03.523	WriteStatus:(MSG4 PWAT-PARM5)
00:00:03.523	Main:Token:MSG4 MON-INTERCEP
00:00:03.523	WriteStatus:(MSG4 MON-INTERCEP)
00:00:03.523	Main:Token:MSG4 MON-LZETPARM
00:00:03.523	WriteStatus:(MSG4 MON-LZETPARM)
00:00:03.523	Main:Token:MSG4 PWAT-STATE1
00:00:03.523	WriteStatus:(MSG4 PWAT-STATE1)
00:00:03.523	Main:Token:MSG4 SED-PARM1
00:00:03.523	WriteStatus:(MSG4 SED-PARM1)
00:00:03.523	Main:Token:MSG4 SED-PARM2
00:00:03.523	WriteStatus:(MSG4 SED-PARM2)
00:00:03.523	Main:Token:MSG4 SED-PARM3
00:00:03.523	WriteStatus:(MSG4 SED-PARM3)
00:00:03.523	Main:Token:MSG4 MON-COVER
00:00:03.523	WriteStatus:(MSG4 MON-COVER)
00:00:03.523	Main:Token:MSG4 SED-STOR
00:00:03.523	WriteStatus:(MSG4 SED-STOR)
00:00:03.523	Main:Token:MSG3    304
00:00:03.523	WriteStatus:(MSG3    304)
00:00:03.523	Main:Token:MSG4 ACTIVITY
00:00:03.523	WriteStatus:(MSG4 ACTIVITY)
00:00:03.523	Main:Token:MSG4 PRINT-INFO
00:00:03.539	WriteStatus:(MSG4 PRINT-INFO)
00:00:03.539	Main:Token:MSG4 BINARY-INFO
00:00:03.539	WriteStatus:(MSG4 BINARY-INFO)
00:00:03.539	Main:Token:MSG4 GEN-INFO
00:00:03.539	WriteStatus:(MSG4 GEN-INFO)
00:00:03.539	Main:Token:MSG4 PWAT-PARM1
00:00:03.539	WriteStatus:(MSG4 PWAT-PARM1)
00:00:03.539	Main:Token:MSG4 PWAT-PARM2
00:00:03.539	WriteStatus:(MSG4 PWAT-PARM2)
00:00:03.539	Main:Token:MSG4 PWAT-PARM3
00:00:03.539	WriteStatus:(MSG4 PWAT-PARM3)
00:00:03.539	Main:Token:MSG4 PWAT-PARM4
00:00:03.539	WriteStatus:(MSG4 PWAT-PARM4)
00:00:03.539	Main:Token:MSG4 PWAT-PARM5
00:00:03.539	WriteStatus:(MSG4 PWAT-PARM5)
00:00:03.539	Main:Token:MSG4 MON-INTERCEP
00:00:03.539	WriteStatus:(MSG4 MON-INTERCEP)
00:00:03.539	Main:Token:MSG4 MON-LZETPARM
00:00:03.539	WriteStatus:(MSG4 MON-LZETPARM)
00:00:03.539	Main:Token:MSG4 PWAT-STATE1
00:00:03.539	WriteStatus:(MSG4 PWAT-STATE1)
00:00:03.539	Main:Token:MSG4 SED-PARM1
00:00:03.539	WriteStatus:(MSG4 SED-PARM1)
00:00:03.539	Main:Token:MSG4 SED-PARM2
00:00:03.539	WriteStatus:(MSG4 SED-PARM2)
00:00:03.539	Main:Token:MSG4 SED-PARM3
00:00:03.539	WriteStatus:(MSG4 SED-PARM3)
00:00:03.539	Main:Token:MSG4 MON-COVER
00:00:03.539	WriteStatus:(MSG4 MON-COVER)
00:00:03.539	Main:Token:MSG4 SED-STOR
00:00:03.539	WriteStatus:(MSG4 SED-STOR)
00:00:03.539	Main:Token:MSG3    305
00:00:03.539	WriteStatus:(MSG3    305)
00:00:03.539	Main:Token:MSG4 ACTIVITY
00:00:03.539	WriteStatus:(MSG4 ACTIVITY)
00:00:03.539	Main:Token:MSG4 PRINT-INFO
00:00:03.539	WriteStatus:(MSG4 PRINT-INFO)
00:00:03.539	Main:Token:MSG4 BINARY-INFO
00:00:03.539	WriteStatus:(MSG4 BINARY-INFO)
00:00:03.539	Main:Token:MSG4 GEN-INFO
00:00:03.539	WriteStatus:(MSG4 GEN-INFO)
00:00:03.539	Main:Token:MSG4 PWAT-PARM1
00:00:03.539	WriteStatus:(MSG4 PWAT-PARM1)
00:00:03.539	Main:Token:MSG4 PWAT-PARM2
00:00:03.539	WriteStatus:(MSG4 PWAT-PARM2)
00:00:03.539	Main:Token:MSG4 PWAT-PARM3
00:00:03.539	WriteStatus:(MSG4 PWAT-PARM3)
00:00:03.539	Main:Token:MSG4 PWAT-PARM4
00:00:03.539	WriteStatus:(MSG4 PWAT-PARM4)
00:00:03.539	Main:Token:MSG4 PWAT-PARM5
00:00:03.539	WriteStatus:(MSG4 PWAT-PARM5)
00:00:03.539	Main:Token:MSG4 MON-INTERCEP
00:00:03.539	WriteStatus:(MSG4 MON-INTERCEP)
00:00:03.539	Main:Token:MSG4 MON-LZETPARM
00:00:03.539	WriteStatus:(MSG4 MON-LZETPARM)
00:00:03.539	Main:Token:MSG4 PWAT-STATE1
00:00:03.539	WriteStatus:(MSG4 PWAT-STATE1)
00:00:03.539	Main:Token:MSG4 SED-PARM1
00:00:03.539	WriteStatus:(MSG4 SED-PARM1)
00:00:03.539	Main:Token:MSG4 SED-PARM2
00:00:03.539	WriteStatus:(MSG4 SED-PARM2)
00:00:03.539	Main:Token:MSG4 SED-PARM3
00:00:03.539	WriteStatus:(MSG4 SED-PARM3)
00:00:03.539	Main:Token:MSG4 MON-COVER
00:00:03.539	WriteStatus:(MSG4 MON-COVER)
00:00:03.555	Main:Token:MSG4 SED-STOR
00:00:03.555	WriteStatus:(MSG4 SED-STOR)
00:00:03.555	Main:Token:MSG3    401
00:00:03.555	WriteStatus:(MSG3    401)
00:00:03.555	Main:Token:MSG4 ACTIVITY
00:00:03.555	WriteStatus:(MSG4 ACTIVITY)
00:00:03.555	Main:Token:MSG4 PRINT-INFO
00:00:03.555	WriteStatus:(MSG4 PRINT-INFO)
00:00:03.555	Main:Token:MSG4 BINARY-INFO
00:00:03.555	WriteStatus:(MSG4 BINARY-INFO)
00:00:03.555	Main:Token:MSG4 GEN-INFO
00:00:03.555	WriteStatus:(MSG4 GEN-INFO)
00:00:03.555	Main:Token:MSG4 PWAT-PARM1
00:00:03.555	WriteStatus:(MSG4 PWAT-PARM1)
00:00:03.555	Main:Token:MSG4 PWAT-PARM2
00:00:03.555	WriteStatus:(MSG4 PWAT-PARM2)
00:00:03.555	Main:Token:MSG4 PWAT-PARM3
00:00:03.555	WriteStatus:(MSG4 PWAT-PARM3)
00:00:03.555	Main:Token:MSG4 PWAT-PARM4
00:00:03.555	WriteStatus:(MSG4 PWAT-PARM4)
00:00:03.555	Main:Token:MSG4 PWAT-PARM5
00:00:03.555	WriteStatus:(MSG4 PWAT-PARM5)
00:00:03.555	Main:Token:MSG4 MON-INTERCEP
00:00:03.555	WriteStatus:(MSG4 MON-INTERCEP)
00:00:03.555	Main:Token:MSG4 MON-LZETPARM
00:00:03.555	WriteStatus:(MSG4 MON-LZETPARM)
00:00:03.555	Main:Token:MSG4 PWAT-STATE1
00:00:03.555	WriteStatus:(MSG4 PWAT-STATE1)
00:00:03.555	Main:Token:MSG4 SED-PARM1
00:00:03.555	WriteStatus:(MSG4 SED-PARM1)
00:00:03.555	Main:Token:MSG4 SED-PARM2
00:00:03.555	WriteStatus:(MSG4 SED-PARM2)
00:00:03.555	Main:Token:MSG4 SED-PARM3
00:00:03.555	WriteStatus:(MSG4 SED-PARM3)
00:00:03.555	Main:Token:MSG4 MON-COVER
00:00:03.555	WriteStatus:(MSG4 MON-COVER)
00:00:03.555	Main:Token:MSG4 SED-STOR
00:00:03.555	WriteStatus:(MSG4 SED-STOR)
00:00:03.555	Main:Token:MSG3    402
00:00:03.555	WriteStatus:(MSG3    402)
00:00:03.555	Main:Token:MSG4 ACTIVITY
00:00:03.555	WriteStatus:(MSG4 ACTIVITY)
00:00:03.555	Main:Token:MSG4 PRINT-INFO
00:00:03.555	WriteStatus:(MSG4 PRINT-INFO)
00:00:03.555	Main:Token:MSG4 BINARY-INFO
00:00:03.555	WriteStatus:(MSG4 BINARY-INFO)
00:00:03.555	Main:Token:MSG4 GEN-INFO
00:00:03.555	WriteStatus:(MSG4 GEN-INFO)
00:00:03.555	Main:Token:MSG4 PWAT-PARM1
00:00:03.555	WriteStatus:(MSG4 PWAT-PARM1)
00:00:03.555	Main:Token:MSG4 PWAT-PARM2
00:00:03.555	WriteStatus:(MSG4 PWAT-PARM2)
00:00:03.555	Main:Token:MSG4 PWAT-PARM3
00:00:03.555	WriteStatus:(MSG4 PWAT-PARM3)
00:00:03.555	Main:Token:MSG4 PWAT-PARM4
00:00:03.555	WriteStatus:(MSG4 PWAT-PARM4)
00:00:03.555	Main:Token:MSG4 PWAT-PARM5
00:00:03.555	WriteStatus:(MSG4 PWAT-PARM5)
00:00:03.555	Main:Token:MSG4 MON-INTERCEP
00:00:03.555	WriteStatus:(MSG4 MON-INTERCEP)
00:00:03.555	Main:Token:MSG4 MON-LZETPARM
00:00:03.555	WriteStatus:(MSG4 MON-LZETPARM)
00:00:03.555	Main:Token:MSG4 PWAT-STATE1
00:00:03.555	WriteStatus:(MSG4 PWAT-STATE1)
00:00:03.555	Main:Token:MSG4 SED-PARM1
00:00:03.555	WriteStatus:(MSG4 SED-PARM1)
00:00:03.555	Main:Token:MSG4 SED-PARM2
00:00:03.555	WriteStatus:(MSG4 SED-PARM2)
00:00:03.555	Main:Token:MSG4 SED-PARM3
00:00:03.555	WriteStatus:(MSG4 SED-PARM3)
00:00:03.555	Main:Token:MSG4 MON-COVER
00:00:03.555	WriteStatus:(MSG4 MON-COVER)
00:00:03.555	Main:Token:MSG4 SED-STOR
00:00:03.555	WriteStatus:(MSG4 SED-STOR)
00:00:03.555	Main:Token:MSG3    403
00:00:03.555	WriteStatus:(MSG3    403)
00:00:03.555	Main:Token:MSG4 ACTIVITY
00:00:03.555	WriteStatus:(MSG4 ACTIVITY)
00:00:03.555	Main:Token:MSG4 PRINT-INFO
00:00:03.555	WriteStatus:(MSG4 PRINT-INFO)
00:00:03.555	Main:Token:MSG4 BINARY-INFO
00:00:03.555	WriteStatus:(MSG4 BINARY-INFO)
00:00:03.555	Main:Token:MSG4 GEN-INFO
00:00:03.555	WriteStatus:(MSG4 GEN-INFO)
00:00:03.555	Main:Token:MSG4 PWAT-PARM1
00:00:03.555	WriteStatus:(MSG4 PWAT-PARM1)
00:00:03.555	Main:Token:MSG4 PWAT-PARM2
00:00:03.555	WriteStatus:(MSG4 PWAT-PARM2)
00:00:03.555	Main:Token:MSG4 PWAT-PARM3
00:00:03.555	WriteStatus:(MSG4 PWAT-PARM3)
00:00:03.555	Main:Token:MSG4 PWAT-PARM4
00:00:03.555	WriteStatus:(MSG4 PWAT-PARM4)
00:00:03.555	Main:Token:MSG4 PWAT-PARM5
00:00:03.555	WriteStatus:(MSG4 PWAT-PARM5)
00:00:03.555	Main:Token:MSG4 MON-INTERCEP
00:00:03.555	WriteStatus:(MSG4 MON-INTERCEP)
00:00:03.555	Main:Token:MSG4 MON-LZETPARM
00:00:03.555	WriteStatus:(MSG4 MON-LZETPARM)
00:00:03.555	Main:Token:MSG4 PWAT-STATE1
00:00:03.555	WriteStatus:(MSG4 PWAT-STATE1)
00:00:03.555	Main:Token:MSG4 SED-PARM1
00:00:03.555	WriteStatus:(MSG4 SED-PARM1)
00:00:03.555	Main:Token:MSG4 SED-PARM2
00:00:03.555	WriteStatus:(MSG4 SED-PARM2)
00:00:03.555	Main:Token:MSG4 SED-PARM3
00:00:03.555	WriteStatus:(MSG4 SED-PARM3)
00:00:03.555	Main:Token:MSG4 MON-COVER
00:00:03.555	WriteStatus:(MSG4 MON-COVER)
00:00:03.555	Main:Token:MSG4 SED-STOR
00:00:03.555	WriteStatus:(MSG4 SED-STOR)
00:00:03.555	Main:Token:MSG3    404
00:00:03.555	WriteStatus:(MSG3    404)
00:00:03.555	Main:Token:MSG4 ACTIVITY
00:00:03.555	WriteStatus:(MSG4 ACTIVITY)
00:00:03.555	Main:Token:MSG4 PRINT-INFO
00:00:03.555	WriteStatus:(MSG4 PRINT-INFO)
00:00:03.555	Main:Token:MSG4 BINARY-INFO
00:00:03.555	WriteStatus:(MSG4 BINARY-INFO)
00:00:03.570	Main:Token:MSG4 GEN-INFO
00:00:03.570	WriteStatus:(MSG4 GEN-INFO)
00:00:03.571	Main:Token:MSG4 PWAT-PARM1
00:00:03.571	WriteStatus:(MSG4 PWAT-PARM1)
00:00:03.571	Main:Token:MSG4 PWAT-PARM2
00:00:03.571	WriteStatus:(MSG4 PWAT-PARM2)
00:00:03.571	Main:Token:MSG4 PWAT-PARM3
00:00:03.571	WriteStatus:(MSG4 PWAT-PARM3)
00:00:03.571	Main:Token:MSG4 PWAT-PARM4
00:00:03.571	WriteStatus:(MSG4 PWAT-PARM4)
00:00:03.571	Main:Token:MSG4 PWAT-PARM5
00:00:03.571	WriteStatus:(MSG4 PWAT-PARM5)
00:00:03.571	Main:Token:MSG4 MON-INTERCEP
00:00:03.571	WriteStatus:(MSG4 MON-INTERCEP)
00:00:03.571	Main:Token:MSG4 MON-LZETPARM
00:00:03.571	WriteStatus:(MSG4 MON-LZETPARM)
00:00:03.571	Main:Token:MSG4 PWAT-STATE1
00:00:03.571	WriteStatus:(MSG4 PWAT-STATE1)
00:00:03.571	Main:Token:MSG4 SED-PARM1
00:00:03.571	WriteStatus:(MSG4 SED-PARM1)
00:00:03.571	Main:Token:MSG4 SED-PARM2
00:00:03.571	WriteStatus:(MSG4 SED-PARM2)
00:00:03.571	Main:Token:MSG4 SED-PARM3
00:00:03.571	WriteStatus:(MSG4 SED-PARM3)
00:00:03.571	Main:Token:MSG4 MON-COVER
00:00:03.571	WriteStatus:(MSG4 MON-COVER)
00:00:03.571	Main:Token:MSG4 SED-STOR
00:00:03.571	WriteStatus:(MSG4 SED-STOR)
00:00:03.571	Main:Token:MSG3    405
00:00:03.571	WriteStatus:(MSG3    405)
00:00:03.571	Main:Token:MSG4 ACTIVITY
00:00:03.571	WriteStatus:(MSG4 ACTIVITY)
00:00:03.571	Main:Token:MSG4 PRINT-INFO
00:00:03.575	WriteStatus:(MSG4 PRINT-INFO)
00:00:03.575	Main:Token:MSG4 BINARY-INFO
00:00:03.575	WriteStatus:(MSG4 BINARY-INFO)
00:00:03.575	Main:Token:MSG4 GEN-INFO
00:00:03.575	WriteStatus:(MSG4 GEN-INFO)
00:00:03.575	Main:Token:MSG4 PWAT-PARM1
00:00:03.575	WriteStatus:(MSG4 PWAT-PARM1)
00:00:03.575	Main:Token:MSG4 PWAT-PARM2
00:00:03.575	WriteStatus:(MSG4 PWAT-PARM2)
00:00:03.575	Main:Token:MSG4 PWAT-PARM3
00:00:03.575	WriteStatus:(MSG4 PWAT-PARM3)
00:00:03.575	Main:Token:MSG4 PWAT-PARM4
00:00:03.575	WriteStatus:(MSG4 PWAT-PARM4)
00:00:03.575	Main:Token:MSG4 PWAT-PARM5
00:00:03.575	WriteStatus:(MSG4 PWAT-PARM5)
00:00:03.575	Main:Token:MSG4 MON-INTERCEP
00:00:03.575	WriteStatus:(MSG4 MON-INTERCEP)
00:00:03.575	Main:Token:MSG4 MON-LZETPARM
00:00:03.575	WriteStatus:(MSG4 MON-LZETPARM)
00:00:03.575	Main:Token:MSG4 PWAT-STATE1
00:00:03.575	WriteStatus:(MSG4 PWAT-STATE1)
00:00:03.575	Main:Token:MSG4 SED-PARM1
00:00:03.575	WriteStatus:(MSG4 SED-PARM1)
00:00:03.575	Main:Token:MSG4 SED-PARM2
00:00:03.575	WriteStatus:(MSG4 SED-PARM2)
00:00:03.575	Main:Token:MSG4 SED-PARM3
00:00:03.575	WriteStatus:(MSG4 SED-PARM3)
00:00:03.575	Main:Token:MSG4 MON-COVER
00:00:03.575	WriteStatus:(MSG4 MON-COVER)
00:00:03.575	Main:Token:MSG4 SED-STOR
00:00:03.575	WriteStatus:(MSG4 SED-STOR)
00:00:03.575	Main:Token:MSG3 
00:00:03.575	WriteStatus:(MSG3 )
00:00:03.575	Main:Token:MSG4 
00:00:03.575	WriteStatus:(MSG4 )
00:00:03.575	Main:Token:MSG2 IMPLND
00:00:03.579	WriteStatus:(MSG2 IMPLND)
00:00:03.579	Main:Token:MSG3    101
00:00:03.579	WriteStatus:(MSG3    101)
00:00:03.579	Main:Token:MSG4 ACTIVITY
00:00:03.579	WriteStatus:(MSG4 ACTIVITY)
00:00:03.579	Main:Token:MSG4 PRINT-INFO
00:00:03.579	WriteStatus:(MSG4 PRINT-INFO)
00:00:03.579	Main:Token:MSG4 BINARY-INFO
00:00:03.579	WriteStatus:(MSG4 BINARY-INFO)
00:00:03.579	Main:Token:MSG4 GEN-INFO
00:00:03.579	WriteStatus:(MSG4 GEN-INFO)
00:00:03.579	Main:Token:MSG4 IWAT-PARM1
00:00:03.579	WriteStatus:(MSG4 IWAT-PARM1)
00:00:03.579	Main:Token:MSG4 IWAT-PARM2
00:00:03.579	WriteStatus:(MSG4 IWAT-PARM2)
00:00:03.579	Main:Token:MSG4 IWAT-PARM3
00:00:03.579	WriteStatus:(MSG4 IWAT-PARM3)
00:00:03.579	Main:Token:MSG4 IWAT-STATE1
00:00:03.579	WriteStatus:(MSG4 IWAT-STATE1)
00:00:03.579	Main:Token:MSG4 SLD-PARM1
00:00:03.579	WriteStatus:(MSG4 SLD-PARM1)
00:00:03.579	Main:Token:MSG4 SLD-PARM2
00:00:03.579	WriteStatus:(MSG4 SLD-PARM2)
00:00:03.579	Main:Token:MSG4 SLD-STOR
00:00:03.579	WriteStatus:(MSG4 SLD-STOR)
00:00:03.579	Main:Token:MSG3    201
00:00:03.579	WriteStatus:(MSG3    201)
00:00:03.579	Main:Token:MSG4 ACTIVITY
00:00:03.579	WriteStatus:(MSG4 ACTIVITY)
00:00:03.579	Main:Token:MSG4 PRINT-INFO
00:00:03.579	WriteStatus:(MSG4 PRINT-INFO)
00:00:03.579	Main:Token:MSG4 BINARY-INFO
00:00:03.579	WriteStatus:(MSG4 BINARY-INFO)
00:00:03.579	Main:Token:MSG4 GEN-INFO
00:00:03.579	WriteStatus:(MSG4 GEN-INFO)
00:00:03.579	Main:Token:MSG4 IWAT-PARM1
00:00:03.583	WriteStatus:(MSG4 IWAT-PARM1)
00:00:03.583	Main:Token:MSG4 IWAT-PARM2
00:00:03.583	WriteStatus:(MSG4 IWAT-PARM2)
00:00:03.583	Main:Token:MSG4 IWAT-PARM3
00:00:03.583	WriteStatus:(MSG4 IWAT-PARM3)
00:00:03.583	Main:Token:MSG4 IWAT-STATE1
00:00:03.583	WriteStatus:(MSG4 IWAT-STATE1)
00:00:03.583	Main:Token:MSG4 SLD-PARM1
00:00:03.583	WriteStatus:(MSG4 SLD-PARM1)
00:00:03.583	Main:Token:MSG4 SLD-PARM2
00:00:03.583	WriteStatus:(MSG4 SLD-PARM2)
00:00:03.583	Main:Token:MSG4 SLD-STOR
00:00:03.583	WriteStatus:(MSG4 SLD-STOR)
00:00:03.583	Main:Token:MSG3    301
00:00:03.583	WriteStatus:(MSG3    301)
00:00:03.583	Main:Token:MSG4 ACTIVITY
00:00:03.583	WriteStatus:(MSG4 ACTIVITY)
00:00:03.583	Main:Token:MSG4 PRINT-INFO
00:00:03.583	WriteStatus:(MSG4 PRINT-INFO)
00:00:03.583	Main:Token:MSG4 BINARY-INFO
00:00:03.583	WriteStatus:(MSG4 BINARY-INFO)
00:00:03.583	Main:Token:MSG4 GEN-INFO
00:00:03.583	WriteStatus:(MSG4 GEN-INFO)
00:00:03.583	Main:Token:MSG4 IWAT-PARM1
00:00:03.583	WriteStatus:(MSG4 IWAT-PARM1)
00:00:03.583	Main:Token:MSG4 IWAT-PARM2
00:00:03.583	WriteStatus:(MSG4 IWAT-PARM2)
00:00:03.583	Main:Token:MSG4 IWAT-PARM3
00:00:03.583	WriteStatus:(MSG4 IWAT-PARM3)
00:00:03.583	Main:Token:MSG4 IWAT-STATE1
00:00:03.583	WriteStatus:(MSG4 IWAT-STATE1)
00:00:03.583	Main:Token:MSG4 SLD-PARM1
00:00:03.583	WriteStatus:(MSG4 SLD-PARM1)
00:00:03.583	Main:Token:MSG4 SLD-PARM2
00:00:03.583	WriteStatus:(MSG4 SLD-PARM2)
00:00:03.583	Main:Token:MSG4 SLD-STOR
00:00:03.583	WriteStatus:(MSG4 SLD-STOR)
00:00:03.587	Main:Token:MSG3    401
00:00:03.587	WriteStatus:(MSG3    401)
00:00:03.587	Main:Token:MSG4 ACTIVITY
00:00:03.587	WriteStatus:(MSG4 ACTIVITY)
00:00:03.587	Main:Token:MSG4 PRINT-INFO
00:00:03.587	WriteStatus:(MSG4 PRINT-INFO)
00:00:03.587	Main:Token:MSG4 BINARY-INFO
00:00:03.587	WriteStatus:(MSG4 BINARY-INFO)
00:00:03.587	Main:Token:MSG4 GEN-INFO
00:00:03.587	WriteStatus:(MSG4 GEN-INFO)
00:00:03.587	Main:Token:MSG4 IWAT-PARM1
00:00:03.587	WriteStatus:(MSG4 IWAT-PARM1)
00:00:03.587	Main:Token:MSG4 IWAT-PARM2
00:00:03.587	WriteStatus:(MSG4 IWAT-PARM2)
00:00:03.587	Main:Token:MSG4 IWAT-PARM3
00:00:03.587	WriteStatus:(MSG4 IWAT-PARM3)
00:00:03.587	Main:Token:MSG4 IWAT-STATE1
00:00:03.587	WriteStatus:(MSG4 IWAT-STATE1)
00:00:03.587	Main:Token:MSG4 SLD-PARM1
00:00:03.587	WriteStatus:(MSG4 SLD-PARM1)
00:00:03.587	Main:Token:MSG4 SLD-PARM2
00:00:03.587	WriteStatus:(MSG4 SLD-PARM2)
00:00:03.587	Main:Token:MSG4 SLD-STOR
00:00:03.587	WriteStatus:(MSG4 SLD-STOR)
00:00:03.587	Main:Token:MSG3 
00:00:03.587	WriteStatus:(MSG3 )
00:00:03.587	Main:Token:MSG4 
00:00:03.587	WriteStatus:(MSG4 )
00:00:03.587	Main:Token:MSG2 RCHRES
00:00:03.587	WriteStatus:(MSG2 RCHRES)
00:00:03.587	Main:Token:MSG3      1
00:00:03.587	WriteStatus:(MSG3      1)
00:00:03.587	Main:Token:MSG4 ACTIVITY
00:00:03.587	WriteStatus:(MSG4 ACTIVITY)
00:00:03.587	Main:Token:MSG4 PRINT-INFO
00:00:03.587	WriteStatus:(MSG4 PRINT-INFO)
00:00:03.591	Main:Token:MSG4 BINARY-INFO
00:00:03.591	WriteStatus:(MSG4 BINARY-INFO)
00:00:03.591	Main:Token:MSG4 GEN-INFO
00:00:03.591	WriteStatus:(MSG4 GEN-INFO)
00:00:03.591	Main:Token:MSG4 HYDR-PARM1
00:00:03.591	WriteStatus:(MSG4 HYDR-PARM1)
00:00:03.591	Main:Token:MSG4 HYDR-PARM2
00:00:03.591	WriteStatus:(MSG4 HYDR-PARM2)
00:00:03.591	Main:Token:MSG4 HYDR-IRRIG
00:00:03.591	WriteStatus:(MSG4 HYDR-IRRIG)
00:00:03.591	Main:Token:MSG4 HYDR-INIT
00:00:03.591	WriteStatus:(MSG4 HYDR-INIT)
00:00:03.591	Main:Token:MSG4 ADCALC-DATA
00:00:03.591	WriteStatus:(MSG4 ADCALC-DATA)
00:00:03.591	Main:Token:MSG4 SANDFG
00:00:03.591	WriteStatus:(MSG4 SANDFG)
00:00:03.591	Main:Token:MSG4 SED-GENPARM
00:00:03.591	WriteStatus:(MSG4 SED-GENPARM)
00:00:03.591	Main:Token:MSG4 SAND-PM
00:00:03.591	WriteStatus:(MSG4 SAND-PM)
00:00:03.591	Main:Token:MSG4 SILT-CLAY-PM
00:00:03.591	WriteStatus:(MSG4 SILT-CLAY-PM)
00:00:03.591	Main:Token:MSG4 SILT-CLAY-PM
00:00:03.591	WriteStatus:(MSG4 SILT-CLAY-PM)
00:00:03.591	Main:Token:MSG4 SSED-INIT
00:00:03.591	WriteStatus:(MSG4 SSED-INIT)
00:00:03.591	Main:Token:MSG4 BED-INIT
00:00:03.591	WriteStatus:(MSG4 BED-INIT)
00:00:03.591	Main:Token:MSG3      2
00:00:03.591	WriteStatus:(MSG3      2)
00:00:03.591	Main:Token:MSG4 ACTIVITY
00:00:03.591	WriteStatus:(MSG4 ACTIVITY)
00:00:03.591	Main:Token:MSG4 PRINT-INFO
00:00:03.591	WriteStatus:(MSG4 PRINT-INFO)
00:00:03.591	Main:Token:MSG4 BINARY-INFO
00:00:03.591	WriteStatus:(MSG4 BINARY-INFO)
00:00:03.591	Main:Token:MSG4 GEN-INFO
00:00:03.591	WriteStatus:(MSG4 GEN-INFO)
00:00:03.591	Main:Token:MSG4 HYDR-PARM1
00:00:03.591	WriteStatus:(MSG4 HYDR-PARM1)
00:00:03.591	Main:Token:MSG4 HYDR-PARM2
00:00:03.591	WriteStatus:(MSG4 HYDR-PARM2)
00:00:03.591	Main:Token:MSG4 HYDR-IRRIG
00:00:03.591	WriteStatus:(MSG4 HYDR-IRRIG)
00:00:03.591	Main:Token:MSG4 HYDR-INIT
00:00:03.591	WriteStatus:(MSG4 HYDR-INIT)
00:00:03.591	Main:Token:MSG4 ADCALC-DATA
00:00:03.591	WriteStatus:(MSG4 ADCALC-DATA)
00:00:03.591	Main:Token:MSG4 SANDFG
00:00:03.591	WriteStatus:(MSG4 SANDFG)
00:00:03.591	Main:Token:MSG4 SED-GENPARM
00:00:03.591	WriteStatus:(MSG4 SED-GENPARM)
00:00:03.591	Main:Token:MSG4 SAND-PM
00:00:03.591	WriteStatus:(MSG4 SAND-PM)
00:00:03.591	Main:Token:MSG4 SILT-CLAY-PM
00:00:03.591	WriteStatus:(MSG4 SILT-CLAY-PM)
00:00:03.591	Main:Token:MSG4 SILT-CLAY-PM
00:00:03.591	WriteStatus:(MSG4 SILT-CLAY-PM)
00:00:03.591	Main:Token:MSG4 SSED-INIT
00:00:03.591	WriteStatus:(MSG4 SSED-INIT)
00:00:03.591	Main:Token:MSG4 BED-INIT
00:00:03.591	WriteStatus:(MSG4 BED-INIT)
00:00:03.591	Main:Token:MSG3      3
00:00:03.591	WriteStatus:(MSG3      3)
00:00:03.591	Main:Token:MSG4 ACTIVITY
00:00:03.591	WriteStatus:(MSG4 ACTIVITY)
00:00:03.591	Main:Token:MSG4 PRINT-INFO
00:00:03.591	WriteStatus:(MSG4 PRINT-INFO)
00:00:03.591	Main:Token:MSG4 BINARY-INFO
00:00:03.591	WriteStatus:(MSG4 BINARY-INFO)
00:00:03.591	Main:Token:MSG4 GEN-INFO
00:00:03.591	WriteStatus:(MSG4 GEN-INFO)
00:00:03.591	Main:Token:MSG4 HYDR-PARM1
00:00:03.591	WriteStatus:(MSG4 HYDR-PARM1)
00:00:03.591	Main:Token:MSG4 HYDR-PARM2
00:00:03.591	WriteStatus:(MSG4 HYDR-PARM2)
00:00:03.591	Main:Token:MSG4 HYDR-IRRIG
00:00:03.591	WriteStatus:(MSG4 HYDR-IRRIG)
00:00:03.591	Main:Token:MSG4 HYDR-INIT
00:00:03.591	WriteStatus:(MSG4 HYDR-INIT)
00:00:03.591	Main:Token:MSG4 ADCALC-DATA
00:00:03.591	WriteStatus:(MSG4 ADCALC-DATA)
00:00:03.591	Main:Token:MSG4 SANDFG
00:00:03.591	WriteStatus:(MSG4 SANDFG)
00:00:03.591	Main:Token:MSG4 SED-GENPARM
00:00:03.591	WriteStatus:(MSG4 SED-GENPARM)
00:00:03.591	Main:Token:MSG4 SAND-PM
00:00:03.591	WriteStatus:(MSG4 SAND-PM)
00:00:03.591	Main:Token:MSG4 SILT-CLAY-PM
00:00:03.591	WriteStatus:(MSG4 SILT-CLAY-PM)
00:00:03.591	Main:Token:MSG4 SILT-CLAY-PM
00:00:03.591	WriteStatus:(MSG4 SILT-CLAY-PM)
00:00:03.591	Main:Token:MSG4 SSED-INIT
00:00:03.591	WriteStatus:(MSG4 SSED-INIT)
00:00:03.591	Main:Token:MSG4 BED-INIT
00:00:03.591	WriteStatus:(MSG4 BED-INIT)
00:00:03.591	Main:Token:MSG3      4
00:00:03.591	WriteStatus:(MSG3      4)
00:00:03.591	Main:Token:MSG4 ACTIVITY
00:00:03.591	WriteStatus:(MSG4 ACTIVITY)
00:00:03.591	Main:Token:MSG4 PRINT-INFO
00:00:03.591	WriteStatus:(MSG4 PRINT-INFO)
00:00:03.591	Main:Token:MSG4 BINARY-INFO
00:00:03.591	WriteStatus:(MSG4 BINARY-INFO)
00:00:03.591	Main:Token:MSG4 GEN-INFO
00:00:03.591	WriteStatus:(MSG4 GEN-INFO)
00:00:03.591	Main:Token:MSG4 HYDR-PARM1
00:00:03.591	WriteStatus:(MSG4 HYDR-PARM1)
00:00:03.591	Main:Token:MSG4 HYDR-PARM2
00:00:03.591	WriteStatus:(MSG4 HYDR-PARM2)
00:00:03.591	Main:Token:MSG4 HYDR-IRRIG
00:00:03.591	WriteStatus:(MSG4 HYDR-IRRIG)
00:00:03.591	Main:Token:MSG4 HYDR-INIT
00:00:03.591	WriteStatus:(MSG4 HYDR-INIT)
00:00:03.591	Main:Token:MSG4 ADCALC-DATA
00:00:03.591	WriteStatus:(MSG4 ADCALC-DATA)
00:00:03.591	Main:Token:MSG4 SANDFG
00:00:03.591	WriteStatus:(MSG4 SANDFG)
00:00:03.591	Main:Token:MSG4 SED-GENPARM
00:00:03.591	WriteStatus:(MSG4 SED-GENPARM)
00:00:03.591	Main:Token:MSG4 SAND-PM
00:00:03.591	WriteStatus:(MSG4 SAND-PM)
00:00:03.591	Main:Token:MSG4 SILT-CLAY-PM
00:00:03.591	WriteStatus:(MSG4 SILT-CLAY-PM)
00:00:03.591	Main:Token:MSG4 SILT-CLAY-PM
00:00:03.591	WriteStatus:(MSG4 SILT-CLAY-PM)
00:00:03.591	Main:Token:MSG4 SSED-INIT
00:00:03.591	WriteStatus:(MSG4 SSED-INIT)
00:00:03.591	Main:Token:MSG4 BED-INIT
00:00:03.591	WriteStatus:(MSG4 BED-INIT)
00:00:03.591	Main:Token:MSG3 
00:00:03.591	WriteStatus:(MSG3 )
00:00:03.591	Main:Token:MSG4 
00:00:03.591	WriteStatus:(MSG4 )
00:00:03.591	Main:Token:MSG3 
00:00:03.591	WriteStatus:(MSG3 )
00:00:03.591	Main:Token:MSG3 
00:00:03.591	WriteStatus:(MSG3 )
00:00:03.591	Main:Token:MSG4 
00:00:03.591	WriteStatus:(MSG4 )
00:00:03.591	Main:Token:MSG2 EXT SOURCES
00:00:03.591	WriteStatus:(MSG2 EXT SOURCES)
00:00:03.716	Main:Token:MSG2 SCHEMATIC
00:00:03.716	WriteStatus:(MSG2 SCHEMATIC)
00:00:03.716	Main:Token:MSG2 EXT TARGETS
00:00:03.716	WriteStatus:(MSG2 EXT TARGETS)
00:00:03.716	Main:Token:MSG1  Operations supervisor calling operating modules.
00:00:03.716	WriteStatus:(MSG1  Operations supervisor calling operating modules.)
00:00:03.925	Main:Token:MSG1 Executing
00:00:03.925	WriteStatus:(MSG1 Executing)
00:00:03.925	Main:Token:MSG2   Now
00:00:03.925	WriteStatus:(MSG2   Now)
00:00:03.925	Main:Token:MSG4 Complete
00:00:03.925	WriteStatus:(MSG4 Complete)
00:00:04.137	Main:Token:PROGRESS  1
00:00:04.137	WriteStatus:(PROGRESS  1)
00:00:04.137	Main:Token:MSG3 1%
00:00:04.137	WriteStatus:(MSG3 1%)
00:00:04.137	Main:Token:PROGRESS  2
00:00:04.137	WriteStatus:(PROGRESS  2)
00:00:04.137	Main:Token:MSG3 2%
00:00:04.137	WriteStatus:(MSG3 2%)
00:00:04.246	Main:Token:PROGRESS  3
00:00:04.246	WriteStatus:(PROGRESS  3)
00:00:04.246	Main:Token:MSG3 3%
00:00:04.246	WriteStatus:(MSG3 3%)
00:00:04.356	Main:Token:PROGRESS  4
00:00:04.356	WriteStatus:(PROGRESS  4)
00:00:04.356	Main:Token:MSG3 4%
00:00:04.356	WriteStatus:(MSG3 4%)
00:00:04.356	Main:Token:PROGRESS  5
00:00:04.356	WriteStatus:(PROGRESS  5)
00:00:04.356	Main:Token:MSG3 5%
00:00:04.356	WriteStatus:(MSG3 5%)
00:00:04.356	Main:Token:PROGRESS  6
00:00:04.356	WriteStatus:(PROGRESS  6)
00:00:04.356	Main:Token:MSG3 6%
00:00:04.356	WriteStatus:(MSG3 6%)
00:00:04.465	Main:Token:PROGRESS  7
00:00:04.465	WriteStatus:(PROGRESS  7)
00:00:04.465	Main:Token:MSG3 7%
00:00:04.465	WriteStatus:(MSG3 7%)
00:00:04.465	Main:Token:PROGRESS  8
00:00:04.465	WriteStatus:(PROGRESS  8)
00:00:04.465	Main:Token:MSG3 8%
00:00:04.465	WriteStatus:(MSG3 8%)
00:00:04.575	Main:Token:PROGRESS  9
00:00:04.575	WriteStatus:(PROGRESS  9)
00:00:04.575	Main:Token:MSG3 9%
00:00:04.575	WriteStatus:(MSG3 9%)
00:00:04.575	Main:Token:PROGRESS 10
00:00:04.575	WriteStatus:(PROGRESS 10)
00:00:04.575	Main:Token:MSG3 10%
00:00:04.575	WriteStatus:(MSG3 10%)
00:00:04.684	Main:Token:PROGRESS 11
00:00:04.684	WriteStatus:(PROGRESS 11)
00:00:04.684	Main:Token:MSG3 11%
00:00:04.684	WriteStatus:(MSG3 11%)
00:00:04.684	Main:Token:PROGRESS 12
00:00:04.684	WriteStatus:(PROGRESS 12)
00:00:04.684	Main:Token:MSG3 12%
00:00:04.684	WriteStatus:(MSG3 12%)
00:00:04.793	Main:Token:PROGRESS 13
00:00:04.793	WriteStatus:(PROGRESS 13)
00:00:04.793	Main:Token:MSG3 13%
00:00:04.793	WriteStatus:(MSG3 13%)
00:00:04.903	Main:Token:PROGRESS 14
00:00:04.903	WriteStatus:(PROGRESS 14)
00:00:04.903	Main:Token:MSG3 14%
00:00:04.903	WriteStatus:(MSG3 14%)
00:00:05.012	Main:Token:PROGRESS 15
00:00:05.012	WriteStatus:(PROGRESS 15)
00:00:05.012	Main:Token:MSG3 15%
00:00:05.012	WriteStatus:(MSG3 15%)
00:00:05.012	Main:Token:PROGRESS 16
00:00:05.012	WriteStatus:(PROGRESS 16)
00:00:05.012	Main:Token:MSG3 16%
00:00:05.012	WriteStatus:(MSG3 16%)
00:00:05.012	Main:Token:PROGRESS 17
00:00:05.012	WriteStatus:(PROGRESS 17)
00:00:05.012	Main:Token:MSG3 17%
00:00:05.012	WriteStatus:(MSG3 17%)
00:00:05.126	Main:Token:PROGRESS 18
00:00:05.126	WriteStatus:(PROGRESS 18)
00:00:05.126	Main:Token:MSG3 18%
00:00:05.126	WriteStatus:(MSG3 18%)
00:00:05.126	Main:Token:PROGRESS 19
00:00:05.126	WriteStatus:(PROGRESS 19)
00:00:05.126	Main:Token:MSG3 19%
00:00:05.126	WriteStatus:(MSG3 19%)
00:00:05.235	Main:Token:PROGRESS 20
00:00:05.235	WriteStatus:(PROGRESS 20)
00:00:05.235	Main:Token:MSG3 20%
00:00:05.235	WriteStatus:(MSG3 20%)
00:00:05.235	Main:Token:PROGRESS 21
00:00:05.235	WriteStatus:(PROGRESS 21)
00:00:05.235	Main:Token:MSG3 21%
00:00:05.235	WriteStatus:(MSG3 21%)
00:00:05.345	Main:Token:PROGRESS 22
00:00:05.345	WriteStatus:(PROGRESS 22)
00:00:05.345	Main:Token:MSG3 22%
00:00:05.345	WriteStatus:(MSG3 22%)
00:00:05.345	Main:Token:PROGRESS 23
00:00:05.345	WriteStatus:(PROGRESS 23)
00:00:05.345	Main:Token:MSG3 23%
00:00:05.345	WriteStatus:(MSG3 23%)
00:00:05.345	Main:Token:PROGRESS 24
00:00:05.345	WriteStatus:(PROGRESS 24)
00:00:05.345	Main:Token:MSG3 24%
00:00:05.345	WriteStatus:(MSG3 24%)
00:00:05.454	Main:Token:PROGRESS 25
00:00:05.454	WriteStatus:(PROGRESS 25)
00:00:05.454	Main:Token:MSG3 25%
00:00:05.454	WriteStatus:(MSG3 25%)
00:00:05.454	Main:Token:PROGRESS 26
00:00:05.454	WriteStatus:(PROGRESS 26)
00:00:05.454	Main:Token:MSG3 26%
00:00:05.454	WriteStatus:(MSG3 26%)
00:00:05.569	Main:Token:PROGRESS 27
00:00:05.569	WriteStatus:(PROGRESS 27)
00:00:05.569	Main:Token:MSG3 27%
00:00:05.569	WriteStatus:(MSG3 27%)
00:00:05.569	Main:Token:PROGRESS 28
00:00:05.569	WriteStatus:(PROGRESS 28)
00:00:05.569	Main:Token:MSG3 28%
00:00:05.569	WriteStatus:(MSG3 28%)
00:00:05.678	Main:Token:PROGRESS 29
00:00:05.678	WriteStatus:(PROGRESS 29)
00:00:05.678	Main:Token:MSG3 29%
00:00:05.678	WriteStatus:(MSG3 29%)
00:00:05.678	Main:Token:PROGRESS 30
00:00:05.678	WriteStatus:(PROGRESS 30)
00:00:05.678	Main:Token:MSG3 30%
00:00:05.678	WriteStatus:(MSG3 30%)
00:00:05.787	Main:Token:PROGRESS 31
00:00:05.787	WriteStatus:(PROGRESS 31)
00:00:05.787	Main:Token:MSG3 31%
00:00:05.787	WriteStatus:(MSG3 31%)
00:00:05.787	Main:Token:PROGRESS 32
00:00:05.787	WriteStatus:(PROGRESS 32)
00:00:05.787	Main:Token:MSG3 32%
00:00:05.787	WriteStatus:(MSG3 32%)
00:00:05.897	Main:Token:PROGRESS 33
00:00:05.897	WriteStatus:(PROGRESS 33)
00:00:05.897	Main:Token:MSG3 33%
00:00:05.897	WriteStatus:(MSG3 33%)
00:00:05.897	Main:Token:PROGRESS 34
00:00:05.897	WriteStatus:(PROGRESS 34)
00:00:05.897	Main:Token:MSG3 34%
00:00:05.897	WriteStatus:(MSG3 34%)
00:00:05.897	Main:Token:PROGRESS 35
00:00:05.897	WriteStatus:(PROGRESS 35)
00:00:05.897	Main:Token:MSG3 35%
00:00:05.897	WriteStatus:(MSG3 35%)
00:00:06.006	Main:Token:PROGRESS 36
00:00:06.006	WriteStatus:(PROGRESS 36)
00:00:06.006	Main:Token:MSG3 36%
00:00:06.006	WriteStatus:(MSG3 36%)
00:00:06.006	Main:Token:PROGRESS 37
00:00:06.006	WriteStatus:(PROGRESS 37)
00:00:06.006	Main:Token:MSG3 37%
00:00:06.006	WriteStatus:(MSG3 37%)
00:00:06.108	Main:Token:PROGRESS 38
00:00:06.108	WriteStatus:(PROGRESS 38)
00:00:06.108	Main:Token:MSG3 38%
00:00:06.108	WriteStatus:(MSG3 38%)
00:00:06.108	Main:Token:PROGRESS 39
00:00:06.108	WriteStatus:(PROGRESS 39)
00:00:06.108	Main:Token:MSG3 39%
00:00:06.108	WriteStatus:(MSG3 39%)
00:00:06.211	Main:Token:PROGRESS 40
00:00:06.211	WriteStatus:(PROGRESS 40)
00:00:06.211	Main:Token:MSG3 40%
00:00:06.211	WriteStatus:(MSG3 40%)
00:00:06.211	Main:Token:PROGRESS 41
00:00:06.211	WriteStatus:(PROGRESS 41)
00:00:06.211	Main:Token:MSG3 41%
00:00:06.211	WriteStatus:(MSG3 41%)
00:00:06.320	Main:Token:PROGRESS 42
00:00:06.320	WriteStatus:(PROGRESS 42)
00:00:06.320	Main:Token:MSG3 42%
00:00:06.320	WriteStatus:(MSG3 42%)
00:00:06.429	Main:Token:PROGRESS 43
00:00:06.429	WriteStatus:(PROGRESS 43)
00:00:06.429	Main:Token:MSG3 43%
00:00:06.429	WriteStatus:(MSG3 43%)
00:00:06.429	Main:Token:PROGRESS 44
00:00:06.429	WriteStatus:(PROGRESS 44)
00:00:06.429	Main:Token:MSG3 44%
00:00:06.429	WriteStatus:(MSG3 44%)
00:00:06.539	Main:Token:PROGRESS 45
00:00:06.539	WriteStatus:(PROGRESS 45)
00:00:06.539	Main:Token:MSG3 45%
00:00:06.539	WriteStatus:(MSG3 45%)
00:00:06.539	Main:Token:PROGRESS 46
00:00:06.539	WriteStatus:(PROGRESS 46)
00:00:06.539	Main:Token:MSG3 46%
00:00:06.539	WriteStatus:(MSG3 46%)
00:00:06.648	Main:Token:PROGRESS 47
00:00:06.648	WriteStatus:(PROGRESS 47)
00:00:06.648	Main:Token:MSG3 47%
00:00:06.648	WriteStatus:(MSG3 47%)
00:00:06.648	Main:Token:PROGRESS 48
00:00:06.648	WriteStatus:(PROGRESS 48)
00:00:06.648	Main:Token:MSG3 48%
00:00:06.648	WriteStatus:(MSG3 48%)
00:00:06.757	Main:Token:PROGRESS 49
00:00:06.757	WriteStatus:(PROGRESS 49)
00:00:06.757	Main:Token:MSG3 49%
00:00:06.757	WriteStatus:(MSG3 49%)
00:00:06.757	Main:Token:PROGRESS 50
00:00:06.757	WriteStatus:(PROGRESS 50)
00:00:06.757	Main:Token:MSG3 50%
00:00:06.757	WriteStatus:(MSG3 50%)
00:00:06.757	Main:Token:PROGRESS 51
00:00:06.757	WriteStatus:(PROGRESS 51)
00:00:06.757	Main:Token:MSG3 51%
00:00:06.757	WriteStatus:(MSG3 51%)
00:00:06.867	Main:Token:PROGRESS 52
00:00:06.867	WriteStatus:(PROGRESS 52)
00:00:06.867	Main:Token:MSG3 52%
00:00:06.867	WriteStatus:(MSG3 52%)
00:00:06.867	Main:Token:PROGRESS 53
00:00:06.867	WriteStatus:(PROGRESS 53)
00:00:06.867	Main:Token:MSG3 53%
00:00:06.867	WriteStatus:(MSG3 53%)
00:00:06.981	Main:Token:PROGRESS 54
00:00:06.981	WriteStatus:(PROGRESS 54)
00:00:06.981	Main:Token:MSG3 54%
00:00:06.981	WriteStatus:(MSG3 54%)
00:00:06.981	Main:Token:PROGRESS 55
00:00:06.981	WriteStatus:(PROGRESS 55)
00:00:06.981	Main:Token:MSG3 55%
00:00:06.981	WriteStatus:(MSG3 55%)
00:00:06.981	Main:Token:PROGRESS 56
00:00:06.981	WriteStatus:(PROGRESS 56)
00:00:06.981	Main:Token:MSG3 56%
00:00:06.981	WriteStatus:(MSG3 56%)
00:00:07.091	Main:Token:PROGRESS 57
00:00:07.091	WriteStatus:(PROGRESS 57)
00:00:07.091	Main:Token:MSG3 57%
00:00:07.091	WriteStatus:(MSG3 57%)
00:00:07.197	Main:Token:PROGRESS 58
00:00:07.197	WriteStatus:(PROGRESS 58)
00:00:07.197	Main:Token:MSG3 58%
00:00:07.197	WriteStatus:(MSG3 58%)
00:00:07.197	Main:Token:PROGRESS 59
00:00:07.197	WriteStatus:(PROGRESS 59)
00:00:07.197	Main:Token:MSG3 59%
00:00:07.197	WriteStatus:(MSG3 59%)
00:00:07.306	Main:Token:PROGRESS 60
00:00:07.306	WriteStatus:(PROGRESS 60)
00:00:07.306	Main:Token:MSG3 60%
00:00:07.306	WriteStatus:(MSG3 60%)
00:00:07.306	Main:Token:PROGRESS 61
00:00:07.306	WriteStatus:(PROGRESS 61)
00:00:07.306	Main:Token:MSG3 61%
00:00:07.306	WriteStatus:(MSG3 61%)
00:00:07.416	Main:Token:PROGRESS 62
00:00:07.416	WriteStatus:(PROGRESS 62)
00:00:07.416	Main:Token:MSG3 62%
00:00:07.416	WriteStatus:(MSG3 62%)
00:00:07.416	Main:Token:PROGRESS 63
00:00:07.416	WriteStatus:(PROGRESS 63)
00:00:07.416	Main:Token:MSG3 63%
00:00:07.416	WriteStatus:(MSG3 63%)
00:00:07.525	Main:Token:PROGRESS 64
00:00:07.525	WriteStatus:(PROGRESS 64)
00:00:07.525	Main:Token:MSG3 64%
00:00:07.525	WriteStatus:(MSG3 64%)
00:00:07.525	Main:Token:PROGRESS 65
00:00:07.525	WriteStatus:(PROGRESS 65)
00:00:07.525	Main:Token:MSG3 65%
00:00:07.525	WriteStatus:(MSG3 65%)
00:00:07.635	Main:Token:PROGRESS 66
00:00:07.635	WriteStatus:(PROGRESS 66)
00:00:07.635	Main:Token:MSG3 66%
00:00:07.635	WriteStatus:(MSG3 66%)
00:00:07.635	Main:Token:PROGRESS 67
00:00:07.635	WriteStatus:(PROGRESS 67)
00:00:07.635	Main:Token:MSG3 67%
00:00:07.635	WriteStatus:(MSG3 67%)
00:00:07.635	Main:Token:PROGRESS 68
00:00:07.635	WriteStatus:(PROGRESS 68)
00:00:07.635	Main:Token:MSG3 68%
00:00:07.635	WriteStatus:(MSG3 68%)
00:00:07.745	Main:Token:PROGRESS 69
00:00:07.745	WriteStatus:(PROGRESS 69)
00:00:07.745	Main:Token:MSG3 69%
00:00:07.745	WriteStatus:(MSG3 69%)
00:00:07.745	Main:Token:PROGRESS 70
00:00:07.745	WriteStatus:(PROGRESS 70)
00:00:07.745	Main:Token:MSG3 70%
00:00:07.745	WriteStatus:(MSG3 70%)
00:00:07.854	Main:Token:PROGRESS 71
00:00:07.854	WriteStatus:(PROGRESS 71)
00:00:07.854	Main:Token:MSG3 71%
00:00:07.854	WriteStatus:(MSG3 71%)
00:00:07.964	Main:Token:PROGRESS 72
00:00:07.964	WriteStatus:(PROGRESS 72)
00:00:07.964	Main:Token:MSG3 72%
00:00:07.964	WriteStatus:(MSG3 72%)
00:00:07.964	Main:Token:PROGRESS 73
00:00:07.964	WriteStatus:(PROGRESS 73)
00:00:07.964	Main:Token:MSG3 73%
00:00:07.964	WriteStatus:(MSG3 73%)
00:00:07.964	Main:Token:PROGRESS 74
00:00:07.964	WriteStatus:(PROGRESS 74)
00:00:07.964	Main:Token:MSG3 74%
00:00:07.964	WriteStatus:(MSG3 74%)
00:00:08.073	Main:Token:PROGRESS 75
00:00:08.073	WriteStatus:(PROGRESS 75)
00:00:08.073	Main:Token:MSG3 75%
00:00:08.073	WriteStatus:(MSG3 75%)
00:00:08.073	Main:Token:PROGRESS 76
00:00:08.073	WriteStatus:(PROGRESS 76)
00:00:08.073	Main:Token:MSG3 76%
00:00:08.073	WriteStatus:(MSG3 76%)
00:00:08.177	Main:Token:PROGRESS 77
00:00:08.177	WriteStatus:(PROGRESS 77)
00:00:08.177	Main:Token:MSG3 77%
00:00:08.177	WriteStatus:(MSG3 77%)
00:00:08.177	Main:Token:PROGRESS 78
00:00:08.177	WriteStatus:(PROGRESS 78)
00:00:08.177	Main:Token:MSG3 78%
00:00:08.177	WriteStatus:(MSG3 78%)
00:00:08.287	Main:Token:PROGRESS 79
00:00:08.287	WriteStatus:(PROGRESS 79)
00:00:08.287	Main:Token:MSG3 79%
00:00:08.287	WriteStatus:(MSG3 79%)
00:00:08.287	Main:Token:PROGRESS 80
00:00:08.287	WriteStatus:(PROGRESS 80)
00:00:08.287	Main:Token:MSG3 80%
00:00:08.287	WriteStatus:(MSG3 80%)
00:00:08.396	Main:Token:PROGRESS 81
00:00:08.396	WriteStatus:(PROGRESS 81)
00:00:08.396	Main:Token:MSG3 81%
00:00:08.396	WriteStatus:(MSG3 81%)
00:00:08.396	Main:Token:PROGRESS 82
00:00:08.396	WriteStatus:(PROGRESS 82)
00:00:08.396	Main:Token:MSG3 82%
00:00:08.396	WriteStatus:(MSG3 82%)
00:00:08.396	Main:Token:PROGRESS 83
00:00:08.396	WriteStatus:(PROGRESS 83)
00:00:08.396	Main:Token:MSG3 83%
00:00:08.396	WriteStatus:(MSG3 83%)
00:00:08.506	Main:Token:PROGRESS 84
00:00:08.506	WriteStatus:(PROGRESS 84)
00:00:08.506	Main:Token:MSG3 84%
00:00:08.506	WriteStatus:(MSG3 84%)
00:00:08.506	Main:Token:PROGRESS 85
00:00:08.506	WriteStatus:(PROGRESS 85)
00:00:08.506	Main:Token:MSG3 85%
00:00:08.506	WriteStatus:(MSG3 85%)
00:00:08.608	Main:Token:PROGRESS 86
00:00:08.608	WriteStatus:(PROGRESS 86)
00:00:08.608	Main:Token:MSG3 86%
00:00:08.608	WriteStatus:(MSG3 86%)
00:00:08.608	Main:Token:PROGRESS 87
00:00:08.608	WriteStatus:(PROGRESS 87)
00:00:08.608	Main:Token:MSG3 87%
00:00:08.608	WriteStatus:(MSG3 87%)
00:00:08.608	Main:Token:PROGRESS 88
00:00:08.608	WriteStatus:(PROGRESS 88)
00:00:08.608	Main:Token:MSG3 88%
00:00:08.608	WriteStatus:(MSG3 88%)
00:00:08.608	Main:Token:PROGRESS 89
00:00:08.608	WriteStatus:(PROGRESS 89)
00:00:08.608	Main:Token:MSG3 89%
00:00:08.608	WriteStatus:(MSG3 89%)
00:00:08.608	Main:Token:PROGRESS 90
00:00:08.608	WriteStatus:(PROGRESS 90)
00:00:08.608	Main:Token:MSG3 90%
00:00:08.608	WriteStatus:(MSG3 90%)
00:00:08.608	Main:Token:PROGRESS 91
00:00:08.608	WriteStatus:(PROGRESS 91)
00:00:08.608	Main:Token:MSG3 91%
00:00:08.608	WriteStatus:(MSG3 91%)
00:00:08.608	Main:Token:PROGRESS 92
00:00:08.608	WriteStatus:(PROGRESS 92)
00:00:08.608	Main:Token:MSG3 92%
00:00:08.608	WriteStatus:(MSG3 92%)
00:00:08.717	Main:Token:PROGRESS 93
00:00:08.717	WriteStatus:(PROGRESS 93)
00:00:08.717	Main:Token:MSG3 93%
00:00:08.717	WriteStatus:(MSG3 93%)
00:00:08.717	Main:Token:PROGRESS 94
00:00:08.717	WriteStatus:(PROGRESS 94)
00:00:08.717	Main:Token:MSG3 94%
00:00:08.717	WriteStatus:(MSG3 94%)
00:00:08.717	Main:Token:PROGRESS 95
00:00:08.717	WriteStatus:(PROGRESS 95)
00:00:08.717	Main:Token:MSG3 95%
00:00:08.717	WriteStatus:(MSG3 95%)
00:00:08.717	Main:Token:PROGRESS 96
00:00:08.717	WriteStatus:(PROGRESS 96)
00:00:08.717	Main:Token:MSG3 96%
00:00:08.717	WriteStatus:(MSG3 96%)
00:00:08.717	Main:Token:PROGRESS 97
00:00:08.717	WriteStatus:(PROGRESS 97)
00:00:08.717	Main:Token:MSG3 97%
00:00:08.717	WriteStatus:(MSG3 97%)
00:00:08.717	Main:Token:PROGRESS 98
00:00:08.717	WriteStatus:(PROGRESS 98)
00:00:08.717	Main:Token:MSG3 98%
00:00:08.717	WriteStatus:(MSG3 98%)
00:00:08.717	Main:Token:PROGRESS 99
00:00:08.717	WriteStatus:(PROGRESS 99)
00:00:08.717	Main:Token:MSG3 99%
00:00:08.717	WriteStatus:(MSG3 99%)
00:00:09.155	ProcessInput:Simulate complete 0
00:00:09.155	ProcessInput:InputProcessed
00:00:09.155	Main:Token:MSG10 HSPF Done
00:00:09.155	WriteStatus:(MSG10 HSPF Done)
00:00:09.155	Main:Token:MSG99 HSPF D
00:00:09.155	WriteStatus:(MSG99 HSPF D)
00:00:09.155	Main:Token:MSG7 File Status at before WDM closing in M_SIMSCN
00:00:09.155	WriteStatus:(MSG7 File Status at before WDM closing in M_SIMSCN)
00:00:09.155	Main:Token:MSG7   unit  25 file COYOTE.wdm is open, access:DIRECT form:UNFORMATTED r/w:YES recl: 2048
00:00:09.155	WriteStatus:(MSG7   unit  25 file COYOTE.wdm is open, access:DIRECT form:UNFORMATTED r/w:YES recl: 2048)
00:00:09.155	Main:Token:MSG7   unit  26 file ..\METdata.wdm is open, access:DIRECT form:UNFORMATTED r/w:YES recl: 2048
00:00:09.155	WriteStatus:(MSG7   unit  26 file ..\METdata.wdm is open, access:DIRECT form:UNFORMATTED r/w:YES recl: 2048)
00:00:09.155	Main:Token:MSG7   unit  99 file ERROR.FIL is open, access:SEQUENTIAL form:FORMATTED r/w:YES recl:   80
00:00:09.155	WriteStatus:(MSG7   unit  99 file ERROR.FIL is open, access:SEQUENTIAL form:FORMATTED r/w:YES recl:   80)
00:00:09.155	Main:Token:MSG7   unit 100 file c:\basins42\models\winhspf30\bin\hspfmsg.wdm is open, access:DIRECT form:UNFORMATTED r/w:NO recl: 2048
00:00:09.155	WriteStatus:(MSG7   unit 100 file c:\basins42\models\winhspf30\bin\hspfmsg.wdm is open, access:DIRECT form:UNFORMATTED r/w:NO recl: 2048)
00:00:09.155	Main:Token:MSG7 File Status at about to close           25
00:00:09.155	WriteStatus:(MSG7 File Status at about to close           25)
00:00:09.155	Main:Token:MSG7   unit  25 file COYOTE.wdm is open, access:DIRECT form:UNFORMATTED r/w:YES recl: 2048
00:00:09.155	WriteStatus:(MSG7   unit  25 file COYOTE.wdm is open, access:DIRECT form:UNFORMATTED r/w:YES recl: 2048)
00:00:09.155	Main:Token:MSG7   unit  26 file ..\METdata.wdm is open, access:DIRECT form:UNFORMATTED r/w:YES recl: 2048
00:00:09.155	WriteStatus:(MSG7   unit  26 file ..\METdata.wdm is open, access:DIRECT form:UNFORMATTED r/w:YES recl: 2048)
00:00:09.155	Main:Token:MSG7   unit  99 file ERROR.FIL is open, access:SEQUENTIAL form:FORMATTED r/w:YES recl:   80
00:00:09.155	WriteStatus:(MSG7   unit  99 file ERROR.FIL is open, access:SEQUENTIAL form:FORMATTED r/w:YES recl:   80)
00:00:09.155	Main:Token:MSG7   unit 100 file c:\basins42\models\winhspf30\bin\hspfmsg.wdm is open, access:DIRECT form:UNFORMATTED r/w:NO recl: 2048
00:00:09.155	WriteStatus:(MSG7   unit 100 file c:\basins42\models\winhspf30\bin\hspfmsg.wdm is open, access:DIRECT form:UNFORMATTED r/w:NO recl: 2048)
00:00:09.155	Main:Token:MSG7 File Status at after one WDM closing in M_SIMSCN
00:00:09.155	WriteStatus:(MSG7 File Status at after one WDM closing in M_SIMSCN)
00:00:09.155	Main:Token:MSG7   unit  26 file ..\METdata.wdm is open, access:DIRECT form:UNFORMATTED r/w:YES recl: 2048
00:00:09.155	WriteStatus:(MSG7   unit  26 file ..\METdata.wdm is open, access:DIRECT form:UNFORMATTED r/w:YES recl: 2048)
00:00:09.155	Main:Token:MSG7   unit  99 file ERROR.FIL is open, access:SEQUENTIAL form:FORMATTED r/w:YES recl:   80
00:00:09.155	WriteStatus:(MSG7   unit  99 file ERROR.FIL is open, access:SEQUENTIAL form:FORMATTED r/w:YES recl:   80)
00:00:09.155	Main:Token:MSG7   unit 100 file c:\basins42\models\winhspf30\bin\hspfmsg.wdm is open, access:DIRECT form:UNFORMATTED r/w:NO recl: 2048
00:00:09.155	WriteStatus:(MSG7   unit 100 file c:\basins42\models\winhspf30\bin\hspfmsg.wdm is open, access:DIRECT form:UNFORMATTED r/w:NO recl: 2048)
00:00:09.155	Main:Token:MSG7 File Status at about to close           26
00:00:09.155	WriteStatus:(MSG7 File Status at about to close           26)
00:00:09.155	Main:Token:MSG7   unit  26 file ..\METdata.wdm is open, access:DIRECT form:UNFORMATTED r/w:YES recl: 2048
00:00:09.155	WriteStatus:(MSG7   unit  26 file ..\METdata.wdm is open, access:DIRECT form:UNFORMATTED r/w:YES recl: 2048)
00:00:09.155	Main:Token:MSG7   unit  99 file ERROR.FIL is open, access:SEQUENTIAL form:FORMATTED r/w:YES recl:   80
00:00:09.155	WriteStatus:(MSG7   unit  99 file ERROR.FIL is open, access:SEQUENTIAL form:FORMATTED r/w:YES recl:   80)
00:00:09.155	Main:Token:MSG7   unit 100 file c:\basins42\models\winhspf30\bin\hspfmsg.wdm is open, access:DIRECT form:UNFORMATTED r/w:NO recl: 2048
00:00:09.155	WriteStatus:(MSG7   unit 100 file c:\basins42\models\winhspf30\bin\hspfmsg.wdm is open, access:DIRECT form:UNFORMATTED r/w:NO recl: 2048)
00:00:09.155	Main:Token:MSG7 File Status at after one WDM closing in M_SIMSCN
00:00:09.155	WriteStatus:(MSG7 File Status at after one WDM closing in M_SIMSCN)
00:00:09.155	Main:Token:MSG7   unit  99 file ERROR.FIL is open, access:SEQUENTIAL form:FORMATTED r/w:YES recl:   80
00:00:09.155	WriteStatus:(MSG7   unit  99 file ERROR.FIL is open, access:SEQUENTIAL form:FORMATTED r/w:YES recl:   80)
00:00:09.171	Main:Token:MSG7   unit 100 file c:\basins42\models\winhspf30\bin\hspfmsg.wdm is open, access:DIRECT form:UNFORMATTED r/w:NO recl: 2048
00:00:09.171	WriteStatus:(MSG7   unit 100 file c:\basins42\models\winhspf30\bin\hspfmsg.wdm is open, access:DIRECT form:UNFORMATTED r/w:NO recl: 2048)
00:00:09.171	Main:Token:MSG7 M_SIMSCN:back from HSPF with           0
00:00:09.171	WriteStatus:(MSG7 M_SIMSCN:back from HSPF with           0)
00:00:09.171	Main:Token:MSG7 File Status at at end of File Closing in M_SIMSCN
00:00:09.171	WriteStatus:(MSG7 File Status at at end of File Closing in M_SIMSCN)
00:00:09.171	Main:Token:MSG7   unit  99 file ERROR.FIL is open, access:SEQUENTIAL form:FORMATTED r/w:YES recl:   80
00:00:09.171	WriteStatus:(MSG7   unit  99 file ERROR.FIL is open, access:SEQUENTIAL form:FORMATTED r/w:YES recl:   80)
00:00:09.171	Main:Token:MSG7   unit 100 file c:\basins42\models\winhspf30\bin\hspfmsg.wdm is open, access:DIRECT form:UNFORMATTED r/w:NO recl: 2048
00:00:09.171	WriteStatus:(MSG7   unit 100 file c:\basins42\models\winhspf30\bin\hspfmsg.wdm is open, access:DIRECT form:UNFORMATTED r/w:NO recl: 2048)
00:00:11.168	InputCallback:Process 6 bytes
00:00:11.168	ProcessInput:EXIT
00:00:11.168	WriteStatus:(EXIT)
00:00:11.168	ProcessInput:InputProcessed
