00:00:00.008	Main:StartToFile 2017-05-18 10:53:17
00:00:00.032	Main:HSPF:entry: ("c:\basins42\models\winhspf30\bin\hspfenginenet.exe" 9460)
00:00:00.036	Main:ProcessDetails HspfEngineNet
00:00:00.044	Main: Parent WinHSPF
00:00:00.048	Main:CreatePipes 888 892
00:00:00.067	Main:Token:MSG7 In M_SPIPH    0  892
00:00:00.946	InputCallback:Process 9 bytes
00:00:00.954	ProcessInput:MONITOR
00:00:00.954	ProcessInput:HSPF:F90_WDBOPN:entry (c:\basins42\models\winhspf30\bin\hspfmsg.wdm, 44)
00:00:00.958	ProcessInput:HSPF:F90_WDBOPN:exit  (100)
00:00:00.970	FindFile:Finding file: statusMonitor.exe
00:00:00.986	FindFile:Found file: c:\basins42\models\winhspf30\bin\statusmonitor.exe
00:00:01.042	Status:MonitorLaunched
00:00:01.046	WriteStatus:(Progress Percent Off)
00:00:01.046	ProcessInput:InputProcessed
00:00:01.046	InputCallback:Process 28 bytes
00:00:01.046	ProcessInput:W99OPN
00:00:01.050	ProcessInput:DBG F90_W99OPN
00:00:01.050	ProcessInput:InputProcessed
00:00:01.050	ProcessInput:ACTIVATE EBAYC6 -1
00:00:01.050	ProcessInput:DBG F90_ACTSCN(-1, 0, 100, 0, EBAYC6, 6
00:00:01.094	Main:Token:MSG7 File Status at begin activate
00:00:01.094	WriteStatus:(MSG7 File Status at begin activate)
00:00:01.094	Main:Token:MSG7   unit  99 file ERROR.FIL is open, access:SEQUENTIAL form:FORMATTED r/w:YES recl:   80
00:00:01.094	WriteStatus:(MSG7   unit  99 file ERROR.FIL is open, access:SEQUENTIAL form:FORMATTED r/w:YES recl:   80)
00:00:01.094	Main:Token:MSG7   unit 100 file c:\basins42\models\winhspf30\bin\hspfmsg.wdm is open, access:DIRECT form:UNFORMATTED r/w:NO recl: 2048
00:00:01.094	WriteStatus:(MSG7   unit 100 file c:\basins42\models\winhspf30\bin\hspfmsg.wdm is open, access:DIRECT form:UNFORMATTED r/w:NO recl: 2048)
00:00:01.094	Main:Token:MSG7 M_ACTSCN:entry:EBAYC6           0         100
00:00:01.094	WriteStatus:(MSG7 M_ACTSCN:entry:EBAYC6           0         100)
00:00:01.094	Main:Token:MSG7  M_ACTSCN:MSGFL:100 c:\basins42\models\winhspf30\bin\hspfmsg.wdm
00:00:01.094	WriteStatus:(MSG7  M_ACTSCN:MSGFL:100 c:\basins42\models\winhspf30\bin\hspfmsg.wdm)
00:00:01.094	Main:Token:MSG7  M_ACTSCN:UCIFL: 10 EBAYC6.UCI
00:00:01.094	WriteStatus:(MSG7  M_ACTSCN:UCIFL: 10 EBAYC6.UCI)
00:00:01.098	Main:Token:MSG7 M_ACTSCN:about to call FILSET
00:00:01.098	WriteStatus:(MSG7 M_ACTSCN:about to call FILSET)
00:00:01.206	ProcessInput:Activate complete 0

00:00:01.206	ProcessInput:InputProcessed
00:00:01.210	Main:Token:MSG7 M_ACTSCN:back from FILSET           0
00:00:01.210	WriteStatus:(MSG7 M_ACTSCN:back from FILSET           0)
00:00:01.210	Main:Token:MSG7  M_ACTSCN:WDMFL: 25 EBAYC6.wdm
00:00:01.210	WriteStatus:(MSG7  M_ACTSCN:WDMFL: 25 EBAYC6.wdm)
00:00:01.210	Main:Token:MSG7  M_ACTSCN:WDMFL: 26 ..\METdata.wdm
00:00:01.210	WriteStatus:(MSG7  M_ACTSCN:WDMFL: 26 ..\METdata.wdm)
00:00:01.210	Main:Token:MSG7  M_ACTSCN:ECHFL: 24 EBAYC6.ech
00:00:01.215	WriteStatus:(MSG7  M_ACTSCN:ECHFL: 24 EBAYC6.ech)
00:00:01.215	Main:Token:MSG7 M_ACTSCN:skip INTERP
00:00:01.216	WriteStatus:(MSG7 M_ACTSCN:skip INTERP)
00:00:01.216	Main:Token:MSG7 File Status at before File Closing in M_ACTSCN
00:00:01.216	WriteStatus:(MSG7 File Status at before File Closing in M_ACTSCN)
00:00:01.216	Main:Token:MSG7   unit  24 file EBAYC6.ech is open, access:SEQUENTIAL form:FORMATTED r/w:YES recl:   80
00:00:01.216	WriteStatus:(MSG7   unit  24 file EBAYC6.ech is open, access:SEQUENTIAL form:FORMATTED r/w:YES recl:   80)
00:00:01.219	Main:Token:MSG7   unit  25 file EBAYC6.wdm is open, access:DIRECT form:UNFORMATTED r/w:YES recl: 2048
00:00:01.219	WriteStatus:(MSG7   unit  25 file EBAYC6.wdm is open, access:DIRECT form:UNFORMATTED r/w:YES recl: 2048)
00:00:01.219	Main:Token:MSG7   unit  26 file ..\METdata.wdm is open, access:DIRECT form:UNFORMATTED r/w:YES recl: 2048
00:00:01.219	WriteStatus:(MSG7   unit  26 file ..\METdata.wdm is open, access:DIRECT form:UNFORMATTED r/w:YES recl: 2048)
00:00:01.223	Main:Token:MSG7   unit  91 file EBAYC6.out is open, access:SEQUENTIAL form:FORMATTED r/w:YES recl:   80
00:00:01.223	WriteStatus:(MSG7   unit  91 file EBAYC6.out is open, access:SEQUENTIAL form:FORMATTED r/w:YES recl:   80)
00:00:01.223	Main:Token:MSG7   unit  92 file EBAYC6.hbn is open, access:SEQUENTIAL form:UNFORMATTED r/w:YES recl:   80
00:00:01.223	WriteStatus:(MSG7   unit  92 file EBAYC6.hbn is open, access:SEQUENTIAL form:UNFORMATTED r/w:YES recl:   80)
00:00:01.223	Main:Token:MSG7   unit  99 file ERROR.FIL is open, access:SEQUENTIAL form:FORMATTED r/w:YES recl:   80
00:00:01.223	WriteStatus:(MSG7   unit  99 file ERROR.FIL is open, access:SEQUENTIAL form:FORMATTED r/w:YES recl:   80)
00:00:01.223	Main:Token:MSG7   unit 100 file c:\basins42\models\winhspf30\bin\hspfmsg.wdm is open, access:DIRECT form:UNFORMATTED r/w:NO recl: 2048
00:00:01.223	WriteStatus:(MSG7   unit 100 file c:\basins42\models\winhspf30\bin\hspfmsg.wdm is open, access:DIRECT form:UNFORMATTED r/w:NO recl: 2048)
00:00:01.227	Main:Token:MSG99 
00:00:01.227	WriteStatus:(MSG99 )
00:00:01.227	Main:Token:MSG7 File Status at before WDM closing in M_ACTSCN
00:00:01.227	WriteStatus:(MSG7 File Status at before WDM closing in M_ACTSCN)
00:00:01.227	Main:Token:MSG7   unit  25 file EBAYC6.wdm is open, access:DIRECT form:UNFORMATTED r/w:YES recl: 2048
00:00:01.227	WriteStatus:(MSG7   unit  25 file EBAYC6.wdm is open, access:DIRECT form:UNFORMATTED r/w:YES recl: 2048)
00:00:01.231	Main:Token:MSG7   unit  26 file ..\METdata.wdm is open, access:DIRECT form:UNFORMATTED r/w:YES recl: 2048
00:00:01.231	WriteStatus:(MSG7   unit  26 file ..\METdata.wdm is open, access:DIRECT form:UNFORMATTED r/w:YES recl: 2048)
00:00:01.231	Main:Token:MSG7   unit  99 file ERROR.FIL is open, access:SEQUENTIAL form:FORMATTED r/w:YES recl:   80
00:00:01.231	WriteStatus:(MSG7   unit  99 file ERROR.FIL is open, access:SEQUENTIAL form:FORMATTED r/w:YES recl:   80)
00:00:01.231	Main:Token:MSG7   unit 100 file c:\basins42\models\winhspf30\bin\hspfmsg.wdm is open, access:DIRECT form:UNFORMATTED r/w:NO recl: 2048
00:00:01.231	WriteStatus:(MSG7   unit 100 file c:\basins42\models\winhspf30\bin\hspfmsg.wdm is open, access:DIRECT form:UNFORMATTED r/w:NO recl: 2048)
00:00:01.231	Main:Token:MSG7 File Status at about to close           25
00:00:01.231	WriteStatus:(MSG7 File Status at about to close           25)
00:00:01.231	Main:Token:MSG7   unit  25 file EBAYC6.wdm is open, access:DIRECT form:UNFORMATTED r/w:YES recl: 2048
00:00:01.235	WriteStatus:(MSG7   unit  25 file EBAYC6.wdm is open, access:DIRECT form:UNFORMATTED r/w:YES recl: 2048)
00:00:01.235	Main:Token:MSG7   unit  26 file ..\METdata.wdm is open, access:DIRECT form:UNFORMATTED r/w:YES recl: 2048
00:00:01.235	WriteStatus:(MSG7   unit  26 file ..\METdata.wdm is open, access:DIRECT form:UNFORMATTED r/w:YES recl: 2048)
00:00:01.235	Main:Token:MSG7   unit  99 file ERROR.FIL is open, access:SEQUENTIAL form:FORMATTED r/w:YES recl:   80
00:00:01.235	WriteStatus:(MSG7   unit  99 file ERROR.FIL is open, access:SEQUENTIAL form:FORMATTED r/w:YES recl:   80)
00:00:01.235	Main:Token:MSG7   unit 100 file c:\basins42\models\winhspf30\bin\hspfmsg.wdm is open, access:DIRECT form:UNFORMATTED r/w:NO recl: 2048
00:00:01.235	WriteStatus:(MSG7   unit 100 file c:\basins42\models\winhspf30\bin\hspfmsg.wdm is open, access:DIRECT form:UNFORMATTED r/w:NO recl: 2048)
00:00:01.239	Main:Token:MSG7 File Status at after one WDM closing in M_ACTSCN
00:00:01.239	WriteStatus:(MSG7 File Status at after one WDM closing in M_ACTSCN)
00:00:01.239	Main:Token:MSG7   unit  26 file ..\METdata.wdm is open, access:DIRECT form:UNFORMATTED r/w:YES recl: 2048
00:00:01.239	WriteStatus:(MSG7   unit  26 file ..\METdata.wdm is open, access:DIRECT form:UNFORMATTED r/w:YES recl: 2048)
00:00:01.239	Main:Token:MSG7   unit  99 file ERROR.FIL is open, access:SEQUENTIAL form:FORMATTED r/w:YES recl:   80
00:00:01.239	WriteStatus:(MSG7   unit  99 file ERROR.FIL is open, access:SEQUENTIAL form:FORMATTED r/w:YES recl:   80)
00:00:01.239	Main:Token:MSG7   unit 100 file c:\basins42\models\winhspf30\bin\hspfmsg.wdm is open, access:DIRECT form:UNFORMATTED r/w:NO recl: 2048
00:00:01.239	WriteStatus:(MSG7   unit 100 file c:\basins42\models\winhspf30\bin\hspfmsg.wdm is open, access:DIRECT form:UNFORMATTED r/w:NO recl: 2048)
00:00:01.243	Main:Token:MSG7 File Status at about to close           26
00:00:01.243	WriteStatus:(MSG7 File Status at about to close           26)
00:00:01.243	Main:Token:MSG7   unit  26 file ..\METdata.wdm is open, access:DIRECT form:UNFORMATTED r/w:YES recl: 2048
00:00:01.243	WriteStatus:(MSG7   unit  26 file ..\METdata.wdm is open, access:DIRECT form:UNFORMATTED r/w:YES recl: 2048)
00:00:01.243	Main:Token:MSG7   unit  99 file ERROR.FIL is open, access:SEQUENTIAL form:FORMATTED r/w:YES recl:   80
00:00:01.243	WriteStatus:(MSG7   unit  99 file ERROR.FIL is open, access:SEQUENTIAL form:FORMATTED r/w:YES recl:   80)
00:00:01.243	Main:Token:MSG7   unit 100 file c:\basins42\models\winhspf30\bin\hspfmsg.wdm is open, access:DIRECT form:UNFORMATTED r/w:NO recl: 2048
00:00:01.243	WriteStatus:(MSG7   unit 100 file c:\basins42\models\winhspf30\bin\hspfmsg.wdm is open, access:DIRECT form:UNFORMATTED r/w:NO recl: 2048)
00:00:01.243	Main:Token:MSG7 File Status at after one WDM closing in M_ACTSCN
00:00:01.243	WriteStatus:(MSG7 File Status at after one WDM closing in M_ACTSCN)
00:00:01.243	Main:Token:MSG7   unit  99 file ERROR.FIL is open, access:SEQUENTIAL form:FORMATTED r/w:YES recl:   80
00:00:01.243	WriteStatus:(MSG7   unit  99 file ERROR.FIL is open, access:SEQUENTIAL form:FORMATTED r/w:YES recl:   80)
00:00:01.243	Main:Token:MSG7   unit 100 file c:\basins42\models\winhspf30\bin\hspfmsg.wdm is open, access:DIRECT form:UNFORMATTED r/w:NO recl: 2048
00:00:01.243	WriteStatus:(MSG7   unit 100 file c:\basins42\models\winhspf30\bin\hspfmsg.wdm is open, access:DIRECT form:UNFORMATTED r/w:NO recl: 2048)
00:00:01.247	Main:Token:MSG7 File Status at at end of File Closing in M_ACTSCN
00:00:01.247	WriteStatus:(MSG7 File Status at at end of File Closing in M_ACTSCN)
00:00:01.247	Main:Token:MSG7   unit  99 file ERROR.FIL is open, access:SEQUENTIAL form:FORMATTED r/w:YES recl:   80
00:00:01.251	WriteStatus:(MSG7   unit  99 file ERROR.FIL is open, access:SEQUENTIAL form:FORMATTED r/w:YES recl:   80)
00:00:01.251	Main:Token:MSG7   unit 100 file c:\basins42\models\winhspf30\bin\hspfmsg.wdm is open, access:DIRECT form:UNFORMATTED r/w:NO recl: 2048
00:00:01.255	WriteStatus:(MSG7   unit 100 file c:\basins42\models\winhspf30\bin\hspfmsg.wdm is open, access:DIRECT form:UNFORMATTED r/w:NO recl: 2048)
00:00:01.255	Main:Token:MSG7 M_ACTSCN:exit            0
00:00:01.255	WriteStatus:(MSG7 M_ACTSCN:exit            0)
00:00:01.255	Main:Token:MSG7 File Status at after activate, retcod:0 i:-1

00:00:01.255	WriteStatus:MSG7 File Status at after activate, retcod:0 i:-1

00:00:01.259	Main:Token:MSG7   unit  99 file ERROR.FIL is open, access:SEQUENTIAL form:FORMATTED r/w:YES recl:   80
00:00:01.259	WriteStatus:(MSG7   unit  99 file ERROR.FIL is open, access:SEQUENTIAL form:FORMATTED r/w:YES recl:   80)
00:00:01.263	Main:Token:MSG7   unit 100 file c:\basins42\models\winhspf30\bin\hspfmsg.wdm is open, access:DIRECT form:UNFORMATTED r/w:NO recl: 2048
00:00:01.263	WriteStatus:(MSG7   unit 100 file c:\basins42\models\winhspf30\bin\hspfmsg.wdm is open, access:DIRECT form:UNFORMATTED r/w:NO recl: 2048)
00:00:03.211	InputCallback:Process 10 bytes
00:00:03.211	ProcessInput:SIMULATE
00:00:03.211	ProcessInput:DBG F90_SIMSCN
00:00:03.215	Main:Token:MSG7 M_SIMSCN:entry:EBAYC6.ech
00:00:03.215	WriteStatus:(MSG7 M_SIMSCN:entry:EBAYC6.ech)
00:00:03.215	Main:Token:MSG7 File Status at before FILSET in M_SIMSCN
00:00:03.215	WriteStatus:(MSG7 File Status at before FILSET in M_SIMSCN)
00:00:03.215	Main:Token:MSG7   unit  99 file ERROR.FIL is open, access:SEQUENTIAL form:FORMATTED r/w:YES recl:   80
00:00:03.215	WriteStatus:(MSG7   unit  99 file ERROR.FIL is open, access:SEQUENTIAL form:FORMATTED r/w:YES recl:   80)
00:00:03.215	Main:Token:MSG7   unit 100 file c:\basins42\models\winhspf30\bin\hspfmsg.wdm is open, access:DIRECT form:UNFORMATTED r/w:NO recl: 2048
00:00:03.219	WriteStatus:(MSG7   unit 100 file c:\basins42\models\winhspf30\bin\hspfmsg.wdm is open, access:DIRECT form:UNFORMATTED r/w:NO recl: 2048)
00:00:03.219	Main:Token:MSG7 M_SIMSCN:about to call FILSET         100          10           0           0           0           0
00:00:03.219	WriteStatus:(MSG7 M_SIMSCN:about to call FILSET         100          10           0           0           0           0)
00:00:03.219	Main:Token:MSG7 File Status at at end of FilSet in M_SIMSCN
00:00:03.219	WriteStatus:(MSG7 File Status at at end of FilSet in M_SIMSCN)
00:00:03.219	Main:Token:MSG7   unit  24 file EBAYC6.ech is open, access:SEQUENTIAL form:FORMATTED r/w:YES recl:   80
00:00:03.219	WriteStatus:(MSG7   unit  24 file EBAYC6.ech is open, access:SEQUENTIAL form:FORMATTED r/w:YES recl:   80)
00:00:03.219	Main:Token:MSG7   unit  25 file EBAYC6.wdm is open, access:DIRECT form:UNFORMATTED r/w:YES recl: 2048
00:00:03.223	WriteStatus:(MSG7   unit  25 file EBAYC6.wdm is open, access:DIRECT form:UNFORMATTED r/w:YES recl: 2048)
00:00:03.223	Main:Token:MSG7   unit  26 file ..\METdata.wdm is open, access:DIRECT form:UNFORMATTED r/w:YES recl: 2048
00:00:03.223	WriteStatus:(MSG7   unit  26 file ..\METdata.wdm is open, access:DIRECT form:UNFORMATTED r/w:YES recl: 2048)
00:00:03.223	Main:Token:MSG7   unit  91 file EBAYC6.out is open, access:SEQUENTIAL form:FORMATTED r/w:YES recl:   80
00:00:03.223	WriteStatus:(MSG7   unit  91 file EBAYC6.out is open, access:SEQUENTIAL form:FORMATTED r/w:YES recl:   80)
00:00:03.223	Main:Token:MSG7   unit  92 file EBAYC6.hbn is open, access:SEQUENTIAL form:UNFORMATTED r/w:YES recl:   80
00:00:03.223	WriteStatus:(MSG7   unit  92 file EBAYC6.hbn is open, access:SEQUENTIAL form:UNFORMATTED r/w:YES recl:   80)
00:00:03.223	Main:Token:MSG7   unit  99 file ERROR.FIL is open, access:SEQUENTIAL form:FORMATTED r/w:YES recl:   80
00:00:03.223	WriteStatus:(MSG7   unit  99 file ERROR.FIL is open, access:SEQUENTIAL form:FORMATTED r/w:YES recl:   80)
00:00:03.223	Main:Token:MSG7   unit 100 file c:\basins42\models\winhspf30\bin\hspfmsg.wdm is open, access:DIRECT form:UNFORMATTED r/w:NO recl: 2048
00:00:03.227	WriteStatus:(MSG7   unit 100 file c:\basins42\models\winhspf30\bin\hspfmsg.wdm is open, access:DIRECT form:UNFORMATTED r/w:NO recl: 2048)
00:00:03.227	Main:Token:MSG7 M_SIMSCN:about to call HSPF          24           0           0           0           0           0           0           0           0           0          25          26           0           0         100
00:00:03.227	WriteStatus:(MSG7 M_SIMSCN:about to call HSPF          24           0           0           0           0           0           0           0           0           0          25          26           0           0         100)
00:00:03.227	Main:Token:MSG10 HSPF
00:00:03.227	WriteStatus:(MSG10 HSPF)
00:00:03.227	Main:Token:MSG1  Processing a RUN data set from user's input file.
00:00:03.227	WriteStatus:(MSG1  Processing a RUN data set from user's input file.)
00:00:03.227	Main:Token:MSG2 GLOBAL
00:00:03.227	WriteStatus:(MSG2 GLOBAL)
00:00:03.227	Main:Token:MSG2 OPN SEQUENCE
00:00:03.231	WriteStatus:(MSG2 OPN SEQUENCE)
00:00:03.231	Main:Token:MSG2 FTABLES
00:00:03.231	WriteStatus:(MSG2 FTABLES)
00:00:03.231	Main:Token:MSG2 MASS-LINK
00:00:03.231	WriteStatus:(MSG2 MASS-LINK)
00:00:03.231	Main:Token:MSG3 
00:00:03.231	WriteStatus:(MSG3 )
00:00:03.231	Main:Token:MSG4 
00:00:03.231	WriteStatus:(MSG4 )
00:00:03.231	Main:Token:MSG2 PERLND
00:00:03.231	WriteStatus:(MSG2 PERLND)
00:00:03.235	Main:Token:MSG3    101
00:00:03.235	WriteStatus:(MSG3    101)
00:00:03.339	Main:Token:MSG4 ACTIVITY
00:00:03.339	WriteStatus:(MSG4 ACTIVITY)
00:00:03.339	Main:Token:MSG4 PRINT-INFO
00:00:03.339	WriteStatus:(MSG4 PRINT-INFO)
00:00:03.339	Main:Token:MSG4 BINARY-INFO
00:00:03.339	WriteStatus:(MSG4 BINARY-INFO)
00:00:03.339	Main:Token:MSG4 GEN-INFO
00:00:03.339	WriteStatus:(MSG4 GEN-INFO)
00:00:03.339	Main:Token:MSG4 PWAT-PARM1
00:00:03.343	WriteStatus:(MSG4 PWAT-PARM1)
00:00:03.343	Main:Token:MSG4 PWAT-PARM2
00:00:03.343	WriteStatus:(MSG4 PWAT-PARM2)
00:00:03.343	Main:Token:MSG4 PWAT-PARM3
00:00:03.343	WriteStatus:(MSG4 PWAT-PARM3)
00:00:03.343	Main:Token:MSG4 PWAT-PARM4
00:00:03.343	WriteStatus:(MSG4 PWAT-PARM4)
00:00:03.343	Main:Token:MSG4 PWAT-PARM5
00:00:03.343	WriteStatus:(MSG4 PWAT-PARM5)
00:00:03.343	Main:Token:MSG4 MON-INTERCEP
00:00:03.343	WriteStatus:(MSG4 MON-INTERCEP)
00:00:03.343	Main:Token:MSG4 MON-LZETPARM
00:00:03.343	WriteStatus:(MSG4 MON-LZETPARM)
00:00:03.343	Main:Token:MSG4 PWAT-STATE1
00:00:03.343	WriteStatus:(MSG4 PWAT-STATE1)
00:00:03.343	Main:Token:MSG4 SED-PARM1
00:00:03.343	WriteStatus:(MSG4 SED-PARM1)
00:00:03.343	Main:Token:MSG4 SED-PARM2
00:00:03.347	WriteStatus:(MSG4 SED-PARM2)
00:00:03.347	Main:Token:MSG4 SED-PARM3
00:00:03.347	WriteStatus:(MSG4 SED-PARM3)
00:00:03.347	Main:Token:MSG4 MON-COVER
00:00:03.347	WriteStatus:(MSG4 MON-COVER)
00:00:03.347	Main:Token:MSG4 SED-STOR
00:00:03.347	WriteStatus:(MSG4 SED-STOR)
00:00:03.347	Main:Token:MSG3    102
00:00:03.347	WriteStatus:(MSG3    102)
00:00:03.347	Main:Token:MSG4 ACTIVITY
00:00:03.347	WriteStatus:(MSG4 ACTIVITY)
00:00:03.347	Main:Token:MSG4 PRINT-INFO
00:00:03.347	WriteStatus:(MSG4 PRINT-INFO)
00:00:03.347	Main:Token:MSG4 BINARY-INFO
00:00:03.347	WriteStatus:(MSG4 BINARY-INFO)
00:00:03.347	Main:Token:MSG4 GEN-INFO
00:00:03.347	WriteStatus:(MSG4 GEN-INFO)
00:00:03.347	Main:Token:MSG4 PWAT-PARM1
00:00:03.347	WriteStatus:(MSG4 PWAT-PARM1)
00:00:03.351	Main:Token:MSG4 PWAT-PARM2
00:00:03.351	WriteStatus:(MSG4 PWAT-PARM2)
00:00:03.351	Main:Token:MSG4 PWAT-PARM3
00:00:03.351	WriteStatus:(MSG4 PWAT-PARM3)
00:00:03.351	Main:Token:MSG4 PWAT-PARM4
00:00:03.351	WriteStatus:(MSG4 PWAT-PARM4)
00:00:03.351	Main:Token:MSG4 PWAT-PARM5
00:00:03.351	WriteStatus:(MSG4 PWAT-PARM5)
00:00:03.351	Main:Token:MSG4 MON-INTERCEP
00:00:03.351	WriteStatus:(MSG4 MON-INTERCEP)
00:00:03.351	Main:Token:MSG4 MON-LZETPARM
00:00:03.351	WriteStatus:(MSG4 MON-LZETPARM)
00:00:03.351	Main:Token:MSG4 PWAT-STATE1
00:00:03.351	WriteStatus:(MSG4 PWAT-STATE1)
00:00:03.351	Main:Token:MSG4 SED-PARM1
00:00:03.351	WriteStatus:(MSG4 SED-PARM1)
00:00:03.351	Main:Token:MSG4 SED-PARM2
00:00:03.351	WriteStatus:(MSG4 SED-PARM2)
00:00:03.351	Main:Token:MSG4 SED-PARM3
00:00:03.355	WriteStatus:(MSG4 SED-PARM3)
00:00:03.355	Main:Token:MSG4 MON-COVER
00:00:03.355	WriteStatus:(MSG4 MON-COVER)
00:00:03.355	Main:Token:MSG4 SED-STOR
00:00:03.355	WriteStatus:(MSG4 SED-STOR)
00:00:03.355	Main:Token:MSG3    103
00:00:03.355	WriteStatus:(MSG3    103)
00:00:03.355	Main:Token:MSG4 ACTIVITY
00:00:03.355	WriteStatus:(MSG4 ACTIVITY)
00:00:03.355	Main:Token:MSG4 PRINT-INFO
00:00:03.355	WriteStatus:(MSG4 PRINT-INFO)
00:00:03.355	Main:Token:MSG4 BINARY-INFO
00:00:03.355	WriteStatus:(MSG4 BINARY-INFO)
00:00:03.355	Main:Token:MSG4 GEN-INFO
00:00:03.355	WriteStatus:(MSG4 GEN-INFO)
00:00:03.355	Main:Token:MSG4 PWAT-PARM1
00:00:03.355	WriteStatus:(MSG4 PWAT-PARM1)
00:00:03.355	Main:Token:MSG4 PWAT-PARM2
00:00:03.355	WriteStatus:(MSG4 PWAT-PARM2)
00:00:03.355	Main:Token:MSG4 PWAT-PARM3
00:00:03.355	WriteStatus:(MSG4 PWAT-PARM3)
00:00:03.355	Main:Token:MSG4 PWAT-PARM4
00:00:03.355	WriteStatus:(MSG4 PWAT-PARM4)
00:00:03.355	Main:Token:MSG4 PWAT-PARM5
00:00:03.355	WriteStatus:(MSG4 PWAT-PARM5)
00:00:03.359	Main:Token:MSG4 MON-INTERCEP
00:00:03.359	WriteStatus:(MSG4 MON-INTERCEP)
00:00:03.359	Main:Token:MSG4 MON-LZETPARM
00:00:03.359	WriteStatus:(MSG4 MON-LZETPARM)
00:00:03.359	Main:Token:MSG4 PWAT-STATE1
00:00:03.359	WriteStatus:(MSG4 PWAT-STATE1)
00:00:03.359	Main:Token:MSG4 SED-PARM1
00:00:03.359	WriteStatus:(MSG4 SED-PARM1)
00:00:03.359	Main:Token:MSG4 SED-PARM2
00:00:03.359	WriteStatus:(MSG4 SED-PARM2)
00:00:03.359	Main:Token:MSG4 SED-PARM3
00:00:03.359	WriteStatus:(MSG4 SED-PARM3)
00:00:03.359	Main:Token:MSG4 MON-COVER
00:00:03.359	WriteStatus:(MSG4 MON-COVER)
00:00:03.359	Main:Token:MSG4 SED-STOR
00:00:03.359	WriteStatus:(MSG4 SED-STOR)
00:00:03.359	Main:Token:MSG3    104
00:00:03.359	WriteStatus:(MSG3    104)
00:00:03.359	Main:Token:MSG4 ACTIVITY
00:00:03.359	WriteStatus:(MSG4 ACTIVITY)
00:00:03.359	Main:Token:MSG4 PRINT-INFO
00:00:03.359	WriteStatus:(MSG4 PRINT-INFO)
00:00:03.359	Main:Token:MSG4 BINARY-INFO
00:00:03.359	WriteStatus:(MSG4 BINARY-INFO)
00:00:03.359	Main:Token:MSG4 GEN-INFO
00:00:03.359	WriteStatus:(MSG4 GEN-INFO)
00:00:03.359	Main:Token:MSG4 PWAT-PARM1
00:00:03.359	WriteStatus:(MSG4 PWAT-PARM1)
00:00:03.363	Main:Token:MSG4 PWAT-PARM2
00:00:03.363	WriteStatus:(MSG4 PWAT-PARM2)
00:00:03.363	Main:Token:MSG4 PWAT-PARM3
00:00:03.363	WriteStatus:(MSG4 PWAT-PARM3)
00:00:03.363	Main:Token:MSG4 PWAT-PARM4
00:00:03.363	WriteStatus:(MSG4 PWAT-PARM4)
00:00:03.363	Main:Token:MSG4 PWAT-PARM5
00:00:03.363	WriteStatus:(MSG4 PWAT-PARM5)
00:00:03.363	Main:Token:MSG4 MON-INTERCEP
00:00:03.363	WriteStatus:(MSG4 MON-INTERCEP)
00:00:03.363	Main:Token:MSG4 MON-LZETPARM
00:00:03.363	WriteStatus:(MSG4 MON-LZETPARM)
00:00:03.363	Main:Token:MSG4 PWAT-STATE1
00:00:03.363	WriteStatus:(MSG4 PWAT-STATE1)
00:00:03.363	Main:Token:MSG4 SED-PARM1
00:00:03.363	WriteStatus:(MSG4 SED-PARM1)
00:00:03.363	Main:Token:MSG4 SED-PARM2
00:00:03.363	WriteStatus:(MSG4 SED-PARM2)
00:00:03.363	Main:Token:MSG4 SED-PARM3
00:00:03.363	WriteStatus:(MSG4 SED-PARM3)
00:00:03.363	Main:Token:MSG4 MON-COVER
00:00:03.363	WriteStatus:(MSG4 MON-COVER)
00:00:03.363	Main:Token:MSG4 SED-STOR
00:00:03.363	WriteStatus:(MSG4 SED-STOR)
00:00:03.363	Main:Token:MSG3    105
00:00:03.363	WriteStatus:(MSG3    105)
00:00:03.363	Main:Token:MSG4 ACTIVITY
00:00:03.363	WriteStatus:(MSG4 ACTIVITY)
00:00:03.363	Main:Token:MSG4 PRINT-INFO
00:00:03.367	WriteStatus:(MSG4 PRINT-INFO)
00:00:03.367	Main:Token:MSG4 BINARY-INFO
00:00:03.367	WriteStatus:(MSG4 BINARY-INFO)
00:00:03.367	Main:Token:MSG4 GEN-INFO
00:00:03.367	WriteStatus:(MSG4 GEN-INFO)
00:00:03.367	Main:Token:MSG4 PWAT-PARM1
00:00:03.367	WriteStatus:(MSG4 PWAT-PARM1)
00:00:03.367	Main:Token:MSG4 PWAT-PARM2
00:00:03.367	WriteStatus:(MSG4 PWAT-PARM2)
00:00:03.367	Main:Token:MSG4 PWAT-PARM3
00:00:03.367	WriteStatus:(MSG4 PWAT-PARM3)
00:00:03.367	Main:Token:MSG4 PWAT-PARM4
00:00:03.367	WriteStatus:(MSG4 PWAT-PARM4)
00:00:03.367	Main:Token:MSG4 PWAT-PARM5
00:00:03.367	WriteStatus:(MSG4 PWAT-PARM5)
00:00:03.367	Main:Token:MSG4 MON-INTERCEP
00:00:03.367	WriteStatus:(MSG4 MON-INTERCEP)
00:00:03.367	Main:Token:MSG4 MON-LZETPARM
00:00:03.367	WriteStatus:(MSG4 MON-LZETPARM)
00:00:03.367	Main:Token:MSG4 PWAT-STATE1
00:00:03.367	WriteStatus:(MSG4 PWAT-STATE1)
00:00:03.367	Main:Token:MSG4 SED-PARM1
00:00:03.367	WriteStatus:(MSG4 SED-PARM1)
00:00:03.367	Main:Token:MSG4 SED-PARM2
00:00:03.367	WriteStatus:(MSG4 SED-PARM2)
00:00:03.367	Main:Token:MSG4 SED-PARM3
00:00:03.367	WriteStatus:(MSG4 SED-PARM3)
00:00:03.367	Main:Token:MSG4 MON-COVER
00:00:03.367	WriteStatus:(MSG4 MON-COVER)
00:00:03.367	Main:Token:MSG4 SED-STOR
00:00:03.371	WriteStatus:(MSG4 SED-STOR)
00:00:03.371	Main:Token:MSG3 
00:00:03.371	WriteStatus:(MSG3 )
00:00:03.371	Main:Token:MSG4 
00:00:03.371	WriteStatus:(MSG4 )
00:00:03.371	Main:Token:MSG2 IMPLND
00:00:03.371	WriteStatus:(MSG2 IMPLND)
00:00:03.371	Main:Token:MSG3    101
00:00:03.371	WriteStatus:(MSG3    101)
00:00:03.371	Main:Token:MSG4 ACTIVITY
00:00:03.371	WriteStatus:(MSG4 ACTIVITY)
00:00:03.371	Main:Token:MSG4 PRINT-INFO
00:00:03.371	WriteStatus:(MSG4 PRINT-INFO)
00:00:03.371	Main:Token:MSG4 BINARY-INFO
00:00:03.371	WriteStatus:(MSG4 BINARY-INFO)
00:00:03.371	Main:Token:MSG4 GEN-INFO
00:00:03.371	WriteStatus:(MSG4 GEN-INFO)
00:00:03.371	Main:Token:MSG4 IWAT-PARM1
00:00:03.371	WriteStatus:(MSG4 IWAT-PARM1)
00:00:03.371	Main:Token:MSG4 IWAT-PARM2
00:00:03.371	WriteStatus:(MSG4 IWAT-PARM2)
00:00:03.371	Main:Token:MSG4 IWAT-PARM3
00:00:03.371	WriteStatus:(MSG4 IWAT-PARM3)
00:00:03.375	Main:Token:MSG4 IWAT-STATE1
00:00:03.375	WriteStatus:(MSG4 IWAT-STATE1)
00:00:03.375	Main:Token:MSG4 SLD-PARM1
00:00:03.375	WriteStatus:(MSG4 SLD-PARM1)
00:00:03.375	Main:Token:MSG4 SLD-PARM2
00:00:03.375	WriteStatus:(MSG4 SLD-PARM2)
00:00:03.375	Main:Token:MSG4 SLD-STOR
00:00:03.375	WriteStatus:(MSG4 SLD-STOR)
00:00:03.375	Main:Token:MSG3 
00:00:03.375	WriteStatus:(MSG3 )
00:00:03.375	Main:Token:MSG4 
00:00:03.375	WriteStatus:(MSG4 )
00:00:03.375	Main:Token:MSG2 RCHRES
00:00:03.375	WriteStatus:(MSG2 RCHRES)
00:00:03.375	Main:Token:MSG3      3
00:00:03.375	WriteStatus:(MSG3      3)
00:00:03.375	Main:Token:MSG4 ACTIVITY
00:00:03.375	WriteStatus:(MSG4 ACTIVITY)
00:00:03.375	Main:Token:MSG4 PRINT-INFO
00:00:03.375	WriteStatus:(MSG4 PRINT-INFO)
00:00:03.375	Main:Token:MSG4 BINARY-INFO
00:00:03.375	WriteStatus:(MSG4 BINARY-INFO)
00:00:03.375	Main:Token:MSG4 GEN-INFO
00:00:03.375	WriteStatus:(MSG4 GEN-INFO)
00:00:03.375	Main:Token:MSG4 HYDR-PARM1
00:00:03.375	WriteStatus:(MSG4 HYDR-PARM1)
00:00:03.379	Main:Token:MSG4 HYDR-PARM2
00:00:03.379	WriteStatus:(MSG4 HYDR-PARM2)
00:00:03.379	Main:Token:MSG4 HYDR-IRRIG
00:00:03.379	WriteStatus:(MSG4 HYDR-IRRIG)
00:00:03.379	Main:Token:MSG4 HYDR-INIT
00:00:03.379	WriteStatus:(MSG4 HYDR-INIT)
00:00:03.379	Main:Token:MSG4 ADCALC-DATA
00:00:03.379	WriteStatus:(MSG4 ADCALC-DATA)
00:00:03.379	Main:Token:MSG4 SANDFG
00:00:03.379	WriteStatus:(MSG4 SANDFG)
00:00:03.379	Main:Token:MSG4 SED-GENPARM
00:00:03.379	WriteStatus:(MSG4 SED-GENPARM)
00:00:03.379	Main:Token:MSG4 SAND-PM
00:00:03.379	WriteStatus:(MSG4 SAND-PM)
00:00:03.379	Main:Token:MSG4 SILT-CLAY-PM
00:00:03.379	WriteStatus:(MSG4 SILT-CLAY-PM)
00:00:03.379	Main:Token:MSG4 SILT-CLAY-PM
00:00:03.379	WriteStatus:(MSG4 SILT-CLAY-PM)
00:00:03.379	Main:Token:MSG4 SSED-INIT
00:00:03.379	WriteStatus:(MSG4 SSED-INIT)
00:00:03.383	Main:Token:MSG4 BED-INIT
00:00:03.383	WriteStatus:(MSG4 BED-INIT)
00:00:03.383	Main:Token:MSG3 
00:00:03.383	WriteStatus:(MSG3 )
00:00:03.383	Main:Token:MSG4 
00:00:03.383	WriteStatus:(MSG4 )
00:00:03.383	Main:Token:MSG3 
00:00:03.383	WriteStatus:(MSG3 )
00:00:03.383	Main:Token:MSG3 
00:00:03.383	WriteStatus:(MSG3 )
00:00:03.383	Main:Token:MSG4 
00:00:03.383	WriteStatus:(MSG4 )
00:00:03.383	Main:Token:MSG2 EXT SOURCES
00:00:03.383	WriteStatus:(MSG2 EXT SOURCES)
00:00:03.383	Main:Token:MSG2 SCHEMATIC
00:00:03.383	WriteStatus:(MSG2 SCHEMATIC)
00:00:03.383	Main:Token:MSG2 EXT TARGETS
00:00:03.383	WriteStatus:(MSG2 EXT TARGETS)
00:00:03.383	Main:Token:MSG1  Operations supervisor calling operating modules.
00:00:03.383	WriteStatus:(MSG1  Operations supervisor calling operating modules.)
00:00:03.595	Main:Token:MSG1 Executing
00:00:03.595	WriteStatus:(MSG1 Executing)
00:00:03.595	Main:Token:MSG2   Now
00:00:03.595	WriteStatus:(MSG2   Now)
00:00:03.595	Main:Token:MSG4 Complete
00:00:03.595	WriteStatus:(MSG4 Complete)
00:00:03.699	Main:Token:PROGRESS  2
00:00:03.699	WriteStatus:(PROGRESS  2)
00:00:03.699	Main:Token:MSG3 2%
00:00:03.699	WriteStatus:(MSG3 2%)
00:00:03.699	Main:Token:PROGRESS  4
00:00:03.699	WriteStatus:(PROGRESS  4)
00:00:03.699	Main:Token:MSG3 4%
00:00:03.699	WriteStatus:(MSG3 4%)
00:00:03.699	Main:Token:PROGRESS  7
00:00:03.699	WriteStatus:(PROGRESS  7)
00:00:03.699	Main:Token:MSG3 7%
00:00:03.699	WriteStatus:(MSG3 7%)
00:00:03.803	Main:Token:PROGRESS  9
00:00:03.803	WriteStatus:(PROGRESS  9)
00:00:03.803	Main:Token:MSG3 9%
00:00:03.803	WriteStatus:(MSG3 9%)
00:00:03.907	Main:Token:PROGRESS 11
00:00:03.907	WriteStatus:(PROGRESS 11)
00:00:03.907	Main:Token:MSG3 11%
00:00:03.907	WriteStatus:(MSG3 11%)
00:00:03.907	Main:Token:PROGRESS 14
00:00:03.907	WriteStatus:(PROGRESS 14)
00:00:03.907	Main:Token:MSG3 14%
00:00:03.907	WriteStatus:(MSG3 14%)
00:00:04.010	Main:Token:PROGRESS 16
00:00:04.010	WriteStatus:(PROGRESS 16)
00:00:04.010	Main:Token:MSG3 16%
00:00:04.010	WriteStatus:(MSG3 16%)
00:00:04.115	Main:Token:PROGRESS 19
00:00:04.115	WriteStatus:(PROGRESS 19)
00:00:04.115	Main:Token:MSG3 19%
00:00:04.115	WriteStatus:(MSG3 19%)
00:00:04.219	Main:Token:PROGRESS 21
00:00:04.219	WriteStatus:(PROGRESS 21)
00:00:04.219	Main:Token:MSG3 21%
00:00:04.219	WriteStatus:(MSG3 21%)
00:00:04.219	Main:Token:PROGRESS 23
00:00:04.219	WriteStatus:(PROGRESS 23)
00:00:04.219	Main:Token:MSG3 23%
00:00:04.219	WriteStatus:(MSG3 23%)
00:00:04.323	Main:Token:PROGRESS 26
00:00:04.323	WriteStatus:(PROGRESS 26)
00:00:04.323	Main:Token:MSG3 26%
00:00:04.323	WriteStatus:(MSG3 26%)
00:00:04.323	Main:Token:PROGRESS 28
00:00:04.323	WriteStatus:(PROGRESS 28)
00:00:04.323	Main:Token:MSG3 28%
00:00:04.323	WriteStatus:(MSG3 28%)
00:00:04.323	Main:Token:PROGRESS 30
00:00:04.323	WriteStatus:(PROGRESS 30)
00:00:04.323	Main:Token:MSG3 30%
00:00:04.323	WriteStatus:(MSG3 30%)
00:00:04.427	Main:Token:PROGRESS 33
00:00:04.427	WriteStatus:(PROGRESS 33)
00:00:04.427	Main:Token:MSG3 33%
00:00:04.427	WriteStatus:(MSG3 33%)
00:00:04.427	Main:Token:PROGRESS 35
00:00:04.427	WriteStatus:(PROGRESS 35)
00:00:04.427	Main:Token:MSG3 35%
00:00:04.427	WriteStatus:(MSG3 35%)
00:00:04.531	Main:Token:PROGRESS 38
00:00:04.531	WriteStatus:(PROGRESS 38)
00:00:04.531	Main:Token:MSG3 38%
00:00:04.531	WriteStatus:(MSG3 38%)
00:00:04.531	Main:Token:PROGRESS 40
00:00:04.531	WriteStatus:(PROGRESS 40)
00:00:04.531	Main:Token:MSG3 40%
00:00:04.531	WriteStatus:(MSG3 40%)
00:00:04.635	Main:Token:PROGRESS 42
00:00:04.635	WriteStatus:(PROGRESS 42)
00:00:04.635	Main:Token:MSG3 42%
00:00:04.635	WriteStatus:(MSG3 42%)
00:00:04.635	Main:Token:PROGRESS 45
00:00:04.635	WriteStatus:(PROGRESS 45)
00:00:04.635	Main:Token:MSG3 45%
00:00:04.635	WriteStatus:(MSG3 45%)
00:00:04.739	Main:Token:PROGRESS 47
00:00:04.739	WriteStatus:(PROGRESS 47)
00:00:04.739	Main:Token:MSG3 47%
00:00:04.739	WriteStatus:(MSG3 47%)
00:00:04.739	Main:Token:PROGRESS 50
00:00:04.739	WriteStatus:(PROGRESS 50)
00:00:04.739	Main:Token:MSG3 50%
00:00:04.739	WriteStatus:(MSG3 50%)
00:00:04.843	Main:Token:PROGRESS 52
00:00:04.843	WriteStatus:(PROGRESS 52)
00:00:04.843	Main:Token:MSG3 52%
00:00:04.843	WriteStatus:(MSG3 52%)
00:00:04.843	Main:Token:PROGRESS 54
00:00:04.843	WriteStatus:(PROGRESS 54)
00:00:04.843	Main:Token:MSG3 54%
00:00:04.843	WriteStatus:(MSG3 54%)
00:00:04.947	Main:Token:PROGRESS 57
00:00:04.947	WriteStatus:(PROGRESS 57)
00:00:04.947	Main:Token:MSG3 57%
00:00:04.947	WriteStatus:(MSG3 57%)
00:00:04.947	Main:Token:PROGRESS 59
00:00:04.947	WriteStatus:(PROGRESS 59)
00:00:04.947	Main:Token:MSG3 59%
00:00:04.947	WriteStatus:(MSG3 59%)
00:00:04.947	Main:Token:PROGRESS 61
00:00:04.947	WriteStatus:(PROGRESS 61)
00:00:04.947	Main:Token:MSG3 61%
00:00:04.947	WriteStatus:(MSG3 61%)
00:00:04.947	Main:Token:PROGRESS 64
00:00:04.947	WriteStatus:(PROGRESS 64)
00:00:04.947	Main:Token:MSG3 64%
00:00:04.947	WriteStatus:(MSG3 64%)
00:00:05.051	Main:Token:PROGRESS 66
00:00:05.051	WriteStatus:(PROGRESS 66)
00:00:05.051	Main:Token:MSG3 66%
00:00:05.051	WriteStatus:(MSG3 66%)
00:00:05.051	Main:Token:PROGRESS 69
00:00:05.051	WriteStatus:(PROGRESS 69)
00:00:05.051	Main:Token:MSG3 69%
00:00:05.051	WriteStatus:(MSG3 69%)
00:00:05.155	Main:Token:PROGRESS 71
00:00:05.155	WriteStatus:(PROGRESS 71)
00:00:05.155	Main:Token:MSG3 71%
00:00:05.155	WriteStatus:(MSG3 71%)
00:00:05.155	Main:Token:PROGRESS 73
00:00:05.155	WriteStatus:(PROGRESS 73)
00:00:05.155	Main:Token:MSG3 73%
00:00:05.155	WriteStatus:(MSG3 73%)
00:00:05.259	Main:Token:PROGRESS 76
00:00:05.259	WriteStatus:(PROGRESS 76)
00:00:05.259	Main:Token:MSG3 76%
00:00:05.259	WriteStatus:(MSG3 76%)
00:00:05.259	Main:Token:PROGRESS 78
00:00:05.259	WriteStatus:(PROGRESS 78)
00:00:05.259	Main:Token:MSG3 78%
00:00:05.259	WriteStatus:(MSG3 78%)
00:00:05.259	Main:Token:PROGRESS 80
00:00:05.259	WriteStatus:(PROGRESS 80)
00:00:05.259	Main:Token:MSG3 80%
00:00:05.259	WriteStatus:(MSG3 80%)
00:00:05.363	Main:Token:PROGRESS 83
00:00:05.363	WriteStatus:(PROGRESS 83)
00:00:05.363	Main:Token:MSG3 83%
00:00:05.363	WriteStatus:(MSG3 83%)
00:00:05.363	Main:Token:PROGRESS 85
00:00:05.363	WriteStatus:(PROGRESS 85)
00:00:05.363	Main:Token:MSG3 85%
00:00:05.363	WriteStatus:(MSG3 85%)
00:00:05.363	Main:Token:PROGRESS 88
00:00:05.363	WriteStatus:(PROGRESS 88)
00:00:05.363	Main:Token:MSG3 88%
00:00:05.363	WriteStatus:(MSG3 88%)
00:00:05.363	Main:Token:PROGRESS 90
00:00:05.363	WriteStatus:(PROGRESS 90)
00:00:05.363	Main:Token:MSG3 90%
00:00:05.363	WriteStatus:(MSG3 90%)
00:00:05.363	Main:Token:PROGRESS 92
00:00:05.363	WriteStatus:(PROGRESS 92)
00:00:05.363	Main:Token:MSG3 92%
00:00:05.363	WriteStatus:(MSG3 92%)
00:00:05.363	Main:Token:PROGRESS 95
00:00:05.363	WriteStatus:(PROGRESS 95)
00:00:05.363	Main:Token:MSG3 95%
00:00:05.363	WriteStatus:(MSG3 95%)
00:00:05.363	Main:Token:PROGRESS 97
00:00:05.363	WriteStatus:(PROGRESS 97)
00:00:05.363	Main:Token:MSG3 97%
00:00:05.363	WriteStatus:(MSG3 97%)
00:00:05.779	ProcessInput:Simulate complete 0
00:00:05.783	ProcessInput:InputProcessed
00:00:05.783	Main:Token:MSG10 HSPF Done
00:00:05.783	WriteStatus:(MSG10 HSPF Done)
00:00:05.783	Main:Token:MSG99 HSPF D
00:00:05.783	WriteStatus:(MSG99 HSPF D)
00:00:05.783	Main:Token:MSG7 File Status at before WDM closing in M_SIMSCN
00:00:05.783	WriteStatus:(MSG7 File Status at before WDM closing in M_SIMSCN)
00:00:05.783	Main:Token:MSG7   unit  25 file EBAYC6.wdm is open, access:DIRECT form:UNFORMATTED r/w:YES recl: 2048
00:00:05.783	WriteStatus:(MSG7   unit  25 file EBAYC6.wdm is open, access:DIRECT form:UNFORMATTED r/w:YES recl: 2048)
00:00:05.783	Main:Token:MSG7   unit  26 file ..\METdata.wdm is open, access:DIRECT form:UNFORMATTED r/w:YES recl: 2048
00:00:05.783	WriteStatus:(MSG7   unit  26 file ..\METdata.wdm is open, access:DIRECT form:UNFORMATTED r/w:YES recl: 2048)
00:00:05.783	Main:Token:MSG7   unit  99 file ERROR.FIL is open, access:SEQUENTIAL form:FORMATTED r/w:YES recl:   80
00:00:05.783	WriteStatus:(MSG7   unit  99 file ERROR.FIL is open, access:SEQUENTIAL form:FORMATTED r/w:YES recl:   80)
00:00:05.783	Main:Token:MSG7   unit 100 file c:\basins42\models\winhspf30\bin\hspfmsg.wdm is open, access:DIRECT form:UNFORMATTED r/w:NO recl: 2048
00:00:05.787	WriteStatus:(MSG7   unit 100 file c:\basins42\models\winhspf30\bin\hspfmsg.wdm is open, access:DIRECT form:UNFORMATTED r/w:NO recl: 2048)
00:00:05.787	Main:Token:MSG7 File Status at about to close           25
00:00:05.787	WriteStatus:(MSG7 File Status at about to close           25)
00:00:05.787	Main:Token:MSG7   unit  25 file EBAYC6.wdm is open, access:DIRECT form:UNFORMATTED r/w:YES recl: 2048
00:00:05.787	WriteStatus:(MSG7   unit  25 file EBAYC6.wdm is open, access:DIRECT form:UNFORMATTED r/w:YES recl: 2048)
00:00:05.787	Main:Token:MSG7   unit  26 file ..\METdata.wdm is open, access:DIRECT form:UNFORMATTED r/w:YES recl: 2048
00:00:05.787	WriteStatus:(MSG7   unit  26 file ..\METdata.wdm is open, access:DIRECT form:UNFORMATTED r/w:YES recl: 2048)
00:00:05.787	Main:Token:MSG7   unit  99 file ERROR.FIL is open, access:SEQUENTIAL form:FORMATTED r/w:YES recl:   80
00:00:05.787	WriteStatus:(MSG7   unit  99 file ERROR.FIL is open, access:SEQUENTIAL form:FORMATTED r/w:YES recl:   80)
00:00:05.787	Main:Token:MSG7   unit 100 file c:\basins42\models\winhspf30\bin\hspfmsg.wdm is open, access:DIRECT form:UNFORMATTED r/w:NO recl: 2048
00:00:05.787	WriteStatus:(MSG7   unit 100 file c:\basins42\models\winhspf30\bin\hspfmsg.wdm is open, access:DIRECT form:UNFORMATTED r/w:NO recl: 2048)
00:00:05.787	Main:Token:MSG7 File Status at after one WDM closing in M_SIMSCN
00:00:05.787	WriteStatus:(MSG7 File Status at after one WDM closing in M_SIMSCN)
00:00:05.787	Main:Token:MSG7   unit  26 file ..\METdata.wdm is open, access:DIRECT form:UNFORMATTED r/w:YES recl: 2048
00:00:05.787	WriteStatus:(MSG7   unit  26 file ..\METdata.wdm is open, access:DIRECT form:UNFORMATTED r/w:YES recl: 2048)
00:00:05.787	Main:Token:MSG7   unit  99 file ERROR.FIL is open, access:SEQUENTIAL form:FORMATTED r/w:YES recl:   80
00:00:05.791	WriteStatus:(MSG7   unit  99 file ERROR.FIL is open, access:SEQUENTIAL form:FORMATTED r/w:YES recl:   80)
00:00:05.791	Main:Token:MSG7   unit 100 file c:\basins42\models\winhspf30\bin\hspfmsg.wdm is open, access:DIRECT form:UNFORMATTED r/w:NO recl: 2048
00:00:05.791	WriteStatus:(MSG7   unit 100 file c:\basins42\models\winhspf30\bin\hspfmsg.wdm is open, access:DIRECT form:UNFORMATTED r/w:NO recl: 2048)
00:00:05.791	Main:Token:MSG7 File Status at about to close           26
00:00:05.791	WriteStatus:(MSG7 File Status at about to close           26)
00:00:05.791	Main:Token:MSG7   unit  26 file ..\METdata.wdm is open, access:DIRECT form:UNFORMATTED r/w:YES recl: 2048
00:00:05.791	WriteStatus:(MSG7   unit  26 file ..\METdata.wdm is open, access:DIRECT form:UNFORMATTED r/w:YES recl: 2048)
00:00:05.791	Main:Token:MSG7   unit  99 file ERROR.FIL is open, access:SEQUENTIAL form:FORMATTED r/w:YES recl:   80
00:00:05.791	WriteStatus:(MSG7   unit  99 file ERROR.FIL is open, access:SEQUENTIAL form:FORMATTED r/w:YES recl:   80)
00:00:05.791	Main:Token:MSG7   unit 100 file c:\basins42\models\winhspf30\bin\hspfmsg.wdm is open, access:DIRECT form:UNFORMATTED r/w:NO recl: 2048
00:00:05.791	WriteStatus:(MSG7   unit 100 file c:\basins42\models\winhspf30\bin\hspfmsg.wdm is open, access:DIRECT form:UNFORMATTED r/w:NO recl: 2048)
00:00:05.791	Main:Token:MSG7 File Status at after one WDM closing in M_SIMSCN
00:00:05.791	WriteStatus:(MSG7 File Status at after one WDM closing in M_SIMSCN)
00:00:05.791	Main:Token:MSG7   unit  99 file ERROR.FIL is open, access:SEQUENTIAL form:FORMATTED r/w:YES recl:   80
00:00:05.791	WriteStatus:(MSG7   unit  99 file ERROR.FIL is open, access:SEQUENTIAL form:FORMATTED r/w:YES recl:   80)
00:00:05.791	Main:Token:MSG7   unit 100 file c:\basins42\models\winhspf30\bin\hspfmsg.wdm is open, access:DIRECT form:UNFORMATTED r/w:NO recl: 2048
00:00:05.795	WriteStatus:(MSG7   unit 100 file c:\basins42\models\winhspf30\bin\hspfmsg.wdm is open, access:DIRECT form:UNFORMATTED r/w:NO recl: 2048)
00:00:05.795	Main:Token:MSG7 M_SIMSCN:back from HSPF with           0
00:00:05.795	WriteStatus:(MSG7 M_SIMSCN:back from HSPF with           0)
00:00:05.795	Main:Token:MSG7 File Status at at end of File Closing in M_SIMSCN
00:00:05.795	WriteStatus:(MSG7 File Status at at end of File Closing in M_SIMSCN)
00:00:05.795	Main:Token:MSG7   unit  99 file ERROR.FIL is open, access:SEQUENTIAL form:FORMATTED r/w:YES recl:   80
00:00:05.795	WriteStatus:(MSG7   unit  99 file ERROR.FIL is open, access:SEQUENTIAL form:FORMATTED r/w:YES recl:   80)
00:00:05.795	Main:Token:MSG7   unit 100 file c:\basins42\models\winhspf30\bin\hspfmsg.wdm is open, access:DIRECT form:UNFORMATTED r/w:NO recl: 2048
00:00:05.795	WriteStatus:(MSG7   unit 100 file c:\basins42\models\winhspf30\bin\hspfmsg.wdm is open, access:DIRECT form:UNFORMATTED r/w:NO recl: 2048)
00:00:07.782	InputCallback:Process 6 bytes
00:00:07.782	ProcessInput:EXIT
00:00:07.782	WriteStatus:(EXIT)
00:00:07.782	ProcessInput:InputProcessed
