00:00:00.015	Main:StartToFile 2017-04-08 04:08:41
00:00:00.046	Main:HSPF:entry: ("c:\basins42\models\winhspf30\bin\hspfenginenet.exe" 8428)
00:00:00.046	Main:ProcessDetails HspfEngineNet
00:00:00.062	Main: Parent WinHSPF
00:00:00.062	Main:CreatePipes 880 884
00:00:00.078	Main:Token:MSG7 In M_SPIPH    0  884
00:00:00.930	InputCallback:Process 9 bytes
00:00:00.930	ProcessInput:MONITOR
00:00:00.946	ProcessInput:HSPF:F90_WDBOPN:entry (c:\basins42\models\winhspf30\bin\hspfmsg.wdm, 44)
00:00:00.977	ProcessInput:HSPF:F90_WDBOPN:exit  (100)
00:00:00.993	FindFile:Finding file: statusMonitor.exe
00:00:01.024	FindFile:Found file: c:\basins42\models\winhspf30\bin\statusmonitor.exe
00:00:01.118	Status:MonitorLaunched
00:00:01.118	WriteStatus:(Progress Percent Off)
00:00:01.165	ProcessInput:InputProcessed
00:00:01.165	InputCallback:Process 30 bytes
00:00:01.165	ProcessInput:W99OPN
00:00:01.165	ProcessInput:DBG F90_W99OPN
00:00:01.165	ProcessInput:InputProcessed
00:00:01.165	ProcessInput:ACTIVATE USANLORZ -1
00:00:01.165	ProcessInput:DBG F90_ACTSCN(-1, 0, 100, 0, USANLORZ, 8
00:00:01.180	Main:Token:MSG7 File Status at begin activate
00:00:01.180	WriteStatus:(MSG7 File Status at begin activate)
00:00:01.180	Main:Token:MSG7   unit  99 file ERROR.FIL is open, access:SEQUENTIAL form:FORMATTED r/w:YES recl:   80
00:00:01.180	WriteStatus:(MSG7   unit  99 file ERROR.FIL is open, access:SEQUENTIAL form:FORMATTED r/w:YES recl:   80)
00:00:01.180	Main:Token:MSG7   unit 100 file c:\basins42\models\winhspf30\bin\hspfmsg.wdm is open, access:DIRECT form:UNFORMATTED r/w:NO recl: 2048
00:00:01.180	WriteStatus:(MSG7   unit 100 file c:\basins42\models\winhspf30\bin\hspfmsg.wdm is open, access:DIRECT form:UNFORMATTED r/w:NO recl: 2048)
00:00:01.180	Main:Token:MSG7 M_ACTSCN:entry:USANLORZ           0         100
00:00:01.180	WriteStatus:(MSG7 M_ACTSCN:entry:USANLORZ           0         100)
00:00:01.180	Main:Token:MSG7  M_ACTSCN:MSGFL:100 c:\basins42\models\winhspf30\bin\hspfmsg.wdm
00:00:01.180	WriteStatus:(MSG7  M_ACTSCN:MSGFL:100 c:\basins42\models\winhspf30\bin\hspfmsg.wdm)
00:00:01.180	Main:Token:MSG7  M_ACTSCN:UCIFL: 10 USANLORZ.UCI
00:00:01.180	WriteStatus:(MSG7  M_ACTSCN:UCIFL: 10 USANLORZ.UCI)
00:00:01.180	Main:Token:MSG7 M_ACTSCN:about to call FILSET
00:00:01.180	WriteStatus:(MSG7 M_ACTSCN:about to call FILSET)
00:00:01.399	ProcessInput:Activate complete 0

00:00:01.399	ProcessInput:InputProcessed
00:00:01.399	Main:Token:MSG7 M_ACTSCN:back from FILSET           0
00:00:01.399	WriteStatus:(MSG7 M_ACTSCN:back from FILSET           0)
00:00:01.399	Main:Token:MSG7  M_ACTSCN:WDMFL: 25 USANLORZ.wdm
00:00:01.399	WriteStatus:(MSG7  M_ACTSCN:WDMFL: 25 USANLORZ.wdm)
00:00:01.399	Main:Token:MSG7  M_ACTSCN:WDMFL: 26 ..\METdata.wdm
00:00:01.399	WriteStatus:(MSG7  M_ACTSCN:WDMFL: 26 ..\METdata.wdm)
00:00:01.399	Main:Token:MSG7  M_ACTSCN:ECHFL: 24 USANLORZ.ech
00:00:01.399	WriteStatus:(MSG7  M_ACTSCN:ECHFL: 24 USANLORZ.ech)
00:00:01.399	Main:Token:MSG7 M_ACTSCN:skip INTERP
00:00:01.399	WriteStatus:(MSG7 M_ACTSCN:skip INTERP)
00:00:01.399	Main:Token:MSG7 File Status at before File Closing in M_ACTSCN
00:00:01.399	WriteStatus:(MSG7 File Status at before File Closing in M_ACTSCN)
00:00:01.399	Main:Token:MSG7   unit  24 file USANLORZ.ech is open, access:SEQUENTIAL form:FORMATTED r/w:YES recl:   80
00:00:01.399	WriteStatus:(MSG7   unit  24 file USANLORZ.ech is open, access:SEQUENTIAL form:FORMATTED r/w:YES recl:   80)
00:00:01.399	Main:Token:MSG7   unit  25 file USANLORZ.wdm is open, access:DIRECT form:UNFORMATTED r/w:YES recl: 2048
00:00:01.399	WriteStatus:(MSG7   unit  25 file USANLORZ.wdm is open, access:DIRECT form:UNFORMATTED r/w:YES recl: 2048)
00:00:01.399	Main:Token:MSG7   unit  26 file ..\METdata.wdm is open, access:DIRECT form:UNFORMATTED r/w:YES recl: 2048
00:00:01.399	WriteStatus:(MSG7   unit  26 file ..\METdata.wdm is open, access:DIRECT form:UNFORMATTED r/w:YES recl: 2048)
00:00:01.399	Main:Token:MSG7   unit  91 file USANLORZ.out is open, access:SEQUENTIAL form:FORMATTED r/w:YES recl:   80
00:00:01.399	WriteStatus:(MSG7   unit  91 file USANLORZ.out is open, access:SEQUENTIAL form:FORMATTED r/w:YES recl:   80)
00:00:01.399	Main:Token:MSG7   unit  92 file USANLORZ.hbn is open, access:SEQUENTIAL form:UNFORMATTED r/w:YES recl:   80
00:00:01.399	WriteStatus:(MSG7   unit  92 file USANLORZ.hbn is open, access:SEQUENTIAL form:UNFORMATTED r/w:YES recl:   80)
00:00:01.399	Main:Token:MSG7   unit  99 file ERROR.FIL is open, access:SEQUENTIAL form:FORMATTED r/w:YES recl:   80
00:00:01.399	WriteStatus:(MSG7   unit  99 file ERROR.FIL is open, access:SEQUENTIAL form:FORMATTED r/w:YES recl:   80)
00:00:01.399	Main:Token:MSG7   unit 100 file c:\basins42\models\winhspf30\bin\hspfmsg.wdm is open, access:DIRECT form:UNFORMATTED r/w:NO recl: 2048
00:00:01.399	WriteStatus:(MSG7   unit 100 file c:\basins42\models\winhspf30\bin\hspfmsg.wdm is open, access:DIRECT form:UNFORMATTED r/w:NO recl: 2048)
00:00:01.399	Main:Token:MSG99 
00:00:01.399	WriteStatus:(MSG99 )
00:00:01.399	Main:Token:MSG7 File Status at before WDM closing in M_ACTSCN
00:00:01.399	WriteStatus:(MSG7 File Status at before WDM closing in M_ACTSCN)
00:00:01.399	Main:Token:MSG7   unit  25 file USANLORZ.wdm is open, access:DIRECT form:UNFORMATTED r/w:YES recl: 2048
00:00:01.399	WriteStatus:(MSG7   unit  25 file USANLORZ.wdm is open, access:DIRECT form:UNFORMATTED r/w:YES recl: 2048)
00:00:01.399	Main:Token:MSG7   unit  26 file ..\METdata.wdm is open, access:DIRECT form:UNFORMATTED r/w:YES recl: 2048
00:00:01.399	WriteStatus:(MSG7   unit  26 file ..\METdata.wdm is open, access:DIRECT form:UNFORMATTED r/w:YES recl: 2048)
00:00:01.399	Main:Token:MSG7   unit  99 file ERROR.FIL is open, access:SEQUENTIAL form:FORMATTED r/w:YES recl:   80
00:00:01.399	WriteStatus:(MSG7   unit  99 file ERROR.FIL is open, access:SEQUENTIAL form:FORMATTED r/w:YES recl:   80)
00:00:01.399	Main:Token:MSG7   unit 100 file c:\basins42\models\winhspf30\bin\hspfmsg.wdm is open, access:DIRECT form:UNFORMATTED r/w:NO recl: 2048
00:00:01.399	WriteStatus:(MSG7   unit 100 file c:\basins42\models\winhspf30\bin\hspfmsg.wdm is open, access:DIRECT form:UNFORMATTED r/w:NO recl: 2048)
00:00:01.399	Main:Token:MSG7 File Status at about to close           25
00:00:01.399	WriteStatus:(MSG7 File Status at about to close           25)
00:00:01.399	Main:Token:MSG7   unit  25 file USANLORZ.wdm is open, access:DIRECT form:UNFORMATTED r/w:YES recl: 2048
00:00:01.399	WriteStatus:(MSG7   unit  25 file USANLORZ.wdm is open, access:DIRECT form:UNFORMATTED r/w:YES recl: 2048)
00:00:01.399	Main:Token:MSG7   unit  26 file ..\METdata.wdm is open, access:DIRECT form:UNFORMATTED r/w:YES recl: 2048
00:00:01.399	WriteStatus:(MSG7   unit  26 file ..\METdata.wdm is open, access:DIRECT form:UNFORMATTED r/w:YES recl: 2048)
00:00:01.399	Main:Token:MSG7   unit  99 file ERROR.FIL is open, access:SEQUENTIAL form:FORMATTED r/w:YES recl:   80
00:00:01.399	WriteStatus:(MSG7   unit  99 file ERROR.FIL is open, access:SEQUENTIAL form:FORMATTED r/w:YES recl:   80)
00:00:01.399	Main:Token:MSG7   unit 100 file c:\basins42\models\winhspf30\bin\hspfmsg.wdm is open, access:DIRECT form:UNFORMATTED r/w:NO recl: 2048
00:00:01.399	WriteStatus:(MSG7   unit 100 file c:\basins42\models\winhspf30\bin\hspfmsg.wdm is open, access:DIRECT form:UNFORMATTED r/w:NO recl: 2048)
00:00:01.399	Main:Token:MSG7 File Status at after one WDM closing in M_ACTSCN
00:00:01.399	WriteStatus:(MSG7 File Status at after one WDM closing in M_ACTSCN)
00:00:01.399	Main:Token:MSG7   unit  26 file ..\METdata.wdm is open, access:DIRECT form:UNFORMATTED r/w:YES recl: 2048
00:00:01.399	WriteStatus:(MSG7   unit  26 file ..\METdata.wdm is open, access:DIRECT form:UNFORMATTED r/w:YES recl: 2048)
00:00:01.399	Main:Token:MSG7   unit  99 file ERROR.FIL is open, access:SEQUENTIAL form:FORMATTED r/w:YES recl:   80
00:00:01.399	WriteStatus:(MSG7   unit  99 file ERROR.FIL is open, access:SEQUENTIAL form:FORMATTED r/w:YES recl:   80)
00:00:01.399	Main:Token:MSG7   unit 100 file c:\basins42\models\winhspf30\bin\hspfmsg.wdm is open, access:DIRECT form:UNFORMATTED r/w:NO recl: 2048
00:00:01.399	WriteStatus:(MSG7   unit 100 file c:\basins42\models\winhspf30\bin\hspfmsg.wdm is open, access:DIRECT form:UNFORMATTED r/w:NO recl: 2048)
00:00:01.399	Main:Token:MSG7 File Status at about to close           26
00:00:01.399	WriteStatus:(MSG7 File Status at about to close           26)
00:00:01.399	Main:Token:MSG7   unit  26 file ..\METdata.wdm is open, access:DIRECT form:UNFORMATTED r/w:YES recl: 2048
00:00:01.399	WriteStatus:(MSG7   unit  26 file ..\METdata.wdm is open, access:DIRECT form:UNFORMATTED r/w:YES recl: 2048)
00:00:01.399	Main:Token:MSG7   unit  99 file ERROR.FIL is open, access:SEQUENTIAL form:FORMATTED r/w:YES recl:   80
00:00:01.399	WriteStatus:(MSG7   unit  99 file ERROR.FIL is open, access:SEQUENTIAL form:FORMATTED r/w:YES recl:   80)
00:00:01.399	Main:Token:MSG7   unit 100 file c:\basins42\models\winhspf30\bin\hspfmsg.wdm is open, access:DIRECT form:UNFORMATTED r/w:NO recl: 2048
00:00:01.399	WriteStatus:(MSG7   unit 100 file c:\basins42\models\winhspf30\bin\hspfmsg.wdm is open, access:DIRECT form:UNFORMATTED r/w:NO recl: 2048)
00:00:01.399	Main:Token:MSG7 File Status at after one WDM closing in M_ACTSCN
00:00:01.399	WriteStatus:(MSG7 File Status at after one WDM closing in M_ACTSCN)
00:00:01.399	Main:Token:MSG7   unit  99 file ERROR.FIL is open, access:SEQUENTIAL form:FORMATTED r/w:YES recl:   80
00:00:01.399	WriteStatus:(MSG7   unit  99 file ERROR.FIL is open, access:SEQUENTIAL form:FORMATTED r/w:YES recl:   80)
00:00:01.399	Main:Token:MSG7   unit 100 file c:\basins42\models\winhspf30\bin\hspfmsg.wdm is open, access:DIRECT form:UNFORMATTED r/w:NO recl: 2048
00:00:01.399	WriteStatus:(MSG7   unit 100 file c:\basins42\models\winhspf30\bin\hspfmsg.wdm is open, access:DIRECT form:UNFORMATTED r/w:NO recl: 2048)
00:00:01.399	Main:Token:MSG7 File Status at at end of File Closing in M_ACTSCN
00:00:01.399	WriteStatus:(MSG7 File Status at at end of File Closing in M_ACTSCN)
00:00:01.399	Main:Token:MSG7   unit  99 file ERROR.FIL is open, access:SEQUENTIAL form:FORMATTED r/w:YES recl:   80
00:00:01.399	WriteStatus:(MSG7   unit  99 file ERROR.FIL is open, access:SEQUENTIAL form:FORMATTED r/w:YES recl:   80)
00:00:01.399	Main:Token:MSG7   unit 100 file c:\basins42\models\winhspf30\bin\hspfmsg.wdm is open, access:DIRECT form:UNFORMATTED r/w:NO recl: 2048
00:00:01.399	WriteStatus:(MSG7   unit 100 file c:\basins42\models\winhspf30\bin\hspfmsg.wdm is open, access:DIRECT form:UNFORMATTED r/w:NO recl: 2048)
00:00:01.399	Main:Token:MSG7 M_ACTSCN:exit            0
00:00:01.399	WriteStatus:(MSG7 M_ACTSCN:exit            0)
00:00:01.399	Main:Token:MSG7 File Status at after activate, retcod:0 i:-1

00:00:01.399	WriteStatus:MSG7 File Status at after activate, retcod:0 i:-1

00:00:01.399	Main:Token:MSG7   unit  99 file ERROR.FIL is open, access:SEQUENTIAL form:FORMATTED r/w:YES recl:   80
00:00:01.399	WriteStatus:(MSG7   unit  99 file ERROR.FIL is open, access:SEQUENTIAL form:FORMATTED r/w:YES recl:   80)
00:00:01.399	Main:Token:MSG7   unit 100 file c:\basins42\models\winhspf30\bin\hspfmsg.wdm is open, access:DIRECT form:UNFORMATTED r/w:NO recl: 2048
00:00:01.399	WriteStatus:(MSG7   unit 100 file c:\basins42\models\winhspf30\bin\hspfmsg.wdm is open, access:DIRECT form:UNFORMATTED r/w:NO recl: 2048)
00:00:03.414	InputCallback:Process 10 bytes
00:00:03.414	ProcessInput:SIMULATE
00:00:03.414	ProcessInput:DBG F90_SIMSCN
00:00:03.492	Main:Token:MSG7 M_SIMSCN:entry:USANLORZ.ech
00:00:03.492	WriteStatus:(MSG7 M_SIMSCN:entry:USANLORZ.ech)
00:00:03.492	Main:Token:MSG7 File Status at before FILSET in M_SIMSCN
00:00:03.492	WriteStatus:(MSG7 File Status at before FILSET in M_SIMSCN)
00:00:03.492	Main:Token:MSG7   unit  99 file ERROR.FIL is open, access:SEQUENTIAL form:FORMATTED r/w:YES recl:   80
00:00:03.492	WriteStatus:(MSG7   unit  99 file ERROR.FIL is open, access:SEQUENTIAL form:FORMATTED r/w:YES recl:   80)
00:00:03.492	Main:Token:MSG7   unit 100 file c:\basins42\models\winhspf30\bin\hspfmsg.wdm is open, access:DIRECT form:UNFORMATTED r/w:NO recl: 2048
00:00:03.492	WriteStatus:(MSG7   unit 100 file c:\basins42\models\winhspf30\bin\hspfmsg.wdm is open, access:DIRECT form:UNFORMATTED r/w:NO recl: 2048)
00:00:03.492	Main:Token:MSG7 M_SIMSCN:about to call FILSET         100          10           0           0           0           0
00:00:03.492	WriteStatus:(MSG7 M_SIMSCN:about to call FILSET         100          10           0           0           0           0)
00:00:03.492	Main:Token:MSG7 File Status at at end of FilSet in M_SIMSCN
00:00:03.492	WriteStatus:(MSG7 File Status at at end of FilSet in M_SIMSCN)
00:00:03.492	Main:Token:MSG7   unit  24 file USANLORZ.ech is open, access:SEQUENTIAL form:FORMATTED r/w:YES recl:   80
00:00:03.492	WriteStatus:(MSG7   unit  24 file USANLORZ.ech is open, access:SEQUENTIAL form:FORMATTED r/w:YES recl:   80)
00:00:03.492	Main:Token:MSG7   unit  25 file USANLORZ.wdm is open, access:DIRECT form:UNFORMATTED r/w:YES recl: 2048
00:00:03.492	WriteStatus:(MSG7   unit  25 file USANLORZ.wdm is open, access:DIRECT form:UNFORMATTED r/w:YES recl: 2048)
00:00:03.492	Main:Token:MSG7   unit  26 file ..\METdata.wdm is open, access:DIRECT form:UNFORMATTED r/w:YES recl: 2048
00:00:03.492	WriteStatus:(MSG7   unit  26 file ..\METdata.wdm is open, access:DIRECT form:UNFORMATTED r/w:YES recl: 2048)
00:00:03.492	Main:Token:MSG7   unit  91 file USANLORZ.out is open, access:SEQUENTIAL form:FORMATTED r/w:YES recl:   80
00:00:03.492	WriteStatus:(MSG7   unit  91 file USANLORZ.out is open, access:SEQUENTIAL form:FORMATTED r/w:YES recl:   80)
00:00:03.492	Main:Token:MSG7   unit  92 file USANLORZ.hbn is open, access:SEQUENTIAL form:UNFORMATTED r/w:YES recl:   80
00:00:03.492	WriteStatus:(MSG7   unit  92 file USANLORZ.hbn is open, access:SEQUENTIAL form:UNFORMATTED r/w:YES recl:   80)
00:00:03.492	Main:Token:MSG7   unit  99 file ERROR.FIL is open, access:SEQUENTIAL form:FORMATTED r/w:YES recl:   80
00:00:03.492	WriteStatus:(MSG7   unit  99 file ERROR.FIL is open, access:SEQUENTIAL form:FORMATTED r/w:YES recl:   80)
00:00:03.492	Main:Token:MSG7   unit 100 file c:\basins42\models\winhspf30\bin\hspfmsg.wdm is open, access:DIRECT form:UNFORMATTED r/w:NO recl: 2048
00:00:03.492	WriteStatus:(MSG7   unit 100 file c:\basins42\models\winhspf30\bin\hspfmsg.wdm is open, access:DIRECT form:UNFORMATTED r/w:NO recl: 2048)
00:00:03.492	Main:Token:MSG7 M_SIMSCN:about to call HSPF          24           0           0           0           0           0           0           0           0           0          25          26           0           0         100
00:00:03.492	WriteStatus:(MSG7 M_SIMSCN:about to call HSPF          24           0           0           0           0           0           0           0           0           0          25          26           0           0         100)
00:00:03.492	Main:Token:MSG10 HSPF
00:00:03.492	WriteStatus:(MSG10 HSPF)
00:00:03.492	Main:Token:MSG1  Processing a RUN data set from user's input file.
00:00:03.492	WriteStatus:(MSG1  Processing a RUN data set from user's input file.)
00:00:03.492	Main:Token:MSG2 GLOBAL
00:00:03.492	WriteStatus:(MSG2 GLOBAL)
00:00:03.492	Main:Token:MSG2 OPN SEQUENCE
00:00:03.492	WriteStatus:(MSG2 OPN SEQUENCE)
00:00:03.492	Main:Token:MSG2 FTABLES
00:00:03.492	WriteStatus:(MSG2 FTABLES)
00:00:03.492	Main:Token:MSG2 MASS-LINK
00:00:03.508	WriteStatus:(MSG2 MASS-LINK)
00:00:03.508	Main:Token:MSG3 
00:00:03.508	WriteStatus:(MSG3 )
00:00:03.508	Main:Token:MSG4 
00:00:03.508	WriteStatus:(MSG4 )
00:00:03.508	Main:Token:MSG2 PERLND
00:00:03.508	WriteStatus:(MSG2 PERLND)
00:00:03.508	Main:Token:MSG3    101
00:00:03.508	WriteStatus:(MSG3    101)
00:00:03.508	Main:Token:MSG4 ACTIVITY
00:00:03.508	WriteStatus:(MSG4 ACTIVITY)
00:00:03.508	Main:Token:MSG4 PRINT-INFO
00:00:03.508	WriteStatus:(MSG4 PRINT-INFO)
00:00:03.508	Main:Token:MSG4 BINARY-INFO
00:00:03.508	WriteStatus:(MSG4 BINARY-INFO)
00:00:03.508	Main:Token:MSG4 GEN-INFO
00:00:03.508	WriteStatus:(MSG4 GEN-INFO)
00:00:03.508	Main:Token:MSG4 PWAT-PARM1
00:00:03.508	WriteStatus:(MSG4 PWAT-PARM1)
00:00:03.508	Main:Token:MSG4 PWAT-PARM2
00:00:03.508	WriteStatus:(MSG4 PWAT-PARM2)
00:00:03.508	Main:Token:MSG4 PWAT-PARM3
00:00:03.508	WriteStatus:(MSG4 PWAT-PARM3)
00:00:03.508	Main:Token:MSG4 PWAT-PARM4
00:00:03.508	WriteStatus:(MSG4 PWAT-PARM4)
00:00:03.508	Main:Token:MSG4 PWAT-PARM5
00:00:03.508	WriteStatus:(MSG4 PWAT-PARM5)
00:00:03.508	Main:Token:MSG4 MON-INTERCEP
00:00:03.508	WriteStatus:(MSG4 MON-INTERCEP)
00:00:03.508	Main:Token:MSG4 MON-LZETPARM
00:00:03.508	WriteStatus:(MSG4 MON-LZETPARM)
00:00:03.508	Main:Token:MSG4 PWAT-STATE1
00:00:03.508	WriteStatus:(MSG4 PWAT-STATE1)
00:00:03.508	Main:Token:MSG4 SED-PARM1
00:00:03.508	WriteStatus:(MSG4 SED-PARM1)
00:00:03.508	Main:Token:MSG4 SED-PARM2
00:00:03.508	WriteStatus:(MSG4 SED-PARM2)
00:00:03.508	Main:Token:MSG4 SED-PARM3
00:00:03.508	WriteStatus:(MSG4 SED-PARM3)
00:00:03.508	Main:Token:MSG4 MON-COVER
00:00:03.508	WriteStatus:(MSG4 MON-COVER)
00:00:03.508	Main:Token:MSG4 SED-STOR
00:00:03.508	WriteStatus:(MSG4 SED-STOR)
00:00:03.508	Main:Token:MSG3    102
00:00:03.508	WriteStatus:(MSG3    102)
00:00:03.508	Main:Token:MSG4 ACTIVITY
00:00:03.508	WriteStatus:(MSG4 ACTIVITY)
00:00:03.508	Main:Token:MSG4 PRINT-INFO
00:00:03.508	WriteStatus:(MSG4 PRINT-INFO)
00:00:03.508	Main:Token:MSG4 BINARY-INFO
00:00:03.508	WriteStatus:(MSG4 BINARY-INFO)
00:00:03.508	Main:Token:MSG4 GEN-INFO
00:00:03.508	WriteStatus:(MSG4 GEN-INFO)
00:00:03.508	Main:Token:MSG4 PWAT-PARM1
00:00:03.508	WriteStatus:(MSG4 PWAT-PARM1)
00:00:03.508	Main:Token:MSG4 PWAT-PARM2
00:00:03.508	WriteStatus:(MSG4 PWAT-PARM2)
00:00:03.508	Main:Token:MSG4 PWAT-PARM3
00:00:03.523	WriteStatus:(MSG4 PWAT-PARM3)
00:00:03.523	Main:Token:MSG4 PWAT-PARM4
00:00:03.523	WriteStatus:(MSG4 PWAT-PARM4)
00:00:03.523	Main:Token:MSG4 PWAT-PARM5
00:00:03.523	WriteStatus:(MSG4 PWAT-PARM5)
00:00:03.523	Main:Token:MSG4 MON-INTERCEP
00:00:03.523	WriteStatus:(MSG4 MON-INTERCEP)
00:00:03.523	Main:Token:MSG4 MON-LZETPARM
00:00:03.523	WriteStatus:(MSG4 MON-LZETPARM)
00:00:03.523	Main:Token:MSG4 PWAT-STATE1
00:00:03.523	WriteStatus:(MSG4 PWAT-STATE1)
00:00:03.523	Main:Token:MSG4 SED-PARM1
00:00:03.523	WriteStatus:(MSG4 SED-PARM1)
00:00:03.523	Main:Token:MSG4 SED-PARM2
00:00:03.523	WriteStatus:(MSG4 SED-PARM2)
00:00:03.523	Main:Token:MSG4 SED-PARM3
00:00:03.523	WriteStatus:(MSG4 SED-PARM3)
00:00:03.523	Main:Token:MSG4 MON-COVER
00:00:03.523	WriteStatus:(MSG4 MON-COVER)
00:00:03.523	Main:Token:MSG4 SED-STOR
00:00:03.523	WriteStatus:(MSG4 SED-STOR)
00:00:03.523	Main:Token:MSG3    103
00:00:03.523	WriteStatus:(MSG3    103)
00:00:03.523	Main:Token:MSG4 ACTIVITY
00:00:03.523	WriteStatus:(MSG4 ACTIVITY)
00:00:03.523	Main:Token:MSG4 PRINT-INFO
00:00:03.523	WriteStatus:(MSG4 PRINT-INFO)
00:00:03.523	Main:Token:MSG4 BINARY-INFO
00:00:03.523	WriteStatus:(MSG4 BINARY-INFO)
00:00:03.523	Main:Token:MSG4 GEN-INFO
00:00:03.523	WriteStatus:(MSG4 GEN-INFO)
00:00:03.523	Main:Token:MSG4 PWAT-PARM1
00:00:03.523	WriteStatus:(MSG4 PWAT-PARM1)
00:00:03.523	Main:Token:MSG4 PWAT-PARM2
00:00:03.523	WriteStatus:(MSG4 PWAT-PARM2)
00:00:03.523	Main:Token:MSG4 PWAT-PARM3
00:00:03.523	WriteStatus:(MSG4 PWAT-PARM3)
00:00:03.523	Main:Token:MSG4 PWAT-PARM4
00:00:03.523	WriteStatus:(MSG4 PWAT-PARM4)
00:00:03.523	Main:Token:MSG4 PWAT-PARM5
00:00:03.523	WriteStatus:(MSG4 PWAT-PARM5)
00:00:03.523	Main:Token:MSG4 MON-INTERCEP
00:00:03.523	WriteStatus:(MSG4 MON-INTERCEP)
00:00:03.523	Main:Token:MSG4 MON-LZETPARM
00:00:03.523	WriteStatus:(MSG4 MON-LZETPARM)
00:00:03.523	Main:Token:MSG4 PWAT-STATE1
00:00:03.523	WriteStatus:(MSG4 PWAT-STATE1)
00:00:03.523	Main:Token:MSG4 SED-PARM1
00:00:03.523	WriteStatus:(MSG4 SED-PARM1)
00:00:03.523	Main:Token:MSG4 SED-PARM2
00:00:03.523	WriteStatus:(MSG4 SED-PARM2)
00:00:03.523	Main:Token:MSG4 SED-PARM3
00:00:03.523	WriteStatus:(MSG4 SED-PARM3)
00:00:03.539	Main:Token:MSG4 MON-COVER
00:00:03.539	WriteStatus:(MSG4 MON-COVER)
00:00:03.539	Main:Token:MSG4 SED-STOR
00:00:03.539	WriteStatus:(MSG4 SED-STOR)
00:00:03.539	Main:Token:MSG3    104
00:00:03.539	WriteStatus:(MSG3    104)
00:00:03.539	Main:Token:MSG4 ACTIVITY
00:00:03.539	WriteStatus:(MSG4 ACTIVITY)
00:00:03.539	Main:Token:MSG4 PRINT-INFO
00:00:03.539	WriteStatus:(MSG4 PRINT-INFO)
00:00:03.539	Main:Token:MSG4 BINARY-INFO
00:00:03.539	WriteStatus:(MSG4 BINARY-INFO)
00:00:03.539	Main:Token:MSG4 GEN-INFO
00:00:03.539	WriteStatus:(MSG4 GEN-INFO)
00:00:03.539	Main:Token:MSG4 PWAT-PARM1
00:00:03.539	WriteStatus:(MSG4 PWAT-PARM1)
00:00:03.539	Main:Token:MSG4 PWAT-PARM2
00:00:03.539	WriteStatus:(MSG4 PWAT-PARM2)
00:00:03.539	Main:Token:MSG4 PWAT-PARM3
00:00:03.539	WriteStatus:(MSG4 PWAT-PARM3)
00:00:03.539	Main:Token:MSG4 PWAT-PARM4
00:00:03.539	WriteStatus:(MSG4 PWAT-PARM4)
00:00:03.539	Main:Token:MSG4 PWAT-PARM5
00:00:03.539	WriteStatus:(MSG4 PWAT-PARM5)
00:00:03.539	Main:Token:MSG4 MON-INTERCEP
00:00:03.539	WriteStatus:(MSG4 MON-INTERCEP)
00:00:03.539	Main:Token:MSG4 MON-LZETPARM
00:00:03.539	WriteStatus:(MSG4 MON-LZETPARM)
00:00:03.539	Main:Token:MSG4 PWAT-STATE1
00:00:03.539	WriteStatus:(MSG4 PWAT-STATE1)
00:00:03.539	Main:Token:MSG4 SED-PARM1
00:00:03.539	WriteStatus:(MSG4 SED-PARM1)
00:00:03.539	Main:Token:MSG4 SED-PARM2
00:00:03.539	WriteStatus:(MSG4 SED-PARM2)
00:00:03.539	Main:Token:MSG4 SED-PARM3
00:00:03.539	WriteStatus:(MSG4 SED-PARM3)
00:00:03.539	Main:Token:MSG4 MON-COVER
00:00:03.539	WriteStatus:(MSG4 MON-COVER)
00:00:03.539	Main:Token:MSG4 SED-STOR
00:00:03.539	WriteStatus:(MSG4 SED-STOR)
00:00:03.539	Main:Token:MSG3    105
00:00:03.539	WriteStatus:(MSG3    105)
00:00:03.539	Main:Token:MSG4 ACTIVITY
00:00:03.539	WriteStatus:(MSG4 ACTIVITY)
00:00:03.539	Main:Token:MSG4 PRINT-INFO
00:00:03.539	WriteStatus:(MSG4 PRINT-INFO)
00:00:03.539	Main:Token:MSG4 BINARY-INFO
00:00:03.539	WriteStatus:(MSG4 BINARY-INFO)
00:00:03.539	Main:Token:MSG4 GEN-INFO
00:00:03.539	WriteStatus:(MSG4 GEN-INFO)
00:00:03.539	Main:Token:MSG4 PWAT-PARM1
00:00:03.539	WriteStatus:(MSG4 PWAT-PARM1)
00:00:03.539	Main:Token:MSG4 PWAT-PARM2
00:00:03.539	WriteStatus:(MSG4 PWAT-PARM2)
00:00:03.539	Main:Token:MSG4 PWAT-PARM3
00:00:03.539	WriteStatus:(MSG4 PWAT-PARM3)
00:00:03.539	Main:Token:MSG4 PWAT-PARM4
00:00:03.539	WriteStatus:(MSG4 PWAT-PARM4)
00:00:03.555	Main:Token:MSG4 PWAT-PARM5
00:00:03.555	WriteStatus:(MSG4 PWAT-PARM5)
00:00:03.555	Main:Token:MSG4 MON-INTERCEP
00:00:03.555	WriteStatus:(MSG4 MON-INTERCEP)
00:00:03.555	Main:Token:MSG4 MON-LZETPARM
00:00:03.555	WriteStatus:(MSG4 MON-LZETPARM)
00:00:03.555	Main:Token:MSG4 PWAT-STATE1
00:00:03.555	WriteStatus:(MSG4 PWAT-STATE1)
00:00:03.555	Main:Token:MSG4 SED-PARM1
00:00:03.555	WriteStatus:(MSG4 SED-PARM1)
00:00:03.555	Main:Token:MSG4 SED-PARM2
00:00:03.555	WriteStatus:(MSG4 SED-PARM2)
00:00:03.555	Main:Token:MSG4 SED-PARM3
00:00:03.555	WriteStatus:(MSG4 SED-PARM3)
00:00:03.555	Main:Token:MSG4 MON-COVER
00:00:03.555	WriteStatus:(MSG4 MON-COVER)
00:00:03.555	Main:Token:MSG4 SED-STOR
00:00:03.555	WriteStatus:(MSG4 SED-STOR)
00:00:03.555	Main:Token:MSG3 
00:00:03.555	WriteStatus:(MSG3 )
00:00:03.555	Main:Token:MSG4 
00:00:03.555	WriteStatus:(MSG4 )
00:00:03.555	Main:Token:MSG2 IMPLND
00:00:03.555	WriteStatus:(MSG2 IMPLND)
00:00:03.555	Main:Token:MSG3    101
00:00:03.555	WriteStatus:(MSG3    101)
00:00:03.555	Main:Token:MSG4 ACTIVITY
00:00:03.555	WriteStatus:(MSG4 ACTIVITY)
00:00:03.555	Main:Token:MSG4 PRINT-INFO
00:00:03.555	WriteStatus:(MSG4 PRINT-INFO)
00:00:03.555	Main:Token:MSG4 BINARY-INFO
00:00:03.555	WriteStatus:(MSG4 BINARY-INFO)
00:00:03.555	Main:Token:MSG4 GEN-INFO
00:00:03.555	WriteStatus:(MSG4 GEN-INFO)
00:00:03.555	Main:Token:MSG4 IWAT-PARM1
00:00:03.555	WriteStatus:(MSG4 IWAT-PARM1)
00:00:03.555	Main:Token:MSG4 IWAT-PARM2
00:00:03.555	WriteStatus:(MSG4 IWAT-PARM2)
00:00:03.555	Main:Token:MSG4 IWAT-PARM3
00:00:03.555	WriteStatus:(MSG4 IWAT-PARM3)
00:00:03.555	Main:Token:MSG4 IWAT-STATE1
00:00:03.555	WriteStatus:(MSG4 IWAT-STATE1)
00:00:03.555	Main:Token:MSG4 SLD-PARM1
00:00:03.555	WriteStatus:(MSG4 SLD-PARM1)
00:00:03.555	Main:Token:MSG4 SLD-PARM2
00:00:03.555	WriteStatus:(MSG4 SLD-PARM2)
00:00:03.555	Main:Token:MSG4 SLD-STOR
00:00:03.555	WriteStatus:(MSG4 SLD-STOR)
00:00:03.555	Main:Token:MSG3 
00:00:03.555	WriteStatus:(MSG3 )
00:00:03.555	Main:Token:MSG4 
00:00:03.555	WriteStatus:(MSG4 )
00:00:03.555	Main:Token:MSG2 RCHRES
00:00:03.555	WriteStatus:(MSG2 RCHRES)
00:00:03.555	Main:Token:MSG3      1
00:00:03.555	WriteStatus:(MSG3      1)
00:00:03.555	Main:Token:MSG4 ACTIVITY
00:00:03.555	WriteStatus:(MSG4 ACTIVITY)
00:00:03.555	Main:Token:MSG4 PRINT-INFO
00:00:03.555	WriteStatus:(MSG4 PRINT-INFO)
00:00:03.555	Main:Token:MSG4 BINARY-INFO
00:00:03.555	WriteStatus:(MSG4 BINARY-INFO)
00:00:03.555	Main:Token:MSG4 GEN-INFO
00:00:03.555	WriteStatus:(MSG4 GEN-INFO)
00:00:03.555	Main:Token:MSG4 HYDR-PARM1
00:00:03.555	WriteStatus:(MSG4 HYDR-PARM1)
00:00:03.555	Main:Token:MSG4 HYDR-PARM2
00:00:03.555	WriteStatus:(MSG4 HYDR-PARM2)
00:00:03.555	Main:Token:MSG4 HYDR-IRRIG
00:00:03.555	WriteStatus:(MSG4 HYDR-IRRIG)
00:00:03.570	Main:Token:MSG4 HYDR-INIT
00:00:03.570	WriteStatus:(MSG4 HYDR-INIT)
00:00:03.570	Main:Token:MSG4 ADCALC-DATA
00:00:03.570	WriteStatus:(MSG4 ADCALC-DATA)
00:00:03.570	Main:Token:MSG4 SANDFG
00:00:03.570	WriteStatus:(MSG4 SANDFG)
00:00:03.570	Main:Token:MSG4 SED-GENPARM
00:00:03.570	WriteStatus:(MSG4 SED-GENPARM)
00:00:03.570	Main:Token:MSG4 SAND-PM
00:00:03.570	WriteStatus:(MSG4 SAND-PM)
00:00:03.570	Main:Token:MSG4 SILT-CLAY-PM
00:00:03.570	WriteStatus:(MSG4 SILT-CLAY-PM)
00:00:03.570	Main:Token:MSG4 SILT-CLAY-PM
00:00:03.570	WriteStatus:(MSG4 SILT-CLAY-PM)
00:00:03.570	Main:Token:MSG4 SSED-INIT
00:00:03.570	WriteStatus:(MSG4 SSED-INIT)
00:00:03.570	Main:Token:MSG4 BED-INIT
00:00:03.570	WriteStatus:(MSG4 BED-INIT)
00:00:03.570	Main:Token:MSG3      2
00:00:03.570	WriteStatus:(MSG3      2)
00:00:03.680	Main:Token:MSG4 ACTIVITY
00:00:03.680	WriteStatus:(MSG4 ACTIVITY)
00:00:03.680	Main:Token:MSG4 PRINT-INFO
00:00:03.680	WriteStatus:(MSG4 PRINT-INFO)
00:00:03.680	Main:Token:MSG4 BINARY-INFO
00:00:03.680	WriteStatus:(MSG4 BINARY-INFO)
00:00:03.680	Main:Token:MSG4 GEN-INFO
00:00:03.680	WriteStatus:(MSG4 GEN-INFO)
00:00:03.680	Main:Token:MSG4 HYDR-PARM1
00:00:03.680	WriteStatus:(MSG4 HYDR-PARM1)
00:00:03.680	Main:Token:MSG4 HYDR-PARM2
00:00:03.680	WriteStatus:(MSG4 HYDR-PARM2)
00:00:03.680	Main:Token:MSG4 HYDR-IRRIG
00:00:03.680	WriteStatus:(MSG4 HYDR-IRRIG)
00:00:03.680	Main:Token:MSG4 HYDR-INIT
00:00:03.680	WriteStatus:(MSG4 HYDR-INIT)
00:00:03.680	Main:Token:MSG4 ADCALC-DATA
00:00:03.680	WriteStatus:(MSG4 ADCALC-DATA)
00:00:03.680	Main:Token:MSG4 SANDFG
00:00:03.680	WriteStatus:(MSG4 SANDFG)
00:00:03.680	Main:Token:MSG4 SED-GENPARM
00:00:03.680	WriteStatus:(MSG4 SED-GENPARM)
00:00:03.680	Main:Token:MSG4 SAND-PM
00:00:03.680	WriteStatus:(MSG4 SAND-PM)
00:00:03.680	Main:Token:MSG4 SILT-CLAY-PM
00:00:03.680	WriteStatus:(MSG4 SILT-CLAY-PM)
00:00:03.680	Main:Token:MSG4 SILT-CLAY-PM
00:00:03.680	WriteStatus:(MSG4 SILT-CLAY-PM)
00:00:03.680	Main:Token:MSG4 SSED-INIT
00:00:03.680	WriteStatus:(MSG4 SSED-INIT)
00:00:03.680	Main:Token:MSG4 BED-INIT
00:00:03.680	WriteStatus:(MSG4 BED-INIT)
00:00:03.680	Main:Token:MSG3 
00:00:03.680	WriteStatus:(MSG3 )
00:00:03.680	Main:Token:MSG4 
00:00:03.680	WriteStatus:(MSG4 )
00:00:03.680	Main:Token:MSG3 
00:00:03.680	WriteStatus:(MSG3 )
00:00:03.680	Main:Token:MSG3 
00:00:03.680	WriteStatus:(MSG3 )
00:00:03.680	Main:Token:MSG4 
00:00:03.680	WriteStatus:(MSG4 )
00:00:03.680	Main:Token:MSG2 EXT SOURCES
00:00:03.680	WriteStatus:(MSG2 EXT SOURCES)
00:00:03.680	Main:Token:MSG2 SCHEMATIC
00:00:03.680	WriteStatus:(MSG2 SCHEMATIC)
00:00:03.680	Main:Token:MSG2 EXT TARGETS
00:00:03.680	WriteStatus:(MSG2 EXT TARGETS)
00:00:03.680	Main:Token:MSG1  Operations supervisor calling operating modules.
00:00:03.680	WriteStatus:(MSG1  Operations supervisor calling operating modules.)
00:00:03.901	Main:Token:MSG1 Executing
00:00:03.901	WriteStatus:(MSG1 Executing)
00:00:03.901	Main:Token:MSG2   Now
00:00:03.901	WriteStatus:(MSG2   Now)
00:00:03.901	Main:Token:MSG4 Complete
00:00:03.901	WriteStatus:(MSG4 Complete)
00:00:04.010	Main:Token:PROGRESS  2
00:00:04.010	WriteStatus:(PROGRESS  2)
00:00:04.010	Main:Token:MSG3 2%
00:00:04.010	WriteStatus:(MSG3 2%)
00:00:04.119	Main:Token:PROGRESS  4
00:00:04.119	WriteStatus:(PROGRESS  4)
00:00:04.119	Main:Token:MSG3 4%
00:00:04.119	WriteStatus:(MSG3 4%)
00:00:04.229	Main:Token:PROGRESS  6
00:00:04.229	WriteStatus:(PROGRESS  6)
00:00:04.229	Main:Token:MSG3 6%
00:00:04.229	WriteStatus:(MSG3 6%)
00:00:04.338	Main:Token:PROGRESS  8
00:00:04.338	WriteStatus:(PROGRESS  8)
00:00:04.338	Main:Token:MSG3 8%
00:00:04.338	WriteStatus:(MSG3 8%)
00:00:04.448	Main:Token:PROGRESS 10
00:00:04.448	WriteStatus:(PROGRESS 10)
00:00:04.448	Main:Token:MSG3 10%
00:00:04.448	WriteStatus:(MSG3 10%)
00:00:04.448	Main:Token:PROGRESS 12
00:00:04.448	WriteStatus:(PROGRESS 12)
00:00:04.448	Main:Token:MSG3 12%
00:00:04.448	WriteStatus:(MSG3 12%)
00:00:04.666	Main:Token:PROGRESS 14
00:00:04.666	WriteStatus:(PROGRESS 14)
00:00:04.666	Main:Token:MSG3 14%
00:00:04.666	WriteStatus:(MSG3 14%)
00:00:04.776	Main:Token:PROGRESS 16
00:00:04.776	WriteStatus:(PROGRESS 16)
00:00:04.776	Main:Token:MSG3 16%
00:00:04.776	WriteStatus:(MSG3 16%)
00:00:04.885	Main:Token:PROGRESS 18
00:00:04.885	WriteStatus:(PROGRESS 18)
00:00:04.885	Main:Token:MSG3 18%
00:00:04.885	WriteStatus:(MSG3 18%)
00:00:04.885	Main:Token:PROGRESS 20
00:00:04.885	WriteStatus:(PROGRESS 20)
00:00:04.885	Main:Token:MSG3 20%
00:00:04.885	WriteStatus:(MSG3 20%)
00:00:04.994	Main:Token:PROGRESS 22
00:00:04.994	WriteStatus:(PROGRESS 22)
00:00:04.994	Main:Token:MSG3 22%
00:00:04.994	WriteStatus:(MSG3 22%)
00:00:04.994	Main:Token:PROGRESS 25
00:00:04.994	WriteStatus:(PROGRESS 25)
00:00:04.994	Main:Token:MSG3 25%
00:00:04.994	WriteStatus:(MSG3 25%)
00:00:05.104	Main:Token:PROGRESS 27
00:00:05.104	WriteStatus:(PROGRESS 27)
00:00:05.104	Main:Token:MSG3 27%
00:00:05.104	WriteStatus:(MSG3 27%)
00:00:05.213	Main:Token:PROGRESS 29
00:00:05.213	WriteStatus:(PROGRESS 29)
00:00:05.213	Main:Token:MSG3 29%
00:00:05.213	WriteStatus:(MSG3 29%)
00:00:05.323	Main:Token:PROGRESS 31
00:00:05.323	WriteStatus:(PROGRESS 31)
00:00:05.323	Main:Token:MSG3 31%
00:00:05.323	WriteStatus:(MSG3 31%)
00:00:05.432	Main:Token:PROGRESS 33
00:00:05.432	WriteStatus:(PROGRESS 33)
00:00:05.432	Main:Token:MSG3 33%
00:00:05.432	WriteStatus:(MSG3 33%)
00:00:05.651	Main:Token:PROGRESS 35
00:00:05.651	WriteStatus:(PROGRESS 35)
00:00:05.651	Main:Token:MSG3 35%
00:00:05.651	WriteStatus:(MSG3 35%)
00:00:05.760	Main:Token:PROGRESS 37
00:00:05.760	WriteStatus:(PROGRESS 37)
00:00:05.760	Main:Token:MSG3 37%
00:00:05.760	WriteStatus:(MSG3 37%)
00:00:05.869	Main:Token:PROGRESS 39
00:00:05.869	WriteStatus:(PROGRESS 39)
00:00:05.869	Main:Token:MSG3 39%
00:00:05.869	WriteStatus:(MSG3 39%)
00:00:05.979	Main:Token:PROGRESS 41
00:00:05.979	WriteStatus:(PROGRESS 41)
00:00:05.979	Main:Token:MSG3 41%
00:00:05.979	WriteStatus:(MSG3 41%)
00:00:06.198	Main:Token:PROGRESS 43
00:00:06.198	WriteStatus:(PROGRESS 43)
00:00:06.198	Main:Token:MSG3 43%
00:00:06.198	WriteStatus:(MSG3 43%)
00:00:06.198	Main:Token:PROGRESS 45
00:00:06.198	WriteStatus:(PROGRESS 45)
00:00:06.198	Main:Token:MSG3 45%
00:00:06.198	WriteStatus:(MSG3 45%)
00:00:06.416	Main:Token:PROGRESS 47
00:00:06.416	WriteStatus:(PROGRESS 47)
00:00:06.416	Main:Token:MSG3 47%
00:00:06.416	WriteStatus:(MSG3 47%)
00:00:06.526	Main:Token:PROGRESS 50
00:00:06.526	WriteStatus:(PROGRESS 50)
00:00:06.526	Main:Token:MSG3 50%
00:00:06.526	WriteStatus:(MSG3 50%)
00:00:06.745	Main:Token:PROGRESS 52
00:00:06.745	WriteStatus:(PROGRESS 52)
00:00:06.745	Main:Token:MSG3 52%
00:00:06.745	WriteStatus:(MSG3 52%)
00:00:06.745	Main:Token:PROGRESS 54
00:00:06.745	WriteStatus:(PROGRESS 54)
00:00:06.745	Main:Token:MSG3 54%
00:00:06.745	WriteStatus:(MSG3 54%)
00:00:06.854	Main:Token:PROGRESS 56
00:00:06.854	WriteStatus:(PROGRESS 56)
00:00:06.854	Main:Token:MSG3 56%
00:00:06.854	WriteStatus:(MSG3 56%)
00:00:06.963	Main:Token:PROGRESS 58
00:00:06.963	WriteStatus:(PROGRESS 58)
00:00:06.963	Main:Token:MSG3 58%
00:00:06.963	WriteStatus:(MSG3 58%)
00:00:07.073	Main:Token:PROGRESS 60
00:00:07.073	WriteStatus:(PROGRESS 60)
00:00:07.073	Main:Token:MSG3 60%
00:00:07.073	WriteStatus:(MSG3 60%)
00:00:07.073	Main:Token:PROGRESS 62
00:00:07.073	WriteStatus:(PROGRESS 62)
00:00:07.073	Main:Token:MSG3 62%
00:00:07.073	WriteStatus:(MSG3 62%)
00:00:07.182	Main:Token:PROGRESS 64
00:00:07.182	WriteStatus:(PROGRESS 64)
00:00:07.182	Main:Token:MSG3 64%
00:00:07.182	WriteStatus:(MSG3 64%)
00:00:07.401	Main:Token:PROGRESS 66
00:00:07.401	WriteStatus:(PROGRESS 66)
00:00:07.401	Main:Token:MSG3 66%
00:00:07.401	WriteStatus:(MSG3 66%)
00:00:07.510	Main:Token:PROGRESS 68
00:00:07.510	WriteStatus:(PROGRESS 68)
00:00:07.510	Main:Token:MSG3 68%
00:00:07.510	WriteStatus:(MSG3 68%)
00:00:07.620	Main:Token:PROGRESS 70
00:00:07.620	WriteStatus:(PROGRESS 70)
00:00:07.620	Main:Token:MSG3 70%
00:00:07.620	WriteStatus:(MSG3 70%)
00:00:07.620	Main:Token:PROGRESS 72
00:00:07.620	WriteStatus:(PROGRESS 72)
00:00:07.620	Main:Token:MSG3 72%
00:00:07.620	WriteStatus:(MSG3 72%)
00:00:07.838	Main:Token:PROGRESS 75
00:00:07.838	WriteStatus:(PROGRESS 75)
00:00:07.838	Main:Token:MSG3 75%
00:00:07.838	WriteStatus:(MSG3 75%)
00:00:07.948	Main:Token:PROGRESS 77
00:00:07.948	WriteStatus:(PROGRESS 77)
00:00:07.948	Main:Token:MSG3 77%
00:00:07.948	WriteStatus:(MSG3 77%)
00:00:07.948	Main:Token:PROGRESS 79
00:00:07.948	WriteStatus:(PROGRESS 79)
00:00:07.948	Main:Token:MSG3 79%
00:00:07.948	WriteStatus:(MSG3 79%)
00:00:08.166	Main:Token:PROGRESS 81
00:00:08.166	WriteStatus:(PROGRESS 81)
00:00:08.166	Main:Token:MSG3 81%
00:00:08.166	WriteStatus:(MSG3 81%)
00:00:08.276	Main:Token:PROGRESS 83
00:00:08.276	WriteStatus:(PROGRESS 83)
00:00:08.276	Main:Token:MSG3 83%
00:00:08.276	WriteStatus:(MSG3 83%)
00:00:08.276	Main:Token:PROGRESS 85
00:00:08.276	WriteStatus:(PROGRESS 85)
00:00:08.276	Main:Token:MSG3 85%
00:00:08.276	WriteStatus:(MSG3 85%)
00:00:08.276	Main:Token:PROGRESS 87
00:00:08.276	WriteStatus:(PROGRESS 87)
00:00:08.276	Main:Token:MSG3 87%
00:00:08.276	WriteStatus:(MSG3 87%)
00:00:08.276	Main:Token:PROGRESS 89
00:00:08.276	WriteStatus:(PROGRESS 89)
00:00:08.276	Main:Token:MSG3 89%
00:00:08.276	WriteStatus:(MSG3 89%)
00:00:08.276	Main:Token:PROGRESS 91
00:00:08.276	WriteStatus:(PROGRESS 91)
00:00:08.276	Main:Token:MSG3 91%
00:00:08.276	WriteStatus:(MSG3 91%)
00:00:08.276	Main:Token:PROGRESS 93
00:00:08.276	WriteStatus:(PROGRESS 93)
00:00:08.276	Main:Token:MSG3 93%
00:00:08.276	WriteStatus:(MSG3 93%)
00:00:08.276	Main:Token:PROGRESS 95
00:00:08.276	WriteStatus:(PROGRESS 95)
00:00:08.276	Main:Token:MSG3 95%
00:00:08.276	WriteStatus:(MSG3 95%)
00:00:08.276	Main:Token:PROGRESS 97
00:00:08.276	WriteStatus:(PROGRESS 97)
00:00:08.276	Main:Token:MSG3 97%
00:00:08.276	WriteStatus:(MSG3 97%)
00:00:08.734	ProcessInput:Simulate complete 0
00:00:08.734	ProcessInput:InputProcessed
00:00:08.734	Main:Token:MSG10 HSPF Done
00:00:08.734	WriteStatus:(MSG10 HSPF Done)
00:00:08.734	Main:Token:MSG99 HSPF D
00:00:08.734	WriteStatus:(MSG99 HSPF D)
00:00:08.734	Main:Token:MSG7 File Status at before WDM closing in M_SIMSCN
00:00:08.734	WriteStatus:(MSG7 File Status at before WDM closing in M_SIMSCN)
00:00:08.734	Main:Token:MSG7   unit  25 file USANLORZ.wdm is open, access:DIRECT form:UNFORMATTED r/w:YES recl: 2048
00:00:08.734	WriteStatus:(MSG7   unit  25 file USANLORZ.wdm is open, access:DIRECT form:UNFORMATTED r/w:YES recl: 2048)
00:00:08.734	Main:Token:MSG7   unit  26 file ..\METdata.wdm is open, access:DIRECT form:UNFORMATTED r/w:YES recl: 2048
00:00:08.734	WriteStatus:(MSG7   unit  26 file ..\METdata.wdm is open, access:DIRECT form:UNFORMATTED r/w:YES recl: 2048)
00:00:08.734	Main:Token:MSG7   unit  99 file ERROR.FIL is open, access:SEQUENTIAL form:FORMATTED r/w:YES recl:   80
00:00:08.734	WriteStatus:(MSG7   unit  99 file ERROR.FIL is open, access:SEQUENTIAL form:FORMATTED r/w:YES recl:   80)
00:00:08.734	Main:Token:MSG7   unit 100 file c:\basins42\models\winhspf30\bin\hspfmsg.wdm is open, access:DIRECT form:UNFORMATTED r/w:NO recl: 2048
00:00:08.734	WriteStatus:(MSG7   unit 100 file c:\basins42\models\winhspf30\bin\hspfmsg.wdm is open, access:DIRECT form:UNFORMATTED r/w:NO recl: 2048)
00:00:08.734	Main:Token:MSG7 File Status at about to close           25
00:00:08.734	WriteStatus:(MSG7 File Status at about to close           25)
00:00:08.734	Main:Token:MSG7   unit  25 file USANLORZ.wdm is open, access:DIRECT form:UNFORMATTED r/w:YES recl: 2048
00:00:08.734	WriteStatus:(MSG7   unit  25 file USANLORZ.wdm is open, access:DIRECT form:UNFORMATTED r/w:YES recl: 2048)
00:00:08.734	Main:Token:MSG7   unit  26 file ..\METdata.wdm is open, access:DIRECT form:UNFORMATTED r/w:YES recl: 2048
00:00:08.734	WriteStatus:(MSG7   unit  26 file ..\METdata.wdm is open, access:DIRECT form:UNFORMATTED r/w:YES recl: 2048)
00:00:08.734	Main:Token:MSG7   unit  99 file ERROR.FIL is open, access:SEQUENTIAL form:FORMATTED r/w:YES recl:   80
00:00:08.734	WriteStatus:(MSG7   unit  99 file ERROR.FIL is open, access:SEQUENTIAL form:FORMATTED r/w:YES recl:   80)
00:00:08.734	Main:Token:MSG7   unit 100 file c:\basins42\models\winhspf30\bin\hspfmsg.wdm is open, access:DIRECT form:UNFORMATTED r/w:NO recl: 2048
00:00:08.734	WriteStatus:(MSG7   unit 100 file c:\basins42\models\winhspf30\bin\hspfmsg.wdm is open, access:DIRECT form:UNFORMATTED r/w:NO recl: 2048)
00:00:08.750	Main:Token:MSG7 File Status at after one WDM closing in M_SIMSCN
00:00:08.750	WriteStatus:(MSG7 File Status at after one WDM closing in M_SIMSCN)
00:00:08.750	Main:Token:MSG7   unit  26 file ..\METdata.wdm is open, access:DIRECT form:UNFORMATTED r/w:YES recl: 2048
00:00:08.750	WriteStatus:(MSG7   unit  26 file ..\METdata.wdm is open, access:DIRECT form:UNFORMATTED r/w:YES recl: 2048)
00:00:08.750	Main:Token:MSG7   unit  99 file ERROR.FIL is open, access:SEQUENTIAL form:FORMATTED r/w:YES recl:   80
00:00:08.750	WriteStatus:(MSG7   unit  99 file ERROR.FIL is open, access:SEQUENTIAL form:FORMATTED r/w:YES recl:   80)
00:00:08.750	Main:Token:MSG7   unit 100 file c:\basins42\models\winhspf30\bin\hspfmsg.wdm is open, access:DIRECT form:UNFORMATTED r/w:NO recl: 2048
00:00:08.750	WriteStatus:(MSG7   unit 100 file c:\basins42\models\winhspf30\bin\hspfmsg.wdm is open, access:DIRECT form:UNFORMATTED r/w:NO recl: 2048)
00:00:08.750	Main:Token:MSG7 File Status at about to close           26
00:00:08.750	WriteStatus:(MSG7 File Status at about to close           26)
00:00:08.750	Main:Token:MSG7   unit  26 file ..\METdata.wdm is open, access:DIRECT form:UNFORMATTED r/w:YES recl: 2048
00:00:08.750	WriteStatus:(MSG7   unit  26 file ..\METdata.wdm is open, access:DIRECT form:UNFORMATTED r/w:YES recl: 2048)
00:00:08.750	Main:Token:MSG7   unit  99 file ERROR.FIL is open, access:SEQUENTIAL form:FORMATTED r/w:YES recl:   80
00:00:08.750	WriteStatus:(MSG7   unit  99 file ERROR.FIL is open, access:SEQUENTIAL form:FORMATTED r/w:YES recl:   80)
00:00:08.750	Main:Token:MSG7   unit 100 file c:\basins42\models\winhspf30\bin\hspfmsg.wdm is open, access:DIRECT form:UNFORMATTED r/w:NO recl: 2048
00:00:08.750	WriteStatus:(MSG7   unit 100 file c:\basins42\models\winhspf30\bin\hspfmsg.wdm is open, access:DIRECT form:UNFORMATTED r/w:NO recl: 2048)
00:00:08.750	Main:Token:MSG7 File Status at after one WDM closing in M_SIMSCN
00:00:08.750	WriteStatus:(MSG7 File Status at after one WDM closing in M_SIMSCN)
00:00:08.750	Main:Token:MSG7   unit  99 file ERROR.FIL is open, access:SEQUENTIAL form:FORMATTED r/w:YES recl:   80
00:00:08.750	WriteStatus:(MSG7   unit  99 file ERROR.FIL is open, access:SEQUENTIAL form:FORMATTED r/w:YES recl:   80)
00:00:08.750	Main:Token:MSG7   unit 100 file c:\basins42\models\winhspf30\bin\hspfmsg.wdm is open, access:DIRECT form:UNFORMATTED r/w:NO recl: 2048
00:00:08.750	WriteStatus:(MSG7   unit 100 file c:\basins42\models\winhspf30\bin\hspfmsg.wdm is open, access:DIRECT form:UNFORMATTED r/w:NO recl: 2048)
00:00:08.750	Main:Token:MSG7 M_SIMSCN:back from HSPF with           0
00:00:08.750	WriteStatus:(MSG7 M_SIMSCN:back from HSPF with           0)
00:00:08.750	Main:Token:MSG7 File Status at at end of File Closing in M_SIMSCN
00:00:08.750	WriteStatus:(MSG7 File Status at at end of File Closing in M_SIMSCN)
00:00:08.750	Main:Token:MSG7   unit  99 file ERROR.FIL is open, access:SEQUENTIAL form:FORMATTED r/w:YES recl:   80
00:00:08.750	WriteStatus:(MSG7   unit  99 file ERROR.FIL is open, access:SEQUENTIAL form:FORMATTED r/w:YES recl:   80)
00:00:08.750	Main:Token:MSG7   unit 100 file c:\basins42\models\winhspf30\bin\hspfmsg.wdm is open, access:DIRECT form:UNFORMATTED r/w:NO recl: 2048
00:00:08.750	WriteStatus:(MSG7   unit 100 file c:\basins42\models\winhspf30\bin\hspfmsg.wdm is open, access:DIRECT form:UNFORMATTED r/w:NO recl: 2048)
00:00:10.750	InputCallback:Process 6 bytes
00:00:10.750	ProcessInput:EXIT
00:00:10.750	WriteStatus:(EXIT)
00:00:10.750	ProcessInput:InputProcessed
