00:00:00.000	Main:StartToFile 2017-05-22 11:32:59
00:00:00.015	Main:HSPF:entry: ("c:\basins42\models\winhspf30\bin\hspfenginenet.exe" 3732)
00:00:00.015	Main:ProcessDetails HspfEngineNet
00:00:00.015	Main: Parent WinHSPF
00:00:00.015	Main:CreatePipes 884 888
00:00:00.031	Main:Token:MSG7 In M_SPIPH    0  888
00:00:00.969	InputCallback:Process 9 bytes
00:00:00.969	ProcessInput:MONITOR
00:00:00.969	ProcessInput:HSPF:F90_WDBOPN:entry (c:\basins42\models\winhspf30\bin\hspfmsg.wdm, 44)
00:00:00.985	ProcessInput:HSPF:F90_WDBOPN:exit  (100)
00:00:01.001	FindFile:Finding file: statusMonitor.exe
00:00:01.001	FindFile:Found file: c:\basins42\models\winhspf30\bin\statusmonitor.exe
00:00:01.079	Status:MonitorLaunched
00:00:01.079	WriteStatus:(Progress Percent Off)
00:00:01.079	ProcessInput:InputProcessed
00:00:01.079	InputCallback:Process 30 bytes
00:00:01.079	ProcessInput:W99OPN
00:00:01.079	ProcessInput:DBG F90_W99OPN
00:00:01.079	ProcessInput:InputProcessed
00:00:01.079	ProcessInput:ACTIVATE CCOSTAW2 -1
00:00:01.079	ProcessInput:DBG F90_ACTSCN(-1, 0, 100, 0, CCOSTAW2, 8
00:00:01.103	Main:Token:MSG7 File Status at begin activate
00:00:01.103	WriteStatus:(MSG7 File Status at begin activate)
00:00:01.104	Main:Token:MSG7   unit  99 file ERROR.FIL is open, access:SEQUENTIAL form:FORMATTED r/w:YES recl:   80
00:00:01.104	WriteStatus:(MSG7   unit  99 file ERROR.FIL is open, access:SEQUENTIAL form:FORMATTED r/w:YES recl:   80)
00:00:01.104	Main:Token:MSG7   unit 100 file c:\basins42\models\winhspf30\bin\hspfmsg.wdm is open, access:DIRECT form:UNFORMATTED r/w:NO recl: 2048
00:00:01.105	WriteStatus:(MSG7   unit 100 file c:\basins42\models\winhspf30\bin\hspfmsg.wdm is open, access:DIRECT form:UNFORMATTED r/w:NO recl: 2048)
00:00:01.105	Main:Token:MSG7 M_ACTSCN:entry:CCOSTAW2           0         100
00:00:01.105	WriteStatus:(MSG7 M_ACTSCN:entry:CCOSTAW2           0         100)
00:00:01.105	Main:Token:MSG7  M_ACTSCN:MSGFL:100 c:\basins42\models\winhspf30\bin\hspfmsg.wdm
00:00:01.105	WriteStatus:(MSG7  M_ACTSCN:MSGFL:100 c:\basins42\models\winhspf30\bin\hspfmsg.wdm)
00:00:01.105	Main:Token:MSG7  M_ACTSCN:UCIFL: 10 CCOSTAW2.UCI
00:00:01.106	WriteStatus:(MSG7  M_ACTSCN:UCIFL: 10 CCOSTAW2.UCI)
00:00:01.106	Main:Token:MSG7 M_ACTSCN:about to call FILSET
00:00:01.106	WriteStatus:(MSG7 M_ACTSCN:about to call FILSET)
00:00:01.208	ProcessInput:Activate complete 0

00:00:01.209	ProcessInput:InputProcessed
00:00:01.210	Main:Token:MSG7 M_ACTSCN:back from FILSET           0
00:00:01.210	WriteStatus:(MSG7 M_ACTSCN:back from FILSET           0)
00:00:01.210	Main:Token:MSG7  M_ACTSCN:WDMFL: 25 CCOSTAW2.wdm
00:00:01.210	WriteStatus:(MSG7  M_ACTSCN:WDMFL: 25 CCOSTAW2.wdm)
00:00:01.210	Main:Token:MSG7  M_ACTSCN:WDMFL: 26 ..\METdata.wdm
00:00:01.210	WriteStatus:(MSG7  M_ACTSCN:WDMFL: 26 ..\METdata.wdm)
00:00:01.210	Main:Token:MSG7  M_ACTSCN:ECHFL: 24 CCOSTAW2.ech
00:00:01.210	WriteStatus:(MSG7  M_ACTSCN:ECHFL: 24 CCOSTAW2.ech)
00:00:01.211	Main:Token:MSG7 M_ACTSCN:skip INTERP
00:00:01.211	WriteStatus:(MSG7 M_ACTSCN:skip INTERP)
00:00:01.211	Main:Token:MSG7 File Status at before File Closing in M_ACTSCN
00:00:01.211	WriteStatus:(MSG7 File Status at before File Closing in M_ACTSCN)
00:00:01.211	Main:Token:MSG7   unit  24 file CCOSTAW2.ech is open, access:SEQUENTIAL form:FORMATTED r/w:YES recl:   80
00:00:01.211	WriteStatus:(MSG7   unit  24 file CCOSTAW2.ech is open, access:SEQUENTIAL form:FORMATTED r/w:YES recl:   80)
00:00:01.211	Main:Token:MSG7   unit  25 file CCOSTAW2.wdm is open, access:DIRECT form:UNFORMATTED r/w:YES recl: 2048
00:00:01.211	WriteStatus:(MSG7   unit  25 file CCOSTAW2.wdm is open, access:DIRECT form:UNFORMATTED r/w:YES recl: 2048)
00:00:01.211	Main:Token:MSG7   unit  26 file ..\METdata.wdm is open, access:DIRECT form:UNFORMATTED r/w:YES recl: 2048
00:00:01.211	WriteStatus:(MSG7   unit  26 file ..\METdata.wdm is open, access:DIRECT form:UNFORMATTED r/w:YES recl: 2048)
00:00:01.211	Main:Token:MSG7   unit  91 file CCOSTAW2.out is open, access:SEQUENTIAL form:FORMATTED r/w:YES recl:   80
00:00:01.211	WriteStatus:(MSG7   unit  91 file CCOSTAW2.out is open, access:SEQUENTIAL form:FORMATTED r/w:YES recl:   80)
00:00:01.212	Main:Token:MSG7   unit  92 file CCOSTAW2.hbn is open, access:SEQUENTIAL form:UNFORMATTED r/w:YES recl:   80
00:00:01.212	WriteStatus:(MSG7   unit  92 file CCOSTAW2.hbn is open, access:SEQUENTIAL form:UNFORMATTED r/w:YES recl:   80)
00:00:01.212	Main:Token:MSG7   unit  99 file ERROR.FIL is open, access:SEQUENTIAL form:FORMATTED r/w:YES recl:   80
00:00:01.212	WriteStatus:(MSG7   unit  99 file ERROR.FIL is open, access:SEQUENTIAL form:FORMATTED r/w:YES recl:   80)
00:00:01.212	Main:Token:MSG7   unit 100 file c:\basins42\models\winhspf30\bin\hspfmsg.wdm is open, access:DIRECT form:UNFORMATTED r/w:NO recl: 2048
00:00:01.212	WriteStatus:(MSG7   unit 100 file c:\basins42\models\winhspf30\bin\hspfmsg.wdm is open, access:DIRECT form:UNFORMATTED r/w:NO recl: 2048)
00:00:01.212	Main:Token:MSG99 
00:00:01.212	WriteStatus:(MSG99 )
00:00:01.212	Main:Token:MSG7 File Status at before WDM closing in M_ACTSCN
00:00:01.212	WriteStatus:(MSG7 File Status at before WDM closing in M_ACTSCN)
00:00:01.213	Main:Token:MSG7   unit  25 file CCOSTAW2.wdm is open, access:DIRECT form:UNFORMATTED r/w:YES recl: 2048
00:00:01.213	WriteStatus:(MSG7   unit  25 file CCOSTAW2.wdm is open, access:DIRECT form:UNFORMATTED r/w:YES recl: 2048)
00:00:01.213	Main:Token:MSG7   unit  26 file ..\METdata.wdm is open, access:DIRECT form:UNFORMATTED r/w:YES recl: 2048
00:00:01.213	WriteStatus:(MSG7   unit  26 file ..\METdata.wdm is open, access:DIRECT form:UNFORMATTED r/w:YES recl: 2048)
00:00:01.213	Main:Token:MSG7   unit  99 file ERROR.FIL is open, access:SEQUENTIAL form:FORMATTED r/w:YES recl:   80
00:00:01.213	WriteStatus:(MSG7   unit  99 file ERROR.FIL is open, access:SEQUENTIAL form:FORMATTED r/w:YES recl:   80)
00:00:01.213	Main:Token:MSG7   unit 100 file c:\basins42\models\winhspf30\bin\hspfmsg.wdm is open, access:DIRECT form:UNFORMATTED r/w:NO recl: 2048
00:00:01.213	WriteStatus:(MSG7   unit 100 file c:\basins42\models\winhspf30\bin\hspfmsg.wdm is open, access:DIRECT form:UNFORMATTED r/w:NO recl: 2048)
00:00:01.213	Main:Token:MSG7 File Status at about to close           25
00:00:01.213	WriteStatus:(MSG7 File Status at about to close           25)
00:00:01.213	Main:Token:MSG7   unit  25 file CCOSTAW2.wdm is open, access:DIRECT form:UNFORMATTED r/w:YES recl: 2048
00:00:01.214	WriteStatus:(MSG7   unit  25 file CCOSTAW2.wdm is open, access:DIRECT form:UNFORMATTED r/w:YES recl: 2048)
00:00:01.214	Main:Token:MSG7   unit  26 file ..\METdata.wdm is open, access:DIRECT form:UNFORMATTED r/w:YES recl: 2048
00:00:01.214	WriteStatus:(MSG7   unit  26 file ..\METdata.wdm is open, access:DIRECT form:UNFORMATTED r/w:YES recl: 2048)
00:00:01.214	Main:Token:MSG7   unit  99 file ERROR.FIL is open, access:SEQUENTIAL form:FORMATTED r/w:YES recl:   80
00:00:01.214	WriteStatus:(MSG7   unit  99 file ERROR.FIL is open, access:SEQUENTIAL form:FORMATTED r/w:YES recl:   80)
00:00:01.214	Main:Token:MSG7   unit 100 file c:\basins42\models\winhspf30\bin\hspfmsg.wdm is open, access:DIRECT form:UNFORMATTED r/w:NO recl: 2048
00:00:01.214	WriteStatus:(MSG7   unit 100 file c:\basins42\models\winhspf30\bin\hspfmsg.wdm is open, access:DIRECT form:UNFORMATTED r/w:NO recl: 2048)
00:00:01.215	Main:Token:MSG7 File Status at after one WDM closing in M_ACTSCN
00:00:01.215	WriteStatus:(MSG7 File Status at after one WDM closing in M_ACTSCN)
00:00:01.215	Main:Token:MSG7   unit  26 file ..\METdata.wdm is open, access:DIRECT form:UNFORMATTED r/w:YES recl: 2048
00:00:01.215	WriteStatus:(MSG7   unit  26 file ..\METdata.wdm is open, access:DIRECT form:UNFORMATTED r/w:YES recl: 2048)
00:00:01.215	Main:Token:MSG7   unit  99 file ERROR.FIL is open, access:SEQUENTIAL form:FORMATTED r/w:YES recl:   80
00:00:01.215	WriteStatus:(MSG7   unit  99 file ERROR.FIL is open, access:SEQUENTIAL form:FORMATTED r/w:YES recl:   80)
00:00:01.216	Main:Token:MSG7   unit 100 file c:\basins42\models\winhspf30\bin\hspfmsg.wdm is open, access:DIRECT form:UNFORMATTED r/w:NO recl: 2048
00:00:01.216	WriteStatus:(MSG7   unit 100 file c:\basins42\models\winhspf30\bin\hspfmsg.wdm is open, access:DIRECT form:UNFORMATTED r/w:NO recl: 2048)
00:00:01.217	Main:Token:MSG7 File Status at about to close           26
00:00:01.217	WriteStatus:(MSG7 File Status at about to close           26)
00:00:01.217	Main:Token:MSG7   unit  26 file ..\METdata.wdm is open, access:DIRECT form:UNFORMATTED r/w:YES recl: 2048
00:00:01.217	WriteStatus:(MSG7   unit  26 file ..\METdata.wdm is open, access:DIRECT form:UNFORMATTED r/w:YES recl: 2048)
00:00:01.217	Main:Token:MSG7   unit  99 file ERROR.FIL is open, access:SEQUENTIAL form:FORMATTED r/w:YES recl:   80
00:00:01.217	WriteStatus:(MSG7   unit  99 file ERROR.FIL is open, access:SEQUENTIAL form:FORMATTED r/w:YES recl:   80)
00:00:01.217	Main:Token:MSG7   unit 100 file c:\basins42\models\winhspf30\bin\hspfmsg.wdm is open, access:DIRECT form:UNFORMATTED r/w:NO recl: 2048
00:00:01.217	WriteStatus:(MSG7   unit 100 file c:\basins42\models\winhspf30\bin\hspfmsg.wdm is open, access:DIRECT form:UNFORMATTED r/w:NO recl: 2048)
00:00:01.217	Main:Token:MSG7 File Status at after one WDM closing in M_ACTSCN
00:00:01.217	WriteStatus:(MSG7 File Status at after one WDM closing in M_ACTSCN)
00:00:01.217	Main:Token:MSG7   unit  99 file ERROR.FIL is open, access:SEQUENTIAL form:FORMATTED r/w:YES recl:   80
00:00:01.218	WriteStatus:(MSG7   unit  99 file ERROR.FIL is open, access:SEQUENTIAL form:FORMATTED r/w:YES recl:   80)
00:00:01.218	Main:Token:MSG7   unit 100 file c:\basins42\models\winhspf30\bin\hspfmsg.wdm is open, access:DIRECT form:UNFORMATTED r/w:NO recl: 2048
00:00:01.218	WriteStatus:(MSG7   unit 100 file c:\basins42\models\winhspf30\bin\hspfmsg.wdm is open, access:DIRECT form:UNFORMATTED r/w:NO recl: 2048)
00:00:01.218	Main:Token:MSG7 File Status at at end of File Closing in M_ACTSCN
00:00:01.218	WriteStatus:(MSG7 File Status at at end of File Closing in M_ACTSCN)
00:00:01.218	Main:Token:MSG7   unit  99 file ERROR.FIL is open, access:SEQUENTIAL form:FORMATTED r/w:YES recl:   80
00:00:01.218	WriteStatus:(MSG7   unit  99 file ERROR.FIL is open, access:SEQUENTIAL form:FORMATTED r/w:YES recl:   80)
00:00:01.218	Main:Token:MSG7   unit 100 file c:\basins42\models\winhspf30\bin\hspfmsg.wdm is open, access:DIRECT form:UNFORMATTED r/w:NO recl: 2048
00:00:01.218	WriteStatus:(MSG7   unit 100 file c:\basins42\models\winhspf30\bin\hspfmsg.wdm is open, access:DIRECT form:UNFORMATTED r/w:NO recl: 2048)
00:00:01.219	Main:Token:MSG7 M_ACTSCN:exit            0
00:00:01.219	WriteStatus:(MSG7 M_ACTSCN:exit            0)
00:00:01.219	Main:Token:MSG7 File Status at after activate, retcod:0 i:-1

00:00:01.219	WriteStatus:MSG7 File Status at after activate, retcod:0 i:-1

00:00:01.219	Main:Token:MSG7   unit  99 file ERROR.FIL is open, access:SEQUENTIAL form:FORMATTED r/w:YES recl:   80
00:00:01.219	WriteStatus:(MSG7   unit  99 file ERROR.FIL is open, access:SEQUENTIAL form:FORMATTED r/w:YES recl:   80)
00:00:01.219	Main:Token:MSG7   unit 100 file c:\basins42\models\winhspf30\bin\hspfmsg.wdm is open, access:DIRECT form:UNFORMATTED r/w:NO recl: 2048
00:00:01.219	WriteStatus:(MSG7   unit 100 file c:\basins42\models\winhspf30\bin\hspfmsg.wdm is open, access:DIRECT form:UNFORMATTED r/w:NO recl: 2048)
00:00:03.209	InputCallback:Process 10 bytes
00:00:03.210	ProcessInput:SIMULATE
00:00:03.210	ProcessInput:DBG F90_SIMSCN
00:00:03.301	Main:Token:MSG7 M_SIMSCN:entry:CCOSTAW2.ech
00:00:03.301	WriteStatus:(MSG7 M_SIMSCN:entry:CCOSTAW2.ech)
00:00:03.301	Main:Token:MSG7 File Status at before FILSET in M_SIMSCN
00:00:03.301	WriteStatus:(MSG7 File Status at before FILSET in M_SIMSCN)
00:00:03.301	Main:Token:MSG7   unit  99 file ERROR.FIL is open, access:SEQUENTIAL form:FORMATTED r/w:YES recl:   80
00:00:03.301	WriteStatus:(MSG7   unit  99 file ERROR.FIL is open, access:SEQUENTIAL form:FORMATTED r/w:YES recl:   80)
00:00:03.301	Main:Token:MSG7   unit 100 file c:\basins42\models\winhspf30\bin\hspfmsg.wdm is open, access:DIRECT form:UNFORMATTED r/w:NO recl: 2048
00:00:03.301	WriteStatus:(MSG7   unit 100 file c:\basins42\models\winhspf30\bin\hspfmsg.wdm is open, access:DIRECT form:UNFORMATTED r/w:NO recl: 2048)
00:00:03.301	Main:Token:MSG7 M_SIMSCN:about to call FILSET         100          10           0           0           0           0
00:00:03.301	WriteStatus:(MSG7 M_SIMSCN:about to call FILSET         100          10           0           0           0           0)
00:00:03.301	Main:Token:MSG7 File Status at at end of FilSet in M_SIMSCN
00:00:03.301	WriteStatus:(MSG7 File Status at at end of FilSet in M_SIMSCN)
00:00:03.301	Main:Token:MSG7   unit  24 file CCOSTAW2.ech is open, access:SEQUENTIAL form:FORMATTED r/w:YES recl:   80
00:00:03.301	WriteStatus:(MSG7   unit  24 file CCOSTAW2.ech is open, access:SEQUENTIAL form:FORMATTED r/w:YES recl:   80)
00:00:03.301	Main:Token:MSG7   unit  25 file CCOSTAW2.wdm is open, access:DIRECT form:UNFORMATTED r/w:YES recl: 2048
00:00:03.301	WriteStatus:(MSG7   unit  25 file CCOSTAW2.wdm is open, access:DIRECT form:UNFORMATTED r/w:YES recl: 2048)
00:00:03.301	Main:Token:MSG7   unit  26 file ..\METdata.wdm is open, access:DIRECT form:UNFORMATTED r/w:YES recl: 2048
00:00:03.301	WriteStatus:(MSG7   unit  26 file ..\METdata.wdm is open, access:DIRECT form:UNFORMATTED r/w:YES recl: 2048)
00:00:03.301	Main:Token:MSG7   unit  91 file CCOSTAW2.out is open, access:SEQUENTIAL form:FORMATTED r/w:YES recl:   80
00:00:03.301	WriteStatus:(MSG7   unit  91 file CCOSTAW2.out is open, access:SEQUENTIAL form:FORMATTED r/w:YES recl:   80)
00:00:03.301	Main:Token:MSG7   unit  92 file CCOSTAW2.hbn is open, access:SEQUENTIAL form:UNFORMATTED r/w:YES recl:   80
00:00:03.301	WriteStatus:(MSG7   unit  92 file CCOSTAW2.hbn is open, access:SEQUENTIAL form:UNFORMATTED r/w:YES recl:   80)
00:00:03.301	Main:Token:MSG7   unit  99 file ERROR.FIL is open, access:SEQUENTIAL form:FORMATTED r/w:YES recl:   80
00:00:03.301	WriteStatus:(MSG7   unit  99 file ERROR.FIL is open, access:SEQUENTIAL form:FORMATTED r/w:YES recl:   80)
00:00:03.301	Main:Token:MSG7   unit 100 file c:\basins42\models\winhspf30\bin\hspfmsg.wdm is open, access:DIRECT form:UNFORMATTED r/w:NO recl: 2048
00:00:03.301	WriteStatus:(MSG7   unit 100 file c:\basins42\models\winhspf30\bin\hspfmsg.wdm is open, access:DIRECT form:UNFORMATTED r/w:NO recl: 2048)
00:00:03.301	Main:Token:MSG7 M_SIMSCN:about to call HSPF          24           0           0           0           0           0           0           0           0           0          25          26           0           0         100
00:00:03.301	WriteStatus:(MSG7 M_SIMSCN:about to call HSPF          24           0           0           0           0           0           0           0           0           0          25          26           0           0         100)
00:00:03.301	Main:Token:MSG10 HSPF
00:00:03.301	WriteStatus:(MSG10 HSPF)
00:00:03.301	Main:Token:MSG1  Processing a RUN data set from user's input file.
00:00:03.301	WriteStatus:(MSG1  Processing a RUN data set from user's input file.)
00:00:03.301	Main:Token:MSG2 GLOBAL
00:00:03.301	WriteStatus:(MSG2 GLOBAL)
00:00:03.301	Main:Token:MSG2 OPN SEQUENCE
00:00:03.301	WriteStatus:(MSG2 OPN SEQUENCE)
00:00:03.317	Main:Token:MSG2 FTABLES
00:00:03.317	WriteStatus:(MSG2 FTABLES)
00:00:03.317	Main:Token:MSG2 MASS-LINK
00:00:03.317	WriteStatus:(MSG2 MASS-LINK)
00:00:03.317	Main:Token:MSG3 
00:00:03.317	WriteStatus:(MSG3 )
00:00:03.317	Main:Token:MSG4 
00:00:03.317	WriteStatus:(MSG4 )
00:00:03.317	Main:Token:MSG2 PERLND
00:00:03.317	WriteStatus:(MSG2 PERLND)
00:00:03.317	Main:Token:MSG3    101
00:00:03.317	WriteStatus:(MSG3    101)
00:00:03.317	Main:Token:MSG4 ACTIVITY
00:00:03.317	WriteStatus:(MSG4 ACTIVITY)
00:00:03.317	Main:Token:MSG4 PRINT-INFO
00:00:03.317	WriteStatus:(MSG4 PRINT-INFO)
00:00:03.317	Main:Token:MSG4 BINARY-INFO
00:00:03.317	WriteStatus:(MSG4 BINARY-INFO)
00:00:03.317	Main:Token:MSG4 GEN-INFO
00:00:03.317	WriteStatus:(MSG4 GEN-INFO)
00:00:03.317	Main:Token:MSG4 PWAT-PARM1
00:00:03.317	WriteStatus:(MSG4 PWAT-PARM1)
00:00:03.317	Main:Token:MSG4 PWAT-PARM2
00:00:03.317	WriteStatus:(MSG4 PWAT-PARM2)
00:00:03.317	Main:Token:MSG4 PWAT-PARM3
00:00:03.317	WriteStatus:(MSG4 PWAT-PARM3)
00:00:03.317	Main:Token:MSG4 PWAT-PARM4
00:00:03.317	WriteStatus:(MSG4 PWAT-PARM4)
00:00:03.317	Main:Token:MSG4 PWAT-PARM5
00:00:03.317	WriteStatus:(MSG4 PWAT-PARM5)
00:00:03.317	Main:Token:MSG4 MON-INTERCEP
00:00:03.317	WriteStatus:(MSG4 MON-INTERCEP)
00:00:03.317	Main:Token:MSG4 MON-LZETPARM
00:00:03.317	WriteStatus:(MSG4 MON-LZETPARM)
00:00:03.317	Main:Token:MSG4 PWAT-STATE1
00:00:03.317	WriteStatus:(MSG4 PWAT-STATE1)
00:00:03.317	Main:Token:MSG4 SED-PARM1
00:00:03.317	WriteStatus:(MSG4 SED-PARM1)
00:00:03.317	Main:Token:MSG4 SED-PARM2
00:00:03.317	WriteStatus:(MSG4 SED-PARM2)
00:00:03.317	Main:Token:MSG4 SED-PARM3
00:00:03.317	WriteStatus:(MSG4 SED-PARM3)
00:00:03.317	Main:Token:MSG4 MON-COVER
00:00:03.317	WriteStatus:(MSG4 MON-COVER)
00:00:03.332	Main:Token:MSG4 SED-STOR
00:00:03.332	WriteStatus:(MSG4 SED-STOR)
00:00:03.332	Main:Token:MSG3    102
00:00:03.332	WriteStatus:(MSG3    102)
00:00:03.332	Main:Token:MSG4 ACTIVITY
00:00:03.332	WriteStatus:(MSG4 ACTIVITY)
00:00:03.332	Main:Token:MSG4 PRINT-INFO
00:00:03.332	WriteStatus:(MSG4 PRINT-INFO)
00:00:03.332	Main:Token:MSG4 BINARY-INFO
00:00:03.332	WriteStatus:(MSG4 BINARY-INFO)
00:00:03.332	Main:Token:MSG4 GEN-INFO
00:00:03.332	WriteStatus:(MSG4 GEN-INFO)
00:00:03.332	Main:Token:MSG4 PWAT-PARM1
00:00:03.332	WriteStatus:(MSG4 PWAT-PARM1)
00:00:03.332	Main:Token:MSG4 PWAT-PARM2
00:00:03.332	WriteStatus:(MSG4 PWAT-PARM2)
00:00:03.332	Main:Token:MSG4 PWAT-PARM3
00:00:03.332	WriteStatus:(MSG4 PWAT-PARM3)
00:00:03.332	Main:Token:MSG4 PWAT-PARM4
00:00:03.332	WriteStatus:(MSG4 PWAT-PARM4)
00:00:03.332	Main:Token:MSG4 PWAT-PARM5
00:00:03.332	WriteStatus:(MSG4 PWAT-PARM5)
00:00:03.332	Main:Token:MSG4 MON-INTERCEP
00:00:03.332	WriteStatus:(MSG4 MON-INTERCEP)
00:00:03.332	Main:Token:MSG4 MON-LZETPARM
00:00:03.332	WriteStatus:(MSG4 MON-LZETPARM)
00:00:03.332	Main:Token:MSG4 PWAT-STATE1
00:00:03.332	WriteStatus:(MSG4 PWAT-STATE1)
00:00:03.332	Main:Token:MSG4 SED-PARM1
00:00:03.332	WriteStatus:(MSG4 SED-PARM1)
00:00:03.332	Main:Token:MSG4 SED-PARM2
00:00:03.332	WriteStatus:(MSG4 SED-PARM2)
00:00:03.332	Main:Token:MSG4 SED-PARM3
00:00:03.332	WriteStatus:(MSG4 SED-PARM3)
00:00:03.332	Main:Token:MSG4 MON-COVER
00:00:03.332	WriteStatus:(MSG4 MON-COVER)
00:00:03.332	Main:Token:MSG4 SED-STOR
00:00:03.332	WriteStatus:(MSG4 SED-STOR)
00:00:03.332	Main:Token:MSG3    103
00:00:03.332	WriteStatus:(MSG3    103)
00:00:03.332	Main:Token:MSG4 ACTIVITY
00:00:03.348	WriteStatus:(MSG4 ACTIVITY)
00:00:03.348	Main:Token:MSG4 PRINT-INFO
00:00:03.348	WriteStatus:(MSG4 PRINT-INFO)
00:00:03.348	Main:Token:MSG4 BINARY-INFO
00:00:03.348	WriteStatus:(MSG4 BINARY-INFO)
00:00:03.348	Main:Token:MSG4 GEN-INFO
00:00:03.348	WriteStatus:(MSG4 GEN-INFO)
00:00:03.349	Main:Token:MSG4 PWAT-PARM1
00:00:03.349	WriteStatus:(MSG4 PWAT-PARM1)
00:00:03.349	Main:Token:MSG4 PWAT-PARM2
00:00:03.349	WriteStatus:(MSG4 PWAT-PARM2)
00:00:03.349	Main:Token:MSG4 PWAT-PARM3
00:00:03.350	WriteStatus:(MSG4 PWAT-PARM3)
00:00:03.350	Main:Token:MSG4 PWAT-PARM4
00:00:03.350	WriteStatus:(MSG4 PWAT-PARM4)
00:00:03.350	Main:Token:MSG4 PWAT-PARM5
00:00:03.350	WriteStatus:(MSG4 PWAT-PARM5)
00:00:03.350	Main:Token:MSG4 MON-INTERCEP
00:00:03.351	WriteStatus:(MSG4 MON-INTERCEP)
00:00:03.351	Main:Token:MSG4 MON-LZETPARM
00:00:03.351	WriteStatus:(MSG4 MON-LZETPARM)
00:00:03.351	Main:Token:MSG4 PWAT-STATE1
00:00:03.351	WriteStatus:(MSG4 PWAT-STATE1)
00:00:03.351	Main:Token:MSG4 SED-PARM1
00:00:03.352	WriteStatus:(MSG4 SED-PARM1)
00:00:03.352	Main:Token:MSG4 SED-PARM2
00:00:03.352	WriteStatus:(MSG4 SED-PARM2)
00:00:03.352	Main:Token:MSG4 SED-PARM3
00:00:03.352	WriteStatus:(MSG4 SED-PARM3)
00:00:03.352	Main:Token:MSG4 MON-COVER
00:00:03.353	WriteStatus:(MSG4 MON-COVER)
00:00:03.353	Main:Token:MSG4 SED-STOR
00:00:03.353	WriteStatus:(MSG4 SED-STOR)
00:00:03.353	Main:Token:MSG3    104
00:00:03.353	WriteStatus:(MSG3    104)
00:00:03.354	Main:Token:MSG4 ACTIVITY
00:00:03.354	WriteStatus:(MSG4 ACTIVITY)
00:00:03.354	Main:Token:MSG4 PRINT-INFO
00:00:03.354	WriteStatus:(MSG4 PRINT-INFO)
00:00:03.354	Main:Token:MSG4 BINARY-INFO
00:00:03.354	WriteStatus:(MSG4 BINARY-INFO)
00:00:03.355	Main:Token:MSG4 GEN-INFO
00:00:03.355	WriteStatus:(MSG4 GEN-INFO)
00:00:03.355	Main:Token:MSG4 PWAT-PARM1
00:00:03.355	WriteStatus:(MSG4 PWAT-PARM1)
00:00:03.355	Main:Token:MSG4 PWAT-PARM2
00:00:03.355	WriteStatus:(MSG4 PWAT-PARM2)
00:00:03.356	Main:Token:MSG4 PWAT-PARM3
00:00:03.356	WriteStatus:(MSG4 PWAT-PARM3)
00:00:03.356	Main:Token:MSG4 PWAT-PARM4
00:00:03.356	WriteStatus:(MSG4 PWAT-PARM4)
00:00:03.356	Main:Token:MSG4 PWAT-PARM5
00:00:03.356	WriteStatus:(MSG4 PWAT-PARM5)
00:00:03.356	Main:Token:MSG4 MON-INTERCEP
00:00:03.357	WriteStatus:(MSG4 MON-INTERCEP)
00:00:03.357	Main:Token:MSG4 MON-LZETPARM
00:00:03.357	WriteStatus:(MSG4 MON-LZETPARM)
00:00:03.357	Main:Token:MSG4 PWAT-STATE1
00:00:03.358	WriteStatus:(MSG4 PWAT-STATE1)
00:00:03.358	Main:Token:MSG4 SED-PARM1
00:00:03.358	WriteStatus:(MSG4 SED-PARM1)
00:00:03.358	Main:Token:MSG4 SED-PARM2
00:00:03.358	WriteStatus:(MSG4 SED-PARM2)
00:00:03.358	Main:Token:MSG4 SED-PARM3
00:00:03.358	WriteStatus:(MSG4 SED-PARM3)
00:00:03.358	Main:Token:MSG4 MON-COVER
00:00:03.358	WriteStatus:(MSG4 MON-COVER)
00:00:03.358	Main:Token:MSG4 SED-STOR
00:00:03.358	WriteStatus:(MSG4 SED-STOR)
00:00:03.358	Main:Token:MSG3    105
00:00:03.358	WriteStatus:(MSG3    105)
00:00:03.358	Main:Token:MSG4 ACTIVITY
00:00:03.358	WriteStatus:(MSG4 ACTIVITY)
00:00:03.358	Main:Token:MSG4 PRINT-INFO
00:00:03.358	WriteStatus:(MSG4 PRINT-INFO)
00:00:03.358	Main:Token:MSG4 BINARY-INFO
00:00:03.358	WriteStatus:(MSG4 BINARY-INFO)
00:00:03.358	Main:Token:MSG4 GEN-INFO
00:00:03.358	WriteStatus:(MSG4 GEN-INFO)
00:00:03.358	Main:Token:MSG4 PWAT-PARM1
00:00:03.358	WriteStatus:(MSG4 PWAT-PARM1)
00:00:03.358	Main:Token:MSG4 PWAT-PARM2
00:00:03.358	WriteStatus:(MSG4 PWAT-PARM2)
00:00:03.358	Main:Token:MSG4 PWAT-PARM3
00:00:03.358	WriteStatus:(MSG4 PWAT-PARM3)
00:00:03.358	Main:Token:MSG4 PWAT-PARM4
00:00:03.358	WriteStatus:(MSG4 PWAT-PARM4)
00:00:03.358	Main:Token:MSG4 PWAT-PARM5
00:00:03.358	WriteStatus:(MSG4 PWAT-PARM5)
00:00:03.358	Main:Token:MSG4 MON-INTERCEP
00:00:03.358	WriteStatus:(MSG4 MON-INTERCEP)
00:00:03.358	Main:Token:MSG4 MON-LZETPARM
00:00:03.358	WriteStatus:(MSG4 MON-LZETPARM)
00:00:03.358	Main:Token:MSG4 PWAT-STATE1
00:00:03.358	WriteStatus:(MSG4 PWAT-STATE1)
00:00:03.358	Main:Token:MSG4 SED-PARM1
00:00:03.358	WriteStatus:(MSG4 SED-PARM1)
00:00:03.358	Main:Token:MSG4 SED-PARM2
00:00:03.358	WriteStatus:(MSG4 SED-PARM2)
00:00:03.358	Main:Token:MSG4 SED-PARM3
00:00:03.358	WriteStatus:(MSG4 SED-PARM3)
00:00:03.358	Main:Token:MSG4 MON-COVER
00:00:03.358	WriteStatus:(MSG4 MON-COVER)
00:00:03.358	Main:Token:MSG4 SED-STOR
00:00:03.358	WriteStatus:(MSG4 SED-STOR)
00:00:03.358	Main:Token:MSG3 
00:00:03.358	WriteStatus:(MSG3 )
00:00:03.358	Main:Token:MSG4 
00:00:03.358	WriteStatus:(MSG4 )
00:00:03.358	Main:Token:MSG2 IMPLND
00:00:03.358	WriteStatus:(MSG2 IMPLND)
00:00:03.358	Main:Token:MSG3    101
00:00:03.358	WriteStatus:(MSG3    101)
00:00:03.358	Main:Token:MSG4 ACTIVITY
00:00:03.358	WriteStatus:(MSG4 ACTIVITY)
00:00:03.358	Main:Token:MSG4 PRINT-INFO
00:00:03.358	WriteStatus:(MSG4 PRINT-INFO)
00:00:03.358	Main:Token:MSG4 BINARY-INFO
00:00:03.358	WriteStatus:(MSG4 BINARY-INFO)
00:00:03.358	Main:Token:MSG4 GEN-INFO
00:00:03.358	WriteStatus:(MSG4 GEN-INFO)
00:00:03.358	Main:Token:MSG4 IWAT-PARM1
00:00:03.358	WriteStatus:(MSG4 IWAT-PARM1)
00:00:03.358	Main:Token:MSG4 IWAT-PARM2
00:00:03.358	WriteStatus:(MSG4 IWAT-PARM2)
00:00:03.358	Main:Token:MSG4 IWAT-PARM3
00:00:03.358	WriteStatus:(MSG4 IWAT-PARM3)
00:00:03.358	Main:Token:MSG4 IWAT-STATE1
00:00:03.358	WriteStatus:(MSG4 IWAT-STATE1)
00:00:03.358	Main:Token:MSG4 SLD-PARM1
00:00:03.358	WriteStatus:(MSG4 SLD-PARM1)
00:00:03.358	Main:Token:MSG4 SLD-PARM2
00:00:03.358	WriteStatus:(MSG4 SLD-PARM2)
00:00:03.358	Main:Token:MSG4 SLD-STOR
00:00:03.358	WriteStatus:(MSG4 SLD-STOR)
00:00:03.358	Main:Token:MSG3 
00:00:03.358	WriteStatus:(MSG3 )
00:00:03.358	Main:Token:MSG4 
00:00:03.358	WriteStatus:(MSG4 )
00:00:03.358	Main:Token:MSG2 RCHRES
00:00:03.358	WriteStatus:(MSG2 RCHRES)
00:00:03.358	Main:Token:MSG3      1
00:00:03.358	WriteStatus:(MSG3      1)
00:00:03.358	Main:Token:MSG4 ACTIVITY
00:00:03.358	WriteStatus:(MSG4 ACTIVITY)
00:00:03.358	Main:Token:MSG4 PRINT-INFO
00:00:03.358	WriteStatus:(MSG4 PRINT-INFO)
00:00:03.358	Main:Token:MSG4 BINARY-INFO
00:00:03.358	WriteStatus:(MSG4 BINARY-INFO)
00:00:03.358	Main:Token:MSG4 GEN-INFO
00:00:03.358	WriteStatus:(MSG4 GEN-INFO)
00:00:03.358	Main:Token:MSG4 HYDR-PARM1
00:00:03.358	WriteStatus:(MSG4 HYDR-PARM1)
00:00:03.358	Main:Token:MSG4 HYDR-PARM2
00:00:03.374	WriteStatus:(MSG4 HYDR-PARM2)
00:00:03.374	Main:Token:MSG4 HYDR-IRRIG
00:00:03.374	WriteStatus:(MSG4 HYDR-IRRIG)
00:00:03.374	Main:Token:MSG4 HYDR-INIT
00:00:03.374	WriteStatus:(MSG4 HYDR-INIT)
00:00:03.374	Main:Token:MSG4 ADCALC-DATA
00:00:03.374	WriteStatus:(MSG4 ADCALC-DATA)
00:00:03.374	Main:Token:MSG4 SANDFG
00:00:03.374	WriteStatus:(MSG4 SANDFG)
00:00:03.374	Main:Token:MSG4 SED-GENPARM
00:00:03.374	WriteStatus:(MSG4 SED-GENPARM)
00:00:03.374	Main:Token:MSG4 SAND-PM
00:00:03.374	WriteStatus:(MSG4 SAND-PM)
00:00:03.374	Main:Token:MSG4 SILT-CLAY-PM
00:00:03.374	WriteStatus:(MSG4 SILT-CLAY-PM)
00:00:03.374	Main:Token:MSG4 SILT-CLAY-PM
00:00:03.374	WriteStatus:(MSG4 SILT-CLAY-PM)
00:00:03.374	Main:Token:MSG4 SSED-INIT
00:00:03.374	WriteStatus:(MSG4 SSED-INIT)
00:00:03.374	Main:Token:MSG4 BED-INIT
00:00:03.374	WriteStatus:(MSG4 BED-INIT)
00:00:03.374	Main:Token:MSG3 
00:00:03.374	WriteStatus:(MSG3 )
00:00:03.374	Main:Token:MSG4 
00:00:03.374	WriteStatus:(MSG4 )
00:00:03.374	Main:Token:MSG3 
00:00:03.374	WriteStatus:(MSG3 )
00:00:03.374	Main:Token:MSG3 
00:00:03.374	WriteStatus:(MSG3 )
00:00:03.374	Main:Token:MSG4 
00:00:03.374	WriteStatus:(MSG4 )
00:00:03.374	Main:Token:MSG2 EXT SOURCES
00:00:03.374	WriteStatus:(MSG2 EXT SOURCES)
00:00:03.485	Main:Token:MSG2 SCHEMATIC
00:00:03.485	WriteStatus:(MSG2 SCHEMATIC)
00:00:03.485	Main:Token:MSG2 EXT TARGETS
00:00:03.485	WriteStatus:(MSG2 EXT TARGETS)
00:00:03.485	Main:Token:MSG1  Operations supervisor calling operating modules.
00:00:03.485	WriteStatus:(MSG1  Operations supervisor calling operating modules.)
00:00:03.594	Main:Token:MSG1 Executing
00:00:03.594	WriteStatus:(MSG1 Executing)
00:00:03.594	Main:Token:MSG2   Now
00:00:03.594	WriteStatus:(MSG2   Now)
00:00:03.594	Main:Token:MSG4 Complete
00:00:03.594	WriteStatus:(MSG4 Complete)
00:00:03.703	Main:Token:PROGRESS  2
00:00:03.703	WriteStatus:(PROGRESS  2)
00:00:03.703	Main:Token:MSG3 2%
00:00:03.703	WriteStatus:(MSG3 2%)
00:00:03.703	Main:Token:PROGRESS  4
00:00:03.703	WriteStatus:(PROGRESS  4)
00:00:03.703	Main:Token:MSG3 4%
00:00:03.703	WriteStatus:(MSG3 4%)
00:00:03.703	Main:Token:PROGRESS  7
00:00:03.703	WriteStatus:(PROGRESS  7)
00:00:03.703	Main:Token:MSG3 7%
00:00:03.703	WriteStatus:(MSG3 7%)
00:00:03.813	Main:Token:PROGRESS  9
00:00:03.813	WriteStatus:(PROGRESS  9)
00:00:03.813	Main:Token:MSG3 9%
00:00:03.813	WriteStatus:(MSG3 9%)
00:00:03.813	Main:Token:PROGRESS 11
00:00:03.813	WriteStatus:(PROGRESS 11)
00:00:03.813	Main:Token:MSG3 11%
00:00:03.813	WriteStatus:(MSG3 11%)
00:00:03.813	Main:Token:PROGRESS 14
00:00:03.813	WriteStatus:(PROGRESS 14)
00:00:03.813	Main:Token:MSG3 14%
00:00:03.813	WriteStatus:(MSG3 14%)
00:00:03.922	Main:Token:PROGRESS 16
00:00:03.922	WriteStatus:(PROGRESS 16)
00:00:03.922	Main:Token:MSG3 16%
00:00:03.922	WriteStatus:(MSG3 16%)
00:00:04.032	Main:Token:PROGRESS 19
00:00:04.032	WriteStatus:(PROGRESS 19)
00:00:04.032	Main:Token:MSG3 19%
00:00:04.032	WriteStatus:(MSG3 19%)
00:00:04.032	Main:Token:PROGRESS 21
00:00:04.032	WriteStatus:(PROGRESS 21)
00:00:04.032	Main:Token:MSG3 21%
00:00:04.032	WriteStatus:(MSG3 21%)
00:00:04.147	Main:Token:PROGRESS 23
00:00:04.147	WriteStatus:(PROGRESS 23)
00:00:04.147	Main:Token:MSG3 23%
00:00:04.147	WriteStatus:(MSG3 23%)
00:00:04.147	Main:Token:PROGRESS 26
00:00:04.147	WriteStatus:(PROGRESS 26)
00:00:04.147	Main:Token:MSG3 26%
00:00:04.147	WriteStatus:(MSG3 26%)
00:00:04.147	Main:Token:PROGRESS 28
00:00:04.147	WriteStatus:(PROGRESS 28)
00:00:04.147	Main:Token:MSG3 28%
00:00:04.147	WriteStatus:(MSG3 28%)
00:00:04.147	Main:Token:PROGRESS 30
00:00:04.147	WriteStatus:(PROGRESS 30)
00:00:04.147	Main:Token:MSG3 30%
00:00:04.147	WriteStatus:(MSG3 30%)
00:00:04.256	Main:Token:PROGRESS 33
00:00:04.256	WriteStatus:(PROGRESS 33)
00:00:04.256	Main:Token:MSG3 33%
00:00:04.256	WriteStatus:(MSG3 33%)
00:00:04.256	Main:Token:PROGRESS 35
00:00:04.256	WriteStatus:(PROGRESS 35)
00:00:04.256	Main:Token:MSG3 35%
00:00:04.256	WriteStatus:(MSG3 35%)
00:00:04.256	Main:Token:PROGRESS 38
00:00:04.256	WriteStatus:(PROGRESS 38)
00:00:04.256	Main:Token:MSG3 38%
00:00:04.256	WriteStatus:(MSG3 38%)
00:00:04.366	Main:Token:PROGRESS 40
00:00:04.366	WriteStatus:(PROGRESS 40)
00:00:04.366	Main:Token:MSG3 40%
00:00:04.366	WriteStatus:(MSG3 40%)
00:00:04.366	Main:Token:PROGRESS 42
00:00:04.366	WriteStatus:(PROGRESS 42)
00:00:04.366	Main:Token:MSG3 42%
00:00:04.366	WriteStatus:(MSG3 42%)
00:00:04.366	Main:Token:PROGRESS 45
00:00:04.366	WriteStatus:(PROGRESS 45)
00:00:04.366	Main:Token:MSG3 45%
00:00:04.366	WriteStatus:(MSG3 45%)
00:00:04.366	Main:Token:PROGRESS 47
00:00:04.366	WriteStatus:(PROGRESS 47)
00:00:04.366	Main:Token:MSG3 47%
00:00:04.366	WriteStatus:(MSG3 47%)
00:00:04.475	Main:Token:PROGRESS 50
00:00:04.475	WriteStatus:(PROGRESS 50)
00:00:04.475	Main:Token:MSG3 50%
00:00:04.475	WriteStatus:(MSG3 50%)
00:00:04.475	Main:Token:PROGRESS 52
00:00:04.475	WriteStatus:(PROGRESS 52)
00:00:04.475	Main:Token:MSG3 52%
00:00:04.475	WriteStatus:(MSG3 52%)
00:00:04.585	Main:Token:PROGRESS 54
00:00:04.585	WriteStatus:(PROGRESS 54)
00:00:04.585	Main:Token:MSG3 54%
00:00:04.585	WriteStatus:(MSG3 54%)
00:00:04.585	Main:Token:PROGRESS 57
00:00:04.585	WriteStatus:(PROGRESS 57)
00:00:04.585	Main:Token:MSG3 57%
00:00:04.585	WriteStatus:(MSG3 57%)
00:00:04.586	Main:Token:PROGRESS 59
00:00:04.586	WriteStatus:(PROGRESS 59)
00:00:04.586	Main:Token:MSG3 59%
00:00:04.586	WriteStatus:(MSG3 59%)
00:00:04.586	Main:Token:PROGRESS 61
00:00:04.586	WriteStatus:(PROGRESS 61)
00:00:04.586	Main:Token:MSG3 61%
00:00:04.586	WriteStatus:(MSG3 61%)
00:00:04.688	Main:Token:PROGRESS 64
00:00:04.688	WriteStatus:(PROGRESS 64)
00:00:04.688	Main:Token:MSG3 64%
00:00:04.688	WriteStatus:(MSG3 64%)
00:00:04.688	Main:Token:PROGRESS 66
00:00:04.688	WriteStatus:(PROGRESS 66)
00:00:04.688	Main:Token:MSG3 66%
00:00:04.688	WriteStatus:(MSG3 66%)
00:00:04.797	Main:Token:PROGRESS 69
00:00:04.797	WriteStatus:(PROGRESS 69)
00:00:04.797	Main:Token:MSG3 69%
00:00:04.797	WriteStatus:(MSG3 69%)
00:00:04.797	Main:Token:PROGRESS 71
00:00:04.797	WriteStatus:(PROGRESS 71)
00:00:04.797	Main:Token:MSG3 71%
00:00:04.797	WriteStatus:(MSG3 71%)
00:00:04.797	Main:Token:PROGRESS 73
00:00:04.797	WriteStatus:(PROGRESS 73)
00:00:04.797	Main:Token:MSG3 73%
00:00:04.797	WriteStatus:(MSG3 73%)
00:00:04.797	Main:Token:PROGRESS 76
00:00:04.797	WriteStatus:(PROGRESS 76)
00:00:04.797	Main:Token:MSG3 76%
00:00:04.797	WriteStatus:(MSG3 76%)
00:00:04.907	Main:Token:PROGRESS 78
00:00:04.907	WriteStatus:(PROGRESS 78)
00:00:04.907	Main:Token:MSG3 78%
00:00:04.907	WriteStatus:(MSG3 78%)
00:00:04.907	Main:Token:PROGRESS 80
00:00:04.907	WriteStatus:(PROGRESS 80)
00:00:04.907	Main:Token:MSG3 80%
00:00:04.907	WriteStatus:(MSG3 80%)
00:00:04.907	Main:Token:PROGRESS 83
00:00:04.907	WriteStatus:(PROGRESS 83)
00:00:04.907	Main:Token:MSG3 83%
00:00:04.907	WriteStatus:(MSG3 83%)
00:00:04.907	Main:Token:PROGRESS 85
00:00:04.907	WriteStatus:(PROGRESS 85)
00:00:04.907	Main:Token:MSG3 85%
00:00:04.907	WriteStatus:(MSG3 85%)
00:00:04.907	Main:Token:PROGRESS 88
00:00:04.907	WriteStatus:(PROGRESS 88)
00:00:04.907	Main:Token:MSG3 88%
00:00:04.907	WriteStatus:(MSG3 88%)
00:00:04.907	Main:Token:PROGRESS 90
00:00:04.907	WriteStatus:(PROGRESS 90)
00:00:04.907	Main:Token:MSG3 90%
00:00:04.907	WriteStatus:(MSG3 90%)
00:00:04.907	Main:Token:PROGRESS 92
00:00:04.907	WriteStatus:(PROGRESS 92)
00:00:04.907	Main:Token:MSG3 92%
00:00:04.907	WriteStatus:(MSG3 92%)
00:00:04.907	Main:Token:PROGRESS 95
00:00:04.907	WriteStatus:(PROGRESS 95)
00:00:04.907	Main:Token:MSG3 95%
00:00:04.907	WriteStatus:(MSG3 95%)
00:00:04.907	Main:Token:PROGRESS 97
00:00:04.907	WriteStatus:(PROGRESS 97)
00:00:04.907	Main:Token:MSG3 97%
00:00:04.907	WriteStatus:(MSG3 97%)
00:00:05.349	ProcessInput:Simulate complete 0
00:00:05.349	ProcessInput:InputProcessed
00:00:05.349	ProcessInput:InputProcessed
00:00:05.349	Main:Token:MSG10 HSPF Done
00:00:05.349	ProcessInput:InputProcessed
00:00:05.349	WriteStatus:(MSG10 HSPF Done)
00:00:05.349	Main:Token:MSG99 HSPF D
00:00:05.349	WriteStatus:(MSG99 HSPF D)
00:00:05.349	Main:Token:MSG7 File Status at before WDM closing in M_SIMSCN
00:00:05.349	WriteStatus:(MSG7 File Status at before WDM closing in M_SIMSCN)
00:00:05.349	Main:Token:MSG7   unit  25 file CCOSTAW2.wdm is open, access:DIRECT form:UNFORMATTED r/w:YES recl: 2048
00:00:05.349	WriteStatus:(MSG7   unit  25 file CCOSTAW2.wdm is open, access:DIRECT form:UNFORMATTED r/w:YES recl: 2048)
00:00:05.349	Main:Token:MSG7   unit  26 file ..\METdata.wdm is open, access:DIRECT form:UNFORMATTED r/w:YES recl: 2048
00:00:05.349	WriteStatus:(MSG7   unit  26 file ..\METdata.wdm is open, access:DIRECT form:UNFORMATTED r/w:YES recl: 2048)
00:00:05.349	Main:Token:MSG7   unit  99 file ERROR.FIL is open, access:SEQUENTIAL form:FORMATTED r/w:YES recl:   80
00:00:05.349	WriteStatus:(MSG7   unit  99 file ERROR.FIL is open, access:SEQUENTIAL form:FORMATTED r/w:YES recl:   80)
00:00:05.349	Main:Token:MSG7   unit 100 file c:\basins42\models\winhspf30\bin\hspfmsg.wdm is open, access:DIRECT form:UNFORMATTED r/w:NO recl: 2048
00:00:05.349	WriteStatus:(MSG7   unit 100 file c:\basins42\models\winhspf30\bin\hspfmsg.wdm is open, access:DIRECT form:UNFORMATTED r/w:NO recl: 2048)
00:00:05.349	Main:Token:MSG7 File Status at about to close           25
00:00:05.349	WriteStatus:(MSG7 File Status at about to close           25)
00:00:05.349	Main:Token:MSG7   unit  25 file CCOSTAW2.wdm is open, access:DIRECT form:UNFORMATTED r/w:YES recl: 2048
00:00:05.349	WriteStatus:(MSG7   unit  25 file CCOSTAW2.wdm is open, access:DIRECT form:UNFORMATTED r/w:YES recl: 2048)
00:00:05.349	Main:Token:MSG7   unit  26 file ..\METdata.wdm is open, access:DIRECT form:UNFORMATTED r/w:YES recl: 2048
00:00:05.349	WriteStatus:(MSG7   unit  26 file ..\METdata.wdm is open, access:DIRECT form:UNFORMATTED r/w:YES recl: 2048)
00:00:05.349	Main:Token:MSG7   unit  99 file ERROR.FIL is open, access:SEQUENTIAL form:FORMATTED r/w:YES recl:   80
00:00:05.349	WriteStatus:(MSG7   unit  99 file ERROR.FIL is open, access:SEQUENTIAL form:FORMATTED r/w:YES recl:   80)
00:00:05.349	Main:Token:MSG7   unit 100 file c:\basins42\models\winhspf30\bin\hspfmsg.wdm is open, access:DIRECT form:UNFORMATTED r/w:NO recl: 2048
00:00:05.349	WriteStatus:(MSG7   unit 100 file c:\basins42\models\winhspf30\bin\hspfmsg.wdm is open, access:DIRECT form:UNFORMATTED r/w:NO recl: 2048)
00:00:05.349	Main:Token:MSG7 File Status at after one WDM closing in M_SIMSCN
00:00:05.349	WriteStatus:(MSG7 File Status at after one WDM closing in M_SIMSCN)
00:00:05.349	Main:Token:MSG7   unit  26 file ..\METdata.wdm is open, access:DIRECT form:UNFORMATTED r/w:YES recl: 2048
00:00:05.349	WriteStatus:(MSG7   unit  26 file ..\METdata.wdm is open, access:DIRECT form:UNFORMATTED r/w:YES recl: 2048)
00:00:05.349	Main:Token:MSG7   unit  99 file ERROR.FIL is open, access:SEQUENTIAL form:FORMATTED r/w:YES recl:   80
00:00:05.349	WriteStatus:(MSG7   unit  99 file ERROR.FIL is open, access:SEQUENTIAL form:FORMATTED r/w:YES recl:   80)
00:00:05.349	Main:Token:MSG7   unit 100 file c:\basins42\models\winhspf30\bin\hspfmsg.wdm is open, access:DIRECT form:UNFORMATTED r/w:NO recl: 2048
00:00:05.349	WriteStatus:(MSG7   unit 100 file c:\basins42\models\winhspf30\bin\hspfmsg.wdm is open, access:DIRECT form:UNFORMATTED r/w:NO recl: 2048)
00:00:05.349	Main:Token:MSG7 File Status at about to close           26
00:00:05.349	WriteStatus:(MSG7 File Status at about to close           26)
00:00:05.349	Main:Token:MSG7   unit  26 file ..\METdata.wdm is open, access:DIRECT form:UNFORMATTED r/w:YES recl: 2048
00:00:05.349	WriteStatus:(MSG7   unit  26 file ..\METdata.wdm is open, access:DIRECT form:UNFORMATTED r/w:YES recl: 2048)
00:00:05.349	Main:Token:MSG7   unit  99 file ERROR.FIL is open, access:SEQUENTIAL form:FORMATTED r/w:YES recl:   80
00:00:05.349	WriteStatus:(MSG7   unit  99 file ERROR.FIL is open, access:SEQUENTIAL form:FORMATTED r/w:YES recl:   80)
00:00:05.349	Main:Token:MSG7   unit 100 file c:\basins42\models\winhspf30\bin\hspfmsg.wdm is open, access:DIRECT form:UNFORMATTED r/w:NO recl: 2048
00:00:05.349	WriteStatus:(MSG7   unit 100 file c:\basins42\models\winhspf30\bin\hspfmsg.wdm is open, access:DIRECT form:UNFORMATTED r/w:NO recl: 2048)
00:00:05.349	Main:Token:MSG7 File Status at after one WDM closing in M_SIMSCN
00:00:05.349	WriteStatus:(MSG7 File Status at after one WDM closing in M_SIMSCN)
00:00:05.349	Main:Token:MSG7   unit  99 file ERROR.FIL is open, access:SEQUENTIAL form:FORMATTED r/w:YES recl:   80
00:00:05.365	WriteStatus:(MSG7   unit  99 file ERROR.FIL is open, access:SEQUENTIAL form:FORMATTED r/w:YES recl:   80)
00:00:05.365	Main:Token:MSG7   unit 100 file c:\basins42\models\winhspf30\bin\hspfmsg.wdm is open, access:DIRECT form:UNFORMATTED r/w:NO recl: 2048
00:00:05.365	WriteStatus:(MSG7   unit 100 file c:\basins42\models\winhspf30\bin\hspfmsg.wdm is open, access:DIRECT form:UNFORMATTED r/w:NO recl: 2048)
00:00:05.365	Main:Token:MSG7 M_SIMSCN:back from HSPF with           0
00:00:05.365	WriteStatus:(MSG7 M_SIMSCN:back from HSPF with           0)
00:00:05.365	Main:Token:MSG7 File Status at at end of File Closing in M_SIMSCN
00:00:05.365	WriteStatus:(MSG7 File Status at at end of File Closing in M_SIMSCN)
00:00:05.365	Main:Token:MSG7   unit  99 file ERROR.FIL is open, access:SEQUENTIAL form:FORMATTED r/w:YES recl:   80
00:00:05.365	WriteStatus:(MSG7   unit  99 file ERROR.FIL is open, access:SEQUENTIAL form:FORMATTED r/w:YES recl:   80)
00:00:05.365	Main:Token:MSG7   unit 100 file c:\basins42\models\winhspf30\bin\hspfmsg.wdm is open, access:DIRECT form:UNFORMATTED r/w:NO recl: 2048
00:00:05.365	WriteStatus:(MSG7   unit 100 file c:\basins42\models\winhspf30\bin\hspfmsg.wdm is open, access:DIRECT form:UNFORMATTED r/w:NO recl: 2048)
00:00:07.366	InputCallback:Process 6 bytes
00:00:07.366	ProcessInput:EXIT
00:00:07.366	WriteStatus:(EXIT)
00:00:07.366	ProcessInput:InputProcessed
