00:00:00.015	Main:StartToFile 2017-04-08 03:34:15
00:00:00.031	Main:HSPF:entry: ("c:\basins42\models\winhspf30\bin\hspfenginenet.exe" 8428)
00:00:00.046	Main:ProcessDetails HspfEngineNet
00:00:00.046	Main: Parent WinHSPF
00:00:00.062	Main:CreatePipes 872 876
00:00:00.078	Main:Token:MSG7 In M_SPIPH    0  876
00:00:00.640	InputCallback:Process 9 bytes
00:00:00.640	ProcessInput:MONITOR
00:00:00.640	ProcessInput:HSPF:F90_WDBOPN:entry (c:\basins42\models\winhspf30\bin\hspfmsg.wdm, 44)
00:00:00.655	ProcessInput:HSPF:F90_WDBOPN:exit  (100)
00:00:00.671	FindFile:Finding file: statusMonitor.exe
00:00:00.702	FindFile:Found file: c:\basins42\models\winhspf30\bin\statusmonitor.exe
00:00:00.780	Status:MonitorLaunched
00:00:00.780	WriteStatus:(Progress Percent Off)
00:00:00.780	ProcessInput:InputProcessed
00:00:00.780	InputCallback:Process 29 bytes
00:00:00.780	ProcessInput:W99OPN
00:00:00.780	ProcessInput:DBG F90_W99OPN
00:00:00.780	ProcessInput:InputProcessed
00:00:00.780	ProcessInput:ACTIVATE SOLANOW -1
00:00:00.780	ProcessInput:DBG F90_ACTSCN(-1, 0, 100, 0, SOLANOW, 7
00:00:00.858	ProcessInput:Activate complete 0

00:00:00.858	ProcessInput:InputProcessed
00:00:00.858	Main:Token:MSG7 File Status at begin activate
00:00:00.858	WriteStatus:(MSG7 File Status at begin activate)
00:00:00.858	Main:Token:MSG7   unit  99 file ERROR.FIL is open, access:SEQUENTIAL form:FORMATTED r/w:YES recl:   80
00:00:00.858	WriteStatus:(MSG7   unit  99 file ERROR.FIL is open, access:SEQUENTIAL form:FORMATTED r/w:YES recl:   80)
00:00:00.858	Main:Token:MSG7   unit 100 file c:\basins42\models\winhspf30\bin\hspfmsg.wdm is open, access:DIRECT form:UNFORMATTED r/w:NO recl: 2048
00:00:00.858	WriteStatus:(MSG7   unit 100 file c:\basins42\models\winhspf30\bin\hspfmsg.wdm is open, access:DIRECT form:UNFORMATTED r/w:NO recl: 2048)
00:00:00.858	Main:Token:MSG7 M_ACTSCN:entry:SOLANOW           0         100
00:00:00.858	WriteStatus:(MSG7 M_ACTSCN:entry:SOLANOW           0         100)
00:00:00.858	Main:Token:MSG7  M_ACTSCN:MSGFL:100 c:\basins42\models\winhspf30\bin\hspfmsg.wdm
00:00:00.858	WriteStatus:(MSG7  M_ACTSCN:MSGFL:100 c:\basins42\models\winhspf30\bin\hspfmsg.wdm)
00:00:00.858	Main:Token:MSG7  M_ACTSCN:UCIFL: 10 SOLANOW.UCI
00:00:00.858	WriteStatus:(MSG7  M_ACTSCN:UCIFL: 10 SOLANOW.UCI)
00:00:00.858	Main:Token:MSG7 M_ACTSCN:about to call FILSET
00:00:00.858	WriteStatus:(MSG7 M_ACTSCN:about to call FILSET)
00:00:00.858	Main:Token:MSG7 M_ACTSCN:back from FILSET           0
00:00:00.858	WriteStatus:(MSG7 M_ACTSCN:back from FILSET           0)
00:00:00.858	Main:Token:MSG7  M_ACTSCN:WDMFL: 25 SOLANOW.wdm
00:00:00.858	WriteStatus:(MSG7  M_ACTSCN:WDMFL: 25 SOLANOW.wdm)
00:00:00.858	Main:Token:MSG7  M_ACTSCN:WDMFL: 26 ..\METdata.wdm
00:00:00.858	WriteStatus:(MSG7  M_ACTSCN:WDMFL: 26 ..\METdata.wdm)
00:00:00.858	Main:Token:MSG7  M_ACTSCN:ECHFL: 24 SOLANOW.ech
00:00:00.858	WriteStatus:(MSG7  M_ACTSCN:ECHFL: 24 SOLANOW.ech)
00:00:00.858	Main:Token:MSG7 M_ACTSCN:skip INTERP
00:00:00.858	WriteStatus:(MSG7 M_ACTSCN:skip INTERP)
00:00:00.858	Main:Token:MSG7 File Status at before File Closing in M_ACTSCN
00:00:00.858	WriteStatus:(MSG7 File Status at before File Closing in M_ACTSCN)
00:00:00.858	Main:Token:MSG7   unit  24 file SOLANOW.ech is open, access:SEQUENTIAL form:FORMATTED r/w:YES recl:   80
00:00:00.858	WriteStatus:(MSG7   unit  24 file SOLANOW.ech is open, access:SEQUENTIAL form:FORMATTED r/w:YES recl:   80)
00:00:00.858	Main:Token:MSG7   unit  25 file SOLANOW.wdm is open, access:DIRECT form:UNFORMATTED r/w:YES recl: 2048
00:00:00.874	WriteStatus:(MSG7   unit  25 file SOLANOW.wdm is open, access:DIRECT form:UNFORMATTED r/w:YES recl: 2048)
00:00:00.874	Main:Token:MSG7   unit  26 file ..\METdata.wdm is open, access:DIRECT form:UNFORMATTED r/w:YES recl: 2048
00:00:00.874	WriteStatus:(MSG7   unit  26 file ..\METdata.wdm is open, access:DIRECT form:UNFORMATTED r/w:YES recl: 2048)
00:00:00.874	Main:Token:MSG7   unit  91 file SOLANOW.out is open, access:SEQUENTIAL form:FORMATTED r/w:YES recl:   80
00:00:00.874	WriteStatus:(MSG7   unit  91 file SOLANOW.out is open, access:SEQUENTIAL form:FORMATTED r/w:YES recl:   80)
00:00:00.874	Main:Token:MSG7   unit  92 file SOLANOW.hbn is open, access:SEQUENTIAL form:UNFORMATTED r/w:YES recl:   80
00:00:00.874	WriteStatus:(MSG7   unit  92 file SOLANOW.hbn is open, access:SEQUENTIAL form:UNFORMATTED r/w:YES recl:   80)
00:00:00.874	Main:Token:MSG7   unit  99 file ERROR.FIL is open, access:SEQUENTIAL form:FORMATTED r/w:YES recl:   80
00:00:00.874	WriteStatus:(MSG7   unit  99 file ERROR.FIL is open, access:SEQUENTIAL form:FORMATTED r/w:YES recl:   80)
00:00:00.874	Main:Token:MSG7   unit 100 file c:\basins42\models\winhspf30\bin\hspfmsg.wdm is open, access:DIRECT form:UNFORMATTED r/w:NO recl: 2048
00:00:00.874	WriteStatus:(MSG7   unit 100 file c:\basins42\models\winhspf30\bin\hspfmsg.wdm is open, access:DIRECT form:UNFORMATTED r/w:NO recl: 2048)
00:00:00.874	Main:Token:MSG99 
00:00:00.874	WriteStatus:(MSG99 )
00:00:00.874	Main:Token:MSG7 File Status at before WDM closing in M_ACTSCN
00:00:00.874	WriteStatus:(MSG7 File Status at before WDM closing in M_ACTSCN)
00:00:00.874	Main:Token:MSG7   unit  25 file SOLANOW.wdm is open, access:DIRECT form:UNFORMATTED r/w:YES recl: 2048
00:00:00.874	WriteStatus:(MSG7   unit  25 file SOLANOW.wdm is open, access:DIRECT form:UNFORMATTED r/w:YES recl: 2048)
00:00:00.874	Main:Token:MSG7   unit  26 file ..\METdata.wdm is open, access:DIRECT form:UNFORMATTED r/w:YES recl: 2048
00:00:00.874	WriteStatus:(MSG7   unit  26 file ..\METdata.wdm is open, access:DIRECT form:UNFORMATTED r/w:YES recl: 2048)
00:00:00.874	Main:Token:MSG7   unit  99 file ERROR.FIL is open, access:SEQUENTIAL form:FORMATTED r/w:YES recl:   80
00:00:00.874	WriteStatus:(MSG7   unit  99 file ERROR.FIL is open, access:SEQUENTIAL form:FORMATTED r/w:YES recl:   80)
00:00:00.874	Main:Token:MSG7   unit 100 file c:\basins42\models\winhspf30\bin\hspfmsg.wdm is open, access:DIRECT form:UNFORMATTED r/w:NO recl: 2048
00:00:00.874	WriteStatus:(MSG7   unit 100 file c:\basins42\models\winhspf30\bin\hspfmsg.wdm is open, access:DIRECT form:UNFORMATTED r/w:NO recl: 2048)
00:00:00.874	Main:Token:MSG7 File Status at about to close           25
00:00:00.874	WriteStatus:(MSG7 File Status at about to close           25)
00:00:00.874	Main:Token:MSG7   unit  25 file SOLANOW.wdm is open, access:DIRECT form:UNFORMATTED r/w:YES recl: 2048
00:00:00.874	WriteStatus:(MSG7   unit  25 file SOLANOW.wdm is open, access:DIRECT form:UNFORMATTED r/w:YES recl: 2048)
00:00:00.874	Main:Token:MSG7   unit  26 file ..\METdata.wdm is open, access:DIRECT form:UNFORMATTED r/w:YES recl: 2048
00:00:00.874	WriteStatus:(MSG7   unit  26 file ..\METdata.wdm is open, access:DIRECT form:UNFORMATTED r/w:YES recl: 2048)
00:00:00.874	Main:Token:MSG7   unit  99 file ERROR.FIL is open, access:SEQUENTIAL form:FORMATTED r/w:YES recl:   80
00:00:00.874	WriteStatus:(MSG7   unit  99 file ERROR.FIL is open, access:SEQUENTIAL form:FORMATTED r/w:YES recl:   80)
00:00:00.874	Main:Token:MSG7   unit 100 file c:\basins42\models\winhspf30\bin\hspfmsg.wdm is open, access:DIRECT form:UNFORMATTED r/w:NO recl: 2048
00:00:00.874	WriteStatus:(MSG7   unit 100 file c:\basins42\models\winhspf30\bin\hspfmsg.wdm is open, access:DIRECT form:UNFORMATTED r/w:NO recl: 2048)
00:00:00.874	Main:Token:MSG7 File Status at after one WDM closing in M_ACTSCN
00:00:00.874	WriteStatus:(MSG7 File Status at after one WDM closing in M_ACTSCN)
00:00:00.874	Main:Token:MSG7   unit  26 file ..\METdata.wdm is open, access:DIRECT form:UNFORMATTED r/w:YES recl: 2048
00:00:00.874	WriteStatus:(MSG7   unit  26 file ..\METdata.wdm is open, access:DIRECT form:UNFORMATTED r/w:YES recl: 2048)
00:00:00.874	Main:Token:MSG7   unit  99 file ERROR.FIL is open, access:SEQUENTIAL form:FORMATTED r/w:YES recl:   80
00:00:00.874	WriteStatus:(MSG7   unit  99 file ERROR.FIL is open, access:SEQUENTIAL form:FORMATTED r/w:YES recl:   80)
00:00:00.874	Main:Token:MSG7   unit 100 file c:\basins42\models\winhspf30\bin\hspfmsg.wdm is open, access:DIRECT form:UNFORMATTED r/w:NO recl: 2048
00:00:00.874	WriteStatus:(MSG7   unit 100 file c:\basins42\models\winhspf30\bin\hspfmsg.wdm is open, access:DIRECT form:UNFORMATTED r/w:NO recl: 2048)
00:00:00.874	Main:Token:MSG7 File Status at about to close           26
00:00:00.874	WriteStatus:(MSG7 File Status at about to close           26)
00:00:00.874	Main:Token:MSG7   unit  26 file ..\METdata.wdm is open, access:DIRECT form:UNFORMATTED r/w:YES recl: 2048
00:00:00.874	WriteStatus:(MSG7   unit  26 file ..\METdata.wdm is open, access:DIRECT form:UNFORMATTED r/w:YES recl: 2048)
00:00:00.874	Main:Token:MSG7   unit  99 file ERROR.FIL is open, access:SEQUENTIAL form:FORMATTED r/w:YES recl:   80
00:00:00.874	WriteStatus:(MSG7   unit  99 file ERROR.FIL is open, access:SEQUENTIAL form:FORMATTED r/w:YES recl:   80)
00:00:00.874	Main:Token:MSG7   unit 100 file c:\basins42\models\winhspf30\bin\hspfmsg.wdm is open, access:DIRECT form:UNFORMATTED r/w:NO recl: 2048
00:00:00.874	WriteStatus:(MSG7   unit 100 file c:\basins42\models\winhspf30\bin\hspfmsg.wdm is open, access:DIRECT form:UNFORMATTED r/w:NO recl: 2048)
00:00:00.874	Main:Token:MSG7 File Status at after one WDM closing in M_ACTSCN
00:00:00.874	WriteStatus:(MSG7 File Status at after one WDM closing in M_ACTSCN)
00:00:00.874	Main:Token:MSG7   unit  99 file ERROR.FIL is open, access:SEQUENTIAL form:FORMATTED r/w:YES recl:   80
00:00:00.874	WriteStatus:(MSG7   unit  99 file ERROR.FIL is open, access:SEQUENTIAL form:FORMATTED r/w:YES recl:   80)
00:00:00.889	Main:Token:MSG7   unit 100 file c:\basins42\models\winhspf30\bin\hspfmsg.wdm is open, access:DIRECT form:UNFORMATTED r/w:NO recl: 2048
00:00:00.889	WriteStatus:(MSG7   unit 100 file c:\basins42\models\winhspf30\bin\hspfmsg.wdm is open, access:DIRECT form:UNFORMATTED r/w:NO recl: 2048)
00:00:00.889	Main:Token:MSG7 File Status at at end of File Closing in M_ACTSCN
00:00:00.889	WriteStatus:(MSG7 File Status at at end of File Closing in M_ACTSCN)
00:00:00.889	Main:Token:MSG7   unit  99 file ERROR.FIL is open, access:SEQUENTIAL form:FORMATTED r/w:YES recl:   80
00:00:00.889	WriteStatus:(MSG7   unit  99 file ERROR.FIL is open, access:SEQUENTIAL form:FORMATTED r/w:YES recl:   80)
00:00:00.889	Main:Token:MSG7   unit 100 file c:\basins42\models\winhspf30\bin\hspfmsg.wdm is open, access:DIRECT form:UNFORMATTED r/w:NO recl: 2048
00:00:00.889	WriteStatus:(MSG7   unit 100 file c:\basins42\models\winhspf30\bin\hspfmsg.wdm is open, access:DIRECT form:UNFORMATTED r/w:NO recl: 2048)
00:00:00.889	Main:Token:MSG7 M_ACTSCN:exit            0
00:00:00.889	WriteStatus:(MSG7 M_ACTSCN:exit            0)
00:00:00.889	Main:Token:MSG7 File Status at after activate, retcod:0 i:-1

00:00:00.889	WriteStatus:MSG7 File Status at after activate, retcod:0 i:-1

00:00:00.889	Main:Token:MSG7   unit  99 file ERROR.FIL is open, access:SEQUENTIAL form:FORMATTED r/w:YES recl:   80
00:00:00.889	WriteStatus:(MSG7   unit  99 file ERROR.FIL is open, access:SEQUENTIAL form:FORMATTED r/w:YES recl:   80)
00:00:00.889	Main:Token:MSG7   unit 100 file c:\basins42\models\winhspf30\bin\hspfmsg.wdm is open, access:DIRECT form:UNFORMATTED r/w:NO recl: 2048
00:00:00.889	WriteStatus:(MSG7   unit 100 file c:\basins42\models\winhspf30\bin\hspfmsg.wdm is open, access:DIRECT form:UNFORMATTED r/w:NO recl: 2048)
00:00:02.870	InputCallback:Process 10 bytes
00:00:02.870	ProcessInput:SIMULATE
00:00:02.870	ProcessInput:DBG F90_SIMSCN
00:00:02.979	Main:Token:MSG7 M_SIMSCN:entry:SOLANOW.ech
00:00:02.979	WriteStatus:(MSG7 M_SIMSCN:entry:SOLANOW.ech)
00:00:02.979	Main:Token:MSG7 File Status at before FILSET in M_SIMSCN
00:00:02.979	WriteStatus:(MSG7 File Status at before FILSET in M_SIMSCN)
00:00:02.979	Main:Token:MSG7   unit  99 file ERROR.FIL is open, access:SEQUENTIAL form:FORMATTED r/w:YES recl:   80
00:00:02.979	WriteStatus:(MSG7   unit  99 file ERROR.FIL is open, access:SEQUENTIAL form:FORMATTED r/w:YES recl:   80)
00:00:02.979	Main:Token:MSG7   unit 100 file c:\basins42\models\winhspf30\bin\hspfmsg.wdm is open, access:DIRECT form:UNFORMATTED r/w:NO recl: 2048
00:00:02.979	WriteStatus:(MSG7   unit 100 file c:\basins42\models\winhspf30\bin\hspfmsg.wdm is open, access:DIRECT form:UNFORMATTED r/w:NO recl: 2048)
00:00:02.979	Main:Token:MSG7 M_SIMSCN:about to call FILSET         100          10           0           0           0           0
00:00:02.979	WriteStatus:(MSG7 M_SIMSCN:about to call FILSET         100          10           0           0           0           0)
00:00:02.979	Main:Token:MSG7 File Status at at end of FilSet in M_SIMSCN
00:00:02.979	WriteStatus:(MSG7 File Status at at end of FilSet in M_SIMSCN)
00:00:02.979	Main:Token:MSG7   unit  24 file SOLANOW.ech is open, access:SEQUENTIAL form:FORMATTED r/w:YES recl:   80
00:00:02.979	WriteStatus:(MSG7   unit  24 file SOLANOW.ech is open, access:SEQUENTIAL form:FORMATTED r/w:YES recl:   80)
00:00:02.979	Main:Token:MSG7   unit  25 file SOLANOW.wdm is open, access:DIRECT form:UNFORMATTED r/w:YES recl: 2048
00:00:02.979	WriteStatus:(MSG7   unit  25 file SOLANOW.wdm is open, access:DIRECT form:UNFORMATTED r/w:YES recl: 2048)
00:00:02.979	Main:Token:MSG7   unit  26 file ..\METdata.wdm is open, access:DIRECT form:UNFORMATTED r/w:YES recl: 2048
00:00:02.979	WriteStatus:(MSG7   unit  26 file ..\METdata.wdm is open, access:DIRECT form:UNFORMATTED r/w:YES recl: 2048)
00:00:02.979	Main:Token:MSG7   unit  91 file SOLANOW.out is open, access:SEQUENTIAL form:FORMATTED r/w:YES recl:   80
00:00:02.979	WriteStatus:(MSG7   unit  91 file SOLANOW.out is open, access:SEQUENTIAL form:FORMATTED r/w:YES recl:   80)
00:00:02.979	Main:Token:MSG7   unit  92 file SOLANOW.hbn is open, access:SEQUENTIAL form:UNFORMATTED r/w:YES recl:   80
00:00:02.995	WriteStatus:(MSG7   unit  92 file SOLANOW.hbn is open, access:SEQUENTIAL form:UNFORMATTED r/w:YES recl:   80)
00:00:02.995	Main:Token:MSG7   unit  99 file ERROR.FIL is open, access:SEQUENTIAL form:FORMATTED r/w:YES recl:   80
00:00:02.995	WriteStatus:(MSG7   unit  99 file ERROR.FIL is open, access:SEQUENTIAL form:FORMATTED r/w:YES recl:   80)
00:00:02.995	Main:Token:MSG7   unit 100 file c:\basins42\models\winhspf30\bin\hspfmsg.wdm is open, access:DIRECT form:UNFORMATTED r/w:NO recl: 2048
00:00:02.995	WriteStatus:(MSG7   unit 100 file c:\basins42\models\winhspf30\bin\hspfmsg.wdm is open, access:DIRECT form:UNFORMATTED r/w:NO recl: 2048)
00:00:02.995	Main:Token:MSG7 M_SIMSCN:about to call HSPF          24           0           0           0           0           0           0           0           0           0          25          26           0           0         100
00:00:02.995	WriteStatus:(MSG7 M_SIMSCN:about to call HSPF          24           0           0           0           0           0           0           0           0           0          25          26           0           0         100)
00:00:02.995	Main:Token:MSG10 HSPF
00:00:02.995	WriteStatus:(MSG10 HSPF)
00:00:02.995	Main:Token:MSG1  Processing a RUN data set from user's input file.
00:00:02.995	WriteStatus:(MSG1  Processing a RUN data set from user's input file.)
00:00:02.995	Main:Token:MSG2 GLOBAL
00:00:02.995	WriteStatus:(MSG2 GLOBAL)
00:00:02.995	Main:Token:MSG2 OPN SEQUENCE
00:00:02.995	WriteStatus:(MSG2 OPN SEQUENCE)
00:00:02.995	Main:Token:MSG2 FTABLES
00:00:02.995	WriteStatus:(MSG2 FTABLES)
00:00:02.995	Main:Token:MSG2 MASS-LINK
00:00:02.995	WriteStatus:(MSG2 MASS-LINK)
00:00:02.995	Main:Token:MSG3 
00:00:02.995	WriteStatus:(MSG3 )
00:00:02.995	Main:Token:MSG4 
00:00:02.995	WriteStatus:(MSG4 )
00:00:02.995	Main:Token:MSG2 PERLND
00:00:02.995	WriteStatus:(MSG2 PERLND)
00:00:02.995	Main:Token:MSG3    101
00:00:02.995	WriteStatus:(MSG3    101)
00:00:02.995	Main:Token:MSG4 ACTIVITY
00:00:02.995	WriteStatus:(MSG4 ACTIVITY)
00:00:02.995	Main:Token:MSG4 PRINT-INFO
00:00:02.995	WriteStatus:(MSG4 PRINT-INFO)
00:00:02.995	Main:Token:MSG4 BINARY-INFO
00:00:02.995	WriteStatus:(MSG4 BINARY-INFO)
00:00:03.011	Main:Token:MSG4 GEN-INFO
00:00:03.011	WriteStatus:(MSG4 GEN-INFO)
00:00:03.011	Main:Token:MSG4 PWAT-PARM1
00:00:03.011	WriteStatus:(MSG4 PWAT-PARM1)
00:00:03.011	Main:Token:MSG4 PWAT-PARM2
00:00:03.011	WriteStatus:(MSG4 PWAT-PARM2)
00:00:03.011	Main:Token:MSG4 PWAT-PARM3
00:00:03.011	WriteStatus:(MSG4 PWAT-PARM3)
00:00:03.011	Main:Token:MSG4 PWAT-PARM4
00:00:03.011	WriteStatus:(MSG4 PWAT-PARM4)
00:00:03.011	Main:Token:MSG4 PWAT-PARM5
00:00:03.011	WriteStatus:(MSG4 PWAT-PARM5)
00:00:03.011	Main:Token:MSG4 MON-INTERCEP
00:00:03.011	WriteStatus:(MSG4 MON-INTERCEP)
00:00:03.011	Main:Token:MSG4 MON-LZETPARM
00:00:03.011	WriteStatus:(MSG4 MON-LZETPARM)
00:00:03.011	Main:Token:MSG4 PWAT-STATE1
00:00:03.011	WriteStatus:(MSG4 PWAT-STATE1)
00:00:03.011	Main:Token:MSG4 SED-PARM1
00:00:03.011	WriteStatus:(MSG4 SED-PARM1)
00:00:03.011	Main:Token:MSG4 SED-PARM2
00:00:03.011	WriteStatus:(MSG4 SED-PARM2)
00:00:03.011	Main:Token:MSG4 SED-PARM3
00:00:03.011	WriteStatus:(MSG4 SED-PARM3)
00:00:03.011	Main:Token:MSG4 MON-COVER
00:00:03.011	WriteStatus:(MSG4 MON-COVER)
00:00:03.011	Main:Token:MSG4 SED-STOR
00:00:03.011	WriteStatus:(MSG4 SED-STOR)
00:00:03.011	Main:Token:MSG3    102
00:00:03.011	WriteStatus:(MSG3    102)
00:00:03.011	Main:Token:MSG4 ACTIVITY
00:00:03.011	WriteStatus:(MSG4 ACTIVITY)
00:00:03.011	Main:Token:MSG4 PRINT-INFO
00:00:03.011	WriteStatus:(MSG4 PRINT-INFO)
00:00:03.011	Main:Token:MSG4 BINARY-INFO
00:00:03.011	WriteStatus:(MSG4 BINARY-INFO)
00:00:03.011	Main:Token:MSG4 GEN-INFO
00:00:03.011	WriteStatus:(MSG4 GEN-INFO)
00:00:03.011	Main:Token:MSG4 PWAT-PARM1
00:00:03.011	WriteStatus:(MSG4 PWAT-PARM1)
00:00:03.011	Main:Token:MSG4 PWAT-PARM2
00:00:03.011	WriteStatus:(MSG4 PWAT-PARM2)
00:00:03.011	Main:Token:MSG4 PWAT-PARM3
00:00:03.026	WriteStatus:(MSG4 PWAT-PARM3)
00:00:03.026	Main:Token:MSG4 PWAT-PARM4
00:00:03.026	WriteStatus:(MSG4 PWAT-PARM4)
00:00:03.026	Main:Token:MSG4 PWAT-PARM5
00:00:03.026	WriteStatus:(MSG4 PWAT-PARM5)
00:00:03.026	Main:Token:MSG4 MON-INTERCEP
00:00:03.026	WriteStatus:(MSG4 MON-INTERCEP)
00:00:03.026	Main:Token:MSG4 MON-LZETPARM
00:00:03.026	WriteStatus:(MSG4 MON-LZETPARM)
00:00:03.026	Main:Token:MSG4 PWAT-STATE1
00:00:03.026	WriteStatus:(MSG4 PWAT-STATE1)
00:00:03.026	Main:Token:MSG4 SED-PARM1
00:00:03.026	WriteStatus:(MSG4 SED-PARM1)
00:00:03.026	Main:Token:MSG4 SED-PARM2
00:00:03.026	WriteStatus:(MSG4 SED-PARM2)
00:00:03.026	Main:Token:MSG4 SED-PARM3
00:00:03.026	WriteStatus:(MSG4 SED-PARM3)
00:00:03.026	Main:Token:MSG4 MON-COVER
00:00:03.026	WriteStatus:(MSG4 MON-COVER)
00:00:03.026	Main:Token:MSG4 SED-STOR
00:00:03.026	WriteStatus:(MSG4 SED-STOR)
00:00:03.026	Main:Token:MSG3    103
00:00:03.026	WriteStatus:(MSG3    103)
00:00:03.026	Main:Token:MSG4 ACTIVITY
00:00:03.026	WriteStatus:(MSG4 ACTIVITY)
00:00:03.026	Main:Token:MSG4 PRINT-INFO
00:00:03.026	WriteStatus:(MSG4 PRINT-INFO)
00:00:03.026	Main:Token:MSG4 BINARY-INFO
00:00:03.026	WriteStatus:(MSG4 BINARY-INFO)
00:00:03.026	Main:Token:MSG4 GEN-INFO
00:00:03.026	WriteStatus:(MSG4 GEN-INFO)
00:00:03.026	Main:Token:MSG4 PWAT-PARM1
00:00:03.026	WriteStatus:(MSG4 PWAT-PARM1)
00:00:03.026	Main:Token:MSG4 PWAT-PARM2
00:00:03.026	WriteStatus:(MSG4 PWAT-PARM2)
00:00:03.026	Main:Token:MSG4 PWAT-PARM3
00:00:03.042	WriteStatus:(MSG4 PWAT-PARM3)
00:00:03.042	Main:Token:MSG4 PWAT-PARM4
00:00:03.042	WriteStatus:(MSG4 PWAT-PARM4)
00:00:03.042	Main:Token:MSG4 PWAT-PARM5
00:00:03.042	WriteStatus:(MSG4 PWAT-PARM5)
00:00:03.042	Main:Token:MSG4 MON-INTERCEP
00:00:03.042	WriteStatus:(MSG4 MON-INTERCEP)
00:00:03.042	Main:Token:MSG4 MON-LZETPARM
00:00:03.042	WriteStatus:(MSG4 MON-LZETPARM)
00:00:03.042	Main:Token:MSG4 PWAT-STATE1
00:00:03.042	WriteStatus:(MSG4 PWAT-STATE1)
00:00:03.042	Main:Token:MSG4 SED-PARM1
00:00:03.042	WriteStatus:(MSG4 SED-PARM1)
00:00:03.042	Main:Token:MSG4 SED-PARM2
00:00:03.042	WriteStatus:(MSG4 SED-PARM2)
00:00:03.042	Main:Token:MSG4 SED-PARM3
00:00:03.042	WriteStatus:(MSG4 SED-PARM3)
00:00:03.042	Main:Token:MSG4 MON-COVER
00:00:03.042	WriteStatus:(MSG4 MON-COVER)
00:00:03.042	Main:Token:MSG4 SED-STOR
00:00:03.042	WriteStatus:(MSG4 SED-STOR)
00:00:03.042	Main:Token:MSG3    104
00:00:03.042	WriteStatus:(MSG3    104)
00:00:03.042	Main:Token:MSG4 ACTIVITY
00:00:03.042	WriteStatus:(MSG4 ACTIVITY)
00:00:03.042	Main:Token:MSG4 PRINT-INFO
00:00:03.042	WriteStatus:(MSG4 PRINT-INFO)
00:00:03.042	Main:Token:MSG4 BINARY-INFO
00:00:03.042	WriteStatus:(MSG4 BINARY-INFO)
00:00:03.042	Main:Token:MSG4 GEN-INFO
00:00:03.042	WriteStatus:(MSG4 GEN-INFO)
00:00:03.042	Main:Token:MSG4 PWAT-PARM1
00:00:03.042	WriteStatus:(MSG4 PWAT-PARM1)
00:00:03.042	Main:Token:MSG4 PWAT-PARM2
00:00:03.042	WriteStatus:(MSG4 PWAT-PARM2)
00:00:03.042	Main:Token:MSG4 PWAT-PARM3
00:00:03.042	WriteStatus:(MSG4 PWAT-PARM3)
00:00:03.042	Main:Token:MSG4 PWAT-PARM4
00:00:03.042	WriteStatus:(MSG4 PWAT-PARM4)
00:00:03.042	Main:Token:MSG4 PWAT-PARM5
00:00:03.042	WriteStatus:(MSG4 PWAT-PARM5)
00:00:03.042	Main:Token:MSG4 MON-INTERCEP
00:00:03.042	WriteStatus:(MSG4 MON-INTERCEP)
00:00:03.042	Main:Token:MSG4 MON-LZETPARM
00:00:03.042	WriteStatus:(MSG4 MON-LZETPARM)
00:00:03.042	Main:Token:MSG4 PWAT-STATE1
00:00:03.042	WriteStatus:(MSG4 PWAT-STATE1)
00:00:03.042	Main:Token:MSG4 SED-PARM1
00:00:03.058	WriteStatus:(MSG4 SED-PARM1)
00:00:03.058	Main:Token:MSG4 SED-PARM2
00:00:03.058	WriteStatus:(MSG4 SED-PARM2)
00:00:03.058	Main:Token:MSG4 SED-PARM3
00:00:03.058	WriteStatus:(MSG4 SED-PARM3)
00:00:03.058	Main:Token:MSG4 MON-COVER
00:00:03.058	WriteStatus:(MSG4 MON-COVER)
00:00:03.058	Main:Token:MSG4 SED-STOR
00:00:03.058	WriteStatus:(MSG4 SED-STOR)
00:00:03.058	Main:Token:MSG3    105
00:00:03.058	WriteStatus:(MSG3    105)
00:00:03.058	Main:Token:MSG4 ACTIVITY
00:00:03.058	WriteStatus:(MSG4 ACTIVITY)
00:00:03.058	Main:Token:MSG4 PRINT-INFO
00:00:03.058	WriteStatus:(MSG4 PRINT-INFO)
00:00:03.058	Main:Token:MSG4 BINARY-INFO
00:00:03.058	WriteStatus:(MSG4 BINARY-INFO)
00:00:03.058	Main:Token:MSG4 GEN-INFO
00:00:03.058	WriteStatus:(MSG4 GEN-INFO)
00:00:03.058	Main:Token:MSG4 PWAT-PARM1
00:00:03.058	WriteStatus:(MSG4 PWAT-PARM1)
00:00:03.058	Main:Token:MSG4 PWAT-PARM2
00:00:03.058	WriteStatus:(MSG4 PWAT-PARM2)
00:00:03.058	Main:Token:MSG4 PWAT-PARM3
00:00:03.058	WriteStatus:(MSG4 PWAT-PARM3)
00:00:03.058	Main:Token:MSG4 PWAT-PARM4
00:00:03.058	WriteStatus:(MSG4 PWAT-PARM4)
00:00:03.058	Main:Token:MSG4 PWAT-PARM5
00:00:03.058	WriteStatus:(MSG4 PWAT-PARM5)
00:00:03.058	Main:Token:MSG4 MON-INTERCEP
00:00:03.058	WriteStatus:(MSG4 MON-INTERCEP)
00:00:03.058	Main:Token:MSG4 MON-LZETPARM
00:00:03.058	WriteStatus:(MSG4 MON-LZETPARM)
00:00:03.058	Main:Token:MSG4 PWAT-STATE1
00:00:03.058	WriteStatus:(MSG4 PWAT-STATE1)
00:00:03.058	Main:Token:MSG4 SED-PARM1
00:00:03.058	WriteStatus:(MSG4 SED-PARM1)
00:00:03.058	Main:Token:MSG4 SED-PARM2
00:00:03.058	WriteStatus:(MSG4 SED-PARM2)
00:00:03.058	Main:Token:MSG4 SED-PARM3
00:00:03.058	WriteStatus:(MSG4 SED-PARM3)
00:00:03.058	Main:Token:MSG4 MON-COVER
00:00:03.058	WriteStatus:(MSG4 MON-COVER)
00:00:03.058	Main:Token:MSG4 SED-STOR
00:00:03.058	WriteStatus:(MSG4 SED-STOR)
00:00:03.058	Main:Token:MSG3    201
00:00:03.058	WriteStatus:(MSG3    201)
00:00:03.073	Main:Token:MSG4 ACTIVITY
00:00:03.073	WriteStatus:(MSG4 ACTIVITY)
00:00:03.073	Main:Token:MSG4 PRINT-INFO
00:00:03.073	WriteStatus:(MSG4 PRINT-INFO)
00:00:03.073	Main:Token:MSG4 BINARY-INFO
00:00:03.073	WriteStatus:(MSG4 BINARY-INFO)
00:00:03.073	Main:Token:MSG4 GEN-INFO
00:00:03.073	WriteStatus:(MSG4 GEN-INFO)
00:00:03.073	Main:Token:MSG4 PWAT-PARM1
00:00:03.073	WriteStatus:(MSG4 PWAT-PARM1)
00:00:03.073	Main:Token:MSG4 PWAT-PARM2
00:00:03.073	WriteStatus:(MSG4 PWAT-PARM2)
00:00:03.073	Main:Token:MSG4 PWAT-PARM3
00:00:03.073	WriteStatus:(MSG4 PWAT-PARM3)
00:00:03.073	Main:Token:MSG4 PWAT-PARM4
00:00:03.073	WriteStatus:(MSG4 PWAT-PARM4)
00:00:03.073	Main:Token:MSG4 PWAT-PARM5
00:00:03.073	WriteStatus:(MSG4 PWAT-PARM5)
00:00:03.073	Main:Token:MSG4 MON-INTERCEP
00:00:03.073	WriteStatus:(MSG4 MON-INTERCEP)
00:00:03.073	Main:Token:MSG4 MON-LZETPARM
00:00:03.073	WriteStatus:(MSG4 MON-LZETPARM)
00:00:03.073	Main:Token:MSG4 PWAT-STATE1
00:00:03.073	WriteStatus:(MSG4 PWAT-STATE1)
00:00:03.073	Main:Token:MSG4 SED-PARM1
00:00:03.073	WriteStatus:(MSG4 SED-PARM1)
00:00:03.073	Main:Token:MSG4 SED-PARM2
00:00:03.073	WriteStatus:(MSG4 SED-PARM2)
00:00:03.073	Main:Token:MSG4 SED-PARM3
00:00:03.073	WriteStatus:(MSG4 SED-PARM3)
00:00:03.073	Main:Token:MSG4 MON-COVER
00:00:03.073	WriteStatus:(MSG4 MON-COVER)
00:00:03.073	Main:Token:MSG4 SED-STOR
00:00:03.073	WriteStatus:(MSG4 SED-STOR)
00:00:03.073	Main:Token:MSG3    202
00:00:03.073	WriteStatus:(MSG3    202)
00:00:03.073	Main:Token:MSG4 ACTIVITY
00:00:03.073	WriteStatus:(MSG4 ACTIVITY)
00:00:03.073	Main:Token:MSG4 PRINT-INFO
00:00:03.073	WriteStatus:(MSG4 PRINT-INFO)
00:00:03.073	Main:Token:MSG4 BINARY-INFO
00:00:03.073	WriteStatus:(MSG4 BINARY-INFO)
00:00:03.073	Main:Token:MSG4 GEN-INFO
00:00:03.073	WriteStatus:(MSG4 GEN-INFO)
00:00:03.073	Main:Token:MSG4 PWAT-PARM1
00:00:03.073	WriteStatus:(MSG4 PWAT-PARM1)
00:00:03.073	Main:Token:MSG4 PWAT-PARM2
00:00:03.073	WriteStatus:(MSG4 PWAT-PARM2)
00:00:03.073	Main:Token:MSG4 PWAT-PARM3
00:00:03.073	WriteStatus:(MSG4 PWAT-PARM3)
00:00:03.073	Main:Token:MSG4 PWAT-PARM4
00:00:03.073	WriteStatus:(MSG4 PWAT-PARM4)
00:00:03.073	Main:Token:MSG4 PWAT-PARM5
00:00:03.073	WriteStatus:(MSG4 PWAT-PARM5)
00:00:03.073	Main:Token:MSG4 MON-INTERCEP
00:00:03.089	WriteStatus:(MSG4 MON-INTERCEP)
00:00:03.089	Main:Token:MSG4 MON-LZETPARM
00:00:03.089	WriteStatus:(MSG4 MON-LZETPARM)
00:00:03.089	Main:Token:MSG4 PWAT-STATE1
00:00:03.089	WriteStatus:(MSG4 PWAT-STATE1)
00:00:03.089	Main:Token:MSG4 SED-PARM1
00:00:03.089	WriteStatus:(MSG4 SED-PARM1)
00:00:03.089	Main:Token:MSG4 SED-PARM2
00:00:03.089	WriteStatus:(MSG4 SED-PARM2)
00:00:03.089	Main:Token:MSG4 SED-PARM3
00:00:03.089	WriteStatus:(MSG4 SED-PARM3)
00:00:03.089	Main:Token:MSG4 MON-COVER
00:00:03.089	WriteStatus:(MSG4 MON-COVER)
00:00:03.089	Main:Token:MSG4 SED-STOR
00:00:03.089	WriteStatus:(MSG4 SED-STOR)
00:00:03.089	Main:Token:MSG3    203
00:00:03.089	WriteStatus:(MSG3    203)
00:00:03.089	Main:Token:MSG4 ACTIVITY
00:00:03.089	WriteStatus:(MSG4 ACTIVITY)
00:00:03.089	Main:Token:MSG4 PRINT-INFO
00:00:03.089	WriteStatus:(MSG4 PRINT-INFO)
00:00:03.089	Main:Token:MSG4 BINARY-INFO
00:00:03.089	WriteStatus:(MSG4 BINARY-INFO)
00:00:03.089	Main:Token:MSG4 GEN-INFO
00:00:03.089	WriteStatus:(MSG4 GEN-INFO)
00:00:03.089	Main:Token:MSG4 PWAT-PARM1
00:00:03.089	WriteStatus:(MSG4 PWAT-PARM1)
00:00:03.089	Main:Token:MSG4 PWAT-PARM2
00:00:03.089	WriteStatus:(MSG4 PWAT-PARM2)
00:00:03.089	Main:Token:MSG4 PWAT-PARM3
00:00:03.089	WriteStatus:(MSG4 PWAT-PARM3)
00:00:03.089	Main:Token:MSG4 PWAT-PARM4
00:00:03.089	WriteStatus:(MSG4 PWAT-PARM4)
00:00:03.089	Main:Token:MSG4 PWAT-PARM5
00:00:03.089	WriteStatus:(MSG4 PWAT-PARM5)
00:00:03.089	Main:Token:MSG4 MON-INTERCEP
00:00:03.089	WriteStatus:(MSG4 MON-INTERCEP)
00:00:03.089	Main:Token:MSG4 MON-LZETPARM
00:00:03.089	WriteStatus:(MSG4 MON-LZETPARM)
00:00:03.089	Main:Token:MSG4 PWAT-STATE1
00:00:03.089	WriteStatus:(MSG4 PWAT-STATE1)
00:00:03.089	Main:Token:MSG4 SED-PARM1
00:00:03.089	WriteStatus:(MSG4 SED-PARM1)
00:00:03.089	Main:Token:MSG4 SED-PARM2
00:00:03.089	WriteStatus:(MSG4 SED-PARM2)
00:00:03.089	Main:Token:MSG4 SED-PARM3
00:00:03.089	WriteStatus:(MSG4 SED-PARM3)
00:00:03.089	Main:Token:MSG4 MON-COVER
00:00:03.089	WriteStatus:(MSG4 MON-COVER)
00:00:03.089	Main:Token:MSG4 SED-STOR
00:00:03.089	WriteStatus:(MSG4 SED-STOR)
00:00:03.089	Main:Token:MSG3    204
00:00:03.089	WriteStatus:(MSG3    204)
00:00:03.104	Main:Token:MSG4 ACTIVITY
00:00:03.104	WriteStatus:(MSG4 ACTIVITY)
00:00:03.104	Main:Token:MSG4 PRINT-INFO
00:00:03.104	WriteStatus:(MSG4 PRINT-INFO)
00:00:03.104	Main:Token:MSG4 BINARY-INFO
00:00:03.104	WriteStatus:(MSG4 BINARY-INFO)
00:00:03.104	Main:Token:MSG4 GEN-INFO
00:00:03.104	WriteStatus:(MSG4 GEN-INFO)
00:00:03.104	Main:Token:MSG4 PWAT-PARM1
00:00:03.104	WriteStatus:(MSG4 PWAT-PARM1)
00:00:03.104	Main:Token:MSG4 PWAT-PARM2
00:00:03.104	WriteStatus:(MSG4 PWAT-PARM2)
00:00:03.104	Main:Token:MSG4 PWAT-PARM3
00:00:03.104	WriteStatus:(MSG4 PWAT-PARM3)
00:00:03.104	Main:Token:MSG4 PWAT-PARM4
00:00:03.104	WriteStatus:(MSG4 PWAT-PARM4)
00:00:03.104	Main:Token:MSG4 PWAT-PARM5
00:00:03.104	WriteStatus:(MSG4 PWAT-PARM5)
00:00:03.104	Main:Token:MSG4 MON-INTERCEP
00:00:03.104	WriteStatus:(MSG4 MON-INTERCEP)
00:00:03.104	Main:Token:MSG4 MON-LZETPARM
00:00:03.104	WriteStatus:(MSG4 MON-LZETPARM)
00:00:03.104	Main:Token:MSG4 PWAT-STATE1
00:00:03.104	WriteStatus:(MSG4 PWAT-STATE1)
00:00:03.104	Main:Token:MSG4 SED-PARM1
00:00:03.104	WriteStatus:(MSG4 SED-PARM1)
00:00:03.104	Main:Token:MSG4 SED-PARM2
00:00:03.104	WriteStatus:(MSG4 SED-PARM2)
00:00:03.104	Main:Token:MSG4 SED-PARM3
00:00:03.104	WriteStatus:(MSG4 SED-PARM3)
00:00:03.104	Main:Token:MSG4 MON-COVER
00:00:03.104	WriteStatus:(MSG4 MON-COVER)
00:00:03.104	Main:Token:MSG4 SED-STOR
00:00:03.104	WriteStatus:(MSG4 SED-STOR)
00:00:03.104	Main:Token:MSG3    205
00:00:03.104	WriteStatus:(MSG3    205)
00:00:03.104	Main:Token:MSG4 ACTIVITY
00:00:03.104	WriteStatus:(MSG4 ACTIVITY)
00:00:03.104	Main:Token:MSG4 PRINT-INFO
00:00:03.104	WriteStatus:(MSG4 PRINT-INFO)
00:00:03.104	Main:Token:MSG4 BINARY-INFO
00:00:03.104	WriteStatus:(MSG4 BINARY-INFO)
00:00:03.104	Main:Token:MSG4 GEN-INFO
00:00:03.104	WriteStatus:(MSG4 GEN-INFO)
00:00:03.104	Main:Token:MSG4 PWAT-PARM1
00:00:03.104	WriteStatus:(MSG4 PWAT-PARM1)
00:00:03.104	Main:Token:MSG4 PWAT-PARM2
00:00:03.104	WriteStatus:(MSG4 PWAT-PARM2)
00:00:03.104	Main:Token:MSG4 PWAT-PARM3
00:00:03.104	WriteStatus:(MSG4 PWAT-PARM3)
00:00:03.104	Main:Token:MSG4 PWAT-PARM4
00:00:03.104	WriteStatus:(MSG4 PWAT-PARM4)
00:00:03.104	Main:Token:MSG4 PWAT-PARM5
00:00:03.104	WriteStatus:(MSG4 PWAT-PARM5)
00:00:03.104	Main:Token:MSG4 MON-INTERCEP
00:00:03.104	WriteStatus:(MSG4 MON-INTERCEP)
00:00:03.104	Main:Token:MSG4 MON-LZETPARM
00:00:03.104	WriteStatus:(MSG4 MON-LZETPARM)
00:00:03.104	Main:Token:MSG4 PWAT-STATE1
00:00:03.104	WriteStatus:(MSG4 PWAT-STATE1)
00:00:03.104	Main:Token:MSG4 SED-PARM1
00:00:03.104	WriteStatus:(MSG4 SED-PARM1)
00:00:03.104	Main:Token:MSG4 SED-PARM2
00:00:03.104	WriteStatus:(MSG4 SED-PARM2)
00:00:03.104	Main:Token:MSG4 SED-PARM3
00:00:03.104	WriteStatus:(MSG4 SED-PARM3)
00:00:03.104	Main:Token:MSG4 MON-COVER
00:00:03.104	WriteStatus:(MSG4 MON-COVER)
00:00:03.104	Main:Token:MSG4 SED-STOR
00:00:03.120	WriteStatus:(MSG4 SED-STOR)
00:00:03.120	Main:Token:MSG3    301
00:00:03.120	WriteStatus:(MSG3    301)
00:00:03.120	Main:Token:MSG4 ACTIVITY
00:00:03.120	WriteStatus:(MSG4 ACTIVITY)
00:00:03.120	Main:Token:MSG4 PRINT-INFO
00:00:03.120	WriteStatus:(MSG4 PRINT-INFO)
00:00:03.120	Main:Token:MSG4 BINARY-INFO
00:00:03.120	WriteStatus:(MSG4 BINARY-INFO)
00:00:03.120	Main:Token:MSG4 GEN-INFO
00:00:03.120	WriteStatus:(MSG4 GEN-INFO)
00:00:03.120	Main:Token:MSG4 PWAT-PARM1
00:00:03.120	WriteStatus:(MSG4 PWAT-PARM1)
00:00:03.120	Main:Token:MSG4 PWAT-PARM2
00:00:03.120	WriteStatus:(MSG4 PWAT-PARM2)
00:00:03.120	Main:Token:MSG4 PWAT-PARM3
00:00:03.120	WriteStatus:(MSG4 PWAT-PARM3)
00:00:03.120	Main:Token:MSG4 PWAT-PARM4
00:00:03.120	WriteStatus:(MSG4 PWAT-PARM4)
00:00:03.120	Main:Token:MSG4 PWAT-PARM5
00:00:03.120	WriteStatus:(MSG4 PWAT-PARM5)
00:00:03.120	Main:Token:MSG4 MON-INTERCEP
00:00:03.120	WriteStatus:(MSG4 MON-INTERCEP)
00:00:03.120	Main:Token:MSG4 MON-LZETPARM
00:00:03.120	WriteStatus:(MSG4 MON-LZETPARM)
00:00:03.120	Main:Token:MSG4 PWAT-STATE1
00:00:03.120	WriteStatus:(MSG4 PWAT-STATE1)
00:00:03.120	Main:Token:MSG4 SED-PARM1
00:00:03.120	WriteStatus:(MSG4 SED-PARM1)
00:00:03.120	Main:Token:MSG4 SED-PARM2
00:00:03.120	WriteStatus:(MSG4 SED-PARM2)
00:00:03.229	Main:Token:MSG4 SED-PARM3
00:00:03.229	WriteStatus:(MSG4 SED-PARM3)
00:00:03.229	Main:Token:MSG4 MON-COVER
00:00:03.229	WriteStatus:(MSG4 MON-COVER)
00:00:03.229	Main:Token:MSG4 SED-STOR
00:00:03.229	WriteStatus:(MSG4 SED-STOR)
00:00:03.229	Main:Token:MSG3    302
00:00:03.229	WriteStatus:(MSG3    302)
00:00:03.229	Main:Token:MSG4 ACTIVITY
00:00:03.229	WriteStatus:(MSG4 ACTIVITY)
00:00:03.229	Main:Token:MSG4 PRINT-INFO
00:00:03.229	WriteStatus:(MSG4 PRINT-INFO)
00:00:03.229	Main:Token:MSG4 BINARY-INFO
00:00:03.229	WriteStatus:(MSG4 BINARY-INFO)
00:00:03.229	Main:Token:MSG4 GEN-INFO
00:00:03.229	WriteStatus:(MSG4 GEN-INFO)
00:00:03.229	Main:Token:MSG4 PWAT-PARM1
00:00:03.229	WriteStatus:(MSG4 PWAT-PARM1)
00:00:03.229	Main:Token:MSG4 PWAT-PARM2
00:00:03.229	WriteStatus:(MSG4 PWAT-PARM2)
00:00:03.229	Main:Token:MSG4 PWAT-PARM3
00:00:03.229	WriteStatus:(MSG4 PWAT-PARM3)
00:00:03.229	Main:Token:MSG4 PWAT-PARM4
00:00:03.229	WriteStatus:(MSG4 PWAT-PARM4)
00:00:03.229	Main:Token:MSG4 PWAT-PARM5
00:00:03.229	WriteStatus:(MSG4 PWAT-PARM5)
00:00:03.229	Main:Token:MSG4 MON-INTERCEP
00:00:03.229	WriteStatus:(MSG4 MON-INTERCEP)
00:00:03.229	Main:Token:MSG4 MON-LZETPARM
00:00:03.229	WriteStatus:(MSG4 MON-LZETPARM)
00:00:03.229	Main:Token:MSG4 PWAT-STATE1
00:00:03.229	WriteStatus:(MSG4 PWAT-STATE1)
00:00:03.229	Main:Token:MSG4 SED-PARM1
00:00:03.229	WriteStatus:(MSG4 SED-PARM1)
00:00:03.245	Main:Token:MSG4 SED-PARM2
00:00:03.245	WriteStatus:(MSG4 SED-PARM2)
00:00:03.245	Main:Token:MSG4 SED-PARM3
00:00:03.245	WriteStatus:(MSG4 SED-PARM3)
00:00:03.245	Main:Token:MSG4 MON-COVER
00:00:03.245	WriteStatus:(MSG4 MON-COVER)
00:00:03.245	Main:Token:MSG4 SED-STOR
00:00:03.245	WriteStatus:(MSG4 SED-STOR)
00:00:03.245	Main:Token:MSG3    303
00:00:03.245	WriteStatus:(MSG3    303)
00:00:03.245	Main:Token:MSG4 ACTIVITY
00:00:03.245	WriteStatus:(MSG4 ACTIVITY)
00:00:03.245	Main:Token:MSG4 PRINT-INFO
00:00:03.245	WriteStatus:(MSG4 PRINT-INFO)
00:00:03.245	Main:Token:MSG4 BINARY-INFO
00:00:03.245	WriteStatus:(MSG4 BINARY-INFO)
00:00:03.245	Main:Token:MSG4 GEN-INFO
00:00:03.245	WriteStatus:(MSG4 GEN-INFO)
00:00:03.245	Main:Token:MSG4 PWAT-PARM1
00:00:03.245	WriteStatus:(MSG4 PWAT-PARM1)
00:00:03.245	Main:Token:MSG4 PWAT-PARM2
00:00:03.245	WriteStatus:(MSG4 PWAT-PARM2)
00:00:03.245	Main:Token:MSG4 PWAT-PARM3
00:00:03.245	WriteStatus:(MSG4 PWAT-PARM3)
00:00:03.245	Main:Token:MSG4 PWAT-PARM4
00:00:03.245	WriteStatus:(MSG4 PWAT-PARM4)
00:00:03.245	Main:Token:MSG4 PWAT-PARM5
00:00:03.245	WriteStatus:(MSG4 PWAT-PARM5)
00:00:03.245	Main:Token:MSG4 MON-INTERCEP
00:00:03.245	WriteStatus:(MSG4 MON-INTERCEP)
00:00:03.245	Main:Token:MSG4 MON-LZETPARM
00:00:03.245	WriteStatus:(MSG4 MON-LZETPARM)
00:00:03.245	Main:Token:MSG4 PWAT-STATE1
00:00:03.245	WriteStatus:(MSG4 PWAT-STATE1)
00:00:03.245	Main:Token:MSG4 SED-PARM1
00:00:03.245	WriteStatus:(MSG4 SED-PARM1)
00:00:03.245	Main:Token:MSG4 SED-PARM2
00:00:03.245	WriteStatus:(MSG4 SED-PARM2)
00:00:03.245	Main:Token:MSG4 SED-PARM3
00:00:03.245	WriteStatus:(MSG4 SED-PARM3)
00:00:03.261	Main:Token:MSG4 MON-COVER
00:00:03.261	WriteStatus:(MSG4 MON-COVER)
00:00:03.261	Main:Token:MSG4 SED-STOR
00:00:03.261	WriteStatus:(MSG4 SED-STOR)
00:00:03.261	Main:Token:MSG3    304
00:00:03.261	WriteStatus:(MSG3    304)
00:00:03.261	Main:Token:MSG4 ACTIVITY
00:00:03.261	WriteStatus:(MSG4 ACTIVITY)
00:00:03.261	Main:Token:MSG4 PRINT-INFO
00:00:03.261	WriteStatus:(MSG4 PRINT-INFO)
00:00:03.261	Main:Token:MSG4 BINARY-INFO
00:00:03.261	WriteStatus:(MSG4 BINARY-INFO)
00:00:03.261	Main:Token:MSG4 GEN-INFO
00:00:03.261	WriteStatus:(MSG4 GEN-INFO)
00:00:03.261	Main:Token:MSG4 PWAT-PARM1
00:00:03.261	WriteStatus:(MSG4 PWAT-PARM1)
00:00:03.261	Main:Token:MSG4 PWAT-PARM2
00:00:03.261	WriteStatus:(MSG4 PWAT-PARM2)
00:00:03.261	Main:Token:MSG4 PWAT-PARM3
00:00:03.261	WriteStatus:(MSG4 PWAT-PARM3)
00:00:03.261	Main:Token:MSG4 PWAT-PARM4
00:00:03.261	WriteStatus:(MSG4 PWAT-PARM4)
00:00:03.261	Main:Token:MSG4 PWAT-PARM5
00:00:03.261	WriteStatus:(MSG4 PWAT-PARM5)
00:00:03.261	Main:Token:MSG4 MON-INTERCEP
00:00:03.261	WriteStatus:(MSG4 MON-INTERCEP)
00:00:03.261	Main:Token:MSG4 MON-LZETPARM
00:00:03.261	WriteStatus:(MSG4 MON-LZETPARM)
00:00:03.261	Main:Token:MSG4 PWAT-STATE1
00:00:03.261	WriteStatus:(MSG4 PWAT-STATE1)
00:00:03.261	Main:Token:MSG4 SED-PARM1
00:00:03.261	WriteStatus:(MSG4 SED-PARM1)
00:00:03.261	Main:Token:MSG4 SED-PARM2
00:00:03.261	WriteStatus:(MSG4 SED-PARM2)
00:00:03.261	Main:Token:MSG4 SED-PARM3
00:00:03.261	WriteStatus:(MSG4 SED-PARM3)
00:00:03.261	Main:Token:MSG4 MON-COVER
00:00:03.261	WriteStatus:(MSG4 MON-COVER)
00:00:03.276	Main:Token:MSG4 SED-STOR
00:00:03.276	WriteStatus:(MSG4 SED-STOR)
00:00:03.276	Main:Token:MSG3    305
00:00:03.276	WriteStatus:(MSG3    305)
00:00:03.276	Main:Token:MSG4 ACTIVITY
00:00:03.276	WriteStatus:(MSG4 ACTIVITY)
00:00:03.276	Main:Token:MSG4 PRINT-INFO
00:00:03.276	WriteStatus:(MSG4 PRINT-INFO)
00:00:03.276	Main:Token:MSG4 BINARY-INFO
00:00:03.276	WriteStatus:(MSG4 BINARY-INFO)
00:00:03.276	Main:Token:MSG4 GEN-INFO
00:00:03.276	WriteStatus:(MSG4 GEN-INFO)
00:00:03.276	Main:Token:MSG4 PWAT-PARM1
00:00:03.276	WriteStatus:(MSG4 PWAT-PARM1)
00:00:03.276	Main:Token:MSG4 PWAT-PARM2
00:00:03.276	WriteStatus:(MSG4 PWAT-PARM2)
00:00:03.276	Main:Token:MSG4 PWAT-PARM3
00:00:03.276	WriteStatus:(MSG4 PWAT-PARM3)
00:00:03.276	Main:Token:MSG4 PWAT-PARM4
00:00:03.276	WriteStatus:(MSG4 PWAT-PARM4)
00:00:03.276	Main:Token:MSG4 PWAT-PARM5
00:00:03.276	WriteStatus:(MSG4 PWAT-PARM5)
00:00:03.276	Main:Token:MSG4 MON-INTERCEP
00:00:03.276	WriteStatus:(MSG4 MON-INTERCEP)
00:00:03.276	Main:Token:MSG4 MON-LZETPARM
00:00:03.276	WriteStatus:(MSG4 MON-LZETPARM)
00:00:03.276	Main:Token:MSG4 PWAT-STATE1
00:00:03.276	WriteStatus:(MSG4 PWAT-STATE1)
00:00:03.276	Main:Token:MSG4 SED-PARM1
00:00:03.276	WriteStatus:(MSG4 SED-PARM1)
00:00:03.276	Main:Token:MSG4 SED-PARM2
00:00:03.276	WriteStatus:(MSG4 SED-PARM2)
00:00:03.276	Main:Token:MSG4 SED-PARM3
00:00:03.276	WriteStatus:(MSG4 SED-PARM3)
00:00:03.276	Main:Token:MSG4 MON-COVER
00:00:03.276	WriteStatus:(MSG4 MON-COVER)
00:00:03.276	Main:Token:MSG4 SED-STOR
00:00:03.276	WriteStatus:(MSG4 SED-STOR)
00:00:03.276	Main:Token:MSG3 
00:00:03.276	WriteStatus:(MSG3 )
00:00:03.276	Main:Token:MSG4 
00:00:03.276	WriteStatus:(MSG4 )
00:00:03.276	Main:Token:MSG2 IMPLND
00:00:03.276	WriteStatus:(MSG2 IMPLND)
00:00:03.292	Main:Token:MSG3    101
00:00:03.292	WriteStatus:(MSG3    101)
00:00:03.292	Main:Token:MSG4 ACTIVITY
00:00:03.292	WriteStatus:(MSG4 ACTIVITY)
00:00:03.292	Main:Token:MSG4 PRINT-INFO
00:00:03.292	WriteStatus:(MSG4 PRINT-INFO)
00:00:03.292	Main:Token:MSG4 BINARY-INFO
00:00:03.292	WriteStatus:(MSG4 BINARY-INFO)
00:00:03.292	Main:Token:MSG4 GEN-INFO
00:00:03.292	WriteStatus:(MSG4 GEN-INFO)
00:00:03.292	Main:Token:MSG4 IWAT-PARM1
00:00:03.292	WriteStatus:(MSG4 IWAT-PARM1)
00:00:03.292	Main:Token:MSG4 IWAT-PARM2
00:00:03.292	WriteStatus:(MSG4 IWAT-PARM2)
00:00:03.292	Main:Token:MSG4 IWAT-PARM3
00:00:03.292	WriteStatus:(MSG4 IWAT-PARM3)
00:00:03.292	Main:Token:MSG4 IWAT-STATE1
00:00:03.292	WriteStatus:(MSG4 IWAT-STATE1)
00:00:03.292	Main:Token:MSG4 SLD-PARM1
00:00:03.292	WriteStatus:(MSG4 SLD-PARM1)
00:00:03.292	Main:Token:MSG4 SLD-PARM2
00:00:03.292	WriteStatus:(MSG4 SLD-PARM2)
00:00:03.292	Main:Token:MSG4 SLD-STOR
00:00:03.292	WriteStatus:(MSG4 SLD-STOR)
00:00:03.292	Main:Token:MSG3    201
00:00:03.292	WriteStatus:(MSG3    201)
00:00:03.292	Main:Token:MSG4 ACTIVITY
00:00:03.292	WriteStatus:(MSG4 ACTIVITY)
00:00:03.292	Main:Token:MSG4 PRINT-INFO
00:00:03.292	WriteStatus:(MSG4 PRINT-INFO)
00:00:03.292	Main:Token:MSG4 BINARY-INFO
00:00:03.292	WriteStatus:(MSG4 BINARY-INFO)
00:00:03.292	Main:Token:MSG4 GEN-INFO
00:00:03.292	WriteStatus:(MSG4 GEN-INFO)
00:00:03.292	Main:Token:MSG4 IWAT-PARM1
00:00:03.292	WriteStatus:(MSG4 IWAT-PARM1)
00:00:03.292	Main:Token:MSG4 IWAT-PARM2
00:00:03.292	WriteStatus:(MSG4 IWAT-PARM2)
00:00:03.292	Main:Token:MSG4 IWAT-PARM3
00:00:03.292	WriteStatus:(MSG4 IWAT-PARM3)
00:00:03.292	Main:Token:MSG4 IWAT-STATE1
00:00:03.292	WriteStatus:(MSG4 IWAT-STATE1)
00:00:03.292	Main:Token:MSG4 SLD-PARM1
00:00:03.292	WriteStatus:(MSG4 SLD-PARM1)
00:00:03.292	Main:Token:MSG4 SLD-PARM2
00:00:03.292	WriteStatus:(MSG4 SLD-PARM2)
00:00:03.308	Main:Token:MSG4 SLD-STOR
00:00:03.308	WriteStatus:(MSG4 SLD-STOR)
00:00:03.308	Main:Token:MSG3    301
00:00:03.308	WriteStatus:(MSG3    301)
00:00:03.308	Main:Token:MSG4 ACTIVITY
00:00:03.308	WriteStatus:(MSG4 ACTIVITY)
00:00:03.308	Main:Token:MSG4 PRINT-INFO
00:00:03.308	WriteStatus:(MSG4 PRINT-INFO)
00:00:03.308	Main:Token:MSG4 BINARY-INFO
00:00:03.308	WriteStatus:(MSG4 BINARY-INFO)
00:00:03.308	Main:Token:MSG4 GEN-INFO
00:00:03.308	WriteStatus:(MSG4 GEN-INFO)
00:00:03.308	Main:Token:MSG4 IWAT-PARM1
00:00:03.308	WriteStatus:(MSG4 IWAT-PARM1)
00:00:03.308	Main:Token:MSG4 IWAT-PARM2
00:00:03.308	WriteStatus:(MSG4 IWAT-PARM2)
00:00:03.308	Main:Token:MSG4 IWAT-PARM3
00:00:03.308	WriteStatus:(MSG4 IWAT-PARM3)
00:00:03.308	Main:Token:MSG4 IWAT-STATE1
00:00:03.308	WriteStatus:(MSG4 IWAT-STATE1)
00:00:03.308	Main:Token:MSG4 SLD-PARM1
00:00:03.308	WriteStatus:(MSG4 SLD-PARM1)
00:00:03.308	Main:Token:MSG4 SLD-PARM2
00:00:03.308	WriteStatus:(MSG4 SLD-PARM2)
00:00:03.308	Main:Token:MSG4 SLD-STOR
00:00:03.308	WriteStatus:(MSG4 SLD-STOR)
00:00:03.308	Main:Token:MSG3 
00:00:03.308	WriteStatus:(MSG3 )
00:00:03.308	Main:Token:MSG4 
00:00:03.308	WriteStatus:(MSG4 )
00:00:03.308	Main:Token:MSG2 RCHRES
00:00:03.308	WriteStatus:(MSG2 RCHRES)
00:00:03.308	Main:Token:MSG3      1
00:00:03.308	WriteStatus:(MSG3      1)
00:00:03.308	Main:Token:MSG4 ACTIVITY
00:00:03.308	WriteStatus:(MSG4 ACTIVITY)
00:00:03.308	Main:Token:MSG4 PRINT-INFO
00:00:03.308	WriteStatus:(MSG4 PRINT-INFO)
00:00:03.308	Main:Token:MSG4 BINARY-INFO
00:00:03.308	WriteStatus:(MSG4 BINARY-INFO)
00:00:03.308	Main:Token:MSG4 GEN-INFO
00:00:03.308	WriteStatus:(MSG4 GEN-INFO)
00:00:03.308	Main:Token:MSG4 HYDR-PARM1
00:00:03.308	WriteStatus:(MSG4 HYDR-PARM1)
00:00:03.308	Main:Token:MSG4 HYDR-PARM2
00:00:03.308	WriteStatus:(MSG4 HYDR-PARM2)
00:00:03.308	Main:Token:MSG4 HYDR-IRRIG
00:00:03.308	WriteStatus:(MSG4 HYDR-IRRIG)
00:00:03.308	Main:Token:MSG4 HYDR-INIT
00:00:03.323	WriteStatus:(MSG4 HYDR-INIT)
00:00:03.323	Main:Token:MSG4 ADCALC-DATA
00:00:03.323	WriteStatus:(MSG4 ADCALC-DATA)
00:00:03.323	Main:Token:MSG4 SANDFG
00:00:03.323	WriteStatus:(MSG4 SANDFG)
00:00:03.323	Main:Token:MSG4 SED-GENPARM
00:00:03.323	WriteStatus:(MSG4 SED-GENPARM)
00:00:03.323	Main:Token:MSG4 SAND-PM
00:00:03.323	WriteStatus:(MSG4 SAND-PM)
00:00:03.323	Main:Token:MSG4 SILT-CLAY-PM
00:00:03.323	WriteStatus:(MSG4 SILT-CLAY-PM)
00:00:03.323	Main:Token:MSG4 SILT-CLAY-PM
00:00:03.323	WriteStatus:(MSG4 SILT-CLAY-PM)
00:00:03.323	Main:Token:MSG4 SSED-INIT
00:00:03.323	WriteStatus:(MSG4 SSED-INIT)
00:00:03.323	Main:Token:MSG4 BED-INIT
00:00:03.323	WriteStatus:(MSG4 BED-INIT)
00:00:03.323	Main:Token:MSG3      2
00:00:03.323	WriteStatus:(MSG3      2)
00:00:03.323	Main:Token:MSG4 ACTIVITY
00:00:03.323	WriteStatus:(MSG4 ACTIVITY)
00:00:03.323	Main:Token:MSG4 PRINT-INFO
00:00:03.323	WriteStatus:(MSG4 PRINT-INFO)
00:00:03.323	Main:Token:MSG4 BINARY-INFO
00:00:03.323	WriteStatus:(MSG4 BINARY-INFO)
00:00:03.323	Main:Token:MSG4 GEN-INFO
00:00:03.323	WriteStatus:(MSG4 GEN-INFO)
00:00:03.323	Main:Token:MSG4 HYDR-PARM1
00:00:03.323	WriteStatus:(MSG4 HYDR-PARM1)
00:00:03.323	Main:Token:MSG4 HYDR-PARM2
00:00:03.323	WriteStatus:(MSG4 HYDR-PARM2)
00:00:03.323	Main:Token:MSG4 HYDR-IRRIG
00:00:03.323	WriteStatus:(MSG4 HYDR-IRRIG)
00:00:03.323	Main:Token:MSG4 HYDR-INIT
00:00:03.323	WriteStatus:(MSG4 HYDR-INIT)
00:00:03.323	Main:Token:MSG4 ADCALC-DATA
00:00:03.323	WriteStatus:(MSG4 ADCALC-DATA)
00:00:03.323	Main:Token:MSG4 SANDFG
00:00:03.323	WriteStatus:(MSG4 SANDFG)
00:00:03.323	Main:Token:MSG4 SED-GENPARM
00:00:03.323	WriteStatus:(MSG4 SED-GENPARM)
00:00:03.323	Main:Token:MSG4 SAND-PM
00:00:03.323	WriteStatus:(MSG4 SAND-PM)
00:00:03.323	Main:Token:MSG4 SILT-CLAY-PM
00:00:03.323	WriteStatus:(MSG4 SILT-CLAY-PM)
00:00:03.323	Main:Token:MSG4 SILT-CLAY-PM
00:00:03.323	WriteStatus:(MSG4 SILT-CLAY-PM)
00:00:03.323	Main:Token:MSG4 SSED-INIT
00:00:03.323	WriteStatus:(MSG4 SSED-INIT)
00:00:03.323	Main:Token:MSG4 BED-INIT
00:00:03.323	WriteStatus:(MSG4 BED-INIT)
00:00:03.323	Main:Token:MSG3      3
00:00:03.323	WriteStatus:(MSG3      3)
00:00:03.339	Main:Token:MSG4 ACTIVITY
00:00:03.339	WriteStatus:(MSG4 ACTIVITY)
00:00:03.339	Main:Token:MSG4 PRINT-INFO
00:00:03.339	WriteStatus:(MSG4 PRINT-INFO)
00:00:03.339	Main:Token:MSG4 BINARY-INFO
00:00:03.339	WriteStatus:(MSG4 BINARY-INFO)
00:00:03.339	Main:Token:MSG4 GEN-INFO
00:00:03.339	WriteStatus:(MSG4 GEN-INFO)
00:00:03.339	Main:Token:MSG4 HYDR-PARM1
00:00:03.339	WriteStatus:(MSG4 HYDR-PARM1)
00:00:03.339	Main:Token:MSG4 HYDR-PARM2
00:00:03.339	WriteStatus:(MSG4 HYDR-PARM2)
00:00:03.339	Main:Token:MSG4 HYDR-IRRIG
00:00:03.339	WriteStatus:(MSG4 HYDR-IRRIG)
00:00:03.339	Main:Token:MSG4 HYDR-INIT
00:00:03.339	WriteStatus:(MSG4 HYDR-INIT)
00:00:03.339	Main:Token:MSG4 ADCALC-DATA
00:00:03.339	WriteStatus:(MSG4 ADCALC-DATA)
00:00:03.339	Main:Token:MSG4 SANDFG
00:00:03.339	WriteStatus:(MSG4 SANDFG)
00:00:03.339	Main:Token:MSG4 SED-GENPARM
00:00:03.339	WriteStatus:(MSG4 SED-GENPARM)
00:00:03.339	Main:Token:MSG4 SAND-PM
00:00:03.339	WriteStatus:(MSG4 SAND-PM)
00:00:03.339	Main:Token:MSG4 SILT-CLAY-PM
00:00:03.339	WriteStatus:(MSG4 SILT-CLAY-PM)
00:00:03.339	Main:Token:MSG4 SILT-CLAY-PM
00:00:03.339	WriteStatus:(MSG4 SILT-CLAY-PM)
00:00:03.339	Main:Token:MSG4 SSED-INIT
00:00:03.339	WriteStatus:(MSG4 SSED-INIT)
00:00:03.339	Main:Token:MSG4 BED-INIT
00:00:03.339	WriteStatus:(MSG4 BED-INIT)
00:00:03.339	Main:Token:MSG3 
00:00:03.339	WriteStatus:(MSG3 )
00:00:03.339	Main:Token:MSG4 
00:00:03.339	WriteStatus:(MSG4 )
00:00:03.339	Main:Token:MSG3 
00:00:03.339	WriteStatus:(MSG3 )
00:00:03.339	Main:Token:MSG3 
00:00:03.339	WriteStatus:(MSG3 )
00:00:03.339	Main:Token:MSG4 
00:00:03.339	WriteStatus:(MSG4 )
00:00:03.339	Main:Token:MSG2 EXT SOURCES
00:00:03.339	WriteStatus:(MSG2 EXT SOURCES)
00:00:03.339	Main:Token:MSG2 SCHEMATIC
00:00:03.339	WriteStatus:(MSG2 SCHEMATIC)
00:00:03.339	Main:Token:MSG2 EXT TARGETS
00:00:03.339	WriteStatus:(MSG2 EXT TARGETS)
00:00:03.464	Main:Token:MSG1  Operations supervisor calling operating modules.
00:00:03.464	WriteStatus:(MSG1  Operations supervisor calling operating modules.)
00:00:03.573	Main:Token:MSG1 Executing
00:00:03.573	WriteStatus:(MSG1 Executing)
00:00:03.573	Main:Token:MSG2   Now
00:00:03.573	WriteStatus:(MSG2   Now)
00:00:03.573	Main:Token:MSG4 Complete
00:00:03.573	WriteStatus:(MSG4 Complete)
00:00:03.683	Main:Token:PROGRESS  1
00:00:03.683	WriteStatus:(PROGRESS  1)
00:00:03.683	Main:Token:MSG3 1%
00:00:03.683	WriteStatus:(MSG3 1%)
00:00:03.683	Main:Token:PROGRESS  2
00:00:03.683	WriteStatus:(PROGRESS  2)
00:00:03.683	Main:Token:MSG3 2%
00:00:03.683	WriteStatus:(MSG3 2%)
00:00:03.792	Main:Token:PROGRESS  3
00:00:03.792	WriteStatus:(PROGRESS  3)
00:00:03.792	Main:Token:MSG3 3%
00:00:03.792	WriteStatus:(MSG3 3%)
00:00:03.792	Main:Token:PROGRESS  4
00:00:03.792	WriteStatus:(PROGRESS  4)
00:00:03.792	Main:Token:MSG3 4%
00:00:03.792	WriteStatus:(MSG3 4%)
00:00:03.901	Main:Token:PROGRESS  5
00:00:03.901	WriteStatus:(PROGRESS  5)
00:00:03.901	Main:Token:MSG3 5%
00:00:03.901	WriteStatus:(MSG3 5%)
00:00:03.901	Main:Token:PROGRESS  6
00:00:03.901	WriteStatus:(PROGRESS  6)
00:00:03.901	Main:Token:MSG3 6%
00:00:03.901	WriteStatus:(MSG3 6%)
00:00:04.011	Main:Token:PROGRESS  7
00:00:04.011	WriteStatus:(PROGRESS  7)
00:00:04.011	Main:Token:MSG3 7%
00:00:04.011	WriteStatus:(MSG3 7%)
00:00:04.011	Main:Token:PROGRESS  8
00:00:04.011	WriteStatus:(PROGRESS  8)
00:00:04.011	Main:Token:MSG3 8%
00:00:04.011	WriteStatus:(MSG3 8%)
00:00:04.120	Main:Token:PROGRESS  9
00:00:04.120	WriteStatus:(PROGRESS  9)
00:00:04.120	Main:Token:MSG3 9%
00:00:04.120	WriteStatus:(MSG3 9%)
00:00:04.120	Main:Token:PROGRESS 10
00:00:04.120	WriteStatus:(PROGRESS 10)
00:00:04.120	Main:Token:MSG3 10%
00:00:04.120	WriteStatus:(MSG3 10%)
00:00:04.120	Main:Token:PROGRESS 11
00:00:04.120	WriteStatus:(PROGRESS 11)
00:00:04.120	Main:Token:MSG3 11%
00:00:04.120	WriteStatus:(MSG3 11%)
00:00:04.229	Main:Token:PROGRESS 12
00:00:04.229	WriteStatus:(PROGRESS 12)
00:00:04.229	Main:Token:MSG3 12%
00:00:04.229	WriteStatus:(MSG3 12%)
00:00:04.229	Main:Token:PROGRESS 13
00:00:04.229	WriteStatus:(PROGRESS 13)
00:00:04.229	Main:Token:MSG3 13%
00:00:04.229	WriteStatus:(MSG3 13%)
00:00:04.229	Main:Token:PROGRESS 14
00:00:04.229	WriteStatus:(PROGRESS 14)
00:00:04.229	Main:Token:MSG3 14%
00:00:04.229	WriteStatus:(MSG3 14%)
00:00:04.339	Main:Token:PROGRESS 15
00:00:04.339	WriteStatus:(PROGRESS 15)
00:00:04.339	Main:Token:MSG3 15%
00:00:04.339	WriteStatus:(MSG3 15%)
00:00:04.448	Main:Token:PROGRESS 16
00:00:04.448	WriteStatus:(PROGRESS 16)
00:00:04.448	Main:Token:MSG3 16%
00:00:04.448	WriteStatus:(MSG3 16%)
00:00:04.558	Main:Token:PROGRESS 17
00:00:04.558	WriteStatus:(PROGRESS 17)
00:00:04.558	Main:Token:MSG3 17%
00:00:04.558	WriteStatus:(MSG3 17%)
00:00:04.558	Main:Token:PROGRESS 18
00:00:04.558	WriteStatus:(PROGRESS 18)
00:00:04.558	Main:Token:MSG3 18%
00:00:04.558	WriteStatus:(MSG3 18%)
00:00:04.667	Main:Token:PROGRESS 19
00:00:04.667	WriteStatus:(PROGRESS 19)
00:00:04.667	Main:Token:MSG3 19%
00:00:04.667	WriteStatus:(MSG3 19%)
00:00:04.776	Main:Token:PROGRESS 20
00:00:04.776	WriteStatus:(PROGRESS 20)
00:00:04.776	Main:Token:MSG3 20%
00:00:04.776	WriteStatus:(MSG3 20%)
00:00:04.776	Main:Token:PROGRESS 21
00:00:04.776	WriteStatus:(PROGRESS 21)
00:00:04.776	Main:Token:MSG3 21%
00:00:04.776	WriteStatus:(MSG3 21%)
00:00:04.886	Main:Token:PROGRESS 22
00:00:04.886	WriteStatus:(PROGRESS 22)
00:00:04.886	Main:Token:MSG3 22%
00:00:04.886	WriteStatus:(MSG3 22%)
00:00:04.886	Main:Token:PROGRESS 23
00:00:04.886	WriteStatus:(PROGRESS 23)
00:00:04.886	Main:Token:MSG3 23%
00:00:04.886	WriteStatus:(MSG3 23%)
00:00:04.886	Main:Token:PROGRESS 24
00:00:04.886	WriteStatus:(PROGRESS 24)
00:00:04.886	Main:Token:MSG3 24%
00:00:04.886	WriteStatus:(MSG3 24%)
00:00:04.995	Main:Token:PROGRESS 25
00:00:04.995	WriteStatus:(PROGRESS 25)
00:00:04.995	Main:Token:MSG3 25%
00:00:04.995	WriteStatus:(MSG3 25%)
00:00:04.995	Main:Token:PROGRESS 26
00:00:04.995	WriteStatus:(PROGRESS 26)
00:00:04.995	Main:Token:MSG3 26%
00:00:04.995	WriteStatus:(MSG3 26%)
00:00:05.104	Main:Token:PROGRESS 27
00:00:05.104	WriteStatus:(PROGRESS 27)
00:00:05.104	Main:Token:MSG3 27%
00:00:05.104	WriteStatus:(MSG3 27%)
00:00:05.104	Main:Token:PROGRESS 28
00:00:05.104	WriteStatus:(PROGRESS 28)
00:00:05.104	Main:Token:MSG3 28%
00:00:05.104	WriteStatus:(MSG3 28%)
00:00:05.104	Main:Token:PROGRESS 29
00:00:05.104	WriteStatus:(PROGRESS 29)
00:00:05.104	Main:Token:MSG3 29%
00:00:05.104	WriteStatus:(MSG3 29%)
00:00:05.214	Main:Token:PROGRESS 30
00:00:05.214	WriteStatus:(PROGRESS 30)
00:00:05.214	Main:Token:MSG3 30%
00:00:05.214	WriteStatus:(MSG3 30%)
00:00:05.214	Main:Token:PROGRESS 31
00:00:05.214	WriteStatus:(PROGRESS 31)
00:00:05.214	Main:Token:MSG3 31%
00:00:05.214	WriteStatus:(MSG3 31%)
00:00:05.323	Main:Token:PROGRESS 32
00:00:05.323	WriteStatus:(PROGRESS 32)
00:00:05.323	Main:Token:MSG3 32%
00:00:05.323	WriteStatus:(MSG3 32%)
00:00:05.323	Main:Token:PROGRESS 33
00:00:05.323	WriteStatus:(PROGRESS 33)
00:00:05.323	Main:Token:MSG3 33%
00:00:05.323	WriteStatus:(MSG3 33%)
00:00:05.433	Main:Token:PROGRESS 34
00:00:05.433	WriteStatus:(PROGRESS 34)
00:00:05.433	Main:Token:MSG3 34%
00:00:05.433	WriteStatus:(MSG3 34%)
00:00:05.433	Main:Token:PROGRESS 35
00:00:05.433	WriteStatus:(PROGRESS 35)
00:00:05.433	Main:Token:MSG3 35%
00:00:05.433	WriteStatus:(MSG3 35%)
00:00:05.542	Main:Token:PROGRESS 36
00:00:05.542	WriteStatus:(PROGRESS 36)
00:00:05.542	Main:Token:MSG3 36%
00:00:05.542	WriteStatus:(MSG3 36%)
00:00:05.542	Main:Token:PROGRESS 37
00:00:05.542	WriteStatus:(PROGRESS 37)
00:00:05.542	Main:Token:MSG3 37%
00:00:05.542	WriteStatus:(MSG3 37%)
00:00:05.542	Main:Token:PROGRESS 38
00:00:05.542	WriteStatus:(PROGRESS 38)
00:00:05.542	Main:Token:MSG3 38%
00:00:05.542	WriteStatus:(MSG3 38%)
00:00:05.651	Main:Token:PROGRESS 39
00:00:05.651	WriteStatus:(PROGRESS 39)
00:00:05.651	Main:Token:MSG3 39%
00:00:05.651	WriteStatus:(MSG3 39%)
00:00:05.651	Main:Token:PROGRESS 40
00:00:05.651	WriteStatus:(PROGRESS 40)
00:00:05.651	Main:Token:MSG3 40%
00:00:05.651	WriteStatus:(MSG3 40%)
00:00:05.651	Main:Token:PROGRESS 41
00:00:05.651	WriteStatus:(PROGRESS 41)
00:00:05.651	Main:Token:MSG3 41%
00:00:05.651	WriteStatus:(MSG3 41%)
00:00:05.761	Main:Token:PROGRESS 42
00:00:05.761	WriteStatus:(PROGRESS 42)
00:00:05.761	Main:Token:MSG3 42%
00:00:05.761	WriteStatus:(MSG3 42%)
00:00:05.761	Main:Token:PROGRESS 43
00:00:05.761	WriteStatus:(PROGRESS 43)
00:00:05.761	Main:Token:MSG3 43%
00:00:05.761	WriteStatus:(MSG3 43%)
00:00:05.870	Main:Token:PROGRESS 44
00:00:05.870	WriteStatus:(PROGRESS 44)
00:00:05.870	Main:Token:MSG3 44%
00:00:05.870	WriteStatus:(MSG3 44%)
00:00:05.870	Main:Token:PROGRESS 45
00:00:05.870	WriteStatus:(PROGRESS 45)
00:00:05.870	Main:Token:MSG3 45%
00:00:05.870	WriteStatus:(MSG3 45%)
00:00:05.870	Main:Token:PROGRESS 46
00:00:05.870	WriteStatus:(PROGRESS 46)
00:00:05.870	Main:Token:MSG3 46%
00:00:05.870	WriteStatus:(MSG3 46%)
00:00:05.980	Main:Token:PROGRESS 47
00:00:05.980	WriteStatus:(PROGRESS 47)
00:00:05.980	Main:Token:MSG3 47%
00:00:05.980	WriteStatus:(MSG3 47%)
00:00:05.980	Main:Token:PROGRESS 48
00:00:05.980	WriteStatus:(PROGRESS 48)
00:00:05.980	Main:Token:MSG3 48%
00:00:05.980	WriteStatus:(MSG3 48%)
00:00:06.089	Main:Token:PROGRESS 49
00:00:06.089	WriteStatus:(PROGRESS 49)
00:00:06.089	Main:Token:MSG3 49%
00:00:06.089	WriteStatus:(MSG3 49%)
00:00:06.089	Main:Token:PROGRESS 50
00:00:06.089	WriteStatus:(PROGRESS 50)
00:00:06.089	Main:Token:MSG3 50%
00:00:06.089	WriteStatus:(MSG3 50%)
00:00:06.198	Main:Token:PROGRESS 51
00:00:06.198	WriteStatus:(PROGRESS 51)
00:00:06.198	Main:Token:MSG3 51%
00:00:06.198	WriteStatus:(MSG3 51%)
00:00:06.198	Main:Token:PROGRESS 52
00:00:06.198	WriteStatus:(PROGRESS 52)
00:00:06.198	Main:Token:MSG3 52%
00:00:06.198	WriteStatus:(MSG3 52%)
00:00:06.308	Main:Token:PROGRESS 53
00:00:06.308	WriteStatus:(PROGRESS 53)
00:00:06.308	Main:Token:MSG3 53%
00:00:06.308	WriteStatus:(MSG3 53%)
00:00:06.308	Main:Token:PROGRESS 54
00:00:06.308	WriteStatus:(PROGRESS 54)
00:00:06.308	Main:Token:MSG3 54%
00:00:06.308	WriteStatus:(MSG3 54%)
00:00:06.417	Main:Token:PROGRESS 55
00:00:06.417	WriteStatus:(PROGRESS 55)
00:00:06.417	Main:Token:MSG3 55%
00:00:06.417	WriteStatus:(MSG3 55%)
00:00:06.417	Main:Token:PROGRESS 56
00:00:06.417	WriteStatus:(PROGRESS 56)
00:00:06.417	Main:Token:MSG3 56%
00:00:06.417	WriteStatus:(MSG3 56%)
00:00:06.417	Main:Token:PROGRESS 57
00:00:06.417	WriteStatus:(PROGRESS 57)
00:00:06.417	Main:Token:MSG3 57%
00:00:06.417	WriteStatus:(MSG3 57%)
00:00:06.526	Main:Token:PROGRESS 58
00:00:06.526	WriteStatus:(PROGRESS 58)
00:00:06.526	Main:Token:MSG3 58%
00:00:06.526	WriteStatus:(MSG3 58%)
00:00:06.526	Main:Token:PROGRESS 59
00:00:06.526	WriteStatus:(PROGRESS 59)
00:00:06.526	Main:Token:MSG3 59%
00:00:06.526	WriteStatus:(MSG3 59%)
00:00:06.526	Main:Token:PROGRESS 60
00:00:06.526	WriteStatus:(PROGRESS 60)
00:00:06.526	Main:Token:MSG3 60%
00:00:06.526	WriteStatus:(MSG3 60%)
00:00:06.745	Main:Token:PROGRESS 61
00:00:06.745	WriteStatus:(PROGRESS 61)
00:00:06.745	Main:Token:MSG3 61%
00:00:06.745	WriteStatus:(MSG3 61%)
00:00:06.855	Main:Token:PROGRESS 62
00:00:06.855	WriteStatus:(PROGRESS 62)
00:00:06.855	Main:Token:MSG3 62%
00:00:06.855	WriteStatus:(MSG3 62%)
00:00:06.855	Main:Token:PROGRESS 63
00:00:06.855	WriteStatus:(PROGRESS 63)
00:00:06.855	Main:Token:MSG3 63%
00:00:06.855	WriteStatus:(MSG3 63%)
00:00:06.964	Main:Token:PROGRESS 64
00:00:06.964	WriteStatus:(PROGRESS 64)
00:00:06.964	Main:Token:MSG3 64%
00:00:06.964	WriteStatus:(MSG3 64%)
00:00:07.073	Main:Token:PROGRESS 65
00:00:07.073	WriteStatus:(PROGRESS 65)
00:00:07.073	Main:Token:MSG3 65%
00:00:07.073	WriteStatus:(MSG3 65%)
00:00:07.292	Main:Token:PROGRESS 66
00:00:07.292	WriteStatus:(PROGRESS 66)
00:00:07.292	Main:Token:MSG3 66%
00:00:07.292	WriteStatus:(MSG3 66%)
00:00:07.401	Main:Token:PROGRESS 67
00:00:07.401	WriteStatus:(PROGRESS 67)
00:00:07.401	Main:Token:MSG3 67%
00:00:07.401	WriteStatus:(MSG3 67%)
00:00:07.511	Main:Token:PROGRESS 68
00:00:07.511	WriteStatus:(PROGRESS 68)
00:00:07.511	Main:Token:MSG3 68%
00:00:07.511	WriteStatus:(MSG3 68%)
00:00:07.620	Main:Token:PROGRESS 69
00:00:07.620	WriteStatus:(PROGRESS 69)
00:00:07.620	Main:Token:MSG3 69%
00:00:07.620	WriteStatus:(MSG3 69%)
00:00:07.730	Main:Token:PROGRESS 70
00:00:07.730	WriteStatus:(PROGRESS 70)
00:00:07.730	Main:Token:MSG3 70%
00:00:07.730	WriteStatus:(MSG3 70%)
00:00:07.839	Main:Token:PROGRESS 71
00:00:07.839	WriteStatus:(PROGRESS 71)
00:00:07.839	Main:Token:MSG3 71%
00:00:07.839	WriteStatus:(MSG3 71%)
00:00:07.948	Main:Token:PROGRESS 72
00:00:07.948	WriteStatus:(PROGRESS 72)
00:00:07.948	Main:Token:MSG3 72%
00:00:07.948	WriteStatus:(MSG3 72%)
00:00:08.058	Main:Token:PROGRESS 73
00:00:08.058	WriteStatus:(PROGRESS 73)
00:00:08.058	Main:Token:MSG3 73%
00:00:08.058	WriteStatus:(MSG3 73%)
00:00:08.167	Main:Token:PROGRESS 74
00:00:08.167	WriteStatus:(PROGRESS 74)
00:00:08.167	Main:Token:MSG3 74%
00:00:08.167	WriteStatus:(MSG3 74%)
00:00:08.276	Main:Token:PROGRESS 75
00:00:08.276	WriteStatus:(PROGRESS 75)
00:00:08.276	Main:Token:MSG3 75%
00:00:08.276	WriteStatus:(MSG3 75%)
00:00:08.495	Main:Token:PROGRESS 76
00:00:08.495	WriteStatus:(PROGRESS 76)
00:00:08.495	Main:Token:MSG3 76%
00:00:08.495	WriteStatus:(MSG3 76%)
00:00:08.605	Main:Token:PROGRESS 77
00:00:08.605	WriteStatus:(PROGRESS 77)
00:00:08.605	Main:Token:MSG3 77%
00:00:08.605	WriteStatus:(MSG3 77%)
00:00:08.714	Main:Token:PROGRESS 78
00:00:08.714	WriteStatus:(PROGRESS 78)
00:00:08.714	Main:Token:MSG3 78%
00:00:08.714	WriteStatus:(MSG3 78%)
00:00:08.823	Main:Token:PROGRESS 79
00:00:08.823	WriteStatus:(PROGRESS 79)
00:00:08.823	Main:Token:MSG3 79%
00:00:08.823	WriteStatus:(MSG3 79%)
00:00:08.933	Main:Token:PROGRESS 80
00:00:08.933	WriteStatus:(PROGRESS 80)
00:00:08.933	Main:Token:MSG3 80%
00:00:08.933	WriteStatus:(MSG3 80%)
00:00:09.152	Main:Token:PROGRESS 81
00:00:09.152	WriteStatus:(PROGRESS 81)
00:00:09.152	Main:Token:MSG3 81%
00:00:09.152	WriteStatus:(MSG3 81%)
00:00:09.152	Main:Token:PROGRESS 82
00:00:09.152	WriteStatus:(PROGRESS 82)
00:00:09.152	Main:Token:MSG3 82%
00:00:09.152	WriteStatus:(MSG3 82%)
00:00:09.261	Main:Token:PROGRESS 83
00:00:09.261	WriteStatus:(PROGRESS 83)
00:00:09.261	Main:Token:MSG3 83%
00:00:09.261	WriteStatus:(MSG3 83%)
00:00:09.370	Main:Token:PROGRESS 84
00:00:09.370	WriteStatus:(PROGRESS 84)
00:00:09.370	Main:Token:MSG3 84%
00:00:09.370	WriteStatus:(MSG3 84%)
00:00:09.480	Main:Token:PROGRESS 85
00:00:09.480	WriteStatus:(PROGRESS 85)
00:00:09.480	Main:Token:MSG3 85%
00:00:09.480	WriteStatus:(MSG3 85%)
00:00:09.589	Main:Token:PROGRESS 86
00:00:09.589	WriteStatus:(PROGRESS 86)
00:00:09.589	Main:Token:MSG3 86%
00:00:09.589	WriteStatus:(MSG3 86%)
00:00:09.698	Main:Token:PROGRESS 87
00:00:09.698	WriteStatus:(PROGRESS 87)
00:00:09.698	Main:Token:MSG3 87%
00:00:09.698	WriteStatus:(MSG3 87%)
00:00:09.698	Main:Token:PROGRESS 88
00:00:09.698	WriteStatus:(PROGRESS 88)
00:00:09.698	Main:Token:MSG3 88%
00:00:09.698	WriteStatus:(MSG3 88%)
00:00:09.808	Main:Token:PROGRESS 89
00:00:09.808	WriteStatus:(PROGRESS 89)
00:00:09.808	Main:Token:MSG3 89%
00:00:09.808	WriteStatus:(MSG3 89%)
00:00:09.917	Main:Token:PROGRESS 90
00:00:09.917	WriteStatus:(PROGRESS 90)
00:00:09.917	Main:Token:MSG3 90%
00:00:09.917	WriteStatus:(MSG3 90%)
00:00:09.917	Main:Token:PROGRESS 91
00:00:09.917	WriteStatus:(PROGRESS 91)
00:00:09.917	Main:Token:MSG3 91%
00:00:09.917	WriteStatus:(MSG3 91%)
00:00:10.027	Main:Token:PROGRESS 92
00:00:10.027	WriteStatus:(PROGRESS 92)
00:00:10.027	Main:Token:MSG3 92%
00:00:10.027	WriteStatus:(MSG3 92%)
00:00:10.027	Main:Token:PROGRESS 93
00:00:10.027	WriteStatus:(PROGRESS 93)
00:00:10.027	Main:Token:MSG3 93%
00:00:10.027	WriteStatus:(MSG3 93%)
00:00:10.136	Main:Token:PROGRESS 94
00:00:10.136	WriteStatus:(PROGRESS 94)
00:00:10.136	Main:Token:MSG3 94%
00:00:10.136	WriteStatus:(MSG3 94%)
00:00:10.245	Main:Token:PROGRESS 95
00:00:10.245	WriteStatus:(PROGRESS 95)
00:00:10.245	Main:Token:MSG3 95%
00:00:10.245	WriteStatus:(MSG3 95%)
00:00:10.245	Main:Token:PROGRESS 96
00:00:10.245	WriteStatus:(PROGRESS 96)
00:00:10.245	Main:Token:MSG3 96%
00:00:10.245	WriteStatus:(MSG3 96%)
00:00:10.464	Main:Token:PROGRESS 97
00:00:10.464	WriteStatus:(PROGRESS 97)
00:00:10.464	Main:Token:MSG3 97%
00:00:10.464	WriteStatus:(MSG3 97%)
00:00:10.464	Main:Token:PROGRESS 98
00:00:10.464	WriteStatus:(PROGRESS 98)
00:00:10.464	Main:Token:MSG3 98%
00:00:10.464	WriteStatus:(MSG3 98%)
00:00:10.573	Main:Token:PROGRESS 99
00:00:10.573	WriteStatus:(PROGRESS 99)
00:00:10.573	Main:Token:MSG3 99%
00:00:10.573	WriteStatus:(MSG3 99%)
00:00:11.011	ProcessInput:Simulate complete 0
00:00:11.011	ProcessInput:InputProcessed
00:00:11.011	Main:Token:MSG10 HSPF Done
00:00:11.011	WriteStatus:(MSG10 HSPF Done)
00:00:11.011	Main:Token:MSG99 HSPF D
00:00:11.011	WriteStatus:(MSG99 HSPF D)
00:00:11.011	Main:Token:MSG7 File Status at before WDM closing in M_SIMSCN
00:00:11.011	WriteStatus:(MSG7 File Status at before WDM closing in M_SIMSCN)
00:00:11.011	Main:Token:MSG7   unit  25 file SOLANOW.wdm is open, access:DIRECT form:UNFORMATTED r/w:YES recl: 2048
00:00:11.011	WriteStatus:(MSG7   unit  25 file SOLANOW.wdm is open, access:DIRECT form:UNFORMATTED r/w:YES recl: 2048)
00:00:11.011	Main:Token:MSG7   unit  26 file ..\METdata.wdm is open, access:DIRECT form:UNFORMATTED r/w:YES recl: 2048
00:00:11.011	WriteStatus:(MSG7   unit  26 file ..\METdata.wdm is open, access:DIRECT form:UNFORMATTED r/w:YES recl: 2048)
00:00:11.011	Main:Token:MSG7   unit  99 file ERROR.FIL is open, access:SEQUENTIAL form:FORMATTED r/w:YES recl:   80
00:00:11.011	WriteStatus:(MSG7   unit  99 file ERROR.FIL is open, access:SEQUENTIAL form:FORMATTED r/w:YES recl:   80)
00:00:11.011	Main:Token:MSG7   unit 100 file c:\basins42\models\winhspf30\bin\hspfmsg.wdm is open, access:DIRECT form:UNFORMATTED r/w:NO recl: 2048
00:00:11.011	WriteStatus:(MSG7   unit 100 file c:\basins42\models\winhspf30\bin\hspfmsg.wdm is open, access:DIRECT form:UNFORMATTED r/w:NO recl: 2048)
00:00:11.011	Main:Token:MSG7 File Status at about to close           25
00:00:11.011	WriteStatus:(MSG7 File Status at about to close           25)
00:00:11.011	Main:Token:MSG7   unit  25 file SOLANOW.wdm is open, access:DIRECT form:UNFORMATTED r/w:YES recl: 2048
00:00:11.011	WriteStatus:(MSG7   unit  25 file SOLANOW.wdm is open, access:DIRECT form:UNFORMATTED r/w:YES recl: 2048)
00:00:11.011	Main:Token:MSG7   unit  26 file ..\METdata.wdm is open, access:DIRECT form:UNFORMATTED r/w:YES recl: 2048
00:00:11.011	WriteStatus:(MSG7   unit  26 file ..\METdata.wdm is open, access:DIRECT form:UNFORMATTED r/w:YES recl: 2048)
00:00:11.011	Main:Token:MSG7   unit  99 file ERROR.FIL is open, access:SEQUENTIAL form:FORMATTED r/w:YES recl:   80
00:00:11.011	WriteStatus:(MSG7   unit  99 file ERROR.FIL is open, access:SEQUENTIAL form:FORMATTED r/w:YES recl:   80)
00:00:11.011	Main:Token:MSG7   unit 100 file c:\basins42\models\winhspf30\bin\hspfmsg.wdm is open, access:DIRECT form:UNFORMATTED r/w:NO recl: 2048
00:00:11.011	WriteStatus:(MSG7   unit 100 file c:\basins42\models\winhspf30\bin\hspfmsg.wdm is open, access:DIRECT form:UNFORMATTED r/w:NO recl: 2048)
00:00:11.027	Main:Token:MSG7 File Status at after one WDM closing in M_SIMSCN
00:00:11.027	WriteStatus:(MSG7 File Status at after one WDM closing in M_SIMSCN)
00:00:11.027	Main:Token:MSG7   unit  26 file ..\METdata.wdm is open, access:DIRECT form:UNFORMATTED r/w:YES recl: 2048
00:00:11.027	WriteStatus:(MSG7   unit  26 file ..\METdata.wdm is open, access:DIRECT form:UNFORMATTED r/w:YES recl: 2048)
00:00:11.027	Main:Token:MSG7   unit  99 file ERROR.FIL is open, access:SEQUENTIAL form:FORMATTED r/w:YES recl:   80
00:00:11.027	WriteStatus:(MSG7   unit  99 file ERROR.FIL is open, access:SEQUENTIAL form:FORMATTED r/w:YES recl:   80)
00:00:11.027	Main:Token:MSG7   unit 100 file c:\basins42\models\winhspf30\bin\hspfmsg.wdm is open, access:DIRECT form:UNFORMATTED r/w:NO recl: 2048
00:00:11.027	WriteStatus:(MSG7   unit 100 file c:\basins42\models\winhspf30\bin\hspfmsg.wdm is open, access:DIRECT form:UNFORMATTED r/w:NO recl: 2048)
00:00:11.027	Main:Token:MSG7 File Status at about to close           26
00:00:11.027	WriteStatus:(MSG7 File Status at about to close           26)
00:00:11.027	Main:Token:MSG7   unit  26 file ..\METdata.wdm is open, access:DIRECT form:UNFORMATTED r/w:YES recl: 2048
00:00:11.027	WriteStatus:(MSG7   unit  26 file ..\METdata.wdm is open, access:DIRECT form:UNFORMATTED r/w:YES recl: 2048)
00:00:11.027	Main:Token:MSG7   unit  99 file ERROR.FIL is open, access:SEQUENTIAL form:FORMATTED r/w:YES recl:   80
00:00:11.027	WriteStatus:(MSG7   unit  99 file ERROR.FIL is open, access:SEQUENTIAL form:FORMATTED r/w:YES recl:   80)
00:00:11.027	Main:Token:MSG7   unit 100 file c:\basins42\models\winhspf30\bin\hspfmsg.wdm is open, access:DIRECT form:UNFORMATTED r/w:NO recl: 2048
00:00:11.027	WriteStatus:(MSG7   unit 100 file c:\basins42\models\winhspf30\bin\hspfmsg.wdm is open, access:DIRECT form:UNFORMATTED r/w:NO recl: 2048)
00:00:11.027	Main:Token:MSG7 File Status at after one WDM closing in M_SIMSCN
00:00:11.027	WriteStatus:(MSG7 File Status at after one WDM closing in M_SIMSCN)
00:00:11.027	Main:Token:MSG7   unit  99 file ERROR.FIL is open, access:SEQUENTIAL form:FORMATTED r/w:YES recl:   80
00:00:11.027	WriteStatus:(MSG7   unit  99 file ERROR.FIL is open, access:SEQUENTIAL form:FORMATTED r/w:YES recl:   80)
00:00:11.027	Main:Token:MSG7   unit 100 file c:\basins42\models\winhspf30\bin\hspfmsg.wdm is open, access:DIRECT form:UNFORMATTED r/w:NO recl: 2048
00:00:11.027	WriteStatus:(MSG7   unit 100 file c:\basins42\models\winhspf30\bin\hspfmsg.wdm is open, access:DIRECT form:UNFORMATTED r/w:NO recl: 2048)
00:00:11.027	Main:Token:MSG7 M_SIMSCN:back from HSPF with           0
00:00:11.027	WriteStatus:(MSG7 M_SIMSCN:back from HSPF with           0)
00:00:11.027	Main:Token:MSG7 File Status at at end of File Closing in M_SIMSCN
00:00:11.027	WriteStatus:(MSG7 File Status at at end of File Closing in M_SIMSCN)
00:00:11.027	Main:Token:MSG7   unit  99 file ERROR.FIL is open, access:SEQUENTIAL form:FORMATTED r/w:YES recl:   80
00:00:11.027	WriteStatus:(MSG7   unit  99 file ERROR.FIL is open, access:SEQUENTIAL form:FORMATTED r/w:YES recl:   80)
00:00:11.027	Main:Token:MSG7   unit 100 file c:\basins42\models\winhspf30\bin\hspfmsg.wdm is open, access:DIRECT form:UNFORMATTED r/w:NO recl: 2048
00:00:11.027	WriteStatus:(MSG7   unit 100 file c:\basins42\models\winhspf30\bin\hspfmsg.wdm is open, access:DIRECT form:UNFORMATTED r/w:NO recl: 2048)
00:00:13.017	InputCallback:Process 6 bytes
00:00:13.017	ProcessInput:EXIT
00:00:13.017	WriteStatus:(EXIT)
00:00:13.017	ProcessInput:InputProcessed
